[2025-06-21T12:34:15.742+0000] {local_task_job_runner.py:120} INFO - ::group::Pre task execution logs
[2025-06-21T12:34:15.771+0000] {taskinstance.py:2076} INFO - Dependencies all met for dep_context=non-requeueable deps ti=<TaskInstance: nba_transform_to_dwh.load_dim_time manual__2025-06-21T12:34:10.559096+00:00 [queued]>
[2025-06-21T12:34:15.915+0000] {taskinstance.py:2076} INFO - Dependencies all met for dep_context=requeueable deps ti=<TaskInstance: nba_transform_to_dwh.load_dim_time manual__2025-06-21T12:34:10.559096+00:00 [queued]>
[2025-06-21T12:34:15.915+0000] {taskinstance.py:2306} INFO - Starting attempt 1 of 2
[2025-06-21T12:34:15.974+0000] {taskinstance.py:2330} INFO - Executing <Task(PythonOperator): load_dim_time> on 2025-06-21 12:34:10.559096+00:00
[2025-06-21T12:34:15.980+0000] {standard_task_runner.py:63} INFO - Started process 2576 to run task
[2025-06-21T12:34:15.983+0000] {standard_task_runner.py:90} INFO - Running: ['***', 'tasks', 'run', 'nba_transform_to_dwh', 'load_dim_time', 'manual__2025-06-21T12:34:10.559096+00:00', '--job-id', '428', '--raw', '--subdir', 'DAGS_FOLDER/etl_pipeline.py', '--cfg-path', '/tmp/tmpcws24jhd']
[2025-06-21T12:34:15.985+0000] {standard_task_runner.py:91} INFO - Job 428: Subtask load_dim_time
[2025-06-21T12:34:16.086+0000] {task_command.py:426} INFO - Running <TaskInstance: nba_transform_to_dwh.load_dim_time manual__2025-06-21T12:34:10.559096+00:00 [running]> on host 5ea278fdf3a6
[2025-06-21T12:34:16.259+0000] {taskinstance.py:2648} INFO - Exporting env vars: AIRFLOW_CTX_DAG_OWNER='***' AIRFLOW_CTX_DAG_ID='nba_transform_to_dwh' AIRFLOW_CTX_TASK_ID='load_dim_time' AIRFLOW_CTX_EXECUTION_DATE='2025-06-21T12:34:10.559096+00:00' AIRFLOW_CTX_TRY_NUMBER='1' AIRFLOW_CTX_DAG_RUN_ID='manual__2025-06-21T12:34:10.559096+00:00'
[2025-06-21T12:34:16.274+0000] {taskinstance.py:430} INFO - ::endgroup::
[2025-06-21T12:34:16.289+0000] {etl_pipeline.py:517} INFO - Ensuring dimension table 'dimtime' exists...
[2025-06-21T12:34:16.437+0000] {etl_pipeline.py:519} INFO - Loading/updating data into 'dimtime'...
[2025-06-21T12:34:16.442+0000] {etl_pipeline.py:521} INFO - Operation complete. 494 new rows inserted into dimtime.
[2025-06-21T12:34:16.473+0000] {python.py:237} INFO - Done. Returned value was: None
[2025-06-21T12:34:16.474+0000] {taskinstance.py:441} INFO - ::group::Post task execution logs
[2025-06-21T12:34:16.484+0000] {taskinstance.py:1206} INFO - Marking task as SUCCESS. dag_id=nba_transform_to_dwh, task_id=load_dim_time, run_id=manual__2025-06-21T12:34:10.559096+00:00, execution_date=20250621T123410, start_date=20250621T123415, end_date=20250621T123416
[2025-06-21T12:34:16.558+0000] {local_task_job_runner.py:240} INFO - Task exited with return code 0
[2025-06-21T12:34:16.583+0000] {taskinstance.py:3498} INFO - 1 downstream tasks scheduled from follow-on schedule check
[2025-06-21T12:34:16.611+0000] {local_task_job_runner.py:222} INFO - ::endgroup::
