[2025-06-22T11:15:55.858+0000] {local_task_job_runner.py:120} INFO - ::group::Pre task execution logs
[2025-06-22T11:15:55.973+0000] {taskinstance.py:2076} INFO - Dependencies all met for dep_context=non-requeueable deps ti=<TaskInstance: nba_transform_to_dwh.load_dim_match manual__2025-06-22T11:15:53.492948+00:00 [queued]>
[2025-06-22T11:15:56.314+0000] {taskinstance.py:2076} INFO - Dependencies all met for dep_context=requeueable deps ti=<TaskInstance: nba_transform_to_dwh.load_dim_match manual__2025-06-22T11:15:53.492948+00:00 [queued]>
[2025-06-22T11:15:56.315+0000] {taskinstance.py:2306} INFO - Starting attempt 1 of 2
[2025-06-22T11:15:56.384+0000] {taskinstance.py:2330} INFO - Executing <Task(PythonOperator): load_dim_match> on 2025-06-22 11:15:53.492948+00:00
[2025-06-22T11:15:56.406+0000] {standard_task_runner.py:63} INFO - Started process 2597 to run task
[2025-06-22T11:15:56.415+0000] {standard_task_runner.py:90} INFO - Running: ['***', 'tasks', 'run', 'nba_transform_to_dwh', 'load_dim_match', 'manual__2025-06-22T11:15:53.492948+00:00', '--job-id', '554', '--raw', '--subdir', 'DAGS_FOLDER/etl_pipeline.py', '--cfg-path', '/tmp/tmptnkiwjfd']
[2025-06-22T11:15:56.418+0000] {standard_task_runner.py:91} INFO - Job 554: Subtask load_dim_match
[2025-06-22T11:15:56.539+0000] {task_command.py:426} INFO - Running <TaskInstance: nba_transform_to_dwh.load_dim_match manual__2025-06-22T11:15:53.492948+00:00 [running]> on host 5ea278fdf3a6
[2025-06-22T11:15:56.772+0000] {taskinstance.py:2648} INFO - Exporting env vars: AIRFLOW_CTX_DAG_OWNER='***' AIRFLOW_CTX_DAG_ID='nba_transform_to_dwh' AIRFLOW_CTX_TASK_ID='load_dim_match' AIRFLOW_CTX_EXECUTION_DATE='2025-06-22T11:15:53.492948+00:00' AIRFLOW_CTX_TRY_NUMBER='1' AIRFLOW_CTX_DAG_RUN_ID='manual__2025-06-22T11:15:53.492948+00:00'
[2025-06-22T11:15:56.773+0000] {taskinstance.py:430} INFO - ::endgroup::
[2025-06-22T11:15:56.791+0000] {etl_pipeline.py:493} INFO - Ensuring dimension table 'dimmatch' exists...
[2025-06-22T11:15:56.793+0000] {etl_pipeline.py:495} INFO - Loading/updating data into 'dimmatch'...
[2025-06-22T11:15:56.814+0000] {etl_pipeline.py:497} INFO - Operation complete. 1321 new rows inserted into dimmatch.
[2025-06-22T11:15:56.865+0000] {python.py:237} INFO - Done. Returned value was: None
[2025-06-22T11:15:56.867+0000] {taskinstance.py:441} INFO - ::group::Post task execution logs
[2025-06-22T11:15:56.876+0000] {taskinstance.py:1206} INFO - Marking task as SUCCESS. dag_id=nba_transform_to_dwh, task_id=load_dim_match, run_id=manual__2025-06-22T11:15:53.492948+00:00, execution_date=20250622T111553, start_date=20250622T111555, end_date=20250622T111556
[2025-06-22T11:15:56.950+0000] {local_task_job_runner.py:240} INFO - Task exited with return code 0
[2025-06-22T11:15:56.978+0000] {taskinstance.py:3498} INFO - 1 downstream tasks scheduled from follow-on schedule check
[2025-06-22T11:15:57.007+0000] {local_task_job_runner.py:222} INFO - ::endgroup::
