[2025-06-20T22:05:06.203+0000] {local_task_job_runner.py:120} INFO - ::group::Pre task execution logs
[2025-06-20T22:05:06.308+0000] {taskinstance.py:2076} INFO - Dependencies all met for dep_context=non-requeueable deps ti=<TaskInstance: nba_staging_to_transform.transform_schedule manual__2025-06-20T22:04:50.471634+00:00 [queued]>
[2025-06-20T22:05:06.322+0000] {taskinstance.py:2076} INFO - Dependencies all met for dep_context=requeueable deps ti=<TaskInstance: nba_staging_to_transform.transform_schedule manual__2025-06-20T22:04:50.471634+00:00 [queued]>
[2025-06-20T22:05:06.323+0000] {taskinstance.py:2306} INFO - Starting attempt 1 of 2
[2025-06-20T22:05:06.613+0000] {taskinstance.py:2330} INFO - Executing <Task(PythonOperator): transform_schedule> on 2025-06-20 22:04:50.471634+00:00
[2025-06-20T22:05:06.663+0000] {standard_task_runner.py:63} INFO - Started process 5830 to run task
[2025-06-20T22:05:06.670+0000] {standard_task_runner.py:90} INFO - Running: ['***', 'tasks', 'run', 'nba_staging_to_transform', 'transform_schedule', 'manual__2025-06-20T22:04:50.471634+00:00', '--job-id', '394', '--raw', '--subdir', 'DAGS_FOLDER/etl_pipeline.py', '--cfg-path', '/tmp/tmpbtb2j4q1']
[2025-06-20T22:05:06.672+0000] {standard_task_runner.py:91} INFO - Job 394: Subtask transform_schedule
[2025-06-20T22:05:06.968+0000] {task_command.py:426} INFO - Running <TaskInstance: nba_staging_to_transform.transform_schedule manual__2025-06-20T22:04:50.471634+00:00 [running]> on host 5ea278fdf3a6
[2025-06-20T22:05:07.681+0000] {taskinstance.py:2648} INFO - Exporting env vars: AIRFLOW_CTX_DAG_OWNER='***' AIRFLOW_CTX_DAG_ID='nba_staging_to_transform' AIRFLOW_CTX_TASK_ID='transform_schedule' AIRFLOW_CTX_EXECUTION_DATE='2025-06-20T22:04:50.471634+00:00' AIRFLOW_CTX_TRY_NUMBER='1' AIRFLOW_CTX_DAG_RUN_ID='manual__2025-06-20T22:04:50.471634+00:00'
[2025-06-20T22:05:07.690+0000] {taskinstance.py:430} INFO - ::endgroup::
[2025-06-20T22:05:07.778+0000] {etl_pipeline.py:290} INFO - Fetching data for transformation: transformschedule
[2025-06-20T22:05:07.973+0000] {logging_mixin.py:188} WARNING - /opt/***/dags/etl_pipeline.py:291 UserWarning: pandas only supports SQLAlchemy connectable (engine/connection) or database string URI or sqlite3 DBAPI2 connection. Other DBAPI2 objects are not tested. Please consider using SQLAlchemy.
[2025-06-20T22:05:08.230+0000] {etl_pipeline.py:292} INFO - Successfully fetched and transformed 1321 rows.
[2025-06-20T22:05:08.236+0000] {etl_pipeline.py:98} INFO - Ensuring table 'transformschedule' exists...
[2025-06-20T22:05:08.238+0000] {etl_pipeline.py:100} INFO - Table 'transformschedule' is ready.
[2025-06-20T22:05:08.239+0000] {etl_pipeline.py:110} INFO - Truncating table transformschedule and restarting identity columns...
[2025-06-20T22:05:08.601+0000] {etl_pipeline.py:115} INFO - Loading 1321 rows into transformschedule...
[2025-06-20T22:05:08.773+0000] {etl_pipeline.py:118} INFO - 1321 rows loaded successfully to transformschedule.
[2025-06-20T22:05:09.086+0000] {python.py:237} INFO - Done. Returned value was: None
[2025-06-20T22:05:09.090+0000] {taskinstance.py:441} INFO - ::group::Post task execution logs
[2025-06-20T22:05:09.130+0000] {taskinstance.py:1206} INFO - Marking task as SUCCESS. dag_id=nba_staging_to_transform, task_id=transform_schedule, run_id=manual__2025-06-20T22:04:50.471634+00:00, execution_date=20250620T220450, start_date=20250620T220506, end_date=20250620T220509
[2025-06-20T22:05:09.259+0000] {local_task_job_runner.py:240} INFO - Task exited with return code 0
[2025-06-20T22:05:09.338+0000] {taskinstance.py:3498} INFO - 1 downstream tasks scheduled from follow-on schedule check
[2025-06-20T22:05:09.373+0000] {local_task_job_runner.py:222} INFO - ::endgroup::
