[2025-06-21T12:33:35.650+0000] {local_task_job_runner.py:120} INFO - ::group::Pre task execution logs
[2025-06-21T12:33:35.787+0000] {taskinstance.py:2076} INFO - Dependencies all met for dep_context=non-requeueable deps ti=<TaskInstance: nba_staging_to_transform.transform_team manual__2025-06-21T12:33:33.221958+00:00 [queued]>
[2025-06-21T12:33:36.279+0000] {taskinstance.py:2076} INFO - Dependencies all met for dep_context=requeueable deps ti=<TaskInstance: nba_staging_to_transform.transform_team manual__2025-06-21T12:33:33.221958+00:00 [queued]>
[2025-06-21T12:33:36.280+0000] {taskinstance.py:2306} INFO - Starting attempt 1 of 2
[2025-06-21T12:33:36.375+0000] {taskinstance.py:2330} INFO - Executing <Task(PythonOperator): transform_team> on 2025-06-21 12:33:33.221958+00:00
[2025-06-21T12:33:36.425+0000] {standard_task_runner.py:63} INFO - Started process 2561 to run task
[2025-06-21T12:33:36.433+0000] {standard_task_runner.py:90} INFO - Running: ['***', 'tasks', 'run', 'nba_staging_to_transform', 'transform_team', 'manual__2025-06-21T12:33:33.221958+00:00', '--job-id', '423', '--raw', '--subdir', 'DAGS_FOLDER/etl_pipeline.py', '--cfg-path', '/tmp/tmp_0cjf3mm']
[2025-06-21T12:33:36.436+0000] {standard_task_runner.py:91} INFO - Job 423: Subtask transform_team
[2025-06-21T12:33:36.586+0000] {task_command.py:426} INFO - Running <TaskInstance: nba_staging_to_transform.transform_team manual__2025-06-21T12:33:33.221958+00:00 [running]> on host 5ea278fdf3a6
[2025-06-21T12:33:36.988+0000] {taskinstance.py:2648} INFO - Exporting env vars: AIRFLOW_CTX_DAG_OWNER='***' AIRFLOW_CTX_DAG_ID='nba_staging_to_transform' AIRFLOW_CTX_TASK_ID='transform_team' AIRFLOW_CTX_EXECUTION_DATE='2025-06-21T12:33:33.221958+00:00' AIRFLOW_CTX_TRY_NUMBER='1' AIRFLOW_CTX_DAG_RUN_ID='manual__2025-06-21T12:33:33.221958+00:00'
[2025-06-21T12:33:36.993+0000] {taskinstance.py:430} INFO - ::endgroup::
[2025-06-21T12:33:37.037+0000] {etl_pipeline.py:290} INFO - Fetching data for transformation: transformteam
[2025-06-21T12:33:37.057+0000] {logging_mixin.py:188} WARNING - /opt/***/dags/etl_pipeline.py:291 UserWarning: pandas only supports SQLAlchemy connectable (engine/connection) or database string URI or sqlite3 DBAPI2 connection. Other DBAPI2 objects are not tested. Please consider using SQLAlchemy.
[2025-06-21T12:33:37.063+0000] {etl_pipeline.py:292} INFO - Successfully fetched and transformed 30 rows.
[2025-06-21T12:33:37.090+0000] {etl_pipeline.py:98} INFO - Ensuring table 'transformteam' exists...
[2025-06-21T12:33:37.092+0000] {etl_pipeline.py:100} INFO - Table 'transformteam' is ready.
[2025-06-21T12:33:37.093+0000] {etl_pipeline.py:110} INFO - Truncating table transformteam and restarting identity columns...
[2025-06-21T12:33:37.242+0000] {etl_pipeline.py:115} INFO - Loading 30 rows into transformteam...
[2025-06-21T12:33:37.268+0000] {etl_pipeline.py:118} INFO - 30 rows loaded successfully to transformteam.
[2025-06-21T12:33:37.380+0000] {python.py:237} INFO - Done. Returned value was: None
[2025-06-21T12:33:37.391+0000] {taskinstance.py:441} INFO - ::group::Post task execution logs
[2025-06-21T12:33:37.435+0000] {taskinstance.py:1206} INFO - Marking task as SUCCESS. dag_id=nba_staging_to_transform, task_id=transform_team, run_id=manual__2025-06-21T12:33:33.221958+00:00, execution_date=20250621T123333, start_date=20250621T123335, end_date=20250621T123337
[2025-06-21T12:33:37.621+0000] {local_task_job_runner.py:240} INFO - Task exited with return code 0
[2025-06-21T12:33:37.783+0000] {taskinstance.py:3498} INFO - 0 downstream tasks scheduled from follow-on schedule check
[2025-06-21T12:33:37.849+0000] {local_task_job_runner.py:222} INFO - ::endgroup::
