[2025-06-16T15:31:37.677+0000] {local_task_job_runner.py:120} INFO - ::group::Pre task execution logs
[2025-06-16T15:31:37.712+0000] {taskinstance.py:2076} INFO - Dependencies all met for dep_context=non-requeueable deps ti=<TaskInstance: nba_staging_to_dwh.transform_load_dim_player manual__2025-06-16T15:31:32.798448+00:00 [queued]>
[2025-06-16T15:31:37.889+0000] {taskinstance.py:2076} INFO - Dependencies all met for dep_context=requeueable deps ti=<TaskInstance: nba_staging_to_dwh.transform_load_dim_player manual__2025-06-16T15:31:32.798448+00:00 [queued]>
[2025-06-16T15:31:37.890+0000] {taskinstance.py:2306} INFO - Starting attempt 1 of 2
[2025-06-16T15:31:37.952+0000] {taskinstance.py:2330} INFO - Executing <Task(PythonOperator): transform_load_dim_player> on 2025-06-16 15:31:32.798448+00:00
[2025-06-16T15:31:37.960+0000] {standard_task_runner.py:63} INFO - Started process 4498 to run task
[2025-06-16T15:31:37.964+0000] {standard_task_runner.py:90} INFO - Running: ['***', 'tasks', 'run', 'nba_staging_to_dwh', 'transform_load_dim_player', 'manual__2025-06-16T15:31:32.798448+00:00', '--job-id', '33', '--raw', '--subdir', 'DAGS_FOLDER/etl_pipeline.py', '--cfg-path', '/tmp/tmpolizrnw4']
[2025-06-16T15:31:37.966+0000] {standard_task_runner.py:91} INFO - Job 33: Subtask transform_load_dim_player
[2025-06-16T15:31:38.070+0000] {task_command.py:426} INFO - Running <TaskInstance: nba_staging_to_dwh.transform_load_dim_player manual__2025-06-16T15:31:32.798448+00:00 [running]> on host 11d91b3c2b82
[2025-06-16T15:31:38.248+0000] {taskinstance.py:2648} INFO - Exporting env vars: AIRFLOW_CTX_DAG_OWNER='***' AIRFLOW_CTX_DAG_ID='nba_staging_to_dwh' AIRFLOW_CTX_TASK_ID='transform_load_dim_player' AIRFLOW_CTX_EXECUTION_DATE='2025-06-16T15:31:32.798448+00:00' AIRFLOW_CTX_TRY_NUMBER='1' AIRFLOW_CTX_DAG_RUN_ID='manual__2025-06-16T15:31:32.798448+00:00'
[2025-06-16T15:31:38.250+0000] {taskinstance.py:430} INFO - ::endgroup::
[2025-06-16T15:31:38.274+0000] {logging_mixin.py:188} WARNING - /opt/***/dags/etl_pipeline.py:375 UserWarning: pandas only supports SQLAlchemy connectable (engine/connection) or database string URI or sqlite3 DBAPI2 connection. Other DBAPI2 objects are not tested. Please consider using SQLAlchemy.
[2025-06-16T15:31:38.289+0000] {logging_mixin.py:188} INFO - Ensuring table 'dimplayer' exists...
[2025-06-16T15:31:38.518+0000] {logging_mixin.py:188} INFO - Table 'dimplayer' is ready.
[2025-06-16T15:31:38.521+0000] {logging_mixin.py:188} INFO - Loading 537 rows into dimplayer...
[2025-06-16T15:31:38.527+0000] {logging_mixin.py:188} INFO - Database execution error: value too long for type character varying(5)
[2025-06-16T15:31:38.528+0000] {python.py:237} INFO - Done. Returned value was: None
[2025-06-16T15:31:38.531+0000] {taskinstance.py:441} INFO - ::group::Post task execution logs
[2025-06-16T15:31:38.541+0000] {taskinstance.py:1206} INFO - Marking task as SUCCESS. dag_id=nba_staging_to_dwh, task_id=transform_load_dim_player, run_id=manual__2025-06-16T15:31:32.798448+00:00, execution_date=20250616T153132, start_date=20250616T153137, end_date=20250616T153138
[2025-06-16T15:31:38.619+0000] {local_task_job_runner.py:240} INFO - Task exited with return code 0
[2025-06-16T15:31:38.637+0000] {taskinstance.py:3498} INFO - 0 downstream tasks scheduled from follow-on schedule check
[2025-06-16T15:31:38.663+0000] {local_task_job_runner.py:222} INFO - ::endgroup::
