[2025-06-20T12:47:13.758+0000] {local_task_job_runner.py:120} INFO - ::group::Pre task execution logs
[2025-06-20T12:47:13.798+0000] {taskinstance.py:2076} INFO - Dependencies all met for dep_context=non-requeueable deps ti=<TaskInstance: nba_transform_to_dwh.load_dim_team manual__2025-06-20T12:47:11.351580+00:00 [queued]>
[2025-06-20T12:47:13.808+0000] {taskinstance.py:2076} INFO - Dependencies all met for dep_context=requeueable deps ti=<TaskInstance: nba_transform_to_dwh.load_dim_team manual__2025-06-20T12:47:11.351580+00:00 [queued]>
[2025-06-20T12:47:13.809+0000] {taskinstance.py:2306} INFO - Starting attempt 1 of 2
[2025-06-20T12:47:13.857+0000] {taskinstance.py:2330} INFO - Executing <Task(PythonOperator): load_dim_team> on 2025-06-20 12:47:11.351580+00:00
[2025-06-20T12:47:13.867+0000] {standard_task_runner.py:63} INFO - Started process 1217 to run task
[2025-06-20T12:47:13.875+0000] {standard_task_runner.py:90} INFO - Running: ['***', 'tasks', 'run', 'nba_transform_to_dwh', 'load_dim_team', 'manual__2025-06-20T12:47:11.351580+00:00', '--job-id', '219', '--raw', '--subdir', 'DAGS_FOLDER/etl_pipeline.py', '--cfg-path', '/tmp/tmpgdnywbja']
[2025-06-20T12:47:13.877+0000] {standard_task_runner.py:91} INFO - Job 219: Subtask load_dim_team
[2025-06-20T12:47:14.002+0000] {task_command.py:426} INFO - Running <TaskInstance: nba_transform_to_dwh.load_dim_team manual__2025-06-20T12:47:11.351580+00:00 [running]> on host 5ea278fdf3a6
[2025-06-20T12:47:14.178+0000] {taskinstance.py:2648} INFO - Exporting env vars: AIRFLOW_CTX_DAG_OWNER='***' AIRFLOW_CTX_DAG_ID='nba_transform_to_dwh' AIRFLOW_CTX_TASK_ID='load_dim_team' AIRFLOW_CTX_EXECUTION_DATE='2025-06-20T12:47:11.351580+00:00' AIRFLOW_CTX_TRY_NUMBER='1' AIRFLOW_CTX_DAG_RUN_ID='manual__2025-06-20T12:47:11.351580+00:00'
[2025-06-20T12:47:14.180+0000] {taskinstance.py:430} INFO - ::endgroup::
[2025-06-20T12:47:14.202+0000] {etl_pipeline.py:395} INFO - Ensuring dimension table 'dimteam' exists...
[2025-06-20T12:47:14.204+0000] {etl_pipeline.py:397} INFO - Loading/updating data into 'dimteam'...
[2025-06-20T12:47:14.205+0000] {etl_pipeline.py:399} INFO - Operation complete. 0 new rows inserted into dimteam.
[2025-06-20T12:47:14.233+0000] {python.py:237} INFO - Done. Returned value was: None
[2025-06-20T12:47:14.235+0000] {taskinstance.py:441} INFO - ::group::Post task execution logs
[2025-06-20T12:47:14.248+0000] {taskinstance.py:1206} INFO - Marking task as SUCCESS. dag_id=nba_transform_to_dwh, task_id=load_dim_team, run_id=manual__2025-06-20T12:47:11.351580+00:00, execution_date=20250620T124711, start_date=20250620T124713, end_date=20250620T124714
[2025-06-20T12:47:14.331+0000] {local_task_job_runner.py:240} INFO - Task exited with return code 0
[2025-06-20T12:47:14.364+0000] {taskinstance.py:3498} INFO - 1 downstream tasks scheduled from follow-on schedule check
[2025-06-20T12:47:14.394+0000] {local_task_job_runner.py:222} INFO - ::endgroup::
