[2025-06-20T13:09:59.458+0000] {local_task_job_runner.py:120} INFO - ::group::Pre task execution logs
[2025-06-20T13:09:59.515+0000] {taskinstance.py:2076} INFO - Dependencies all met for dep_context=non-requeueable deps ti=<TaskInstance: nba_transform_to_dwh.load_dim_match manual__2025-06-20T13:09:54.479053+00:00 [queued]>
[2025-06-20T13:09:59.544+0000] {taskinstance.py:2076} INFO - Dependencies all met for dep_context=requeueable deps ti=<TaskInstance: nba_transform_to_dwh.load_dim_match manual__2025-06-20T13:09:54.479053+00:00 [queued]>
[2025-06-20T13:09:59.545+0000] {taskinstance.py:2306} INFO - Starting attempt 1 of 2
[2025-06-20T13:09:59.602+0000] {taskinstance.py:2330} INFO - Executing <Task(PythonOperator): load_dim_match> on 2025-06-20 13:09:54.479053+00:00
[2025-06-20T13:09:59.608+0000] {standard_task_runner.py:63} INFO - Started process 1478 to run task
[2025-06-20T13:09:59.612+0000] {standard_task_runner.py:90} INFO - Running: ['***', 'tasks', 'run', 'nba_transform_to_dwh', 'load_dim_match', 'manual__2025-06-20T13:09:54.479053+00:00', '--job-id', '227', '--raw', '--subdir', 'DAGS_FOLDER/etl_pipeline.py', '--cfg-path', '/tmp/tmp5tmnep45']
[2025-06-20T13:09:59.614+0000] {standard_task_runner.py:91} INFO - Job 227: Subtask load_dim_match
[2025-06-20T13:09:59.771+0000] {task_command.py:426} INFO - Running <TaskInstance: nba_transform_to_dwh.load_dim_match manual__2025-06-20T13:09:54.479053+00:00 [running]> on host 5ea278fdf3a6
[2025-06-20T13:09:59.934+0000] {taskinstance.py:2648} INFO - Exporting env vars: AIRFLOW_CTX_DAG_OWNER='***' AIRFLOW_CTX_DAG_ID='nba_transform_to_dwh' AIRFLOW_CTX_TASK_ID='load_dim_match' AIRFLOW_CTX_EXECUTION_DATE='2025-06-20T13:09:54.479053+00:00' AIRFLOW_CTX_TRY_NUMBER='1' AIRFLOW_CTX_DAG_RUN_ID='manual__2025-06-20T13:09:54.479053+00:00'
[2025-06-20T13:09:59.935+0000] {taskinstance.py:430} INFO - ::endgroup::
[2025-06-20T13:09:59.952+0000] {etl_pipeline.py:451} INFO - Ensuring dimension table 'dimmatch' exists...
[2025-06-20T13:09:59.953+0000] {etl_pipeline.py:453} INFO - Loading/updating data into 'dimmatch'...
[2025-06-20T13:09:59.968+0000] {etl_pipeline.py:455} INFO - Operation complete. 1321 new rows inserted into dimmatch.
[2025-06-20T13:10:00.012+0000] {python.py:237} INFO - Done. Returned value was: None
[2025-06-20T13:10:00.014+0000] {taskinstance.py:441} INFO - ::group::Post task execution logs
[2025-06-20T13:10:00.027+0000] {taskinstance.py:1206} INFO - Marking task as SUCCESS. dag_id=nba_transform_to_dwh, task_id=load_dim_match, run_id=manual__2025-06-20T13:09:54.479053+00:00, execution_date=20250620T130954, start_date=20250620T130959, end_date=20250620T131000
[2025-06-20T13:10:00.106+0000] {local_task_job_runner.py:240} INFO - Task exited with return code 0
[2025-06-20T13:10:00.126+0000] {taskinstance.py:3498} INFO - 1 downstream tasks scheduled from follow-on schedule check
[2025-06-20T13:10:00.156+0000] {local_task_job_runner.py:222} INFO - ::endgroup::
