[2025-06-16T15:27:31.604+0000] {local_task_job_runner.py:120} INFO - ::group::Pre task execution logs
[2025-06-16T15:27:31.638+0000] {taskinstance.py:2076} INFO - Dependencies all met for dep_context=non-requeueable deps ti=<TaskInstance: nba_staging_to_dwh.transform_load_dim_player manual__2025-06-16T15:27:27.302859+00:00 [queued]>
[2025-06-16T15:27:31.872+0000] {taskinstance.py:2076} INFO - Dependencies all met for dep_context=requeueable deps ti=<TaskInstance: nba_staging_to_dwh.transform_load_dim_player manual__2025-06-16T15:27:27.302859+00:00 [queued]>
[2025-06-16T15:27:31.873+0000] {taskinstance.py:2306} INFO - Starting attempt 1 of 2
[2025-06-16T15:27:31.939+0000] {taskinstance.py:2330} INFO - Executing <Task(PythonOperator): transform_load_dim_player> on 2025-06-16 15:27:27.302859+00:00
[2025-06-16T15:27:31.974+0000] {standard_task_runner.py:63} INFO - Started process 4454 to run task
[2025-06-16T15:27:31.990+0000] {standard_task_runner.py:90} INFO - Running: ['***', 'tasks', 'run', 'nba_staging_to_dwh', 'transform_load_dim_player', 'manual__2025-06-16T15:27:27.302859+00:00', '--job-id', '31', '--raw', '--subdir', 'DAGS_FOLDER/etl_pipeline.py', '--cfg-path', '/tmp/tmpefp4j6v_']
[2025-06-16T15:27:31.995+0000] {standard_task_runner.py:91} INFO - Job 31: Subtask transform_load_dim_player
[2025-06-16T15:27:32.270+0000] {task_command.py:426} INFO - Running <TaskInstance: nba_staging_to_dwh.transform_load_dim_player manual__2025-06-16T15:27:27.302859+00:00 [running]> on host 11d91b3c2b82
[2025-06-16T15:27:32.710+0000] {taskinstance.py:2648} INFO - Exporting env vars: AIRFLOW_CTX_DAG_OWNER='***' AIRFLOW_CTX_DAG_ID='nba_staging_to_dwh' AIRFLOW_CTX_TASK_ID='transform_load_dim_player' AIRFLOW_CTX_EXECUTION_DATE='2025-06-16T15:27:27.302859+00:00' AIRFLOW_CTX_TRY_NUMBER='1' AIRFLOW_CTX_DAG_RUN_ID='manual__2025-06-16T15:27:27.302859+00:00'
[2025-06-16T15:27:32.717+0000] {taskinstance.py:430} INFO - ::endgroup::
[2025-06-16T15:27:32.819+0000] {logging_mixin.py:188} WARNING - /opt/***/dags/etl_pipeline.py:375 UserWarning: pandas only supports SQLAlchemy connectable (engine/connection) or database string URI or sqlite3 DBAPI2 connection. Other DBAPI2 objects are not tested. Please consider using SQLAlchemy.
[2025-06-16T15:27:32.883+0000] {logging_mixin.py:188} INFO - Ensuring table 'dimplayer' exists...
[2025-06-16T15:27:32.886+0000] {logging_mixin.py:188} INFO - Database execution error: syntax error at or near ")"
LINE 14:     );
             ^
[2025-06-16T15:27:32.889+0000] {python.py:237} INFO - Done. Returned value was: None
[2025-06-16T15:27:32.894+0000] {taskinstance.py:441} INFO - ::group::Post task execution logs
[2025-06-16T15:27:32.912+0000] {taskinstance.py:1206} INFO - Marking task as SUCCESS. dag_id=nba_staging_to_dwh, task_id=transform_load_dim_player, run_id=manual__2025-06-16T15:27:27.302859+00:00, execution_date=20250616T152727, start_date=20250616T152731, end_date=20250616T152732
[2025-06-16T15:27:33.030+0000] {local_task_job_runner.py:240} INFO - Task exited with return code 0
[2025-06-16T15:27:33.051+0000] {taskinstance.py:3498} INFO - 0 downstream tasks scheduled from follow-on schedule check
[2025-06-16T15:27:33.089+0000] {local_task_job_runner.py:222} INFO - ::endgroup::
