[2025-06-15T21:03:11.289+0000] {local_task_job_runner.py:120} INFO - ::group::Pre task execution logs
[2025-06-15T21:03:11.397+0000] {taskinstance.py:2076} INFO - Dependencies all met for dep_context=non-requeueable deps ti=<TaskInstance: nba_etl_to_postgres.fetch_roster_and_load_to_postgres manual__2025-06-15T21:03:08.185863+00:00 [queued]>
[2025-06-15T21:03:11.430+0000] {taskinstance.py:2076} INFO - Dependencies all met for dep_context=requeueable deps ti=<TaskInstance: nba_etl_to_postgres.fetch_roster_and_load_to_postgres manual__2025-06-15T21:03:08.185863+00:00 [queued]>
[2025-06-15T21:03:11.431+0000] {taskinstance.py:2306} INFO - Starting attempt 1 of 2
[2025-06-15T21:03:11.513+0000] {taskinstance.py:2330} INFO - Executing <Task(PythonOperator): fetch_roster_and_load_to_postgres> on 2025-06-15 21:03:08.185863+00:00
[2025-06-15T21:03:11.524+0000] {standard_task_runner.py:63} INFO - Started process 735 to run task
[2025-06-15T21:03:11.533+0000] {standard_task_runner.py:90} INFO - Running: ['***', 'tasks', 'run', 'nba_etl_to_postgres', 'fetch_roster_and_load_to_postgres', 'manual__2025-06-15T21:03:08.185863+00:00', '--job-id', '2', '--raw', '--subdir', 'DAGS_FOLDER/etl_pipeline.py', '--cfg-path', '/tmp/tmp_24nhdsz']
[2025-06-15T21:03:11.536+0000] {standard_task_runner.py:91} INFO - Job 2: Subtask fetch_roster_and_load_to_postgres
[2025-06-15T21:03:11.674+0000] {task_command.py:426} INFO - Running <TaskInstance: nba_etl_to_postgres.fetch_roster_and_load_to_postgres manual__2025-06-15T21:03:08.185863+00:00 [running]> on host 10d298296c8f
[2025-06-15T21:03:11.915+0000] {taskinstance.py:2648} INFO - Exporting env vars: AIRFLOW_CTX_DAG_OWNER='***' AIRFLOW_CTX_DAG_ID='nba_etl_to_postgres' AIRFLOW_CTX_TASK_ID='fetch_roster_and_load_to_postgres' AIRFLOW_CTX_EXECUTION_DATE='2025-06-15T21:03:08.185863+00:00' AIRFLOW_CTX_TRY_NUMBER='1' AIRFLOW_CTX_DAG_RUN_ID='manual__2025-06-15T21:03:08.185863+00:00'
[2025-06-15T21:03:11.916+0000] {taskinstance.py:430} INFO - ::endgroup::
[2025-06-15T21:03:11.972+0000] {logging_mixin.py:188} INFO - Fetching roster for Atlanta Hawks (ATL)...
[2025-06-15T21:03:12.237+0000] {logging_mixin.py:188} INFO - Retrying after 2147 sec...
[2025-06-15T21:08:23.953+0000] {local_task_job_runner.py:310} WARNING - State of this instance has been externally set to failed. Terminating instance.
[2025-06-15T21:08:23.955+0000] {local_task_job_runner.py:222} INFO - ::endgroup::
[2025-06-15T21:08:23.959+0000] {process_utils.py:132} INFO - Sending 15 to group 735. PIDs of all processes in the group: [735]
[2025-06-15T21:08:23.960+0000] {process_utils.py:87} INFO - Sending the signal 15 to group 735
[2025-06-15T21:08:23.962+0000] {taskinstance.py:2611} ERROR - Received SIGTERM. Terminating subprocesses.
[2025-06-15T21:08:23.964+0000] {taskinstance.py:441} INFO - ::group::Post task execution logs
[2025-06-15T21:08:24.095+0000] {process_utils.py:80} INFO - Process psutil.Process(pid=735, status='terminated', exitcode=0, started='21:03:10') (735) terminated with exit code 0
