[2025-06-21T21:55:17.712+0000] {local_task_job_runner.py:120} INFO - ::group::Pre task execution logs
[2025-06-21T21:55:17.759+0000] {taskinstance.py:2076} INFO - Dependencies all met for dep_context=non-requeueable deps ti=<TaskInstance: nba_etl_to_staging.fetch_shot_chart_and_load_to_stage manual__2025-06-21T21:40:55.752118+00:00 [queued]>
[2025-06-21T21:55:18.022+0000] {taskinstance.py:2076} INFO - Dependencies all met for dep_context=requeueable deps ti=<TaskInstance: nba_etl_to_staging.fetch_shot_chart_and_load_to_stage manual__2025-06-21T21:40:55.752118+00:00 [queued]>
[2025-06-21T21:55:18.023+0000] {taskinstance.py:2306} INFO - Starting attempt 2 of 2
[2025-06-21T21:55:18.104+0000] {taskinstance.py:2330} INFO - Executing <Task(PythonOperator): fetch_shot_chart_and_load_to_stage> on 2025-06-21 21:40:55.752118+00:00
[2025-06-21T21:55:18.110+0000] {standard_task_runner.py:63} INFO - Started process 1144 to run task
[2025-06-21T21:55:18.115+0000] {standard_task_runner.py:90} INFO - Running: ['***', 'tasks', 'run', 'nba_etl_to_staging', 'fetch_shot_chart_and_load_to_stage', 'manual__2025-06-21T21:40:55.752118+00:00', '--job-id', '492', '--raw', '--subdir', 'DAGS_FOLDER/etl_pipeline.py', '--cfg-path', '/tmp/tmps4ve6js2']
[2025-06-21T21:55:18.116+0000] {standard_task_runner.py:91} INFO - Job 492: Subtask fetch_shot_chart_and_load_to_stage
[2025-06-21T21:55:18.226+0000] {task_command.py:426} INFO - Running <TaskInstance: nba_etl_to_staging.fetch_shot_chart_and_load_to_stage manual__2025-06-21T21:40:55.752118+00:00 [running]> on host 5ea278fdf3a6
[2025-06-21T21:55:18.434+0000] {taskinstance.py:2648} INFO - Exporting env vars: AIRFLOW_CTX_DAG_OWNER='***' AIRFLOW_CTX_DAG_ID='nba_etl_to_staging' AIRFLOW_CTX_TASK_ID='fetch_shot_chart_and_load_to_stage' AIRFLOW_CTX_EXECUTION_DATE='2025-06-21T21:40:55.752118+00:00' AIRFLOW_CTX_TRY_NUMBER='2' AIRFLOW_CTX_DAG_RUN_ID='manual__2025-06-21T21:40:55.752118+00:00'
[2025-06-21T21:55:18.435+0000] {taskinstance.py:430} INFO - ::endgroup::
[2025-06-21T21:55:18.472+0000] {logging_mixin.py:188} WARNING - /opt/***/dags/etl_pipeline.py:174 UserWarning: pandas only supports SQLAlchemy connectable (engine/connection) or database string URI or sqlite3 DBAPI2 connection. Other DBAPI2 objects are not tested. Please consider using SQLAlchemy.
[2025-06-21T21:55:22.072+0000] {etl_pipeline.py:191} INFO - Processed game on 2024-10-22 between BOS and NYK.
[2025-06-21T21:55:34.051+0000] {etl_pipeline.py:191} INFO - Processed game on 2024-10-22 between LAL and MIN.
[2025-06-21T21:55:38.572+0000] {etl_pipeline.py:191} INFO - Processed game on 2024-10-23 between DET and IND.
[2025-06-21T21:55:45.854+0000] {etl_pipeline.py:191} INFO - Processed game on 2024-10-23 between ATL and BRK.
[2025-06-21T21:55:52.724+0000] {etl_pipeline.py:191} INFO - Processed game on 2024-10-23 between MIA and ORL.
[2025-06-21T21:56:00.963+0000] {etl_pipeline.py:191} INFO - Processed game on 2024-10-23 between PHI and MIL.
[2025-06-21T21:56:08.627+0000] {etl_pipeline.py:191} INFO - Processed game on 2024-10-23 between TOR and CLE.
[2025-06-21T21:56:18.514+0000] {etl_pipeline.py:191} INFO - Processed game on 2024-10-23 between HOU and CHO.
[2025-06-21T21:56:22.626+0000] {etl_pipeline.py:191} INFO - Processed game on 2024-10-23 between NOP and CHI.
[2025-06-21T21:56:30.297+0000] {etl_pipeline.py:191} INFO - Processed game on 2024-10-23 between UTA and MEM.
[2025-06-21T21:56:37.898+0000] {etl_pipeline.py:191} INFO - Processed game on 2024-10-23 between LAC and PHO.
[2025-06-21T21:56:45.672+0000] {etl_pipeline.py:191} INFO - Processed game on 2024-10-23 between POR and GSW.
[2025-06-21T21:56:52.233+0000] {etl_pipeline.py:191} INFO - Processed game on 2024-10-24 between WAS and BOS.
[2025-06-21T21:57:00.222+0000] {etl_pipeline.py:191} INFO - Processed game on 2024-10-24 between DAL and SAS.
[2025-06-21T21:57:07.302+0000] {etl_pipeline.py:191} INFO - Processed game on 2024-10-24 between DEN and OKC.
[2025-06-21T21:57:14.487+0000] {etl_pipeline.py:191} INFO - Processed game on 2024-10-24 between SAC and MIN.
[2025-06-21T21:57:20.918+0000] {etl_pipeline.py:191} INFO - Processed game on 2024-10-25 between ORL and BRK.
[2025-06-21T21:57:27.655+0000] {etl_pipeline.py:191} INFO - Processed game on 2024-10-25 between TOR and PHI.
[2025-06-21T21:57:34.302+0000] {etl_pipeline.py:191} INFO - Processed game on 2024-10-25 between ATL and CHO.
[2025-06-21T21:57:42.518+0000] {etl_pipeline.py:191} INFO - Processed game on 2024-10-25 between CLE and DET.
[2025-06-21T21:57:52.017+0000] {etl_pipeline.py:191} INFO - Processed game on 2024-10-25 between NYK and IND.
[2025-06-21T21:57:55.460+0000] {etl_pipeline.py:191} INFO - Processed game on 2024-10-25 between HOU and MEM.
[2025-06-21T21:58:01.913+0000] {etl_pipeline.py:191} INFO - Processed game on 2024-10-25 between MIL and CHI.
[2025-06-21T21:58:08.564+0000] {etl_pipeline.py:191} INFO - Processed game on 2024-10-25 between UTA and GSW.
[2025-06-21T21:58:16.034+0000] {etl_pipeline.py:191} INFO - Processed game on 2024-10-25 between LAL and PHO.
[2025-06-21T21:58:22.525+0000] {etl_pipeline.py:191} INFO - Processed game on 2024-10-25 between POR and NOP.
[2025-06-21T21:58:28.943+0000] {etl_pipeline.py:191} INFO - Processed game on 2024-10-26 between DEN and LAC.
[2025-06-21T21:58:35.557+0000] {etl_pipeline.py:191} INFO - Processed game on 2024-10-26 between CHO and MIA.
[2025-06-21T21:58:43.167+0000] {etl_pipeline.py:191} INFO - Processed game on 2024-10-26 between DET and BOS.
[2025-06-21T21:58:49.785+0000] {etl_pipeline.py:191} INFO - Processed game on 2024-10-26 between WAS and CLE.
[2025-06-21T21:58:57.770+0000] {etl_pipeline.py:191} INFO - Processed game on 2024-10-26 between CHI and OKC.
[2025-06-21T21:59:07.162+0000] {etl_pipeline.py:191} INFO - Processed game on 2024-10-26 between MEM and ORL.
[2025-06-21T21:59:16.715+0000] {etl_pipeline.py:191} INFO - Processed game on 2024-10-26 between MIN and TOR.
[2025-06-21T21:59:24.687+0000] {etl_pipeline.py:191} INFO - Processed game on 2024-10-26 between SAS and HOU.
[2025-06-21T21:59:31.956+0000] {etl_pipeline.py:191} INFO - Processed game on 2024-10-26 between PHO and DAL.
[2025-06-21T21:59:38.552+0000] {etl_pipeline.py:191} INFO - Processed game on 2024-10-26 between LAL and SAC.
[2025-06-21T21:59:46.029+0000] {etl_pipeline.py:191} INFO - Processed game on 2024-10-27 between IND and PHI.
[2025-06-21T21:59:52.586+0000] {etl_pipeline.py:191} INFO - Processed game on 2024-10-27 between BRK and MIL.
[2025-06-21T21:59:59.078+0000] {etl_pipeline.py:191} INFO - Processed game on 2024-10-27 between POR and NOP.
[2025-06-21T22:00:05.696+0000] {etl_pipeline.py:191} INFO - Processed game on 2024-10-27 between OKC and ATL.
[2025-06-21T22:00:14.058+0000] {etl_pipeline.py:191} INFO - Processed game on 2024-10-27 between GSW and LAC.
[2025-06-21T22:00:23.097+0000] {etl_pipeline.py:191} INFO - Processed game on 2024-10-28 between ORL and IND.
[2025-06-21T22:00:31.129+0000] {etl_pipeline.py:191} INFO - Processed game on 2024-10-28 between ATL and WAS.
[2025-06-21T22:00:39.467+0000] {etl_pipeline.py:191} INFO - Processed game on 2024-10-28 between BOS and MIL.
[2025-06-21T22:00:47.422+0000] {etl_pipeline.py:191} INFO - Processed game on 2024-10-28 between MIA and DET.
[2025-06-21T22:00:53.891+0000] {etl_pipeline.py:191} INFO - Processed game on 2024-10-28 between NYK and CLE.
[2025-06-21T22:01:00.353+0000] {etl_pipeline.py:191} INFO - Processed game on 2024-10-28 between TOR and DEN.
[2025-06-21T22:01:06.954+0000] {etl_pipeline.py:191} INFO - Processed game on 2024-10-28 between MEM and CHI.
[2025-06-21T22:01:13.412+0000] {etl_pipeline.py:191} INFO - Processed game on 2024-10-28 between SAS and HOU.
[2025-06-21T22:01:20.986+0000] {etl_pipeline.py:191} INFO - Processed game on 2024-10-28 between DAL and UTA.
[2025-06-21T22:01:27.478+0000] {etl_pipeline.py:191} INFO - Processed game on 2024-10-28 between PHO and LAL.
[2025-06-21T22:01:34.554+0000] {etl_pipeline.py:191} INFO - Processed game on 2024-10-28 between SAC and POR.
[2025-06-21T22:01:41.324+0000] {etl_pipeline.py:191} INFO - Processed game on 2024-10-29 between BRK and DEN.
[2025-06-21T22:01:48.775+0000] {etl_pipeline.py:191} INFO - Processed game on 2024-10-29 between MIN and DAL.
[2025-06-21T22:01:55.292+0000] {etl_pipeline.py:191} INFO - Processed game on 2024-10-29 between UTA and SAC.
[2025-06-21T22:02:01.735+0000] {etl_pipeline.py:191} INFO - Processed game on 2024-10-29 between GSW and NOP.
[2025-06-21T22:02:10.936+0000] {etl_pipeline.py:191} INFO - Processed game on 2024-10-30 between CHO and TOR.
[2025-06-21T22:02:19.978+0000] {etl_pipeline.py:191} INFO - Processed game on 2024-10-30 between CLE and LAL.
[2025-06-21T22:02:26.771+0000] {etl_pipeline.py:191} INFO - Processed game on 2024-10-30 between IND and BOS.
[2025-06-21T22:02:33.330+0000] {etl_pipeline.py:191} INFO - Processed game on 2024-10-30 between PHI and DET.
[2025-06-21T22:02:39.961+0000] {etl_pipeline.py:191} INFO - Processed game on 2024-10-30 between WAS and ATL.
[2025-06-21T22:02:46.442+0000] {etl_pipeline.py:191} INFO - Processed game on 2024-10-30 between MIA and NYK.
[2025-06-21T22:02:53.975+0000] {etl_pipeline.py:191} INFO - Processed game on 2024-10-30 between CHI and ORL.
[2025-06-21T22:03:00.790+0000] {etl_pipeline.py:191} INFO - Processed game on 2024-10-30 between MEM and BRK.
[2025-06-21T22:03:07.594+0000] {etl_pipeline.py:191} INFO - Processed game on 2024-10-30 between OKC and SAS.
[2025-06-21T22:03:14.056+0000] {etl_pipeline.py:191} INFO - Processed game on 2024-10-30 between GSW and NOP.
[2025-06-21T22:03:20.501+0000] {etl_pipeline.py:191} INFO - Processed game on 2024-10-30 between LAC and POR.
[2025-06-21T22:03:28.581+0000] {etl_pipeline.py:191} INFO - Processed game on 2024-10-31 between MEM and MIL.
[2025-06-21T22:03:35.065+0000] {etl_pipeline.py:191} INFO - Processed game on 2024-10-31 between DAL and HOU.
[2025-06-21T22:03:41.873+0000] {etl_pipeline.py:191} INFO - Processed game on 2024-10-31 between UTA and SAS.
[2025-06-21T22:03:49.132+0000] {etl_pipeline.py:191} INFO - Processed game on 2024-10-31 between LAC and PHO.
[2025-06-21T22:03:56.808+0000] {local_task_job_runner.py:310} WARNING - State of this instance has been externally set to failed. Terminating instance.
[2025-06-21T22:03:56.810+0000] {local_task_job_runner.py:222} INFO - ::endgroup::
[2025-06-21T22:03:56.814+0000] {process_utils.py:132} INFO - Sending 15 to group 1144. PIDs of all processes in the group: [1144]
[2025-06-21T22:03:56.815+0000] {process_utils.py:87} INFO - Sending the signal 15 to group 1144
[2025-06-21T22:03:56.816+0000] {taskinstance.py:2611} ERROR - Received SIGTERM. Terminating subprocesses.
[2025-06-21T22:03:56.817+0000] {taskinstance.py:441} INFO - ::group::Post task execution logs
[2025-06-21T22:03:56.908+0000] {process_utils.py:80} INFO - Process psutil.Process(pid=1144, status='terminated', exitcode=0, started='21:55:17') (1144) terminated with exit code 0
