[2025-06-22T08:30:59.325+0000] {local_task_job_runner.py:120} INFO - ::group::Pre task execution logs
[2025-06-22T08:30:59.357+0000] {taskinstance.py:2076} INFO - Dependencies all met for dep_context=non-requeueable deps ti=<TaskInstance: nba_transform_to_dwh.load_dim_shotzone manual__2025-06-22T08:30:51.433451+00:00 [queued]>
[2025-06-22T08:30:59.521+0000] {taskinstance.py:2076} INFO - Dependencies all met for dep_context=requeueable deps ti=<TaskInstance: nba_transform_to_dwh.load_dim_shotzone manual__2025-06-22T08:30:51.433451+00:00 [queued]>
[2025-06-22T08:30:59.522+0000] {taskinstance.py:2306} INFO - Starting attempt 1 of 2
[2025-06-22T08:30:59.584+0000] {taskinstance.py:2330} INFO - Executing <Task(PythonOperator): load_dim_shotzone> on 2025-06-22 08:30:51.433451+00:00
[2025-06-22T08:30:59.602+0000] {standard_task_runner.py:63} INFO - Started process 899 to run task
[2025-06-22T08:30:59.608+0000] {standard_task_runner.py:90} INFO - Running: ['***', 'tasks', 'run', 'nba_transform_to_dwh', 'load_dim_shotzone', 'manual__2025-06-22T08:30:51.433451+00:00', '--job-id', '527', '--raw', '--subdir', 'DAGS_FOLDER/etl_pipeline.py', '--cfg-path', '/tmp/tmpt8yid39u']
[2025-06-22T08:30:59.611+0000] {standard_task_runner.py:91} INFO - Job 527: Subtask load_dim_shotzone
[2025-06-22T08:30:59.746+0000] {task_command.py:426} INFO - Running <TaskInstance: nba_transform_to_dwh.load_dim_shotzone manual__2025-06-22T08:30:51.433451+00:00 [running]> on host 5ea278fdf3a6
[2025-06-22T08:30:59.909+0000] {taskinstance.py:2648} INFO - Exporting env vars: AIRFLOW_CTX_DAG_OWNER='***' AIRFLOW_CTX_DAG_ID='nba_transform_to_dwh' AIRFLOW_CTX_TASK_ID='load_dim_shotzone' AIRFLOW_CTX_EXECUTION_DATE='2025-06-22T08:30:51.433451+00:00' AIRFLOW_CTX_TRY_NUMBER='1' AIRFLOW_CTX_DAG_RUN_ID='manual__2025-06-22T08:30:51.433451+00:00'
[2025-06-22T08:30:59.910+0000] {taskinstance.py:430} INFO - ::endgroup::
[2025-06-22T08:30:59.931+0000] {etl_pipeline.py:603} INFO - Ensuring dimension table 'dimshotzone' exists...
[2025-06-22T08:30:59.933+0000] {etl_pipeline.py:605} INFO - Populating dimension table 'dimshotzone' with unique zones...
[2025-06-22T08:30:59.964+0000] {etl_pipeline.py:607} INFO - Operation complete for dimshotzone. 0 new zones inserted.
[2025-06-22T08:31:00.009+0000] {python.py:237} INFO - Done. Returned value was: None
[2025-06-22T08:31:00.013+0000] {taskinstance.py:441} INFO - ::group::Post task execution logs
[2025-06-22T08:31:00.024+0000] {taskinstance.py:1206} INFO - Marking task as SUCCESS. dag_id=nba_transform_to_dwh, task_id=load_dim_shotzone, run_id=manual__2025-06-22T08:30:51.433451+00:00, execution_date=20250622T083051, start_date=20250622T083059, end_date=20250622T083100
[2025-06-22T08:31:00.106+0000] {local_task_job_runner.py:240} INFO - Task exited with return code 0
[2025-06-22T08:31:00.134+0000] {taskinstance.py:3498} INFO - 1 downstream tasks scheduled from follow-on schedule check
[2025-06-22T08:31:00.160+0000] {local_task_job_runner.py:222} INFO - ::endgroup::
