[2025-06-21T12:07:38.133+0000] {local_task_job_runner.py:120} INFO - ::group::Pre task execution logs
[2025-06-21T12:07:38.327+0000] {taskinstance.py:2076} INFO - Dependencies all met for dep_context=non-requeueable deps ti=<TaskInstance: nba_transform_to_dwh.load_dim_shotzone manual__2025-06-21T12:07:28.250884+00:00 [queued]>
[2025-06-21T12:07:38.340+0000] {taskinstance.py:2076} INFO - Dependencies all met for dep_context=requeueable deps ti=<TaskInstance: nba_transform_to_dwh.load_dim_shotzone manual__2025-06-21T12:07:28.250884+00:00 [queued]>
[2025-06-21T12:07:38.341+0000] {taskinstance.py:2306} INFO - Starting attempt 1 of 2
[2025-06-21T12:07:38.403+0000] {taskinstance.py:2330} INFO - Executing <Task(PythonOperator): load_dim_shotzone> on 2025-06-21 12:07:28.250884+00:00
[2025-06-21T12:07:38.411+0000] {standard_task_runner.py:63} INFO - Started process 2295 to run task
[2025-06-21T12:07:38.416+0000] {standard_task_runner.py:90} INFO - Running: ['***', 'tasks', 'run', 'nba_transform_to_dwh', 'load_dim_shotzone', 'manual__2025-06-21T12:07:28.250884+00:00', '--job-id', '420', '--raw', '--subdir', 'DAGS_FOLDER/etl_pipeline.py', '--cfg-path', '/tmp/tmpfmoebqll']
[2025-06-21T12:07:38.418+0000] {standard_task_runner.py:91} INFO - Job 420: Subtask load_dim_shotzone
[2025-06-21T12:07:38.527+0000] {task_command.py:426} INFO - Running <TaskInstance: nba_transform_to_dwh.load_dim_shotzone manual__2025-06-21T12:07:28.250884+00:00 [running]> on host 5ea278fdf3a6
[2025-06-21T12:07:38.684+0000] {taskinstance.py:2648} INFO - Exporting env vars: AIRFLOW_CTX_DAG_OWNER='***' AIRFLOW_CTX_DAG_ID='nba_transform_to_dwh' AIRFLOW_CTX_TASK_ID='load_dim_shotzone' AIRFLOW_CTX_EXECUTION_DATE='2025-06-21T12:07:28.250884+00:00' AIRFLOW_CTX_TRY_NUMBER='1' AIRFLOW_CTX_DAG_RUN_ID='manual__2025-06-21T12:07:28.250884+00:00'
[2025-06-21T12:07:38.685+0000] {taskinstance.py:430} INFO - ::endgroup::
[2025-06-21T12:07:38.707+0000] {etl_pipeline.py:550} INFO - Ensuring dimension table 'dimshotzone' exists...
[2025-06-21T12:07:38.708+0000] {etl_pipeline.py:552} INFO - Populating dimension table 'dimshotzone' with unique zones...
[2025-06-21T12:07:38.710+0000] {etl_pipeline.py:554} INFO - Operation complete for dimshotzone. 0 new zones inserted.
[2025-06-21T12:07:38.711+0000] {python.py:237} INFO - Done. Returned value was: None
[2025-06-21T12:07:38.714+0000] {taskinstance.py:441} INFO - ::group::Post task execution logs
[2025-06-21T12:07:38.725+0000] {taskinstance.py:1206} INFO - Marking task as SUCCESS. dag_id=nba_transform_to_dwh, task_id=load_dim_shotzone, run_id=manual__2025-06-21T12:07:28.250884+00:00, execution_date=20250621T120728, start_date=20250621T120738, end_date=20250621T120738
[2025-06-21T12:07:38.790+0000] {local_task_job_runner.py:240} INFO - Task exited with return code 0
[2025-06-21T12:07:38.816+0000] {taskinstance.py:3498} INFO - 1 downstream tasks scheduled from follow-on schedule check
[2025-06-21T12:07:38.840+0000] {local_task_job_runner.py:222} INFO - ::endgroup::
