[2025-06-21T12:53:22.947+0000] {local_task_job_runner.py:120} INFO - ::group::Pre task execution logs
[2025-06-21T12:53:22.982+0000] {taskinstance.py:2076} INFO - Dependencies all met for dep_context=non-requeueable deps ti=<TaskInstance: nba_transform_to_dwh.load_dim_time manual__2025-06-21T12:53:06.846018+00:00 [queued]>
[2025-06-21T12:53:23.186+0000] {taskinstance.py:2076} INFO - Dependencies all met for dep_context=requeueable deps ti=<TaskInstance: nba_transform_to_dwh.load_dim_time manual__2025-06-21T12:53:06.846018+00:00 [queued]>
[2025-06-21T12:53:23.187+0000] {taskinstance.py:2306} INFO - Starting attempt 1 of 2
[2025-06-21T12:53:23.427+0000] {taskinstance.py:2330} INFO - Executing <Task(PythonOperator): load_dim_time> on 2025-06-21 12:53:06.846018+00:00
[2025-06-21T12:53:23.444+0000] {standard_task_runner.py:63} INFO - Started process 2800 to run task
[2025-06-21T12:53:23.451+0000] {standard_task_runner.py:90} INFO - Running: ['***', 'tasks', 'run', 'nba_transform_to_dwh', 'load_dim_time', 'manual__2025-06-21T12:53:06.846018+00:00', '--job-id', '440', '--raw', '--subdir', 'DAGS_FOLDER/etl_pipeline.py', '--cfg-path', '/tmp/tmp6ahuxgdl']
[2025-06-21T12:53:23.453+0000] {standard_task_runner.py:91} INFO - Job 440: Subtask load_dim_time
[2025-06-21T12:53:23.588+0000] {task_command.py:426} INFO - Running <TaskInstance: nba_transform_to_dwh.load_dim_time manual__2025-06-21T12:53:06.846018+00:00 [running]> on host 5ea278fdf3a6
[2025-06-21T12:53:23.873+0000] {taskinstance.py:2648} INFO - Exporting env vars: AIRFLOW_CTX_DAG_OWNER='***' AIRFLOW_CTX_DAG_ID='nba_transform_to_dwh' AIRFLOW_CTX_TASK_ID='load_dim_time' AIRFLOW_CTX_EXECUTION_DATE='2025-06-21T12:53:06.846018+00:00' AIRFLOW_CTX_TRY_NUMBER='1' AIRFLOW_CTX_DAG_RUN_ID='manual__2025-06-21T12:53:06.846018+00:00'
[2025-06-21T12:53:23.874+0000] {taskinstance.py:430} INFO - ::endgroup::
[2025-06-21T12:53:23.893+0000] {etl_pipeline.py:517} INFO - Ensuring dimension table 'dimtime' exists...
[2025-06-21T12:53:24.079+0000] {etl_pipeline.py:519} INFO - Loading/updating data into 'dimtime'...
[2025-06-21T12:53:24.085+0000] {etl_pipeline.py:521} INFO - Operation complete. 494 new rows inserted into dimtime.
[2025-06-21T12:53:24.171+0000] {python.py:237} INFO - Done. Returned value was: None
[2025-06-21T12:53:24.173+0000] {taskinstance.py:441} INFO - ::group::Post task execution logs
[2025-06-21T12:53:24.182+0000] {taskinstance.py:1206} INFO - Marking task as SUCCESS. dag_id=nba_transform_to_dwh, task_id=load_dim_time, run_id=manual__2025-06-21T12:53:06.846018+00:00, execution_date=20250621T125306, start_date=20250621T125322, end_date=20250621T125324
[2025-06-21T12:53:24.297+0000] {local_task_job_runner.py:240} INFO - Task exited with return code 0
[2025-06-21T12:53:24.331+0000] {taskinstance.py:3498} INFO - 1 downstream tasks scheduled from follow-on schedule check
[2025-06-21T12:53:24.379+0000] {local_task_job_runner.py:222} INFO - ::endgroup::
