[2025-06-15T15:45:38.918+0000] {local_task_job_runner.py:120} INFO - ::group::Pre task execution logs
[2025-06-15T15:45:38.948+0000] {taskinstance.py:2076} INFO - Dependencies all met for dep_context=non-requeueable deps ti=<TaskInstance: nba_etl_to_postgres.fetch_and_load_teams_to_stage manual__2025-06-15T15:45:31.167616+00:00 [queued]>
[2025-06-15T15:45:38.957+0000] {taskinstance.py:2076} INFO - Dependencies all met for dep_context=requeueable deps ti=<TaskInstance: nba_etl_to_postgres.fetch_and_load_teams_to_stage manual__2025-06-15T15:45:31.167616+00:00 [queued]>
[2025-06-15T15:45:38.958+0000] {taskinstance.py:2306} INFO - Starting attempt 1 of 2
[2025-06-15T15:45:39.014+0000] {taskinstance.py:2330} INFO - Executing <Task(PythonOperator): fetch_and_load_teams_to_stage> on 2025-06-15 15:45:31.167616+00:00
[2025-06-15T15:45:39.021+0000] {standard_task_runner.py:63} INFO - Started process 1308 to run task
[2025-06-15T15:45:39.024+0000] {standard_task_runner.py:90} INFO - Running: ['***', 'tasks', 'run', 'nba_etl_to_postgres', 'fetch_and_load_teams_to_stage', 'manual__2025-06-15T15:45:31.167616+00:00', '--job-id', '40', '--raw', '--subdir', 'DAGS_FOLDER/etl_pipeline.py', '--cfg-path', '/tmp/tmp5yo7mj4l']
[2025-06-15T15:45:39.026+0000] {standard_task_runner.py:91} INFO - Job 40: Subtask fetch_and_load_teams_to_stage
[2025-06-15T15:45:39.117+0000] {task_command.py:426} INFO - Running <TaskInstance: nba_etl_to_postgres.fetch_and_load_teams_to_stage manual__2025-06-15T15:45:31.167616+00:00 [running]> on host 161b13ff210e
[2025-06-15T15:45:39.277+0000] {taskinstance.py:2648} INFO - Exporting env vars: AIRFLOW_CTX_DAG_OWNER='***' AIRFLOW_CTX_DAG_ID='nba_etl_to_postgres' AIRFLOW_CTX_TASK_ID='fetch_and_load_teams_to_stage' AIRFLOW_CTX_EXECUTION_DATE='2025-06-15T15:45:31.167616+00:00' AIRFLOW_CTX_TRY_NUMBER='1' AIRFLOW_CTX_DAG_RUN_ID='manual__2025-06-15T15:45:31.167616+00:00'
[2025-06-15T15:45:39.278+0000] {taskinstance.py:430} INFO - ::endgroup::
[2025-06-15T15:45:39.296+0000] {taskinstance.py:441} INFO - ::group::Post task execution logs
[2025-06-15T15:45:39.297+0000] {taskinstance.py:2905} ERROR - Task failed with exception
Traceback (most recent call last):
  File "/home/airflow/.local/lib/python3.9/site-packages/airflow/models/taskinstance.py", line 465, in _execute_task
    result = _execute_callable(context=context, **execute_callable_kwargs)
  File "/home/airflow/.local/lib/python3.9/site-packages/airflow/models/taskinstance.py", line 432, in _execute_callable
    return execute_callable(context=context, **execute_callable_kwargs)
  File "/home/airflow/.local/lib/python3.9/site-packages/airflow/models/baseoperator.py", line 400, in wrapper
    return func(self, *args, **kwargs)
  File "/home/airflow/.local/lib/python3.9/site-packages/airflow/operators/python.py", line 235, in execute
    return_value = self.execute_callable()
  File "/home/airflow/.local/lib/python3.9/site-packages/airflow/operators/python.py", line 252, in execute_callable
    return self.python_callable(*self.op_args, **self.op_kwargs)
  File "/opt/airflow/dags/etl_pipeline.py", line 278, in fetch_and_load_teams_to_stage
    with open(r'D:\Projekt_SBI\data\nba_teams_info_no_header.csv', 'r') as f:
FileNotFoundError: [Errno 2] No such file or directory: 'D:\\Projekt_SBI\\data\\nba_teams_info_no_header.csv'
[2025-06-15T15:45:39.313+0000] {taskinstance.py:1206} INFO - Marking task as UP_FOR_RETRY. dag_id=nba_etl_to_postgres, task_id=fetch_and_load_teams_to_stage, run_id=manual__2025-06-15T15:45:31.167616+00:00, execution_date=20250615T154531, start_date=20250615T154538, end_date=20250615T154539
[2025-06-15T15:45:39.360+0000] {standard_task_runner.py:110} ERROR - Failed to execute job 40 for task fetch_and_load_teams_to_stage ([Errno 2] No such file or directory: 'D:\\Projekt_SBI\\data\\nba_teams_info_no_header.csv'; 1308)
[2025-06-15T15:45:39.398+0000] {local_task_job_runner.py:240} INFO - Task exited with return code 1
[2025-06-15T15:45:39.423+0000] {taskinstance.py:3498} INFO - 0 downstream tasks scheduled from follow-on schedule check
[2025-06-15T15:45:39.454+0000] {local_task_job_runner.py:222} INFO - ::endgroup::
