[2025-06-20T19:23:47.925+0000] {local_task_job_runner.py:120} INFO - ::group::Pre task execution logs
[2025-06-20T19:23:47.967+0000] {taskinstance.py:2076} INFO - Dependencies all met for dep_context=non-requeueable deps ti=<TaskInstance: nba_transform_to_dwh.load_dim_match manual__2025-06-20T19:23:45.111815+00:00 [queued]>
[2025-06-20T19:23:47.982+0000] {taskinstance.py:2076} INFO - Dependencies all met for dep_context=requeueable deps ti=<TaskInstance: nba_transform_to_dwh.load_dim_match manual__2025-06-20T19:23:45.111815+00:00 [queued]>
[2025-06-20T19:23:47.983+0000] {taskinstance.py:2306} INFO - Starting attempt 1 of 2
[2025-06-20T19:23:48.051+0000] {taskinstance.py:2330} INFO - Executing <Task(PythonOperator): load_dim_match> on 2025-06-20 19:23:45.111815+00:00
[2025-06-20T19:23:48.064+0000] {standard_task_runner.py:63} INFO - Started process 4867 to run task
[2025-06-20T19:23:48.070+0000] {standard_task_runner.py:90} INFO - Running: ['***', 'tasks', 'run', 'nba_transform_to_dwh', 'load_dim_match', 'manual__2025-06-20T19:23:45.111815+00:00', '--job-id', '332', '--raw', '--subdir', 'DAGS_FOLDER/etl_pipeline.py', '--cfg-path', '/tmp/tmpmt1fawfj']
[2025-06-20T19:23:48.072+0000] {standard_task_runner.py:91} INFO - Job 332: Subtask load_dim_match
[2025-06-20T19:23:48.200+0000] {task_command.py:426} INFO - Running <TaskInstance: nba_transform_to_dwh.load_dim_match manual__2025-06-20T19:23:45.111815+00:00 [running]> on host 5ea278fdf3a6
[2025-06-20T19:23:48.474+0000] {taskinstance.py:2648} INFO - Exporting env vars: AIRFLOW_CTX_DAG_OWNER='***' AIRFLOW_CTX_DAG_ID='nba_transform_to_dwh' AIRFLOW_CTX_TASK_ID='load_dim_match' AIRFLOW_CTX_EXECUTION_DATE='2025-06-20T19:23:45.111815+00:00' AIRFLOW_CTX_TRY_NUMBER='1' AIRFLOW_CTX_DAG_RUN_ID='manual__2025-06-20T19:23:45.111815+00:00'
[2025-06-20T19:23:48.475+0000] {taskinstance.py:430} INFO - ::endgroup::
[2025-06-20T19:23:48.501+0000] {etl_pipeline.py:449} INFO - Ensuring dimension table 'dimmatch' exists...
[2025-06-20T19:23:48.504+0000] {etl_pipeline.py:451} INFO - Loading/updating data into 'dimmatch'...
[2025-06-20T19:23:48.535+0000] {etl_pipeline.py:453} INFO - Operation complete. 1321 new rows inserted into dimmatch.
[2025-06-20T19:23:49.264+0000] {python.py:237} INFO - Done. Returned value was: None
[2025-06-20T19:23:49.267+0000] {taskinstance.py:441} INFO - ::group::Post task execution logs
[2025-06-20T19:23:49.279+0000] {taskinstance.py:1206} INFO - Marking task as SUCCESS. dag_id=nba_transform_to_dwh, task_id=load_dim_match, run_id=manual__2025-06-20T19:23:45.111815+00:00, execution_date=20250620T192345, start_date=20250620T192347, end_date=20250620T192349
[2025-06-20T19:23:49.411+0000] {local_task_job_runner.py:240} INFO - Task exited with return code 0
[2025-06-20T19:23:49.447+0000] {taskinstance.py:3498} INFO - 1 downstream tasks scheduled from follow-on schedule check
[2025-06-20T19:23:49.496+0000] {local_task_job_runner.py:222} INFO - ::endgroup::
