[2025-06-20T15:40:41.901+0000] {local_task_job_runner.py:120} INFO - ::group::Pre task execution logs
[2025-06-20T15:40:41.996+0000] {taskinstance.py:2076} INFO - Dependencies all met for dep_context=non-requeueable deps ti=<TaskInstance: nba_etl_to_staging.fetch_roster_and_load_to_stage manual__2025-06-20T15:40:39.615383+00:00 [queued]>
[2025-06-20T15:40:42.018+0000] {taskinstance.py:2076} INFO - Dependencies all met for dep_context=requeueable deps ti=<TaskInstance: nba_etl_to_staging.fetch_roster_and_load_to_stage manual__2025-06-20T15:40:39.615383+00:00 [queued]>
[2025-06-20T15:40:42.019+0000] {taskinstance.py:2306} INFO - Starting attempt 1 of 2
[2025-06-20T15:40:42.113+0000] {taskinstance.py:2330} INFO - Executing <Task(PythonOperator): fetch_roster_and_load_to_stage> on 2025-06-20 15:40:39.615383+00:00
[2025-06-20T15:40:42.125+0000] {standard_task_runner.py:63} INFO - Started process 3102 to run task
[2025-06-20T15:40:42.132+0000] {standard_task_runner.py:90} INFO - Running: ['***', 'tasks', 'run', 'nba_etl_to_staging', 'fetch_roster_and_load_to_stage', 'manual__2025-06-20T15:40:39.615383+00:00', '--job-id', '280', '--raw', '--subdir', 'DAGS_FOLDER/etl_pipeline.py', '--cfg-path', '/tmp/tmp1gwqwfy3']
[2025-06-20T15:40:42.135+0000] {standard_task_runner.py:91} INFO - Job 280: Subtask fetch_roster_and_load_to_stage
[2025-06-20T15:40:42.266+0000] {task_command.py:426} INFO - Running <TaskInstance: nba_etl_to_staging.fetch_roster_and_load_to_stage manual__2025-06-20T15:40:39.615383+00:00 [running]> on host 5ea278fdf3a6
[2025-06-20T15:40:42.452+0000] {taskinstance.py:2648} INFO - Exporting env vars: AIRFLOW_CTX_DAG_OWNER='***' AIRFLOW_CTX_DAG_ID='nba_etl_to_staging' AIRFLOW_CTX_TASK_ID='fetch_roster_and_load_to_stage' AIRFLOW_CTX_EXECUTION_DATE='2025-06-20T15:40:39.615383+00:00' AIRFLOW_CTX_TRY_NUMBER='1' AIRFLOW_CTX_DAG_RUN_ID='manual__2025-06-20T15:40:39.615383+00:00'
[2025-06-20T15:40:42.459+0000] {taskinstance.py:430} INFO - ::endgroup::
[2025-06-20T15:40:42.518+0000] {etl_pipeline.py:242} INFO - Fetching roster for Atlanta Hawks (ATL)...
[2025-06-20T15:40:43.533+0000] {logging_mixin.py:188} WARNING - /opt/***/plugins/nba_lib/teams.py:21 FutureWarning: Passing literal html to 'read_html' is deprecated and will be removed in a future version. To read from a literal string, wrap it in a 'StringIO' object.
[2025-06-20T15:40:47.190+0000] {logging_mixin.py:188} WARNING - /opt/***/plugins/nba_lib/utils.py:118 FutureWarning: Passing literal html to 'read_html' is deprecated and will be removed in a future version. To read from a literal string, wrap it in a 'StringIO' object.
[2025-06-20T15:40:50.835+0000] {logging_mixin.py:188} WARNING - /opt/***/plugins/nba_lib/utils.py:118 FutureWarning: Passing literal html to 'read_html' is deprecated and will be removed in a future version. To read from a literal string, wrap it in a 'StringIO' object.
[2025-06-20T15:40:54.651+0000] {logging_mixin.py:188} WARNING - /opt/***/plugins/nba_lib/utils.py:118 FutureWarning: Passing literal html to 'read_html' is deprecated and will be removed in a future version. To read from a literal string, wrap it in a 'StringIO' object.
[2025-06-20T15:40:58.165+0000] {logging_mixin.py:188} WARNING - /opt/***/plugins/nba_lib/utils.py:118 FutureWarning: Passing literal html to 'read_html' is deprecated and will be removed in a future version. To read from a literal string, wrap it in a 'StringIO' object.
[2025-06-20T15:40:58.186+0000] {etl_pipeline.py:247} INFO - Successfully fetched roster for Atlanta Hawks.
[2025-06-20T15:40:59.189+0000] {etl_pipeline.py:242} INFO - Fetching roster for Boston Celtics (BOS)...
[2025-06-20T15:41:02.886+0000] {logging_mixin.py:188} WARNING - /opt/***/plugins/nba_lib/teams.py:21 FutureWarning: Passing literal html to 'read_html' is deprecated and will be removed in a future version. To read from a literal string, wrap it in a 'StringIO' object.
[2025-06-20T15:41:06.434+0000] {logging_mixin.py:188} WARNING - /opt/***/plugins/nba_lib/utils.py:118 FutureWarning: Passing literal html to 'read_html' is deprecated and will be removed in a future version. To read from a literal string, wrap it in a 'StringIO' object.
[2025-06-20T15:41:07.731+0000] {local_task_job_runner.py:310} WARNING - State of this instance has been externally set to success. Terminating instance.
[2025-06-20T15:41:07.732+0000] {local_task_job_runner.py:222} INFO - ::endgroup::
[2025-06-20T15:41:07.736+0000] {process_utils.py:132} INFO - Sending 15 to group 3102. PIDs of all processes in the group: [3102]
[2025-06-20T15:41:07.736+0000] {process_utils.py:87} INFO - Sending the signal 15 to group 3102
[2025-06-20T15:41:07.737+0000] {taskinstance.py:2611} ERROR - Received SIGTERM. Terminating subprocesses.
[2025-06-20T15:41:07.738+0000] {taskinstance.py:441} INFO - ::group::Post task execution logs
[2025-06-20T15:41:07.829+0000] {process_utils.py:80} INFO - Process psutil.Process(pid=3102, status='terminated', exitcode=0, started='15:40:41') (3102) terminated with exit code 0
