[2025-06-21T22:16:27.634+0000] {local_task_job_runner.py:120} INFO - ::group::Pre task execution logs
[2025-06-21T22:16:27.667+0000] {taskinstance.py:2076} INFO - Dependencies all met for dep_context=non-requeueable deps ti=<TaskInstance: nba_etl_to_staging.fetch_shot_chart_and_load_to_stage manual__2025-06-21T22:16:10.564618+00:00 [queued]>
[2025-06-21T22:16:27.856+0000] {taskinstance.py:2076} INFO - Dependencies all met for dep_context=requeueable deps ti=<TaskInstance: nba_etl_to_staging.fetch_shot_chart_and_load_to_stage manual__2025-06-21T22:16:10.564618+00:00 [queued]>
[2025-06-21T22:16:27.857+0000] {taskinstance.py:2306} INFO - Starting attempt 1 of 2
[2025-06-21T22:16:28.034+0000] {taskinstance.py:2330} INFO - Executing <Task(PythonOperator): fetch_shot_chart_and_load_to_stage> on 2025-06-21 22:16:10.564618+00:00
[2025-06-21T22:16:28.041+0000] {standard_task_runner.py:63} INFO - Started process 1408 to run task
[2025-06-21T22:16:28.047+0000] {standard_task_runner.py:90} INFO - Running: ['***', 'tasks', 'run', 'nba_etl_to_staging', 'fetch_shot_chart_and_load_to_stage', 'manual__2025-06-21T22:16:10.564618+00:00', '--job-id', '504', '--raw', '--subdir', 'DAGS_FOLDER/etl_pipeline.py', '--cfg-path', '/tmp/tmp7w1c2xut']
[2025-06-21T22:16:28.049+0000] {standard_task_runner.py:91} INFO - Job 504: Subtask fetch_shot_chart_and_load_to_stage
[2025-06-21T22:16:28.156+0000] {task_command.py:426} INFO - Running <TaskInstance: nba_etl_to_staging.fetch_shot_chart_and_load_to_stage manual__2025-06-21T22:16:10.564618+00:00 [running]> on host 5ea278fdf3a6
[2025-06-21T22:16:28.311+0000] {taskinstance.py:2648} INFO - Exporting env vars: AIRFLOW_CTX_DAG_OWNER='***' AIRFLOW_CTX_DAG_ID='nba_etl_to_staging' AIRFLOW_CTX_TASK_ID='fetch_shot_chart_and_load_to_stage' AIRFLOW_CTX_EXECUTION_DATE='2025-06-21T22:16:10.564618+00:00' AIRFLOW_CTX_TRY_NUMBER='1' AIRFLOW_CTX_DAG_RUN_ID='manual__2025-06-21T22:16:10.564618+00:00'
[2025-06-21T22:16:28.313+0000] {taskinstance.py:430} INFO - ::endgroup::
[2025-06-21T22:16:28.341+0000] {logging_mixin.py:188} WARNING - /opt/***/dags/etl_pipeline.py:184 UserWarning: pandas only supports SQLAlchemy connectable (engine/connection) or database string URI or sqlite3 DBAPI2 connection. Other DBAPI2 objects are not tested. Please consider using SQLAlchemy.
[2025-06-21T22:16:31.822+0000] {etl_pipeline.py:201} INFO - Processed game on 2024-10-22 between BOS and NYK.
[2025-06-21T22:16:38.281+0000] {etl_pipeline.py:201} INFO - Processed game on 2024-10-22 between LAL and MIN.
[2025-06-21T22:16:45.073+0000] {etl_pipeline.py:201} INFO - Processed game on 2024-10-23 between DET and IND.
[2025-06-21T22:16:52.842+0000] {etl_pipeline.py:201} INFO - Processed game on 2024-10-23 between ATL and BRK.
[2025-06-21T22:16:59.285+0000] {etl_pipeline.py:201} INFO - Processed game on 2024-10-23 between MIA and ORL.
[2025-06-21T22:17:05.751+0000] {etl_pipeline.py:201} INFO - Processed game on 2024-10-23 between PHI and MIL.
[2025-06-21T22:17:12.231+0000] {etl_pipeline.py:201} INFO - Processed game on 2024-10-23 between TOR and CLE.
[2025-06-21T22:17:19.032+0000] {etl_pipeline.py:201} INFO - Processed game on 2024-10-23 between HOU and CHO.
[2025-06-21T22:17:26.675+0000] {etl_pipeline.py:201} INFO - Processed game on 2024-10-23 between NOP and CHI.
[2025-06-21T22:17:33.129+0000] {etl_pipeline.py:201} INFO - Processed game on 2024-10-23 between UTA and MEM.
[2025-06-21T22:17:39.614+0000] {etl_pipeline.py:201} INFO - Processed game on 2024-10-23 between LAC and PHO.
[2025-06-21T22:17:46.212+0000] {etl_pipeline.py:201} INFO - Processed game on 2024-10-23 between POR and GSW.
[2025-06-21T22:17:53.806+0000] {etl_pipeline.py:201} INFO - Processed game on 2024-10-24 between WAS and BOS.
[2025-06-21T22:18:00.303+0000] {etl_pipeline.py:201} INFO - Processed game on 2024-10-24 between DAL and SAS.
[2025-06-21T22:18:06.781+0000] {etl_pipeline.py:201} INFO - Processed game on 2024-10-24 between DEN and OKC.
[2025-06-21T22:18:06.786+0000] {etl_pipeline.py:215} INFO - Column 'x' converted to string type to ensure correct loading.
[2025-06-21T22:18:06.788+0000] {etl_pipeline.py:215} INFO - Column 'y' converted to string type to ensure correct loading.
[2025-06-21T22:18:06.794+0000] {etl_pipeline.py:98} INFO - Ensuring table 'stgshotchart' exists...
[2025-06-21T22:18:06.796+0000] {etl_pipeline.py:100} INFO - Table 'stgshotchart' is ready.
[2025-06-21T22:18:06.797+0000] {etl_pipeline.py:110} INFO - Truncating table stgshotchart and restarting identity columns...
[2025-06-21T22:18:06.806+0000] {etl_pipeline.py:115} INFO - Loading 2692 rows into stgshotchart...
[2025-06-21T22:18:06.905+0000] {etl_pipeline.py:120} ERROR - Database execution error: bigint out of range

[2025-06-21T22:18:06.906+0000] {taskinstance.py:441} INFO - ::group::Post task execution logs
[2025-06-21T22:18:06.907+0000] {taskinstance.py:2905} ERROR - Task failed with exception
Traceback (most recent call last):
  File "/home/airflow/.local/lib/python3.9/site-packages/airflow/models/taskinstance.py", line 465, in _execute_task
    result = _execute_callable(context=context, **execute_callable_kwargs)
  File "/home/airflow/.local/lib/python3.9/site-packages/airflow/models/taskinstance.py", line 432, in _execute_callable
    return execute_callable(context=context, **execute_callable_kwargs)
  File "/home/airflow/.local/lib/python3.9/site-packages/airflow/models/baseoperator.py", line 400, in wrapper
    return func(self, *args, **kwargs)
  File "/home/airflow/.local/lib/python3.9/site-packages/airflow/operators/python.py", line 235, in execute
    return_value = self.execute_callable()
  File "/home/airflow/.local/lib/python3.9/site-packages/airflow/operators/python.py", line 252, in execute_callable
    return self.python_callable(*self.op_args, **self.op_kwargs)
  File "/opt/airflow/dags/etl_pipeline.py", line 217, in fetch_and_load_shot_chart_to_stage
    load_df_to_postgres(df=final_df, table_name=table_name, conn_string=conn_string, create_table_query=create_table_query)
  File "/opt/airflow/dags/etl_pipeline.py", line 116, in load_df_to_postgres
    execute_values(cursor, sql_query, data_tuples)
  File "/home/airflow/.local/lib/python3.9/site-packages/psycopg2/extras.py", line 1299, in execute_values
    cur.execute(b''.join(parts))
psycopg2.errors.NumericValueOutOfRange: bigint out of range

[2025-06-21T22:18:06.925+0000] {taskinstance.py:1206} INFO - Marking task as UP_FOR_RETRY. dag_id=nba_etl_to_staging, task_id=fetch_shot_chart_and_load_to_stage, run_id=manual__2025-06-21T22:16:10.564618+00:00, execution_date=20250621T221610, start_date=20250621T221627, end_date=20250621T221806
[2025-06-21T22:18:06.990+0000] {standard_task_runner.py:110} ERROR - Failed to execute job 504 for task fetch_shot_chart_and_load_to_stage (bigint out of range
; 1408)
[2025-06-21T22:18:07.043+0000] {local_task_job_runner.py:240} INFO - Task exited with return code 1
[2025-06-21T22:18:07.065+0000] {taskinstance.py:3498} INFO - 0 downstream tasks scheduled from follow-on schedule check
[2025-06-21T22:18:07.091+0000] {local_task_job_runner.py:222} INFO - ::endgroup::
