[2025-06-20T11:23:01.882+0000] {local_task_job_runner.py:120} INFO - ::group::Pre task execution logs
[2025-06-20T11:23:01.919+0000] {taskinstance.py:2076} INFO - Dependencies all met for dep_context=non-requeueable deps ti=<TaskInstance: nba_etl_to_staging.fetch_shot_chart_and_load_to_stage manual__2025-06-20T11:22:37.059576+00:00 [queued]>
[2025-06-20T11:23:02.199+0000] {taskinstance.py:2076} INFO - Dependencies all met for dep_context=requeueable deps ti=<TaskInstance: nba_etl_to_staging.fetch_shot_chart_and_load_to_stage manual__2025-06-20T11:22:37.059576+00:00 [queued]>
[2025-06-20T11:23:02.199+0000] {taskinstance.py:2306} INFO - Starting attempt 1 of 2
[2025-06-20T11:23:02.258+0000] {taskinstance.py:2330} INFO - Executing <Task(PythonOperator): fetch_shot_chart_and_load_to_stage> on 2025-06-20 11:22:37.059576+00:00
[2025-06-20T11:23:02.265+0000] {standard_task_runner.py:63} INFO - Started process 1232 to run task
[2025-06-20T11:23:02.270+0000] {standard_task_runner.py:90} INFO - Running: ['***', 'tasks', 'run', 'nba_etl_to_staging', 'fetch_shot_chart_and_load_to_stage', 'manual__2025-06-20T11:22:37.059576+00:00', '--job-id', '149', '--raw', '--subdir', 'DAGS_FOLDER/etl_pipeline.py', '--cfg-path', '/tmp/tmpp3aju0q6']
[2025-06-20T11:23:02.272+0000] {standard_task_runner.py:91} INFO - Job 149: Subtask fetch_shot_chart_and_load_to_stage
[2025-06-20T11:23:02.381+0000] {task_command.py:426} INFO - Running <TaskInstance: nba_etl_to_staging.fetch_shot_chart_and_load_to_stage manual__2025-06-20T11:22:37.059576+00:00 [running]> on host 11d91b3c2b82
[2025-06-20T11:23:02.623+0000] {taskinstance.py:2648} INFO - Exporting env vars: AIRFLOW_CTX_DAG_OWNER='***' AIRFLOW_CTX_DAG_ID='nba_etl_to_staging' AIRFLOW_CTX_TASK_ID='fetch_shot_chart_and_load_to_stage' AIRFLOW_CTX_EXECUTION_DATE='2025-06-20T11:22:37.059576+00:00' AIRFLOW_CTX_TRY_NUMBER='1' AIRFLOW_CTX_DAG_RUN_ID='manual__2025-06-20T11:22:37.059576+00:00'
[2025-06-20T11:23:02.625+0000] {taskinstance.py:430} INFO - ::endgroup::
[2025-06-20T11:23:02.682+0000] {logging_mixin.py:188} WARNING - /opt/***/dags/etl_pipeline.py:174 UserWarning: pandas only supports SQLAlchemy connectable (engine/connection) or database string URI or sqlite3 DBAPI2 connection. Other DBAPI2 objects are not tested. Please consider using SQLAlchemy.
[2025-06-20T11:23:06.669+0000] {etl_pipeline.py:189} INFO - Processed game on 2024-10-22 between BOS and NYK.
[2025-06-20T11:23:13.380+0000] {etl_pipeline.py:189} INFO - Processed game on 2024-10-22 between LAL and MIN.
[2025-06-20T11:23:20.560+0000] {etl_pipeline.py:189} INFO - Processed game on 2024-10-23 between DET and IND.
[2025-06-20T11:23:20.572+0000] {etl_pipeline.py:98} INFO - Ensuring table 'stgshotchart' exists...
[2025-06-20T11:23:20.574+0000] {etl_pipeline.py:100} INFO - Table 'stgshotchart' is ready.
[2025-06-20T11:23:20.576+0000] {etl_pipeline.py:110} INFO - Truncating table stgshotchart and restarting identity columns...
[2025-06-20T11:23:20.585+0000] {etl_pipeline.py:115} INFO - Loading 524 rows into stgshotchart...
[2025-06-20T11:23:20.644+0000] {etl_pipeline.py:118} INFO - 524 rows loaded successfully to stgshotchart.
[2025-06-20T11:23:20.692+0000] {python.py:237} INFO - Done. Returned value was: None
[2025-06-20T11:23:20.696+0000] {taskinstance.py:441} INFO - ::group::Post task execution logs
[2025-06-20T11:23:20.730+0000] {taskinstance.py:1206} INFO - Marking task as SUCCESS. dag_id=nba_etl_to_staging, task_id=fetch_shot_chart_and_load_to_stage, run_id=manual__2025-06-20T11:22:37.059576+00:00, execution_date=20250620T112237, start_date=20250620T112301, end_date=20250620T112320
[2025-06-20T11:23:20.863+0000] {local_task_job_runner.py:240} INFO - Task exited with return code 0
[2025-06-20T11:23:20.904+0000] {taskinstance.py:3498} INFO - 1 downstream tasks scheduled from follow-on schedule check
[2025-06-20T11:23:20.940+0000] {local_task_job_runner.py:222} INFO - ::endgroup::
