[2025-06-20T22:06:14.827+0000] {local_task_job_runner.py:120} INFO - ::group::Pre task execution logs
[2025-06-20T22:06:14.858+0000] {taskinstance.py:2076} INFO - Dependencies all met for dep_context=non-requeueable deps ti=<TaskInstance: nba_transform_to_dwh.load_dim_player manual__2025-06-20T22:06:05.347954+00:00 [queued]>
[2025-06-20T22:06:14.868+0000] {taskinstance.py:2076} INFO - Dependencies all met for dep_context=requeueable deps ti=<TaskInstance: nba_transform_to_dwh.load_dim_player manual__2025-06-20T22:06:05.347954+00:00 [queued]>
[2025-06-20T22:06:14.869+0000] {taskinstance.py:2306} INFO - Starting attempt 1 of 2
[2025-06-20T22:06:14.948+0000] {taskinstance.py:2330} INFO - Executing <Task(PythonOperator): load_dim_player> on 2025-06-20 22:06:05.347954+00:00
[2025-06-20T22:06:14.959+0000] {standard_task_runner.py:63} INFO - Started process 5853 to run task
[2025-06-20T22:06:14.964+0000] {standard_task_runner.py:90} INFO - Running: ['***', 'tasks', 'run', 'nba_transform_to_dwh', 'load_dim_player', 'manual__2025-06-20T22:06:05.347954+00:00', '--job-id', '400', '--raw', '--subdir', 'DAGS_FOLDER/etl_pipeline.py', '--cfg-path', '/tmp/tmpdvsnol4l']
[2025-06-20T22:06:14.966+0000] {standard_task_runner.py:91} INFO - Job 400: Subtask load_dim_player
[2025-06-20T22:06:15.097+0000] {task_command.py:426} INFO - Running <TaskInstance: nba_transform_to_dwh.load_dim_player manual__2025-06-20T22:06:05.347954+00:00 [running]> on host 5ea278fdf3a6
[2025-06-20T22:06:15.271+0000] {taskinstance.py:2648} INFO - Exporting env vars: AIRFLOW_CTX_DAG_OWNER='***' AIRFLOW_CTX_DAG_ID='nba_transform_to_dwh' AIRFLOW_CTX_TASK_ID='load_dim_player' AIRFLOW_CTX_EXECUTION_DATE='2025-06-20T22:06:05.347954+00:00' AIRFLOW_CTX_TRY_NUMBER='1' AIRFLOW_CTX_DAG_RUN_ID='manual__2025-06-20T22:06:05.347954+00:00'
[2025-06-20T22:06:15.272+0000] {taskinstance.py:430} INFO - ::endgroup::
[2025-06-20T22:06:15.292+0000] {etl_pipeline.py:485} INFO - Ensuring dimension table 'dimplayer' exists...
[2025-06-20T22:06:15.622+0000] {etl_pipeline.py:487} INFO - Loading/updating data into 'dimplayer'...
[2025-06-20T22:06:15.631+0000] {etl_pipeline.py:489} INFO - Operation complete. 534 new rows inserted into dimplayer.
[2025-06-20T22:06:15.934+0000] {python.py:237} INFO - Done. Returned value was: None
[2025-06-20T22:06:15.936+0000] {taskinstance.py:441} INFO - ::group::Post task execution logs
[2025-06-20T22:06:15.947+0000] {taskinstance.py:1206} INFO - Marking task as SUCCESS. dag_id=nba_transform_to_dwh, task_id=load_dim_player, run_id=manual__2025-06-20T22:06:05.347954+00:00, execution_date=20250620T220605, start_date=20250620T220614, end_date=20250620T220615
[2025-06-20T22:06:16.021+0000] {local_task_job_runner.py:240} INFO - Task exited with return code 0
[2025-06-20T22:06:16.045+0000] {taskinstance.py:3498} INFO - 1 downstream tasks scheduled from follow-on schedule check
[2025-06-20T22:06:16.071+0000] {local_task_job_runner.py:222} INFO - ::endgroup::
