[2025-06-20T12:46:19.545+0000] {local_task_job_runner.py:120} INFO - ::group::Pre task execution logs
[2025-06-20T12:46:19.604+0000] {taskinstance.py:2076} INFO - Dependencies all met for dep_context=non-requeueable deps ti=<TaskInstance: nba_transform_to_dwh.load_dim_team manual__2025-06-20T12:46:17.580368+00:00 [queued]>
[2025-06-20T12:46:19.622+0000] {taskinstance.py:2076} INFO - Dependencies all met for dep_context=requeueable deps ti=<TaskInstance: nba_transform_to_dwh.load_dim_team manual__2025-06-20T12:46:17.580368+00:00 [queued]>
[2025-06-20T12:46:19.623+0000] {taskinstance.py:2306} INFO - Starting attempt 1 of 2
[2025-06-20T12:46:19.699+0000] {taskinstance.py:2330} INFO - Executing <Task(PythonOperator): load_dim_team> on 2025-06-20 12:46:17.580368+00:00
[2025-06-20T12:46:19.709+0000] {standard_task_runner.py:63} INFO - Started process 1203 to run task
[2025-06-20T12:46:19.714+0000] {standard_task_runner.py:90} INFO - Running: ['***', 'tasks', 'run', 'nba_transform_to_dwh', 'load_dim_team', 'manual__2025-06-20T12:46:17.580368+00:00', '--job-id', '217', '--raw', '--subdir', 'DAGS_FOLDER/etl_pipeline.py', '--cfg-path', '/tmp/tmpc97cliac']
[2025-06-20T12:46:19.718+0000] {standard_task_runner.py:91} INFO - Job 217: Subtask load_dim_team
[2025-06-20T12:46:19.851+0000] {task_command.py:426} INFO - Running <TaskInstance: nba_transform_to_dwh.load_dim_team manual__2025-06-20T12:46:17.580368+00:00 [running]> on host 5ea278fdf3a6
[2025-06-20T12:46:20.078+0000] {taskinstance.py:2648} INFO - Exporting env vars: AIRFLOW_CTX_DAG_OWNER='***' AIRFLOW_CTX_DAG_ID='nba_transform_to_dwh' AIRFLOW_CTX_TASK_ID='load_dim_team' AIRFLOW_CTX_EXECUTION_DATE='2025-06-20T12:46:17.580368+00:00' AIRFLOW_CTX_TRY_NUMBER='1' AIRFLOW_CTX_DAG_RUN_ID='manual__2025-06-20T12:46:17.580368+00:00'
[2025-06-20T12:46:20.079+0000] {taskinstance.py:430} INFO - ::endgroup::
[2025-06-20T12:46:20.106+0000] {etl_pipeline.py:395} INFO - Ensuring dimension table 'dimteam' exists...
[2025-06-20T12:46:20.108+0000] {etl_pipeline.py:397} INFO - Loading/updating data into 'dimteam'...
[2025-06-20T12:46:20.110+0000] {etl_pipeline.py:399} INFO - Operation complete. 0 new rows inserted into dimteam.
[2025-06-20T12:46:20.142+0000] {python.py:237} INFO - Done. Returned value was: None
[2025-06-20T12:46:20.145+0000] {taskinstance.py:441} INFO - ::group::Post task execution logs
[2025-06-20T12:46:20.177+0000] {taskinstance.py:1206} INFO - Marking task as SUCCESS. dag_id=nba_transform_to_dwh, task_id=load_dim_team, run_id=manual__2025-06-20T12:46:17.580368+00:00, execution_date=20250620T124617, start_date=20250620T124619, end_date=20250620T124620
[2025-06-20T12:46:20.291+0000] {local_task_job_runner.py:240} INFO - Task exited with return code 0
[2025-06-20T12:46:20.335+0000] {taskinstance.py:3498} INFO - 1 downstream tasks scheduled from follow-on schedule check
[2025-06-20T12:46:20.360+0000] {local_task_job_runner.py:222} INFO - ::endgroup::
