[2025-06-20T12:22:05.045+0000] {local_task_job_runner.py:120} INFO - ::group::Pre task execution logs
[2025-06-20T12:22:05.083+0000] {taskinstance.py:2076} INFO - Dependencies all met for dep_context=non-requeueable deps ti=<TaskInstance: nba_staging_to_transform.transform_schedule manual__2025-06-20T12:22:02.783051+00:00 [queued]>
[2025-06-20T12:22:05.096+0000] {taskinstance.py:2076} INFO - Dependencies all met for dep_context=requeueable deps ti=<TaskInstance: nba_staging_to_transform.transform_schedule manual__2025-06-20T12:22:02.783051+00:00 [queued]>
[2025-06-20T12:22:05.097+0000] {taskinstance.py:2306} INFO - Starting attempt 1 of 2
[2025-06-20T12:22:05.163+0000] {taskinstance.py:2330} INFO - Executing <Task(PythonOperator): transform_schedule> on 2025-06-20 12:22:02.783051+00:00
[2025-06-20T12:22:05.170+0000] {standard_task_runner.py:63} INFO - Started process 922 to run task
[2025-06-20T12:22:05.176+0000] {standard_task_runner.py:90} INFO - Running: ['***', 'tasks', 'run', 'nba_staging_to_transform', 'transform_schedule', 'manual__2025-06-20T12:22:02.783051+00:00', '--job-id', '204', '--raw', '--subdir', 'DAGS_FOLDER/etl_pipeline.py', '--cfg-path', '/tmp/tmpxmbiuz6v']
[2025-06-20T12:22:05.178+0000] {standard_task_runner.py:91} INFO - Job 204: Subtask transform_schedule
[2025-06-20T12:22:05.286+0000] {task_command.py:426} INFO - Running <TaskInstance: nba_staging_to_transform.transform_schedule manual__2025-06-20T12:22:02.783051+00:00 [running]> on host 5ea278fdf3a6
[2025-06-20T12:22:05.448+0000] {taskinstance.py:2648} INFO - Exporting env vars: AIRFLOW_CTX_DAG_OWNER='***' AIRFLOW_CTX_DAG_ID='nba_staging_to_transform' AIRFLOW_CTX_TASK_ID='transform_schedule' AIRFLOW_CTX_EXECUTION_DATE='2025-06-20T12:22:02.783051+00:00' AIRFLOW_CTX_TRY_NUMBER='1' AIRFLOW_CTX_DAG_RUN_ID='manual__2025-06-20T12:22:02.783051+00:00'
[2025-06-20T12:22:05.450+0000] {taskinstance.py:430} INFO - ::endgroup::
[2025-06-20T12:22:05.470+0000] {etl_pipeline.py:288} INFO - Fetching data for transformation: transformschedule
[2025-06-20T12:22:05.481+0000] {logging_mixin.py:188} WARNING - /opt/***/dags/etl_pipeline.py:289 UserWarning: pandas only supports SQLAlchemy connectable (engine/connection) or database string URI or sqlite3 DBAPI2 connection. Other DBAPI2 objects are not tested. Please consider using SQLAlchemy.
[2025-06-20T12:22:05.492+0000] {etl_pipeline.py:290} INFO - Successfully fetched and transformed 1321 rows.
[2025-06-20T12:22:05.498+0000] {etl_pipeline.py:98} INFO - Ensuring table 'transformschedule' exists...
[2025-06-20T12:22:05.499+0000] {etl_pipeline.py:100} INFO - Table 'transformschedule' is ready.
[2025-06-20T12:22:05.500+0000] {etl_pipeline.py:110} INFO - Truncating table transformschedule and restarting identity columns...
[2025-06-20T12:22:05.781+0000] {etl_pipeline.py:115} INFO - Loading 1321 rows into transformschedule...
[2025-06-20T12:22:05.814+0000] {etl_pipeline.py:118} INFO - 1321 rows loaded successfully to transformschedule.
[2025-06-20T12:22:05.864+0000] {python.py:237} INFO - Done. Returned value was: None
[2025-06-20T12:22:05.866+0000] {taskinstance.py:441} INFO - ::group::Post task execution logs
[2025-06-20T12:22:05.875+0000] {taskinstance.py:1206} INFO - Marking task as SUCCESS. dag_id=nba_staging_to_transform, task_id=transform_schedule, run_id=manual__2025-06-20T12:22:02.783051+00:00, execution_date=20250620T122202, start_date=20250620T122205, end_date=20250620T122205
[2025-06-20T12:22:05.991+0000] {local_task_job_runner.py:240} INFO - Task exited with return code 0
[2025-06-20T12:22:06.021+0000] {taskinstance.py:3498} INFO - 1 downstream tasks scheduled from follow-on schedule check
[2025-06-20T12:22:06.062+0000] {local_task_job_runner.py:222} INFO - ::endgroup::
