[2025-06-16T13:32:28.956+0000] {local_task_job_runner.py:120} INFO - ::group::Pre task execution logs
[2025-06-16T13:32:29.084+0000] {taskinstance.py:2076} INFO - Dependencies all met for dep_context=non-requeueable deps ti=<TaskInstance: nba_etl_to_postgres.fetch_roster_and_load_to_postgres manual__2025-06-16T13:32:27.000556+00:00 [queued]>
[2025-06-16T13:32:29.524+0000] {taskinstance.py:2076} INFO - Dependencies all met for dep_context=requeueable deps ti=<TaskInstance: nba_etl_to_postgres.fetch_roster_and_load_to_postgres manual__2025-06-16T13:32:27.000556+00:00 [queued]>
[2025-06-16T13:32:29.525+0000] {taskinstance.py:2306} INFO - Starting attempt 1 of 2
[2025-06-16T13:32:29.596+0000] {taskinstance.py:2330} INFO - Executing <Task(PythonOperator): fetch_roster_and_load_to_postgres> on 2025-06-16 13:32:27.000556+00:00
[2025-06-16T13:32:29.612+0000] {standard_task_runner.py:63} INFO - Started process 3262 to run task
[2025-06-16T13:32:29.622+0000] {standard_task_runner.py:90} INFO - Running: ['***', 'tasks', 'run', 'nba_etl_to_postgres', 'fetch_roster_and_load_to_postgres', 'manual__2025-06-16T13:32:27.000556+00:00', '--job-id', '23', '--raw', '--subdir', 'DAGS_FOLDER/etl_pipeline.py', '--cfg-path', '/tmp/tmp4b2j2uv7']
[2025-06-16T13:32:29.624+0000] {standard_task_runner.py:91} INFO - Job 23: Subtask fetch_roster_and_load_to_postgres
[2025-06-16T13:32:29.757+0000] {task_command.py:426} INFO - Running <TaskInstance: nba_etl_to_postgres.fetch_roster_and_load_to_postgres manual__2025-06-16T13:32:27.000556+00:00 [running]> on host 11d91b3c2b82
[2025-06-16T13:32:29.983+0000] {taskinstance.py:2648} INFO - Exporting env vars: AIRFLOW_CTX_DAG_OWNER='***' AIRFLOW_CTX_DAG_ID='nba_etl_to_postgres' AIRFLOW_CTX_TASK_ID='fetch_roster_and_load_to_postgres' AIRFLOW_CTX_EXECUTION_DATE='2025-06-16T13:32:27.000556+00:00' AIRFLOW_CTX_TRY_NUMBER='1' AIRFLOW_CTX_DAG_RUN_ID='manual__2025-06-16T13:32:27.000556+00:00'
[2025-06-16T13:32:29.985+0000] {taskinstance.py:430} INFO - ::endgroup::
[2025-06-16T13:32:30.001+0000] {logging_mixin.py:188} INFO - Fetching roster for Atlanta Hawks (ATL)...
[2025-06-16T13:32:30.488+0000] {logging_mixin.py:188} WARNING - /opt/***/plugins/nba_lib/teams.py:21 FutureWarning: Passing literal html to 'read_html' is deprecated and will be removed in a future version. To read from a literal string, wrap it in a 'StringIO' object.
[2025-06-16T13:32:34.249+0000] {logging_mixin.py:188} WARNING - /opt/***/plugins/nba_lib/utils.py:118 FutureWarning: Passing literal html to 'read_html' is deprecated and will be removed in a future version. To read from a literal string, wrap it in a 'StringIO' object.
[2025-06-16T13:32:37.747+0000] {logging_mixin.py:188} WARNING - /opt/***/plugins/nba_lib/utils.py:118 FutureWarning: Passing literal html to 'read_html' is deprecated and will be removed in a future version. To read from a literal string, wrap it in a 'StringIO' object.
[2025-06-16T13:32:40.589+0000] {logging_mixin.py:188} WARNING - /opt/***/plugins/nba_lib/utils.py:118 FutureWarning: Passing literal html to 'read_html' is deprecated and will be removed in a future version. To read from a literal string, wrap it in a 'StringIO' object.
[2025-06-16T13:32:43.909+0000] {logging_mixin.py:188} WARNING - /opt/***/plugins/nba_lib/utils.py:118 FutureWarning: Passing literal html to 'read_html' is deprecated and will be removed in a future version. To read from a literal string, wrap it in a 'StringIO' object.
[2025-06-16T13:32:45.947+0000] {logging_mixin.py:188} INFO - Successfully fetched roster for Atlanta Hawks.
[2025-06-16T13:32:45.948+0000] {logging_mixin.py:188} INFO - Fetching roster for Boston Celtics (BOS)...
[2025-06-16T13:32:49.597+0000] {logging_mixin.py:188} WARNING - /opt/***/plugins/nba_lib/teams.py:21 FutureWarning: Passing literal html to 'read_html' is deprecated and will be removed in a future version. To read from a literal string, wrap it in a 'StringIO' object.
[2025-06-16T13:32:52.971+0000] {logging_mixin.py:188} WARNING - /opt/***/plugins/nba_lib/utils.py:118 FutureWarning: Passing literal html to 'read_html' is deprecated and will be removed in a future version. To read from a literal string, wrap it in a 'StringIO' object.
[2025-06-16T13:32:54.971+0000] {local_task_job_runner.py:310} WARNING - State of this instance has been externally set to failed. Terminating instance.
[2025-06-16T13:32:54.974+0000] {local_task_job_runner.py:222} INFO - ::endgroup::
[2025-06-16T13:32:54.978+0000] {process_utils.py:132} INFO - Sending 15 to group 3262. PIDs of all processes in the group: [3262]
[2025-06-16T13:32:54.979+0000] {process_utils.py:87} INFO - Sending the signal 15 to group 3262
[2025-06-16T13:32:54.980+0000] {taskinstance.py:2611} ERROR - Received SIGTERM. Terminating subprocesses.
[2025-06-16T13:32:54.980+0000] {taskinstance.py:441} INFO - ::group::Post task execution logs
[2025-06-16T13:32:55.074+0000] {process_utils.py:80} INFO - Process psutil.Process(pid=3262, status='terminated', exitcode=0, started='13:32:29') (3262) terminated with exit code 0
