[2025-06-15T13:53:30.065+0000] {local_task_job_runner.py:120} INFO - ::group::Pre task execution logs
[2025-06-15T13:53:30.094+0000] {taskinstance.py:2076} INFO - Dependencies all met for dep_context=non-requeueable deps ti=<TaskInstance: nba_etl_to_postgres.fetch_roster_and_load_to_postgres manual__2025-06-15T13:53:24.247344+00:00 [queued]>
[2025-06-15T13:53:30.104+0000] {taskinstance.py:2076} INFO - Dependencies all met for dep_context=requeueable deps ti=<TaskInstance: nba_etl_to_postgres.fetch_roster_and_load_to_postgres manual__2025-06-15T13:53:24.247344+00:00 [queued]>
[2025-06-15T13:53:30.105+0000] {taskinstance.py:2306} INFO - Starting attempt 1 of 2
[2025-06-15T13:53:30.159+0000] {taskinstance.py:2330} INFO - Executing <Task(PythonOperator): fetch_roster_and_load_to_postgres> on 2025-06-15 13:53:24.247344+00:00
[2025-06-15T13:53:30.194+0000] {standard_task_runner.py:63} INFO - Started process 1071 to run task
[2025-06-15T13:53:30.204+0000] {standard_task_runner.py:90} INFO - Running: ['***', 'tasks', 'run', 'nba_etl_to_postgres', 'fetch_roster_and_load_to_postgres', 'manual__2025-06-15T13:53:24.247344+00:00', '--job-id', '31', '--raw', '--subdir', 'DAGS_FOLDER/etl_pipeline.py', '--cfg-path', '/tmp/tmpp32ziuf7']
[2025-06-15T13:53:30.206+0000] {standard_task_runner.py:91} INFO - Job 31: Subtask fetch_roster_and_load_to_postgres
[2025-06-15T13:53:30.309+0000] {task_command.py:426} INFO - Running <TaskInstance: nba_etl_to_postgres.fetch_roster_and_load_to_postgres manual__2025-06-15T13:53:24.247344+00:00 [running]> on host e9ac9ffe8f89
[2025-06-15T13:53:30.449+0000] {taskinstance.py:2648} INFO - Exporting env vars: AIRFLOW_CTX_DAG_OWNER='***' AIRFLOW_CTX_DAG_ID='nba_etl_to_postgres' AIRFLOW_CTX_TASK_ID='fetch_roster_and_load_to_postgres' AIRFLOW_CTX_EXECUTION_DATE='2025-06-15T13:53:24.247344+00:00' AIRFLOW_CTX_TRY_NUMBER='1' AIRFLOW_CTX_DAG_RUN_ID='manual__2025-06-15T13:53:24.247344+00:00'
[2025-06-15T13:53:30.450+0000] {taskinstance.py:430} INFO - ::endgroup::
[2025-06-15T13:53:30.462+0000] {logging_mixin.py:188} INFO - Fetching roster for Atlanta Hawks (ATL)...
[2025-06-15T13:53:31.567+0000] {logging_mixin.py:188} INFO - Retrying after 2463 sec...
[2025-06-15T13:54:31.097+0000] {local_task_job_runner.py:310} WARNING - State of this instance has been externally set to failed. Terminating instance.
[2025-06-15T13:54:31.098+0000] {local_task_job_runner.py:222} INFO - ::endgroup::
[2025-06-15T13:54:31.101+0000] {process_utils.py:132} INFO - Sending 15 to group 1071. PIDs of all processes in the group: [1071]
[2025-06-15T13:54:31.102+0000] {process_utils.py:87} INFO - Sending the signal 15 to group 1071
[2025-06-15T13:54:31.103+0000] {taskinstance.py:2611} ERROR - Received SIGTERM. Terminating subprocesses.
[2025-06-15T13:54:31.103+0000] {taskinstance.py:441} INFO - ::group::Post task execution logs
[2025-06-15T13:54:31.197+0000] {process_utils.py:80} INFO - Process psutil.Process(pid=1071, status='terminated', exitcode=0, started='13:53:29') (1071) terminated with exit code 0
