[2025-06-22T11:16:02.082+0000] {local_task_job_runner.py:120} INFO - ::group::Pre task execution logs
[2025-06-22T11:16:02.118+0000] {taskinstance.py:2076} INFO - Dependencies all met for dep_context=non-requeueable deps ti=<TaskInstance: nba_transform_to_dwh.load_dim_shotzone manual__2025-06-22T11:15:53.492948+00:00 [queued]>
[2025-06-22T11:16:02.269+0000] {taskinstance.py:2076} INFO - Dependencies all met for dep_context=requeueable deps ti=<TaskInstance: nba_transform_to_dwh.load_dim_shotzone manual__2025-06-22T11:15:53.492948+00:00 [queued]>
[2025-06-22T11:16:02.270+0000] {taskinstance.py:2306} INFO - Starting attempt 1 of 2
[2025-06-22T11:16:02.335+0000] {taskinstance.py:2330} INFO - Executing <Task(PythonOperator): load_dim_shotzone> on 2025-06-22 11:15:53.492948+00:00
[2025-06-22T11:16:02.344+0000] {standard_task_runner.py:63} INFO - Started process 2604 to run task
[2025-06-22T11:16:02.350+0000] {standard_task_runner.py:90} INFO - Running: ['***', 'tasks', 'run', 'nba_transform_to_dwh', 'load_dim_shotzone', 'manual__2025-06-22T11:15:53.492948+00:00', '--job-id', '557', '--raw', '--subdir', 'DAGS_FOLDER/etl_pipeline.py', '--cfg-path', '/tmp/tmp859515if']
[2025-06-22T11:16:02.352+0000] {standard_task_runner.py:91} INFO - Job 557: Subtask load_dim_shotzone
[2025-06-22T11:16:02.450+0000] {task_command.py:426} INFO - Running <TaskInstance: nba_transform_to_dwh.load_dim_shotzone manual__2025-06-22T11:15:53.492948+00:00 [running]> on host 5ea278fdf3a6
[2025-06-22T11:16:02.595+0000] {taskinstance.py:2648} INFO - Exporting env vars: AIRFLOW_CTX_DAG_OWNER='***' AIRFLOW_CTX_DAG_ID='nba_transform_to_dwh' AIRFLOW_CTX_TASK_ID='load_dim_shotzone' AIRFLOW_CTX_EXECUTION_DATE='2025-06-22T11:15:53.492948+00:00' AIRFLOW_CTX_TRY_NUMBER='1' AIRFLOW_CTX_DAG_RUN_ID='manual__2025-06-22T11:15:53.492948+00:00'
[2025-06-22T11:16:02.597+0000] {taskinstance.py:430} INFO - ::endgroup::
[2025-06-22T11:16:02.615+0000] {etl_pipeline.py:593} INFO - Ensuring dimension table 'dimshotzone' exists...
[2025-06-22T11:16:02.616+0000] {etl_pipeline.py:595} INFO - Populating dimension table 'dimshotzone' with unique zones...
[2025-06-22T11:16:02.618+0000] {etl_pipeline.py:597} INFO - Operation complete for dimshotzone. 0 new zones inserted.
[2025-06-22T11:16:02.652+0000] {python.py:237} INFO - Done. Returned value was: None
[2025-06-22T11:16:02.655+0000] {taskinstance.py:441} INFO - ::group::Post task execution logs
[2025-06-22T11:16:02.676+0000] {taskinstance.py:1206} INFO - Marking task as SUCCESS. dag_id=nba_transform_to_dwh, task_id=load_dim_shotzone, run_id=manual__2025-06-22T11:15:53.492948+00:00, execution_date=20250622T111553, start_date=20250622T111602, end_date=20250622T111602
[2025-06-22T11:16:02.765+0000] {local_task_job_runner.py:240} INFO - Task exited with return code 0
[2025-06-22T11:16:02.812+0000] {taskinstance.py:3498} INFO - 1 downstream tasks scheduled from follow-on schedule check
[2025-06-22T11:16:02.844+0000] {local_task_job_runner.py:222} INFO - ::endgroup::
