[2025-06-19T10:56:13.158+0000] {local_task_job_runner.py:120} INFO - ::group::Pre task execution logs
[2025-06-19T10:56:13.237+0000] {taskinstance.py:2076} INFO - Dependencies all met for dep_context=non-requeueable deps ti=<TaskInstance: nba_staging_to_transform.fetch_pbp_from_stg_and_transform manual__2025-06-19T10:56:10.813313+00:00 [queued]>
[2025-06-19T10:56:13.264+0000] {taskinstance.py:2076} INFO - Dependencies all met for dep_context=requeueable deps ti=<TaskInstance: nba_staging_to_transform.fetch_pbp_from_stg_and_transform manual__2025-06-19T10:56:10.813313+00:00 [queued]>
[2025-06-19T10:56:13.266+0000] {taskinstance.py:2306} INFO - Starting attempt 1 of 2
[2025-06-19T10:56:14.117+0000] {taskinstance.py:2330} INFO - Executing <Task(PythonOperator): fetch_pbp_from_stg_and_transform> on 2025-06-19 10:56:10.813313+00:00
[2025-06-19T10:56:14.138+0000] {standard_task_runner.py:63} INFO - Started process 2091 to run task
[2025-06-19T10:56:14.151+0000] {standard_task_runner.py:90} INFO - Running: ['***', 'tasks', 'run', 'nba_staging_to_transform', 'fetch_pbp_from_stg_and_transform', 'manual__2025-06-19T10:56:10.813313+00:00', '--job-id', '97', '--raw', '--subdir', 'DAGS_FOLDER/etl_pipeline.py', '--cfg-path', '/tmp/tmpviulpw5z']
[2025-06-19T10:56:14.155+0000] {standard_task_runner.py:91} INFO - Job 97: Subtask fetch_pbp_from_stg_and_transform
[2025-06-19T10:56:14.361+0000] {task_command.py:426} INFO - Running <TaskInstance: nba_staging_to_transform.fetch_pbp_from_stg_and_transform manual__2025-06-19T10:56:10.813313+00:00 [running]> on host 11d91b3c2b82
[2025-06-19T10:56:14.787+0000] {taskinstance.py:2648} INFO - Exporting env vars: AIRFLOW_CTX_DAG_OWNER='***' AIRFLOW_CTX_DAG_ID='nba_staging_to_transform' AIRFLOW_CTX_TASK_ID='fetch_pbp_from_stg_and_transform' AIRFLOW_CTX_EXECUTION_DATE='2025-06-19T10:56:10.813313+00:00' AIRFLOW_CTX_TRY_NUMBER='1' AIRFLOW_CTX_DAG_RUN_ID='manual__2025-06-19T10:56:10.813313+00:00'
[2025-06-19T10:56:14.792+0000] {taskinstance.py:430} INFO - ::endgroup::
[2025-06-19T10:56:14.894+0000] {logging_mixin.py:188} WARNING - /opt/***/dags/etl_pipeline.py:558 UserWarning: pandas only supports SQLAlchemy connectable (engine/connection) or database string URI or sqlite3 DBAPI2 connection. Other DBAPI2 objects are not tested. Please consider using SQLAlchemy.
[2025-06-19T10:56:14.900+0000] {logging_mixin.py:188} INFO - Failed to fetch play-by-play data from database: Execution failed on sql '
                            SELECT * FROM stgpbp
                            ': relation "stgpbp" does not exist
LINE 2:                             SELECT * FROM stgpbp
                                                  ^
[2025-06-19T10:56:14.904+0000] {taskinstance.py:441} INFO - ::group::Post task execution logs
[2025-06-19T10:56:14.906+0000] {taskinstance.py:2905} ERROR - Task failed with exception
Traceback (most recent call last):
  File "/home/airflow/.local/lib/python3.9/site-packages/pandas/io/sql.py", line 2262, in execute
    cur.execute(sql, *args)
psycopg2.errors.UndefinedTable: relation "stgpbp" does not exist
LINE 2:                             SELECT * FROM stgpbp
                                                  ^


The above exception was the direct cause of the following exception:

Traceback (most recent call last):
  File "/home/airflow/.local/lib/python3.9/site-packages/airflow/models/taskinstance.py", line 465, in _execute_task
    result = _execute_callable(context=context, **execute_callable_kwargs)
  File "/home/airflow/.local/lib/python3.9/site-packages/airflow/models/taskinstance.py", line 432, in _execute_callable
    return execute_callable(context=context, **execute_callable_kwargs)
  File "/home/airflow/.local/lib/python3.9/site-packages/airflow/models/baseoperator.py", line 400, in wrapper
    return func(self, *args, **kwargs)
  File "/home/airflow/.local/lib/python3.9/site-packages/airflow/operators/python.py", line 235, in execute
    return_value = self.execute_callable()
  File "/home/airflow/.local/lib/python3.9/site-packages/airflow/operators/python.py", line 252, in execute_callable
    return self.python_callable(*self.op_args, **self.op_kwargs)
  File "/opt/airflow/dags/etl_pipeline.py", line 558, in fetch_transform_pbp
    df = pd.read_sql("""
  File "/home/airflow/.local/lib/python3.9/site-packages/pandas/io/sql.py", line 654, in read_sql
    return pandas_sql.read_query(
  File "/home/airflow/.local/lib/python3.9/site-packages/pandas/io/sql.py", line 2326, in read_query
    cursor = self.execute(sql, params)
  File "/home/airflow/.local/lib/python3.9/site-packages/pandas/io/sql.py", line 2274, in execute
    raise ex from exc
pandas.errors.DatabaseError: Execution failed on sql '
                            SELECT * FROM stgpbp
                            ': relation "stgpbp" does not exist
LINE 2:                             SELECT * FROM stgpbp
                                                  ^

[2025-06-19T10:56:14.958+0000] {taskinstance.py:1206} INFO - Marking task as UP_FOR_RETRY. dag_id=nba_staging_to_transform, task_id=fetch_pbp_from_stg_and_transform, run_id=manual__2025-06-19T10:56:10.813313+00:00, execution_date=20250619T105610, start_date=20250619T105613, end_date=20250619T105614
[2025-06-19T10:56:15.040+0000] {standard_task_runner.py:110} ERROR - Failed to execute job 97 for task fetch_pbp_from_stg_and_transform (Execution failed on sql '
                            SELECT * FROM stgpbp
                            ': relation "stgpbp" does not exist
LINE 2:                             SELECT * FROM stgpbp
                                                  ^
; 2091)
[2025-06-19T10:56:15.096+0000] {local_task_job_runner.py:240} INFO - Task exited with return code 1
[2025-06-19T10:56:15.121+0000] {local_task_job_runner.py:222} INFO - ::endgroup::
