[2025-06-19T10:58:34.831+0000] {local_task_job_runner.py:120} INFO - ::group::Pre task execution logs
[2025-06-19T10:58:34.886+0000] {taskinstance.py:2076} INFO - Dependencies all met for dep_context=non-requeueable deps ti=<TaskInstance: nba_staging_to_transform.fetch_team_from_stg_and_transform manual__2025-06-19T10:58:32.900844+00:00 [queued]>
[2025-06-19T10:58:35.165+0000] {taskinstance.py:2076} INFO - Dependencies all met for dep_context=requeueable deps ti=<TaskInstance: nba_staging_to_transform.fetch_team_from_stg_and_transform manual__2025-06-19T10:58:32.900844+00:00 [queued]>
[2025-06-19T10:58:35.166+0000] {taskinstance.py:2306} INFO - Starting attempt 1 of 2
[2025-06-19T10:58:35.249+0000] {taskinstance.py:2330} INFO - Executing <Task(PythonOperator): fetch_team_from_stg_and_transform> on 2025-06-19 10:58:32.900844+00:00
[2025-06-19T10:58:35.262+0000] {standard_task_runner.py:63} INFO - Started process 2132 to run task
[2025-06-19T10:58:35.274+0000] {standard_task_runner.py:90} INFO - Running: ['***', 'tasks', 'run', 'nba_staging_to_transform', 'fetch_team_from_stg_and_transform', 'manual__2025-06-19T10:58:32.900844+00:00', '--job-id', '107', '--raw', '--subdir', 'DAGS_FOLDER/etl_pipeline.py', '--cfg-path', '/tmp/tmpackbpyf2']
[2025-06-19T10:58:35.278+0000] {standard_task_runner.py:91} INFO - Job 107: Subtask fetch_team_from_stg_and_transform
[2025-06-19T10:58:35.434+0000] {task_command.py:426} INFO - Running <TaskInstance: nba_staging_to_transform.fetch_team_from_stg_and_transform manual__2025-06-19T10:58:32.900844+00:00 [running]> on host 11d91b3c2b82
[2025-06-19T10:58:35.653+0000] {taskinstance.py:2648} INFO - Exporting env vars: AIRFLOW_CTX_DAG_OWNER='***' AIRFLOW_CTX_DAG_ID='nba_staging_to_transform' AIRFLOW_CTX_TASK_ID='fetch_team_from_stg_and_transform' AIRFLOW_CTX_EXECUTION_DATE='2025-06-19T10:58:32.900844+00:00' AIRFLOW_CTX_TRY_NUMBER='1' AIRFLOW_CTX_DAG_RUN_ID='manual__2025-06-19T10:58:32.900844+00:00'
[2025-06-19T10:58:35.655+0000] {taskinstance.py:430} INFO - ::endgroup::
[2025-06-19T10:58:35.696+0000] {logging_mixin.py:188} WARNING - /opt/***/dags/etl_pipeline.py:474 UserWarning: pandas only supports SQLAlchemy connectable (engine/connection) or database string URI or sqlite3 DBAPI2 connection. Other DBAPI2 objects are not tested. Please consider using SQLAlchemy.
[2025-06-19T10:58:35.709+0000] {logging_mixin.py:188} INFO - Ensuring table 'transformteam' exists...
[2025-06-19T10:58:35.711+0000] {logging_mixin.py:188} INFO - Table 'transformteam' is ready.
[2025-06-19T10:58:35.712+0000] {logging_mixin.py:188} INFO - Truncating table transformteam...
[2025-06-19T10:58:35.836+0000] {logging_mixin.py:188} INFO - Loading 30 rows into transformteam...
[2025-06-19T10:58:35.840+0000] {logging_mixin.py:188} INFO - 30 rows loaded successfully to transformteam.
[2025-06-19T10:58:35.873+0000] {python.py:237} INFO - Done. Returned value was: None
[2025-06-19T10:58:35.878+0000] {taskinstance.py:441} INFO - ::group::Post task execution logs
[2025-06-19T10:58:35.891+0000] {taskinstance.py:1206} INFO - Marking task as SUCCESS. dag_id=nba_staging_to_transform, task_id=fetch_team_from_stg_and_transform, run_id=manual__2025-06-19T10:58:32.900844+00:00, execution_date=20250619T105832, start_date=20250619T105834, end_date=20250619T105835
[2025-06-19T10:58:35.976+0000] {local_task_job_runner.py:240} INFO - Task exited with return code 0
[2025-06-19T10:58:36.006+0000] {taskinstance.py:3498} INFO - 1 downstream tasks scheduled from follow-on schedule check
[2025-06-19T10:58:36.035+0000] {local_task_job_runner.py:222} INFO - ::endgroup::
