[2025-06-20T11:52:50.234+0000] {local_task_job_runner.py:120} INFO - ::group::Pre task execution logs
[2025-06-20T11:52:50.272+0000] {taskinstance.py:2076} INFO - Dependencies all met for dep_context=non-requeueable deps ti=<TaskInstance: nba_etl_to_staging.fetch_pbp_and_load_to_stage manual__2025-06-20T11:52:47.761551+00:00 [queued]>
[2025-06-20T11:52:50.283+0000] {taskinstance.py:2076} INFO - Dependencies all met for dep_context=requeueable deps ti=<TaskInstance: nba_etl_to_staging.fetch_pbp_and_load_to_stage manual__2025-06-20T11:52:47.761551+00:00 [queued]>
[2025-06-20T11:52:50.284+0000] {taskinstance.py:2306} INFO - Starting attempt 1 of 2
[2025-06-20T11:52:50.335+0000] {taskinstance.py:2330} INFO - Executing <Task(PythonOperator): fetch_pbp_and_load_to_stage> on 2025-06-20 11:52:47.761551+00:00
[2025-06-20T11:52:50.343+0000] {standard_task_runner.py:63} INFO - Started process 623 to run task
[2025-06-20T11:52:50.349+0000] {standard_task_runner.py:90} INFO - Running: ['***', 'tasks', 'run', 'nba_etl_to_staging', 'fetch_pbp_and_load_to_stage', 'manual__2025-06-20T11:52:47.761551+00:00', '--job-id', '157', '--raw', '--subdir', 'DAGS_FOLDER/etl_pipeline.py', '--cfg-path', '/tmp/tmp3xo3v_47']
[2025-06-20T11:52:50.351+0000] {standard_task_runner.py:91} INFO - Job 157: Subtask fetch_pbp_and_load_to_stage
[2025-06-20T11:52:50.458+0000] {task_command.py:426} INFO - Running <TaskInstance: nba_etl_to_staging.fetch_pbp_and_load_to_stage manual__2025-06-20T11:52:47.761551+00:00 [running]> on host f74945f69f5a
[2025-06-20T11:52:50.745+0000] {taskinstance.py:2648} INFO - Exporting env vars: AIRFLOW_CTX_DAG_OWNER='***' AIRFLOW_CTX_DAG_ID='nba_etl_to_staging' AIRFLOW_CTX_TASK_ID='fetch_pbp_and_load_to_stage' AIRFLOW_CTX_EXECUTION_DATE='2025-06-20T11:52:47.761551+00:00' AIRFLOW_CTX_TRY_NUMBER='1' AIRFLOW_CTX_DAG_RUN_ID='manual__2025-06-20T11:52:47.761551+00:00'
[2025-06-20T11:52:50.748+0000] {taskinstance.py:430} INFO - ::endgroup::
[2025-06-20T11:52:50.825+0000] {logging_mixin.py:188} WARNING - /opt/***/dags/etl_pipeline.py:208 UserWarning: pandas only supports SQLAlchemy connectable (engine/connection) or database string URI or sqlite3 DBAPI2 connection. Other DBAPI2 objects are not tested. Please consider using SQLAlchemy.
[2025-06-20T11:52:50.835+0000] {logging_mixin.py:188} INFO - Fetching PBP for game on 2024-10-22 between BOS and NYK...
[2025-06-20T11:52:54.639+0000] {logging_mixin.py:188} WARNING - /opt/***/plugins/nba_lib/pbp.py:19 FutureWarning: Passing literal html to 'read_html' is deprecated and will be removed in a future version. To read from a literal string, wrap it in a 'StringIO' object.
[2025-06-20T11:52:54.750+0000] {logging_mixin.py:188} INFO - Empty DataFrame
Columns: [QUARTER, TIME_REMAINING, HOME_ACTION, AWAY_ACTION, HOME_SCORE, AWAY_SCORE, date, team]
Index: []
[2025-06-20T11:52:54.750+0000] {etl_pipeline.py:222} INFO - Processed game on 2024-10-22 between BOS and NYK.
[2025-06-20T11:52:54.751+0000] {logging_mixin.py:188} INFO - Fetching PBP for game on 2024-10-22 between LAL and MIN...
[2025-06-20T11:53:02.060+0000] {logging_mixin.py:188} WARNING - /opt/***/plugins/nba_lib/pbp.py:19 FutureWarning: Passing literal html to 'read_html' is deprecated and will be removed in a future version. To read from a literal string, wrap it in a 'StringIO' object.
[2025-06-20T11:53:02.125+0000] {logging_mixin.py:188} INFO - Empty DataFrame
Columns: [QUARTER, TIME_REMAINING, HOME_ACTION, AWAY_ACTION, HOME_SCORE, AWAY_SCORE, date, team]
Index: []
[2025-06-20T11:53:02.126+0000] {etl_pipeline.py:222} INFO - Processed game on 2024-10-22 between LAL and MIN.
[2025-06-20T11:53:02.127+0000] {logging_mixin.py:188} INFO - Fetching PBP for game on 2024-10-23 between DET and IND...
[2025-06-20T11:53:09.741+0000] {logging_mixin.py:188} WARNING - /opt/***/plugins/nba_lib/pbp.py:19 FutureWarning: Passing literal html to 'read_html' is deprecated and will be removed in a future version. To read from a literal string, wrap it in a 'StringIO' object.
[2025-06-20T11:53:09.835+0000] {logging_mixin.py:188} INFO - Empty DataFrame
Columns: [QUARTER, TIME_REMAINING, HOME_ACTION, AWAY_ACTION, HOME_SCORE, AWAY_SCORE, date, team]
Index: []
[2025-06-20T11:53:09.836+0000] {etl_pipeline.py:222} INFO - Processed game on 2024-10-23 between DET and IND.
[2025-06-20T11:53:09.843+0000] {etl_pipeline.py:98} INFO - Ensuring table 'stgpbp' exists...
[2025-06-20T11:53:09.845+0000] {etl_pipeline.py:100} INFO - Table 'stgpbp' is ready.
[2025-06-20T11:53:09.846+0000] {etl_pipeline.py:103} WARNING - DataFrame is empty. No data to load into stgpbp.
[2025-06-20T11:53:16.947+0000] {logging_mixin.py:188} WARNING - /opt/***/plugins/nba_lib/pbp.py:19 FutureWarning: Passing literal html to 'read_html' is deprecated and will be removed in a future version. To read from a literal string, wrap it in a 'StringIO' object.
[2025-06-20T11:53:17.068+0000] {python.py:237} INFO - Done. Returned value was: None
[2025-06-20T11:53:17.072+0000] {taskinstance.py:441} INFO - ::group::Post task execution logs
[2025-06-20T11:53:17.093+0000] {taskinstance.py:1206} INFO - Marking task as SUCCESS. dag_id=nba_etl_to_staging, task_id=fetch_pbp_and_load_to_stage, run_id=manual__2025-06-20T11:52:47.761551+00:00, execution_date=20250620T115247, start_date=20250620T115250, end_date=20250620T115317
[2025-06-20T11:53:17.163+0000] {local_task_job_runner.py:240} INFO - Task exited with return code 0
[2025-06-20T11:53:17.186+0000] {taskinstance.py:3498} INFO - 0 downstream tasks scheduled from follow-on schedule check
[2025-06-20T11:53:17.216+0000] {local_task_job_runner.py:222} INFO - ::endgroup::
