[2025-06-20T15:31:17.403+0000] {local_task_job_runner.py:120} INFO - ::group::Pre task execution logs
[2025-06-20T15:31:17.440+0000] {taskinstance.py:2076} INFO - Dependencies all met for dep_context=non-requeueable deps ti=<TaskInstance: nba_etl_to_staging.fetch_shot_chart_and_load_to_stage manual__2025-06-20T15:30:58.791886+00:00 [queued]>
[2025-06-20T15:31:17.453+0000] {taskinstance.py:2076} INFO - Dependencies all met for dep_context=requeueable deps ti=<TaskInstance: nba_etl_to_staging.fetch_shot_chart_and_load_to_stage manual__2025-06-20T15:30:58.791886+00:00 [queued]>
[2025-06-20T15:31:17.453+0000] {taskinstance.py:2306} INFO - Starting attempt 1 of 2
[2025-06-20T15:31:17.513+0000] {taskinstance.py:2330} INFO - Executing <Task(PythonOperator): fetch_shot_chart_and_load_to_stage> on 2025-06-20 15:30:58.791886+00:00
[2025-06-20T15:31:17.521+0000] {standard_task_runner.py:63} INFO - Started process 2974 to run task
[2025-06-20T15:31:17.528+0000] {standard_task_runner.py:90} INFO - Running: ['***', 'tasks', 'run', 'nba_etl_to_staging', 'fetch_shot_chart_and_load_to_stage', 'manual__2025-06-20T15:30:58.791886+00:00', '--job-id', '265', '--raw', '--subdir', 'DAGS_FOLDER/etl_pipeline.py', '--cfg-path', '/tmp/tmpuf4m2yb4']
[2025-06-20T15:31:17.530+0000] {standard_task_runner.py:91} INFO - Job 265: Subtask fetch_shot_chart_and_load_to_stage
[2025-06-20T15:31:17.642+0000] {task_command.py:426} INFO - Running <TaskInstance: nba_etl_to_staging.fetch_shot_chart_and_load_to_stage manual__2025-06-20T15:30:58.791886+00:00 [running]> on host 5ea278fdf3a6
[2025-06-20T15:31:17.818+0000] {taskinstance.py:2648} INFO - Exporting env vars: AIRFLOW_CTX_DAG_OWNER='***' AIRFLOW_CTX_DAG_ID='nba_etl_to_staging' AIRFLOW_CTX_TASK_ID='fetch_shot_chart_and_load_to_stage' AIRFLOW_CTX_EXECUTION_DATE='2025-06-20T15:30:58.791886+00:00' AIRFLOW_CTX_TRY_NUMBER='1' AIRFLOW_CTX_DAG_RUN_ID='manual__2025-06-20T15:30:58.791886+00:00'
[2025-06-20T15:31:17.819+0000] {taskinstance.py:430} INFO - ::endgroup::
[2025-06-20T15:31:17.861+0000] {logging_mixin.py:188} WARNING - /opt/***/dags/etl_pipeline.py:174 UserWarning: pandas only supports SQLAlchemy connectable (engine/connection) or database string URI or sqlite3 DBAPI2 connection. Other DBAPI2 objects are not tested. Please consider using SQLAlchemy.
[2025-06-20T15:31:22.309+0000] {etl_pipeline.py:190} INFO - Processed game on 2024-10-22 between BOS and NYK.
[2025-06-20T15:31:29.263+0000] {etl_pipeline.py:190} INFO - Processed game on 2024-10-22 between LAL and MIN.
[2025-06-20T15:31:36.478+0000] {etl_pipeline.py:190} INFO - Processed game on 2024-10-23 between DET and IND.
[2025-06-20T15:31:43.905+0000] {etl_pipeline.py:190} INFO - Processed game on 2024-10-23 between ATL and BRK.
[2025-06-20T15:31:51.189+0000] {etl_pipeline.py:190} INFO - Processed game on 2024-10-23 between MIA and ORL.
[2025-06-20T15:31:58.248+0000] {etl_pipeline.py:190} INFO - Processed game on 2024-10-23 between PHI and MIL.
[2025-06-20T15:32:05.298+0000] {etl_pipeline.py:190} INFO - Processed game on 2024-10-23 between TOR and CLE.
[2025-06-20T15:32:12.443+0000] {etl_pipeline.py:190} INFO - Processed game on 2024-10-23 between HOU and CHO.
[2025-06-20T15:32:19.295+0000] {etl_pipeline.py:190} INFO - Processed game on 2024-10-23 between NOP and CHI.
[2025-06-20T15:32:26.304+0000] {etl_pipeline.py:190} INFO - Processed game on 2024-10-23 between UTA and MEM.
[2025-06-20T15:32:33.956+0000] {etl_pipeline.py:190} INFO - Processed game on 2024-10-23 between LAC and PHO.
[2025-06-20T15:32:39.249+0000] {local_task_job_runner.py:310} WARNING - State of this instance has been externally set to failed. Terminating instance.
[2025-06-20T15:32:39.252+0000] {local_task_job_runner.py:222} INFO - ::endgroup::
[2025-06-20T15:32:39.258+0000] {process_utils.py:132} INFO - Sending 15 to group 2974. PIDs of all processes in the group: [2974]
[2025-06-20T15:32:39.259+0000] {process_utils.py:87} INFO - Sending the signal 15 to group 2974
[2025-06-20T15:32:39.261+0000] {taskinstance.py:2611} ERROR - Received SIGTERM. Terminating subprocesses.
[2025-06-20T15:32:39.264+0000] {taskinstance.py:441} INFO - ::group::Post task execution logs
[2025-06-20T15:32:39.434+0000] {process_utils.py:80} INFO - Process psutil.Process(pid=2974, status='terminated', exitcode=0, started='15:31:16') (2974) terminated with exit code 0
