[2025-06-22T09:43:03.984+0000] {local_task_job_runner.py:120} INFO - ::group::Pre task execution logs
[2025-06-22T09:43:04.027+0000] {taskinstance.py:2076} INFO - Dependencies all met for dep_context=non-requeueable deps ti=<TaskInstance: nba_staging_to_transform.transform_roster manual__2025-06-22T09:42:57.968751+00:00 [queued]>
[2025-06-22T09:43:04.184+0000] {taskinstance.py:2076} INFO - Dependencies all met for dep_context=requeueable deps ti=<TaskInstance: nba_staging_to_transform.transform_roster manual__2025-06-22T09:42:57.968751+00:00 [queued]>
[2025-06-22T09:43:04.184+0000] {taskinstance.py:2306} INFO - Starting attempt 1 of 2
[2025-06-22T09:43:04.224+0000] {taskinstance.py:2330} INFO - Executing <Task(PythonOperator): transform_roster> on 2025-06-22 09:42:57.968751+00:00
[2025-06-22T09:43:04.230+0000] {standard_task_runner.py:63} INFO - Started process 1632 to run task
[2025-06-22T09:43:04.234+0000] {standard_task_runner.py:90} INFO - Running: ['***', 'tasks', 'run', 'nba_staging_to_transform', 'transform_roster', 'manual__2025-06-22T09:42:57.968751+00:00', '--job-id', '531', '--raw', '--subdir', 'DAGS_FOLDER/etl_pipeline.py', '--cfg-path', '/tmp/tmp9prazilx']
[2025-06-22T09:43:04.235+0000] {standard_task_runner.py:91} INFO - Job 531: Subtask transform_roster
[2025-06-22T09:43:04.319+0000] {task_command.py:426} INFO - Running <TaskInstance: nba_staging_to_transform.transform_roster manual__2025-06-22T09:42:57.968751+00:00 [running]> on host 5ea278fdf3a6
[2025-06-22T09:43:04.492+0000] {taskinstance.py:2648} INFO - Exporting env vars: AIRFLOW_CTX_DAG_OWNER='***' AIRFLOW_CTX_DAG_ID='nba_staging_to_transform' AIRFLOW_CTX_TASK_ID='transform_roster' AIRFLOW_CTX_EXECUTION_DATE='2025-06-22T09:42:57.968751+00:00' AIRFLOW_CTX_TRY_NUMBER='1' AIRFLOW_CTX_DAG_RUN_ID='manual__2025-06-22T09:42:57.968751+00:00'
[2025-06-22T09:43:04.493+0000] {taskinstance.py:430} INFO - ::endgroup::
[2025-06-22T09:43:04.510+0000] {etl_pipeline.py:332} INFO - Fetching data for transformation: transformroster
[2025-06-22T09:43:04.520+0000] {logging_mixin.py:188} WARNING - /opt/***/dags/etl_pipeline.py:333 UserWarning: pandas only supports SQLAlchemy connectable (engine/connection) or database string URI or sqlite3 DBAPI2 connection. Other DBAPI2 objects are not tested. Please consider using SQLAlchemy.
[2025-06-22T09:43:04.534+0000] {etl_pipeline.py:334} INFO - Successfully fetched and transformed 534 rows.
[2025-06-22T09:43:04.540+0000] {etl_pipeline.py:98} INFO - Ensuring table 'transformroster' exists...
[2025-06-22T09:43:04.541+0000] {etl_pipeline.py:100} INFO - Table 'transformroster' is ready.
[2025-06-22T09:43:04.542+0000] {etl_pipeline.py:110} INFO - Truncating table transformroster and restarting identity columns...
[2025-06-22T09:43:04.715+0000] {etl_pipeline.py:115} INFO - Loading 534 rows into transformroster...
[2025-06-22T09:43:04.740+0000] {etl_pipeline.py:118} INFO - 534 rows loaded successfully to transformroster.
[2025-06-22T09:43:04.817+0000] {python.py:237} INFO - Done. Returned value was: None
[2025-06-22T09:43:04.819+0000] {taskinstance.py:441} INFO - ::group::Post task execution logs
[2025-06-22T09:43:04.831+0000] {taskinstance.py:1206} INFO - Marking task as SUCCESS. dag_id=nba_staging_to_transform, task_id=transform_roster, run_id=manual__2025-06-22T09:42:57.968751+00:00, execution_date=20250622T094257, start_date=20250622T094304, end_date=20250622T094304
[2025-06-22T09:43:04.888+0000] {local_task_job_runner.py:240} INFO - Task exited with return code 0
[2025-06-22T09:43:04.899+0000] {local_task_job_runner.py:222} INFO - ::endgroup::
