[2025-06-20T19:52:21.340+0000] {local_task_job_runner.py:120} INFO - ::group::Pre task execution logs
[2025-06-20T19:52:21.437+0000] {taskinstance.py:2076} INFO - Dependencies all met for dep_context=non-requeueable deps ti=<TaskInstance: nba_staging_to_transform.transform_schedule manual__2025-06-20T19:52:18.580136+00:00 [queued]>
[2025-06-20T19:52:21.473+0000] {taskinstance.py:2076} INFO - Dependencies all met for dep_context=requeueable deps ti=<TaskInstance: nba_staging_to_transform.transform_schedule manual__2025-06-20T19:52:18.580136+00:00 [queued]>
[2025-06-20T19:52:21.477+0000] {taskinstance.py:2306} INFO - Starting attempt 1 of 2
[2025-06-20T19:52:21.726+0000] {taskinstance.py:2330} INFO - Executing <Task(PythonOperator): transform_schedule> on 2025-06-20 19:52:18.580136+00:00
[2025-06-20T19:52:21.742+0000] {standard_task_runner.py:63} INFO - Started process 5273 to run task
[2025-06-20T19:52:21.753+0000] {standard_task_runner.py:90} INFO - Running: ['***', 'tasks', 'run', 'nba_staging_to_transform', 'transform_schedule', 'manual__2025-06-20T19:52:18.580136+00:00', '--job-id', '385', '--raw', '--subdir', 'DAGS_FOLDER/etl_pipeline.py', '--cfg-path', '/tmp/tmpv1iy8cgt']
[2025-06-20T19:52:21.756+0000] {standard_task_runner.py:91} INFO - Job 385: Subtask transform_schedule
[2025-06-20T19:52:21.946+0000] {task_command.py:426} INFO - Running <TaskInstance: nba_staging_to_transform.transform_schedule manual__2025-06-20T19:52:18.580136+00:00 [running]> on host 5ea278fdf3a6
[2025-06-20T19:52:22.265+0000] {taskinstance.py:2648} INFO - Exporting env vars: AIRFLOW_CTX_DAG_OWNER='***' AIRFLOW_CTX_DAG_ID='nba_staging_to_transform' AIRFLOW_CTX_TASK_ID='transform_schedule' AIRFLOW_CTX_EXECUTION_DATE='2025-06-20T19:52:18.580136+00:00' AIRFLOW_CTX_TRY_NUMBER='1' AIRFLOW_CTX_DAG_RUN_ID='manual__2025-06-20T19:52:18.580136+00:00'
[2025-06-20T19:52:22.267+0000] {taskinstance.py:430} INFO - ::endgroup::
[2025-06-20T19:52:22.292+0000] {etl_pipeline.py:290} INFO - Fetching data for transformation: transformschedule
[2025-06-20T19:52:22.305+0000] {logging_mixin.py:188} WARNING - /opt/***/dags/etl_pipeline.py:291 UserWarning: pandas only supports SQLAlchemy connectable (engine/connection) or database string URI or sqlite3 DBAPI2 connection. Other DBAPI2 objects are not tested. Please consider using SQLAlchemy.
[2025-06-20T19:52:22.316+0000] {etl_pipeline.py:292} INFO - Successfully fetched and transformed 1321 rows.
[2025-06-20T19:52:22.324+0000] {etl_pipeline.py:98} INFO - Ensuring table 'transformschedule' exists...
[2025-06-20T19:52:22.326+0000] {etl_pipeline.py:100} INFO - Table 'transformschedule' is ready.
[2025-06-20T19:52:22.327+0000] {etl_pipeline.py:110} INFO - Truncating table transformschedule and restarting identity columns...
[2025-06-20T19:52:22.467+0000] {etl_pipeline.py:115} INFO - Loading 1321 rows into transformschedule...
[2025-06-20T19:52:22.523+0000] {etl_pipeline.py:118} INFO - 1321 rows loaded successfully to transformschedule.
[2025-06-20T19:52:22.631+0000] {python.py:237} INFO - Done. Returned value was: None
[2025-06-20T19:52:22.634+0000] {taskinstance.py:441} INFO - ::group::Post task execution logs
[2025-06-20T19:52:22.646+0000] {taskinstance.py:1206} INFO - Marking task as SUCCESS. dag_id=nba_staging_to_transform, task_id=transform_schedule, run_id=manual__2025-06-20T19:52:18.580136+00:00, execution_date=20250620T195218, start_date=20250620T195221, end_date=20250620T195222
[2025-06-20T19:52:22.729+0000] {local_task_job_runner.py:240} INFO - Task exited with return code 0
[2025-06-20T19:52:22.745+0000] {local_task_job_runner.py:222} INFO - ::endgroup::
