[2025-06-19T09:39:04.454+0000] {local_task_job_runner.py:120} INFO - ::group::Pre task execution logs
[2025-06-19T09:39:04.489+0000] {taskinstance.py:2076} INFO - Dependencies all met for dep_context=non-requeueable deps ti=<TaskInstance: nba_etl_to_postgres.fetch_shot_chart_and_load_to_postgres manual__2025-06-19T09:38:51.580168+00:00 [queued]>
[2025-06-19T09:39:04.687+0000] {taskinstance.py:2076} INFO - Dependencies all met for dep_context=requeueable deps ti=<TaskInstance: nba_etl_to_postgres.fetch_shot_chart_and_load_to_postgres manual__2025-06-19T09:38:51.580168+00:00 [queued]>
[2025-06-19T09:39:04.688+0000] {taskinstance.py:2306} INFO - Starting attempt 1 of 2
[2025-06-19T09:39:04.771+0000] {taskinstance.py:2330} INFO - Executing <Task(PythonOperator): fetch_shot_chart_and_load_to_postgres> on 2025-06-19 09:38:51.580168+00:00
[2025-06-19T09:39:04.779+0000] {standard_task_runner.py:63} INFO - Started process 1300 to run task
[2025-06-19T09:39:04.784+0000] {standard_task_runner.py:90} INFO - Running: ['***', 'tasks', 'run', 'nba_etl_to_postgres', 'fetch_shot_chart_and_load_to_postgres', 'manual__2025-06-19T09:38:51.580168+00:00', '--job-id', '86', '--raw', '--subdir', 'DAGS_FOLDER/etl_pipeline.py', '--cfg-path', '/tmp/tmpenp4xhws']
[2025-06-19T09:39:04.786+0000] {standard_task_runner.py:91} INFO - Job 86: Subtask fetch_shot_chart_and_load_to_postgres
[2025-06-19T09:39:04.918+0000] {task_command.py:426} INFO - Running <TaskInstance: nba_etl_to_postgres.fetch_shot_chart_and_load_to_postgres manual__2025-06-19T09:38:51.580168+00:00 [running]> on host 11d91b3c2b82
[2025-06-19T09:39:05.080+0000] {taskinstance.py:2648} INFO - Exporting env vars: AIRFLOW_CTX_DAG_OWNER='***' AIRFLOW_CTX_DAG_ID='nba_etl_to_postgres' AIRFLOW_CTX_TASK_ID='fetch_shot_chart_and_load_to_postgres' AIRFLOW_CTX_EXECUTION_DATE='2025-06-19T09:38:51.580168+00:00' AIRFLOW_CTX_TRY_NUMBER='1' AIRFLOW_CTX_DAG_RUN_ID='manual__2025-06-19T09:38:51.580168+00:00'
[2025-06-19T09:39:05.081+0000] {taskinstance.py:430} INFO - ::endgroup::
[2025-06-19T09:39:05.113+0000] {logging_mixin.py:188} WARNING - /opt/***/dags/etl_pipeline.py:158 UserWarning: pandas only supports SQLAlchemy connectable (engine/connection) or database string URI or sqlite3 DBAPI2 connection. Other DBAPI2 objects are not tested. Please consider using SQLAlchemy.
[2025-06-19T09:39:08.892+0000] {logging_mixin.py:188} INFO - Processed game on 2024-10-22 between BOS and NYK.
[2025-06-19T09:39:15.675+0000] {logging_mixin.py:188} INFO - Processed game on 2024-10-22 between LAL and MIN.
[2025-06-19T09:39:22.397+0000] {logging_mixin.py:188} INFO - Processed game on 2024-10-23 between DET and IND.
[2025-06-19T09:39:22.404+0000] {logging_mixin.py:188} INFO - Ensuring table 'stgshotchart' exists...
[2025-06-19T09:39:22.406+0000] {logging_mixin.py:188} INFO - Table 'stgshotchart' is ready.
[2025-06-19T09:39:22.407+0000] {logging_mixin.py:188} INFO - Truncating table stgshotchart...
[2025-06-19T09:39:22.410+0000] {logging_mixin.py:188} INFO - Loading 524 rows into stgshotchart...
[2025-06-19T09:39:22.433+0000] {logging_mixin.py:188} INFO - 524 rows loaded successfully to stgshotchart.
[2025-06-19T09:39:22.499+0000] {python.py:237} INFO - Done. Returned value was: None
[2025-06-19T09:39:22.500+0000] {taskinstance.py:441} INFO - ::group::Post task execution logs
[2025-06-19T09:39:22.513+0000] {taskinstance.py:1206} INFO - Marking task as SUCCESS. dag_id=nba_etl_to_postgres, task_id=fetch_shot_chart_and_load_to_postgres, run_id=manual__2025-06-19T09:38:51.580168+00:00, execution_date=20250619T093851, start_date=20250619T093904, end_date=20250619T093922
[2025-06-19T09:39:22.616+0000] {local_task_job_runner.py:240} INFO - Task exited with return code 0
[2025-06-19T09:39:22.654+0000] {taskinstance.py:3498} INFO - 1 downstream tasks scheduled from follow-on schedule check
[2025-06-19T09:39:22.691+0000] {local_task_job_runner.py:222} INFO - ::endgroup::
