[2025-06-20T11:21:23.140+0000] {local_task_job_runner.py:120} INFO - ::group::Pre task execution logs
[2025-06-20T11:21:23.224+0000] {taskinstance.py:2076} INFO - Dependencies all met for dep_context=non-requeueable deps ti=<TaskInstance: nba_etl_to_staging.fetch_roster_and_load_to_stage manual__2025-06-20T11:21:21.382852+00:00 [queued]>
[2025-06-20T11:21:23.678+0000] {taskinstance.py:2076} INFO - Dependencies all met for dep_context=requeueable deps ti=<TaskInstance: nba_etl_to_staging.fetch_roster_and_load_to_stage manual__2025-06-20T11:21:21.382852+00:00 [queued]>
[2025-06-20T11:21:23.679+0000] {taskinstance.py:2306} INFO - Starting attempt 1 of 2
[2025-06-20T11:21:23.801+0000] {taskinstance.py:2330} INFO - Executing <Task(PythonOperator): fetch_roster_and_load_to_stage> on 2025-06-20 11:21:21.382852+00:00
[2025-06-20T11:21:23.819+0000] {standard_task_runner.py:63} INFO - Started process 1199 to run task
[2025-06-20T11:21:23.831+0000] {standard_task_runner.py:90} INFO - Running: ['***', 'tasks', 'run', 'nba_etl_to_staging', 'fetch_roster_and_load_to_stage', 'manual__2025-06-20T11:21:21.382852+00:00', '--job-id', '139', '--raw', '--subdir', 'DAGS_FOLDER/etl_pipeline.py', '--cfg-path', '/tmp/tmpvndxj8oc']
[2025-06-20T11:21:23.833+0000] {standard_task_runner.py:91} INFO - Job 139: Subtask fetch_roster_and_load_to_stage
[2025-06-20T11:21:24.069+0000] {task_command.py:426} INFO - Running <TaskInstance: nba_etl_to_staging.fetch_roster_and_load_to_stage manual__2025-06-20T11:21:21.382852+00:00 [running]> on host 11d91b3c2b82
[2025-06-20T11:21:24.443+0000] {taskinstance.py:2648} INFO - Exporting env vars: AIRFLOW_CTX_DAG_OWNER='***' AIRFLOW_CTX_DAG_ID='nba_etl_to_staging' AIRFLOW_CTX_TASK_ID='fetch_roster_and_load_to_stage' AIRFLOW_CTX_EXECUTION_DATE='2025-06-20T11:21:21.382852+00:00' AIRFLOW_CTX_TRY_NUMBER='1' AIRFLOW_CTX_DAG_RUN_ID='manual__2025-06-20T11:21:21.382852+00:00'
[2025-06-20T11:21:24.446+0000] {taskinstance.py:430} INFO - ::endgroup::
[2025-06-20T11:21:24.467+0000] {etl_pipeline.py:241} INFO - Fetching roster for Atlanta Hawks (ATL)...
[2025-06-20T11:21:24.878+0000] {logging_mixin.py:188} WARNING - /opt/***/plugins/nba_lib/teams.py:21 FutureWarning: Passing literal html to 'read_html' is deprecated and will be removed in a future version. To read from a literal string, wrap it in a 'StringIO' object.
[2025-06-20T11:21:28.734+0000] {logging_mixin.py:188} WARNING - /opt/***/plugins/nba_lib/utils.py:118 FutureWarning: Passing literal html to 'read_html' is deprecated and will be removed in a future version. To read from a literal string, wrap it in a 'StringIO' object.
[2025-06-20T11:21:32.839+0000] {logging_mixin.py:188} WARNING - /opt/***/plugins/nba_lib/utils.py:118 FutureWarning: Passing literal html to 'read_html' is deprecated and will be removed in a future version. To read from a literal string, wrap it in a 'StringIO' object.
[2025-06-20T11:21:36.692+0000] {logging_mixin.py:188} WARNING - /opt/***/plugins/nba_lib/utils.py:118 FutureWarning: Passing literal html to 'read_html' is deprecated and will be removed in a future version. To read from a literal string, wrap it in a 'StringIO' object.
[2025-06-20T11:21:40.128+0000] {logging_mixin.py:188} WARNING - /opt/***/plugins/nba_lib/utils.py:118 FutureWarning: Passing literal html to 'read_html' is deprecated and will be removed in a future version. To read from a literal string, wrap it in a 'StringIO' object.
[2025-06-20T11:21:40.147+0000] {etl_pipeline.py:246} INFO - Successfully fetched roster for Atlanta Hawks.
[2025-06-20T11:21:41.149+0000] {etl_pipeline.py:241} INFO - Fetching roster for Boston Celtics (BOS)...
[2025-06-20T11:21:44.855+0000] {logging_mixin.py:188} WARNING - /opt/***/plugins/nba_lib/teams.py:21 FutureWarning: Passing literal html to 'read_html' is deprecated and will be removed in a future version. To read from a literal string, wrap it in a 'StringIO' object.
[2025-06-20T11:21:48.344+0000] {logging_mixin.py:188} WARNING - /opt/***/plugins/nba_lib/utils.py:118 FutureWarning: Passing literal html to 'read_html' is deprecated and will be removed in a future version. To read from a literal string, wrap it in a 'StringIO' object.
[2025-06-20T11:21:51.775+0000] {logging_mixin.py:188} WARNING - /opt/***/plugins/nba_lib/utils.py:118 FutureWarning: Passing literal html to 'read_html' is deprecated and will be removed in a future version. To read from a literal string, wrap it in a 'StringIO' object.
[2025-06-20T11:21:54.272+0000] {local_task_job_runner.py:310} WARNING - State of this instance has been externally set to success. Terminating instance.
[2025-06-20T11:21:54.273+0000] {local_task_job_runner.py:222} INFO - ::endgroup::
[2025-06-20T11:21:54.279+0000] {process_utils.py:132} INFO - Sending 15 to group 1199. PIDs of all processes in the group: [1199]
[2025-06-20T11:21:54.279+0000] {process_utils.py:87} INFO - Sending the signal 15 to group 1199
[2025-06-20T11:21:54.280+0000] {taskinstance.py:2611} ERROR - Received SIGTERM. Terminating subprocesses.
[2025-06-20T11:21:54.281+0000] {taskinstance.py:441} INFO - ::group::Post task execution logs
[2025-06-20T11:21:54.373+0000] {process_utils.py:80} INFO - Process psutil.Process(pid=1199, status='terminated', exitcode=0, started='11:21:23') (1199) terminated with exit code 0
