[2025-06-20T15:25:00.649+0000] {local_task_job_runner.py:120} INFO - ::group::Pre task execution logs
[2025-06-20T15:25:00.694+0000] {taskinstance.py:2076} INFO - Dependencies all met for dep_context=non-requeueable deps ti=<TaskInstance: nba_transform_to_dwh.load_dim_player manual__2025-06-20T15:24:55.255046+00:00 [queued]>
[2025-06-20T15:25:00.713+0000] {taskinstance.py:2076} INFO - Dependencies all met for dep_context=requeueable deps ti=<TaskInstance: nba_transform_to_dwh.load_dim_player manual__2025-06-20T15:24:55.255046+00:00 [queued]>
[2025-06-20T15:25:00.715+0000] {taskinstance.py:2306} INFO - Starting attempt 1 of 2
[2025-06-20T15:25:00.762+0000] {taskinstance.py:2330} INFO - Executing <Task(PythonOperator): load_dim_player> on 2025-06-20 15:24:55.255046+00:00
[2025-06-20T15:25:00.776+0000] {standard_task_runner.py:63} INFO - Started process 2882 to run task
[2025-06-20T15:25:00.784+0000] {standard_task_runner.py:90} INFO - Running: ['***', 'tasks', 'run', 'nba_transform_to_dwh', 'load_dim_player', 'manual__2025-06-20T15:24:55.255046+00:00', '--job-id', '254', '--raw', '--subdir', 'DAGS_FOLDER/etl_pipeline.py', '--cfg-path', '/tmp/tmpm3_l_2pp']
[2025-06-20T15:25:00.786+0000] {standard_task_runner.py:91} INFO - Job 254: Subtask load_dim_player
[2025-06-20T15:25:00.899+0000] {task_command.py:426} INFO - Running <TaskInstance: nba_transform_to_dwh.load_dim_player manual__2025-06-20T15:24:55.255046+00:00 [running]> on host 5ea278fdf3a6
[2025-06-20T15:25:01.077+0000] {taskinstance.py:2648} INFO - Exporting env vars: AIRFLOW_CTX_DAG_OWNER='***' AIRFLOW_CTX_DAG_ID='nba_transform_to_dwh' AIRFLOW_CTX_TASK_ID='load_dim_player' AIRFLOW_CTX_EXECUTION_DATE='2025-06-20T15:24:55.255046+00:00' AIRFLOW_CTX_TRY_NUMBER='1' AIRFLOW_CTX_DAG_RUN_ID='manual__2025-06-20T15:24:55.255046+00:00'
[2025-06-20T15:25:01.079+0000] {taskinstance.py:430} INFO - ::endgroup::
[2025-06-20T15:25:01.102+0000] {etl_pipeline.py:482} INFO - Ensuring dimension table 'dimplayer' exists...
[2025-06-20T15:25:01.104+0000] {etl_pipeline.py:484} INFO - Loading/updating data into 'dimplayer'...
[2025-06-20T15:25:01.108+0000] {etl_pipeline.py:486} INFO - Operation complete. 534 new rows inserted into dimplayer.
[2025-06-20T15:25:01.141+0000] {python.py:237} INFO - Done. Returned value was: None
[2025-06-20T15:25:01.143+0000] {taskinstance.py:441} INFO - ::group::Post task execution logs
[2025-06-20T15:25:01.152+0000] {taskinstance.py:1206} INFO - Marking task as SUCCESS. dag_id=nba_transform_to_dwh, task_id=load_dim_player, run_id=manual__2025-06-20T15:24:55.255046+00:00, execution_date=20250620T152455, start_date=20250620T152500, end_date=20250620T152501
[2025-06-20T15:25:01.239+0000] {local_task_job_runner.py:240} INFO - Task exited with return code 0
[2025-06-20T15:25:01.260+0000] {taskinstance.py:3498} INFO - 1 downstream tasks scheduled from follow-on schedule check
[2025-06-20T15:25:01.317+0000] {local_task_job_runner.py:222} INFO - ::endgroup::
