[2025-06-16T15:46:34.432+0000] {local_task_job_runner.py:120} INFO - ::group::Pre task execution logs
[2025-06-16T15:46:34.469+0000] {taskinstance.py:2076} INFO - Dependencies all met for dep_context=non-requeueable deps ti=<TaskInstance: nba_etl_to_postgres.fetch_shot_chart_and_load_to_postgres manual__2025-06-16T15:46:12.922315+00:00 [queued]>
[2025-06-16T15:46:34.673+0000] {taskinstance.py:2076} INFO - Dependencies all met for dep_context=requeueable deps ti=<TaskInstance: nba_etl_to_postgres.fetch_shot_chart_and_load_to_postgres manual__2025-06-16T15:46:12.922315+00:00 [queued]>
[2025-06-16T15:46:34.674+0000] {taskinstance.py:2306} INFO - Starting attempt 1 of 2
[2025-06-16T15:46:34.737+0000] {taskinstance.py:2330} INFO - Executing <Task(PythonOperator): fetch_shot_chart_and_load_to_postgres> on 2025-06-16 15:46:12.922315+00:00
[2025-06-16T15:46:34.746+0000] {standard_task_runner.py:63} INFO - Started process 4660 to run task
[2025-06-16T15:46:34.753+0000] {standard_task_runner.py:90} INFO - Running: ['***', 'tasks', 'run', 'nba_etl_to_postgres', 'fetch_shot_chart_and_load_to_postgres', 'manual__2025-06-16T15:46:12.922315+00:00', '--job-id', '39', '--raw', '--subdir', 'DAGS_FOLDER/etl_pipeline.py', '--cfg-path', '/tmp/tmpmd15nttj']
[2025-06-16T15:46:34.755+0000] {standard_task_runner.py:91} INFO - Job 39: Subtask fetch_shot_chart_and_load_to_postgres
[2025-06-16T15:46:34.880+0000] {task_command.py:426} INFO - Running <TaskInstance: nba_etl_to_postgres.fetch_shot_chart_and_load_to_postgres manual__2025-06-16T15:46:12.922315+00:00 [running]> on host 11d91b3c2b82
[2025-06-16T15:46:35.038+0000] {taskinstance.py:2648} INFO - Exporting env vars: AIRFLOW_CTX_DAG_OWNER='***' AIRFLOW_CTX_DAG_ID='nba_etl_to_postgres' AIRFLOW_CTX_TASK_ID='fetch_shot_chart_and_load_to_postgres' AIRFLOW_CTX_EXECUTION_DATE='2025-06-16T15:46:12.922315+00:00' AIRFLOW_CTX_TRY_NUMBER='1' AIRFLOW_CTX_DAG_RUN_ID='manual__2025-06-16T15:46:12.922315+00:00'
[2025-06-16T15:46:35.045+0000] {taskinstance.py:430} INFO - ::endgroup::
[2025-06-16T15:46:35.091+0000] {logging_mixin.py:188} WARNING - /opt/***/dags/etl_pipeline.py:148 UserWarning: pandas only supports SQLAlchemy connectable (engine/connection) or database string URI or sqlite3 DBAPI2 connection. Other DBAPI2 objects are not tested. Please consider using SQLAlchemy.
[2025-06-16T15:46:35.119+0000] {logging_mixin.py:188} INFO - <generator object DataFrame.iterrows at 0x7e30f2f52f90>
[2025-06-16T15:46:35.119+0000] {logging_mixin.py:188} INFO - 2024-10-23
[2025-06-16T15:46:35.120+0000] {taskinstance.py:441} INFO - ::group::Post task execution logs
[2025-06-16T15:46:35.121+0000] {taskinstance.py:2905} ERROR - Task failed with exception
Traceback (most recent call last):
  File "/home/airflow/.local/lib/python3.9/site-packages/airflow/models/taskinstance.py", line 465, in _execute_task
    result = _execute_callable(context=context, **execute_callable_kwargs)
  File "/home/airflow/.local/lib/python3.9/site-packages/airflow/models/taskinstance.py", line 432, in _execute_callable
    return execute_callable(context=context, **execute_callable_kwargs)
  File "/home/airflow/.local/lib/python3.9/site-packages/airflow/models/baseoperator.py", line 400, in wrapper
    return func(self, *args, **kwargs)
  File "/home/airflow/.local/lib/python3.9/site-packages/airflow/operators/python.py", line 235, in execute
    return_value = self.execute_callable()
  File "/home/airflow/.local/lib/python3.9/site-packages/airflow/operators/python.py", line 252, in execute_callable
    return self.python_callable(*self.op_args, **self.op_kwargs)
  File "/opt/airflow/dags/etl_pipeline.py", line 158, in fetch_and_load_shot_chart_to_stage
    start = df_schedule[most_common_date:]
  File "/home/airflow/.local/lib/python3.9/site-packages/pandas/core/frame.py", line 3876, in __getitem__
    return self._getitem_slice(key)
  File "/home/airflow/.local/lib/python3.9/site-packages/pandas/core/generic.py", line 4284, in _getitem_slice
    slobj = self.index._convert_slice_indexer(key, kind="getitem")
  File "/home/airflow/.local/lib/python3.9/site-packages/pandas/core/indexes/base.py", line 4247, in _convert_slice_indexer
    self._validate_indexer("slice", key.start, "getitem")
  File "/home/airflow/.local/lib/python3.9/site-packages/pandas/core/indexes/base.py", line 6637, in _validate_indexer
    self._raise_invalid_indexer(form, key)
  File "/home/airflow/.local/lib/python3.9/site-packages/pandas/core/indexes/base.py", line 4306, in _raise_invalid_indexer
    raise TypeError(msg)
TypeError: cannot do slice indexing on RangeIndex with these indexers [2024-10-23] of type date
[2025-06-16T15:46:35.258+0000] {taskinstance.py:1206} INFO - Marking task as UP_FOR_RETRY. dag_id=nba_etl_to_postgres, task_id=fetch_shot_chart_and_load_to_postgres, run_id=manual__2025-06-16T15:46:12.922315+00:00, execution_date=20250616T154612, start_date=20250616T154634, end_date=20250616T154635
[2025-06-16T15:46:35.339+0000] {standard_task_runner.py:110} ERROR - Failed to execute job 39 for task fetch_shot_chart_and_load_to_postgres (cannot do slice indexing on RangeIndex with these indexers [2024-10-23] of type date; 4660)
[2025-06-16T15:46:35.368+0000] {local_task_job_runner.py:240} INFO - Task exited with return code 1
[2025-06-16T15:46:35.380+0000] {local_task_job_runner.py:222} INFO - ::endgroup::
