[2025-06-21T22:25:46.386+0000] {local_task_job_runner.py:120} INFO - ::group::Pre task execution logs
[2025-06-21T22:25:46.714+0000] {taskinstance.py:2076} INFO - Dependencies all met for dep_context=non-requeueable deps ti=<TaskInstance: nba_etl_to_staging.fetch_roster_and_load_to_stage manual__2025-06-21T22:25:43.591600+00:00 [queued]>
[2025-06-21T22:25:47.631+0000] {taskinstance.py:2076} INFO - Dependencies all met for dep_context=requeueable deps ti=<TaskInstance: nba_etl_to_staging.fetch_roster_and_load_to_stage manual__2025-06-21T22:25:43.591600+00:00 [queued]>
[2025-06-21T22:25:47.634+0000] {taskinstance.py:2306} INFO - Starting attempt 1 of 2
[2025-06-21T22:25:47.792+0000] {taskinstance.py:2330} INFO - Executing <Task(PythonOperator): fetch_roster_and_load_to_stage> on 2025-06-21 22:25:43.591600+00:00
[2025-06-21T22:25:47.818+0000] {standard_task_runner.py:63} INFO - Started process 1511 to run task
[2025-06-21T22:25:47.845+0000] {standard_task_runner.py:90} INFO - Running: ['***', 'tasks', 'run', 'nba_etl_to_staging', 'fetch_roster_and_load_to_stage', 'manual__2025-06-21T22:25:43.591600+00:00', '--job-id', '508', '--raw', '--subdir', 'DAGS_FOLDER/etl_pipeline.py', '--cfg-path', '/tmp/tmpoh20w2nn']
[2025-06-21T22:25:47.851+0000] {standard_task_runner.py:91} INFO - Job 508: Subtask fetch_roster_and_load_to_stage
[2025-06-21T22:25:48.126+0000] {task_command.py:426} INFO - Running <TaskInstance: nba_etl_to_staging.fetch_roster_and_load_to_stage manual__2025-06-21T22:25:43.591600+00:00 [running]> on host 5ea278fdf3a6
[2025-06-21T22:25:48.510+0000] {taskinstance.py:2648} INFO - Exporting env vars: AIRFLOW_CTX_DAG_OWNER='***' AIRFLOW_CTX_DAG_ID='nba_etl_to_staging' AIRFLOW_CTX_TASK_ID='fetch_roster_and_load_to_stage' AIRFLOW_CTX_EXECUTION_DATE='2025-06-21T22:25:43.591600+00:00' AIRFLOW_CTX_TRY_NUMBER='1' AIRFLOW_CTX_DAG_RUN_ID='manual__2025-06-21T22:25:43.591600+00:00'
[2025-06-21T22:25:48.514+0000] {taskinstance.py:430} INFO - ::endgroup::
[2025-06-21T22:25:48.559+0000] {etl_pipeline.py:279} INFO - Fetching roster for Atlanta Hawks (ATL)...
[2025-06-21T22:25:49.403+0000] {logging_mixin.py:188} WARNING - /opt/***/plugins/nba_lib/teams.py:21 FutureWarning: Passing literal html to 'read_html' is deprecated and will be removed in a future version. To read from a literal string, wrap it in a 'StringIO' object.
[2025-06-21T22:25:52.925+0000] {logging_mixin.py:188} WARNING - /opt/***/plugins/nba_lib/utils.py:118 FutureWarning: Passing literal html to 'read_html' is deprecated and will be removed in a future version. To read from a literal string, wrap it in a 'StringIO' object.
[2025-06-21T22:25:56.547+0000] {logging_mixin.py:188} WARNING - /opt/***/plugins/nba_lib/utils.py:118 FutureWarning: Passing literal html to 'read_html' is deprecated and will be removed in a future version. To read from a literal string, wrap it in a 'StringIO' object.
[2025-06-21T22:25:59.898+0000] {logging_mixin.py:188} WARNING - /opt/***/plugins/nba_lib/utils.py:118 FutureWarning: Passing literal html to 'read_html' is deprecated and will be removed in a future version. To read from a literal string, wrap it in a 'StringIO' object.
[2025-06-21T22:26:03.160+0000] {local_task_job_runner.py:310} WARNING - State of this instance has been externally set to success. Terminating instance.
[2025-06-21T22:26:03.161+0000] {local_task_job_runner.py:222} INFO - ::endgroup::
[2025-06-21T22:26:03.165+0000] {process_utils.py:132} INFO - Sending 15 to group 1511. PIDs of all processes in the group: [1511]
[2025-06-21T22:26:03.166+0000] {process_utils.py:87} INFO - Sending the signal 15 to group 1511
[2025-06-21T22:26:03.168+0000] {taskinstance.py:2611} ERROR - Received SIGTERM. Terminating subprocesses.
[2025-06-21T22:26:03.169+0000] {taskinstance.py:441} INFO - ::group::Post task execution logs
[2025-06-21T22:26:03.300+0000] {process_utils.py:80} INFO - Process psutil.Process(pid=1511, status='terminated', exitcode=0, started='22:25:46') (1511) terminated with exit code 0
