[2025-06-22T09:46:10.226+0000] {local_task_job_runner.py:120} INFO - ::group::Pre task execution logs
[2025-06-22T09:46:10.375+0000] {taskinstance.py:2076} INFO - Dependencies all met for dep_context=non-requeueable deps ti=<TaskInstance: nba_staging_to_transform.transform_team manual__2025-06-22T09:46:08.839142+00:00 [queued]>
[2025-06-22T09:46:10.958+0000] {taskinstance.py:2076} INFO - Dependencies all met for dep_context=requeueable deps ti=<TaskInstance: nba_staging_to_transform.transform_team manual__2025-06-22T09:46:08.839142+00:00 [queued]>
[2025-06-22T09:46:10.959+0000] {taskinstance.py:2306} INFO - Starting attempt 1 of 2
[2025-06-22T09:46:11.092+0000] {taskinstance.py:2330} INFO - Executing <Task(PythonOperator): transform_team> on 2025-06-22 09:46:08.839142+00:00
[2025-06-22T09:46:11.100+0000] {standard_task_runner.py:63} INFO - Started process 1684 to run task
[2025-06-22T09:46:11.107+0000] {standard_task_runner.py:90} INFO - Running: ['***', 'tasks', 'run', 'nba_staging_to_transform', 'transform_team', 'manual__2025-06-22T09:46:08.839142+00:00', '--job-id', '539', '--raw', '--subdir', 'DAGS_FOLDER/etl_pipeline.py', '--cfg-path', '/tmp/tmp0bwqp1ik']
[2025-06-22T09:46:11.109+0000] {standard_task_runner.py:91} INFO - Job 539: Subtask transform_team
[2025-06-22T09:46:11.219+0000] {task_command.py:426} INFO - Running <TaskInstance: nba_staging_to_transform.transform_team manual__2025-06-22T09:46:08.839142+00:00 [running]> on host 5ea278fdf3a6
[2025-06-22T09:46:11.550+0000] {taskinstance.py:2648} INFO - Exporting env vars: AIRFLOW_CTX_DAG_OWNER='***' AIRFLOW_CTX_DAG_ID='nba_staging_to_transform' AIRFLOW_CTX_TASK_ID='transform_team' AIRFLOW_CTX_EXECUTION_DATE='2025-06-22T09:46:08.839142+00:00' AIRFLOW_CTX_TRY_NUMBER='1' AIRFLOW_CTX_DAG_RUN_ID='manual__2025-06-22T09:46:08.839142+00:00'
[2025-06-22T09:46:11.552+0000] {taskinstance.py:430} INFO - ::endgroup::
[2025-06-22T09:46:11.579+0000] {etl_pipeline.py:332} INFO - Fetching data for transformation: transformteam
[2025-06-22T09:46:11.593+0000] {logging_mixin.py:188} WARNING - /opt/***/dags/etl_pipeline.py:333 UserWarning: pandas only supports SQLAlchemy connectable (engine/connection) or database string URI or sqlite3 DBAPI2 connection. Other DBAPI2 objects are not tested. Please consider using SQLAlchemy.
[2025-06-22T09:46:11.614+0000] {etl_pipeline.py:334} INFO - Successfully fetched and transformed 30 rows.
[2025-06-22T09:46:11.620+0000] {etl_pipeline.py:98} INFO - Ensuring table 'transformteam' exists...
[2025-06-22T09:46:11.622+0000] {etl_pipeline.py:100} INFO - Table 'transformteam' is ready.
[2025-06-22T09:46:11.623+0000] {etl_pipeline.py:110} INFO - Truncating table transformteam and restarting identity columns...
[2025-06-22T09:46:11.699+0000] {etl_pipeline.py:115} INFO - Loading 30 rows into transformteam...
[2025-06-22T09:46:11.709+0000] {etl_pipeline.py:118} INFO - 30 rows loaded successfully to transformteam.
[2025-06-22T09:46:11.745+0000] {python.py:237} INFO - Done. Returned value was: None
[2025-06-22T09:46:11.755+0000] {taskinstance.py:441} INFO - ::group::Post task execution logs
[2025-06-22T09:46:11.782+0000] {taskinstance.py:1206} INFO - Marking task as SUCCESS. dag_id=nba_staging_to_transform, task_id=transform_team, run_id=manual__2025-06-22T09:46:08.839142+00:00, execution_date=20250622T094608, start_date=20250622T094610, end_date=20250622T094611
[2025-06-22T09:46:11.850+0000] {local_task_job_runner.py:240} INFO - Task exited with return code 0
[2025-06-22T09:46:11.878+0000] {taskinstance.py:3498} INFO - 0 downstream tasks scheduled from follow-on schedule check
[2025-06-22T09:46:11.908+0000] {local_task_job_runner.py:222} INFO - ::endgroup::
