[2025-06-21T18:23:59.750+0000] {local_task_job_runner.py:120} INFO - ::group::Pre task execution logs
[2025-06-21T18:23:59.786+0000] {taskinstance.py:2076} INFO - Dependencies all met for dep_context=non-requeueable deps ti=<TaskInstance: nba_etl_to_staging.fetch_shot_chart_and_load_to_stage manual__2025-06-21T18:11:57.608096+00:00 [queued]>
[2025-06-21T18:24:00.058+0000] {taskinstance.py:2076} INFO - Dependencies all met for dep_context=requeueable deps ti=<TaskInstance: nba_etl_to_staging.fetch_shot_chart_and_load_to_stage manual__2025-06-21T18:11:57.608096+00:00 [queued]>
[2025-06-21T18:24:00.058+0000] {taskinstance.py:2306} INFO - Starting attempt 1 of 2
[2025-06-21T18:24:00.341+0000] {taskinstance.py:2330} INFO - Executing <Task(PythonOperator): fetch_shot_chart_and_load_to_stage> on 2025-06-21 18:11:57.608096+00:00
[2025-06-21T18:24:00.348+0000] {standard_task_runner.py:63} INFO - Started process 6098 to run task
[2025-06-21T18:24:00.352+0000] {standard_task_runner.py:90} INFO - Running: ['***', 'tasks', 'run', 'nba_etl_to_staging', 'fetch_shot_chart_and_load_to_stage', 'manual__2025-06-21T18:11:57.608096+00:00', '--job-id', '448', '--raw', '--subdir', 'DAGS_FOLDER/etl_pipeline.py', '--cfg-path', '/tmp/tmpqph7pla4']
[2025-06-21T18:24:00.354+0000] {standard_task_runner.py:91} INFO - Job 448: Subtask fetch_shot_chart_and_load_to_stage
[2025-06-21T18:24:00.484+0000] {task_command.py:426} INFO - Running <TaskInstance: nba_etl_to_staging.fetch_shot_chart_and_load_to_stage manual__2025-06-21T18:11:57.608096+00:00 [running]> on host 5ea278fdf3a6
[2025-06-21T18:24:00.706+0000] {taskinstance.py:2648} INFO - Exporting env vars: AIRFLOW_CTX_DAG_OWNER='***' AIRFLOW_CTX_DAG_ID='nba_etl_to_staging' AIRFLOW_CTX_TASK_ID='fetch_shot_chart_and_load_to_stage' AIRFLOW_CTX_EXECUTION_DATE='2025-06-21T18:11:57.608096+00:00' AIRFLOW_CTX_TRY_NUMBER='1' AIRFLOW_CTX_DAG_RUN_ID='manual__2025-06-21T18:11:57.608096+00:00'
[2025-06-21T18:24:00.707+0000] {taskinstance.py:430} INFO - ::endgroup::
[2025-06-21T18:24:00.814+0000] {logging_mixin.py:188} WARNING - /opt/***/dags/etl_pipeline.py:174 UserWarning: pandas only supports SQLAlchemy connectable (engine/connection) or database string URI or sqlite3 DBAPI2 connection. Other DBAPI2 objects are not tested. Please consider using SQLAlchemy.
[2025-06-21T18:24:05.305+0000] {etl_pipeline.py:191} INFO - Processed game on 2024-10-22 between BOS and NYK.
[2025-06-21T18:24:11.983+0000] {etl_pipeline.py:191} INFO - Processed game on 2024-10-22 between LAL and MIN.
[2025-06-21T18:24:18.889+0000] {etl_pipeline.py:191} INFO - Processed game on 2024-10-23 between DET and IND.
[2025-06-21T18:24:25.700+0000] {etl_pipeline.py:191} INFO - Processed game on 2024-10-23 between ATL and BRK.
[2025-06-21T18:24:32.600+0000] {etl_pipeline.py:191} INFO - Processed game on 2024-10-23 between MIA and ORL.
[2025-06-21T18:24:39.408+0000] {etl_pipeline.py:191} INFO - Processed game on 2024-10-23 between PHI and MIL.
[2025-06-21T18:24:45.997+0000] {etl_pipeline.py:191} INFO - Processed game on 2024-10-23 between TOR and CLE.
[2025-06-21T18:24:52.924+0000] {etl_pipeline.py:191} INFO - Processed game on 2024-10-23 between HOU and CHO.
[2025-06-21T18:24:59.552+0000] {etl_pipeline.py:191} INFO - Processed game on 2024-10-23 between NOP and CHI.
[2025-06-21T18:25:06.299+0000] {etl_pipeline.py:191} INFO - Processed game on 2024-10-23 between UTA and MEM.
[2025-06-21T18:25:13.192+0000] {etl_pipeline.py:191} INFO - Processed game on 2024-10-23 between LAC and PHO.
[2025-06-21T18:25:20.149+0000] {etl_pipeline.py:191} INFO - Processed game on 2024-10-23 between POR and GSW.
[2025-06-21T18:25:27.731+0000] {etl_pipeline.py:191} INFO - Processed game on 2024-10-24 between WAS and BOS.
[2025-06-21T18:25:34.726+0000] {etl_pipeline.py:191} INFO - Processed game on 2024-10-24 between DAL and SAS.
[2025-06-21T18:25:41.386+0000] {etl_pipeline.py:191} INFO - Processed game on 2024-10-24 between DEN and OKC.
[2025-06-21T18:25:48.072+0000] {etl_pipeline.py:191} INFO - Processed game on 2024-10-24 between SAC and MIN.
[2025-06-21T18:25:54.856+0000] {etl_pipeline.py:191} INFO - Processed game on 2024-10-25 between ORL and BRK.
[2025-06-21T18:26:01.823+0000] {etl_pipeline.py:191} INFO - Processed game on 2024-10-25 between TOR and PHI.
[2025-06-21T18:26:08.566+0000] {etl_pipeline.py:191} INFO - Processed game on 2024-10-25 between ATL and CHO.
[2025-06-21T18:26:15.400+0000] {etl_pipeline.py:191} INFO - Processed game on 2024-10-25 between CLE and DET.
[2025-06-21T18:26:21.980+0000] {etl_pipeline.py:191} INFO - Processed game on 2024-10-25 between NYK and IND.
[2025-06-21T18:26:28.603+0000] {etl_pipeline.py:191} INFO - Processed game on 2024-10-25 between HOU and MEM.
[2025-06-21T18:26:35.387+0000] {etl_pipeline.py:191} INFO - Processed game on 2024-10-25 between MIL and CHI.
[2025-06-21T18:26:42.189+0000] {etl_pipeline.py:191} INFO - Processed game on 2024-10-25 between UTA and GSW.
[2025-06-21T18:26:48.877+0000] {etl_pipeline.py:191} INFO - Processed game on 2024-10-25 between LAL and PHO.
[2025-06-21T18:26:55.465+0000] {etl_pipeline.py:191} INFO - Processed game on 2024-10-25 between POR and NOP.
[2025-06-21T18:27:02.399+0000] {etl_pipeline.py:191} INFO - Processed game on 2024-10-26 between DEN and LAC.
[2025-06-21T18:27:09.187+0000] {etl_pipeline.py:191} INFO - Processed game on 2024-10-26 between CHO and MIA.
[2025-06-21T18:27:15.854+0000] {etl_pipeline.py:191} INFO - Processed game on 2024-10-26 between DET and BOS.
[2025-06-21T18:27:22.679+0000] {etl_pipeline.py:191} INFO - Processed game on 2024-10-26 between WAS and CLE.
[2025-06-21T18:27:29.413+0000] {etl_pipeline.py:191} INFO - Processed game on 2024-10-26 between CHI and OKC.
[2025-06-21T18:27:36.150+0000] {etl_pipeline.py:191} INFO - Processed game on 2024-10-26 between MEM and ORL.
[2025-06-21T18:27:42.723+0000] {etl_pipeline.py:191} INFO - Processed game on 2024-10-26 between MIN and TOR.
[2025-06-21T18:27:49.360+0000] {etl_pipeline.py:191} INFO - Processed game on 2024-10-26 between SAS and HOU.
[2025-06-21T18:27:56.002+0000] {etl_pipeline.py:191} INFO - Processed game on 2024-10-26 between PHO and DAL.
[2025-06-21T18:28:02.843+0000] {etl_pipeline.py:191} INFO - Processed game on 2024-10-26 between LAL and SAC.
[2025-06-21T18:28:09.691+0000] {etl_pipeline.py:191} INFO - Processed game on 2024-10-27 between IND and PHI.
[2025-06-21T18:28:16.280+0000] {etl_pipeline.py:191} INFO - Processed game on 2024-10-27 between BRK and MIL.
[2025-06-21T18:28:23.104+0000] {etl_pipeline.py:191} INFO - Processed game on 2024-10-27 between POR and NOP.
[2025-06-21T18:28:29.857+0000] {etl_pipeline.py:191} INFO - Processed game on 2024-10-27 between OKC and ATL.
[2025-06-21T18:28:36.777+0000] {etl_pipeline.py:191} INFO - Processed game on 2024-10-27 between GSW and LAC.
[2025-06-21T18:28:43.653+0000] {etl_pipeline.py:191} INFO - Processed game on 2024-10-28 between ORL and IND.
[2025-06-21T18:28:50.386+0000] {etl_pipeline.py:191} INFO - Processed game on 2024-10-28 between ATL and WAS.
[2025-06-21T18:28:57.127+0000] {etl_pipeline.py:191} INFO - Processed game on 2024-10-28 between BOS and MIL.
[2025-06-21T18:29:03.754+0000] {etl_pipeline.py:191} INFO - Processed game on 2024-10-28 between MIA and DET.
[2025-06-21T18:29:10.482+0000] {etl_pipeline.py:191} INFO - Processed game on 2024-10-28 between NYK and CLE.
[2025-06-21T18:29:17.333+0000] {etl_pipeline.py:191} INFO - Processed game on 2024-10-28 between TOR and DEN.
[2025-06-21T18:29:24.195+0000] {etl_pipeline.py:191} INFO - Processed game on 2024-10-28 between MEM and CHI.
[2025-06-21T18:29:30.943+0000] {etl_pipeline.py:191} INFO - Processed game on 2024-10-28 between SAS and HOU.
[2025-06-21T18:29:37.534+0000] {etl_pipeline.py:191} INFO - Processed game on 2024-10-28 between DAL and UTA.
[2025-06-21T18:29:44.239+0000] {etl_pipeline.py:191} INFO - Processed game on 2024-10-28 between PHO and LAL.
[2025-06-21T18:29:51.091+0000] {etl_pipeline.py:191} INFO - Processed game on 2024-10-28 between SAC and POR.
[2025-06-21T18:29:57.846+0000] {etl_pipeline.py:191} INFO - Processed game on 2024-10-29 between BRK and DEN.
[2025-06-21T18:30:04.458+0000] {etl_pipeline.py:191} INFO - Processed game on 2024-10-29 between MIN and DAL.
[2025-06-21T18:30:11.254+0000] {etl_pipeline.py:191} INFO - Processed game on 2024-10-29 between UTA and SAC.
[2025-06-21T18:30:17.924+0000] {etl_pipeline.py:191} INFO - Processed game on 2024-10-29 between GSW and NOP.
[2025-06-21T18:30:25.097+0000] {etl_pipeline.py:191} INFO - Processed game on 2024-10-30 between CHO and TOR.
[2025-06-21T18:30:31.860+0000] {etl_pipeline.py:191} INFO - Processed game on 2024-10-30 between CLE and LAL.
[2025-06-21T18:30:38.531+0000] {etl_pipeline.py:191} INFO - Processed game on 2024-10-30 between IND and BOS.
[2025-06-21T18:30:45.367+0000] {etl_pipeline.py:191} INFO - Processed game on 2024-10-30 between PHI and DET.
[2025-06-21T18:30:52.104+0000] {etl_pipeline.py:191} INFO - Processed game on 2024-10-30 between WAS and ATL.
[2025-06-21T18:30:58.696+0000] {etl_pipeline.py:191} INFO - Processed game on 2024-10-30 between MIA and NYK.
[2025-06-21T18:31:05.328+0000] {etl_pipeline.py:191} INFO - Processed game on 2024-10-30 between CHI and ORL.
[2025-06-21T18:31:12.088+0000] {etl_pipeline.py:191} INFO - Processed game on 2024-10-30 between MEM and BRK.
[2025-06-21T18:31:18.793+0000] {etl_pipeline.py:191} INFO - Processed game on 2024-10-30 between OKC and SAS.
[2025-06-21T18:31:25.426+0000] {etl_pipeline.py:191} INFO - Processed game on 2024-10-30 between GSW and NOP.
[2025-06-21T18:31:32.126+0000] {etl_pipeline.py:191} INFO - Processed game on 2024-10-30 between LAC and POR.
[2025-06-21T18:31:39.268+0000] {etl_pipeline.py:191} INFO - Processed game on 2024-10-31 between MEM and MIL.
[2025-06-21T18:31:45.884+0000] {etl_pipeline.py:191} INFO - Processed game on 2024-10-31 between DAL and HOU.
[2025-06-21T18:31:52.571+0000] {etl_pipeline.py:191} INFO - Processed game on 2024-10-31 between UTA and SAS.
[2025-06-21T18:31:59.271+0000] {etl_pipeline.py:191} INFO - Processed game on 2024-10-31 between LAC and PHO.
[2025-06-21T18:32:06.448+0000] {etl_pipeline.py:191} INFO - Processed game on 2024-11-01 between CHO and BOS.
[2025-06-21T18:32:13.038+0000] {etl_pipeline.py:191} INFO - Processed game on 2024-11-01 between CLE and ORL.
[2025-06-21T18:32:19.906+0000] {etl_pipeline.py:191} INFO - Processed game on 2024-11-01 between DET and NYK.
[2025-06-21T18:32:26.890+0000] {etl_pipeline.py:191} INFO - Processed game on 2024-11-01 between ATL and SAC.
[2025-06-21T18:32:33.629+0000] {etl_pipeline.py:191} INFO - Processed game on 2024-11-01 between BRK and CHI.
[2025-06-21T18:32:40.366+0000] {etl_pipeline.py:191} INFO - Processed game on 2024-11-01 between TOR and LAL.
[2025-06-21T18:32:46.991+0000] {etl_pipeline.py:191} INFO - Processed game on 2024-11-01 between NOP and IND.
[2025-06-21T18:32:53.782+0000] {etl_pipeline.py:191} INFO - Processed game on 2024-11-01 between MIN and DEN.
[2025-06-21T18:33:00.481+0000] {etl_pipeline.py:191} INFO - Processed game on 2024-11-01 between POR and OKC.
[2025-06-21T18:33:07.547+0000] {etl_pipeline.py:191} INFO - Processed game on 2024-11-02 between CHO and BOS.
[2025-06-21T18:33:14.174+0000] {etl_pipeline.py:191} INFO - Processed game on 2024-11-02 between PHI and MEM.
[2025-06-21T18:33:20.868+0000] {etl_pipeline.py:191} INFO - Processed game on 2024-11-02 between TOR and SAC.
[2025-06-21T18:33:27.623+0000] {etl_pipeline.py:191} INFO - Processed game on 2024-11-02 between HOU and GSW.
[2025-06-21T18:33:34.285+0000] {etl_pipeline.py:191} INFO - Processed game on 2024-11-02 between MIL and CLE.
[2025-06-21T18:33:41.067+0000] {etl_pipeline.py:191} INFO - Processed game on 2024-11-02 between SAS and MIN.
[2025-06-21T18:33:47.832+0000] {etl_pipeline.py:191} INFO - Processed game on 2024-11-02 between WAS and MIA.
[2025-06-21T18:33:54.906+0000] {etl_pipeline.py:191} INFO - Processed game on 2024-11-02 between DEN and UTA.
[2025-06-21T18:34:01.593+0000] {etl_pipeline.py:191} INFO - Processed game on 2024-11-02 between PHO and POR.
[2025-06-21T18:34:08.476+0000] {etl_pipeline.py:191} INFO - Processed game on 2024-11-02 between LAC and OKC.
[2025-06-21T18:34:15.257+0000] {etl_pipeline.py:191} INFO - Processed game on 2024-11-03 between BRK and DET.
[2025-06-21T18:34:21.999+0000] {etl_pipeline.py:191} INFO - Processed game on 2024-11-03 between NOP and ATL.
[2025-06-21T18:34:28.895+0000] {etl_pipeline.py:191} INFO - Processed game on 2024-11-03 between DAL and ORL.
[2025-06-21T18:34:36.250+0000] {etl_pipeline.py:191} INFO - Processed game on 2024-11-04 between CLE and MIL.
[2025-06-21T18:34:42.973+0000] {etl_pipeline.py:191} INFO - Processed game on 2024-11-04 between WAS and GSW.
[2025-06-21T18:34:49.753+0000] {etl_pipeline.py:191} INFO - Processed game on 2024-11-04 between DET and LAL.
[2025-06-21T18:34:56.769+0000] {etl_pipeline.py:191} INFO - Processed game on 2024-11-04 between ATL and BOS.
[2025-06-21T18:35:03.400+0000] {etl_pipeline.py:191} INFO - Processed game on 2024-11-04 between BRK and MEM.
[2025-06-21T18:35:10.057+0000] {etl_pipeline.py:191} INFO - Processed game on 2024-11-04 between MIA and SAC.
[2025-06-21T18:35:17.372+0000] {etl_pipeline.py:191} INFO - Processed game on 2024-11-04 between CHI and UTA.
[2025-06-21T18:35:24.074+0000] {etl_pipeline.py:191} INFO - Processed game on 2024-11-04 between HOU and NYK.
[2025-06-21T18:35:30.818+0000] {etl_pipeline.py:191} INFO - Processed game on 2024-11-04 between MIN and CHO.
[2025-06-21T18:35:37.964+0000] {etl_pipeline.py:191} INFO - Processed game on 2024-11-04 between OKC and ORL.
[2025-06-21T18:35:44.906+0000] {etl_pipeline.py:191} INFO - Processed game on 2024-11-04 between NOP and POR.
[2025-06-21T18:35:51.705+0000] {etl_pipeline.py:191} INFO - Processed game on 2024-11-04 between DAL and IND.
[2025-06-21T18:35:58.505+0000] {etl_pipeline.py:191} INFO - Processed game on 2024-11-04 between DEN and TOR.
[2025-06-21T18:36:05.331+0000] {etl_pipeline.py:191} INFO - Processed game on 2024-11-04 between PHO and PHI.
[2025-06-21T18:36:12.222+0000] {etl_pipeline.py:191} INFO - Processed game on 2024-11-04 between LAC and SAS.
[2025-06-21T18:36:19.317+0000] {etl_pipeline.py:191} INFO - Processed game on 2024-11-06 between CHO and DET.
[2025-06-21T18:36:26.003+0000] {etl_pipeline.py:191} INFO - Processed game on 2024-11-06 between IND and ORL.
[2025-06-21T18:36:32.806+0000] {etl_pipeline.py:191} INFO - Processed game on 2024-11-06 between ATL and NYK.
[2025-06-21T18:36:39.736+0000] {etl_pipeline.py:191} INFO - Processed game on 2024-11-06 between BOS and GSW.
[2025-06-21T18:36:46.579+0000] {etl_pipeline.py:191} INFO - Processed game on 2024-11-06 between HOU and SAS.
[2025-06-21T18:36:55.165+0000] {etl_pipeline.py:191} INFO - Processed game on 2024-11-06 between MEM and LAL.
[2025-06-21T18:37:01.958+0000] {etl_pipeline.py:191} INFO - Processed game on 2024-11-06 between NOP and CLE.
[2025-06-21T18:37:08.946+0000] {etl_pipeline.py:191} INFO - Processed game on 2024-11-06 between DAL and CHI.
[2025-06-21T18:37:15.713+0000] {etl_pipeline.py:191} INFO - Processed game on 2024-11-06 between DEN and OKC.
[2025-06-21T18:37:22.477+0000] {etl_pipeline.py:191} INFO - Processed game on 2024-11-06 between PHO and MIA.
[2025-06-21T18:37:29.148+0000] {etl_pipeline.py:191} INFO - Processed game on 2024-11-06 between LAC and PHI.
[2025-06-21T18:37:36.243+0000] {etl_pipeline.py:191} INFO - Processed game on 2024-11-06 between SAC and TOR.
[2025-06-21T18:37:43.148+0000] {etl_pipeline.py:191} INFO - Processed game on 2024-11-07 between CHI and MIN.
[2025-06-21T18:37:49.919+0000] {etl_pipeline.py:191} INFO - Processed game on 2024-11-07 between MIL and UTA.
[2025-06-21T18:37:56.709+0000] {etl_pipeline.py:191} INFO - Processed game on 2024-11-07 between SAS and POR.
[2025-06-21T18:38:03.698+0000] {etl_pipeline.py:191} INFO - Processed game on 2024-11-08 between CHO and IND.
[2025-06-21T18:38:10.704+0000] {etl_pipeline.py:191} INFO - Processed game on 2024-11-08 between DET and ATL.
[2025-06-21T18:38:17.736+0000] {etl_pipeline.py:191} INFO - Processed game on 2024-11-08 between ORL and NOP.
[2025-06-21T18:38:24.491+0000] {etl_pipeline.py:191} INFO - Processed game on 2024-11-08 between BOS and BRK.
[2025-06-21T18:38:31.406+0000] {etl_pipeline.py:191} INFO - Processed game on 2024-11-08 between CLE and GSW.
[2025-06-21T18:38:38.112+0000] {etl_pipeline.py:191} INFO - Processed game on 2024-11-08 between NYK and MIL.
[2025-06-21T18:38:44.817+0000] {etl_pipeline.py:191} INFO - Processed game on 2024-11-08 between DAL and PHO.
[2025-06-21T18:38:51.550+0000] {etl_pipeline.py:191} INFO - Processed game on 2024-11-08 between MEM and WAS.
[2025-06-21T18:38:58.695+0000] {etl_pipeline.py:191} INFO - Processed game on 2024-11-08 between OKC and HOU.
[2025-06-21T18:39:05.543+0000] {etl_pipeline.py:191} INFO - Processed game on 2024-11-08 between MIN and POR.
[2025-06-21T18:39:12.336+0000] {etl_pipeline.py:191} INFO - Processed game on 2024-11-08 between DEN and MIA.
[2025-06-21T18:39:19.119+0000] {etl_pipeline.py:191} INFO - Processed game on 2024-11-08 between LAL and PHI.
[2025-06-21T18:39:26.022+0000] {etl_pipeline.py:191} INFO - Processed game on 2024-11-08 between SAC and LAC.
[2025-06-21T18:39:33.109+0000] {etl_pipeline.py:191} INFO - Processed game on 2024-11-09 between SAS and UTA.
[2025-06-21T18:39:39.995+0000] {etl_pipeline.py:191} INFO - Processed game on 2024-11-09 between ATL and CHI.
[2025-06-21T18:39:46.827+0000] {etl_pipeline.py:191} INFO - Processed game on 2024-11-09 between CLE and BRK.
[2025-06-21T18:39:53.627+0000] {etl_pipeline.py:191} INFO - Processed game on 2024-11-09 between LAC and TOR.
[2025-06-21T18:40:01.537+0000] {etl_pipeline.py:191} INFO - Processed game on 2024-11-10 between DET and HOU.
[2025-06-21T18:40:08.307+0000] {etl_pipeline.py:191} INFO - Processed game on 2024-11-10 between MIL and BOS.
[2025-06-21T18:40:15.282+0000] {etl_pipeline.py:191} INFO - Processed game on 2024-11-10 between IND and NYK.
[2025-06-21T18:40:22.357+0000] {etl_pipeline.py:191} INFO - Processed game on 2024-11-10 between ORL and WAS.
[2025-06-21T18:40:29.164+0000] {etl_pipeline.py:191} INFO - Processed game on 2024-11-10 between PHI and CHO.
[2025-06-21T18:40:35.947+0000] {etl_pipeline.py:191} INFO - Processed game on 2024-11-10 between MIN and MIA.
[2025-06-21T18:40:42.594+0000] {etl_pipeline.py:191} INFO - Processed game on 2024-11-10 between OKC and GSW.
[2025-06-21T18:40:49.373+0000] {etl_pipeline.py:191} INFO - Processed game on 2024-11-10 between DEN and DAL.
[2025-06-21T18:40:56.314+0000] {etl_pipeline.py:191} INFO - Processed game on 2024-11-10 between PHO and SAC.
[2025-06-21T18:41:03.006+0000] {etl_pipeline.py:191} INFO - Processed game on 2024-11-10 between POR and MEM.
[2025-06-21T18:41:09.828+0000] {etl_pipeline.py:191} INFO - Processed game on 2024-11-10 between LAL and TOR.
[2025-06-21T18:41:17.083+0000] {etl_pipeline.py:191} INFO - Processed game on 2024-11-11 between CHI and CLE.
[2025-06-21T18:41:23.982+0000] {etl_pipeline.py:191} INFO - Processed game on 2024-11-11 between HOU and WAS.
[2025-06-21T18:41:30.729+0000] {etl_pipeline.py:191} INFO - Processed game on 2024-11-11 between NOP and BRK.
[2025-06-21T18:41:37.516+0000] {etl_pipeline.py:191} INFO - Processed game on 2024-11-11 between OKC and LAC.
[2025-06-21T18:41:44.131+0000] {etl_pipeline.py:191} INFO - Processed game on 2024-11-11 between SAS and SAC.
[2025-06-21T18:41:51.211+0000] {etl_pipeline.py:191} INFO - Processed game on 2024-11-12 between BOS and ATL.
[2025-06-21T18:41:58.299+0000] {etl_pipeline.py:191} INFO - Processed game on 2024-11-12 between DET and MIA.
[2025-06-21T18:42:05.423+0000] {etl_pipeline.py:191} INFO - Processed game on 2024-11-12 between ORL and CHO.
[2025-06-21T18:42:12.322+0000] {etl_pipeline.py:191} INFO - Processed game on 2024-11-12 between PHI and NYK.
[2025-06-21T18:42:19.117+0000] {etl_pipeline.py:191} INFO - Processed game on 2024-11-12 between MIL and TOR.
[2025-06-21T18:42:25.758+0000] {etl_pipeline.py:191} INFO - Processed game on 2024-11-12 between UTA and PHO.
[2025-06-21T18:42:32.457+0000] {etl_pipeline.py:191} INFO - Processed game on 2024-11-12 between GSW and DAL.
[2025-06-21T18:42:39.107+0000] {etl_pipeline.py:191} INFO - Processed game on 2024-11-12 between POR and MIN.
[2025-06-21T18:42:45.972+0000] {etl_pipeline.py:191} INFO - Processed game on 2024-11-13 between ORL and IND.
[2025-06-21T18:42:52.868+0000] {etl_pipeline.py:191} INFO - Processed game on 2024-11-13 between BRK and BOS.
[2025-06-21T18:42:59.554+0000] {etl_pipeline.py:191} INFO - Processed game on 2024-11-13 between NYK and CHI.
[2025-06-21T18:43:06.617+0000] {etl_pipeline.py:191} INFO - Processed game on 2024-11-13 between PHI and CLE.
[2025-06-21T18:43:13.374+0000] {etl_pipeline.py:191} INFO - Processed game on 2024-11-13 between OKC and NOP.
[2025-06-21T18:43:20.573+0000] {etl_pipeline.py:191} INFO - Processed game on 2024-11-13 between HOU and LAC.
[2025-06-21T18:43:27.715+0000] {etl_pipeline.py:191} INFO - Processed game on 2024-11-13 between MIL and DET.
[2025-06-21T18:43:34.373+0000] {etl_pipeline.py:191} INFO - Processed game on 2024-11-13 between SAS and WAS.
[2025-06-21T18:43:41.075+0000] {etl_pipeline.py:191} INFO - Processed game on 2024-11-13 between LAL and MEM.
[2025-06-21T18:43:47.836+0000] {etl_pipeline.py:191} INFO - Processed game on 2024-11-13 between POR and MIN.
[2025-06-21T18:43:54.654+0000] {etl_pipeline.py:191} INFO - Processed game on 2024-11-13 between SAC and PHO.
[2025-06-21T18:44:01.574+0000] {etl_pipeline.py:191} INFO - Processed game on 2024-11-14 between UTA and DAL.
[2025-06-21T18:44:08.626+0000] {etl_pipeline.py:191} INFO - Processed game on 2024-11-15 between IND and MIA.
[2025-06-21T18:44:15.660+0000] {etl_pipeline.py:191} INFO - Processed game on 2024-11-15 between ORL and PHI.
[2025-06-21T18:44:22.480+0000] {etl_pipeline.py:191} INFO - Processed game on 2024-11-15 between TOR and DET.
[2025-06-21T18:44:29.248+0000] {etl_pipeline.py:191} INFO - Processed game on 2024-11-15 between ATL and WAS.
[2025-06-21T18:44:35.935+0000] {etl_pipeline.py:191} INFO - Processed game on 2024-11-15 between CLE and CHI.
[2025-06-21T18:44:42.771+0000] {etl_pipeline.py:191} INFO - Processed game on 2024-11-15 between NYK and BRK.
[2025-06-21T18:44:49.683+0000] {etl_pipeline.py:191} INFO - Processed game on 2024-11-15 between SAS and LAL.
[2025-06-21T18:44:56.325+0000] {etl_pipeline.py:191} INFO - Processed game on 2024-11-15 between HOU and LAC.
[2025-06-21T18:45:03.122+0000] {etl_pipeline.py:191} INFO - Processed game on 2024-11-15 between NOP and DEN.
[2025-06-21T18:45:10.075+0000] {etl_pipeline.py:191} INFO - Processed game on 2024-11-15 between OKC and PHO.
[2025-06-21T18:45:16.759+0000] {etl_pipeline.py:191} INFO - Processed game on 2024-11-15 between GSW and MEM.
[2025-06-21T18:45:23.386+0000] {etl_pipeline.py:191} INFO - Processed game on 2024-11-15 between SAC and MIN.
[2025-06-21T18:45:30.267+0000] {etl_pipeline.py:191} INFO - Processed game on 2024-11-16 between CHO and MIL.
[2025-06-21T18:45:37.235+0000] {etl_pipeline.py:191} INFO - Processed game on 2024-11-16 between BOS and TOR.
[2025-06-21T18:45:43.910+0000] {etl_pipeline.py:191} INFO - Processed game on 2024-11-16 between NOP and LAL.
[2025-06-21T18:45:50.531+0000] {etl_pipeline.py:191} INFO - Processed game on 2024-11-16 between DAL and SAS.
[2025-06-21T18:45:57.293+0000] {etl_pipeline.py:191} INFO - Processed game on 2024-11-16 between SAC and UTA.
[2025-06-21T18:46:04.414+0000] {etl_pipeline.py:191} INFO - Processed game on 2024-11-17 between MIN and PHO.
[2025-06-21T18:46:11.371+0000] {etl_pipeline.py:191} INFO - Processed game on 2024-11-17 between IND and MIA.
[2025-06-21T18:46:18.048+0000] {etl_pipeline.py:191} INFO - Processed game on 2024-11-17 between CLE and CHO.
[2025-06-21T18:46:24.780+0000] {etl_pipeline.py:191} INFO - Processed game on 2024-11-17 between WAS and DET.
[2025-06-21T18:46:31.552+0000] {etl_pipeline.py:191} INFO - Processed game on 2024-11-17 between MEM and DEN.
[2025-06-21T18:46:38.689+0000] {etl_pipeline.py:191} INFO - Processed game on 2024-11-17 between POR and ATL.
[2025-06-21T18:46:45.495+0000] {etl_pipeline.py:191} INFO - Processed game on 2024-11-17 between NYK and BRK.
[2025-06-21T18:46:52.146+0000] {etl_pipeline.py:191} INFO - Processed game on 2024-11-17 between CHI and HOU.
[2025-06-21T18:46:59.017+0000] {etl_pipeline.py:191} INFO - Processed game on 2024-11-17 between OKC and DAL.
[2025-06-21T18:47:05.809+0000] {etl_pipeline.py:191} INFO - Processed game on 2024-11-17 between LAC and UTA.
[2025-06-21T18:47:12.801+0000] {etl_pipeline.py:191} INFO - Processed game on 2024-11-18 between DET and CHI.
[2025-06-21T18:47:19.533+0000] {etl_pipeline.py:191} INFO - Processed game on 2024-11-18 between MIA and PHI.
[2025-06-21T18:47:26.218+0000] {etl_pipeline.py:191} INFO - Processed game on 2024-11-18 between NYK and WAS.
[2025-06-21T18:47:33.070+0000] {etl_pipeline.py:191} INFO - Processed game on 2024-11-18 between TOR and IND.
[2025-06-21T18:47:39.680+0000] {etl_pipeline.py:191} INFO - Processed game on 2024-11-18 between MIL and HOU.
[2025-06-21T18:47:46.284+0000] {etl_pipeline.py:191} INFO - Processed game on 2024-11-18 between PHO and ORL.
[2025-06-21T18:47:52.935+0000] {etl_pipeline.py:191} INFO - Processed game on 2024-11-18 between SAC and ATL.
[2025-06-21T18:47:59.786+0000] {etl_pipeline.py:191} INFO - Processed game on 2024-11-18 between LAC and GSW.
[2025-06-21T18:48:06.807+0000] {etl_pipeline.py:191} INFO - Processed game on 2024-11-19 between BOS and CLE.
[2025-06-21T18:48:13.566+0000] {etl_pipeline.py:191} INFO - Processed game on 2024-11-19 between BRK and CHO.
[2025-06-21T18:48:20.282+0000] {etl_pipeline.py:191} INFO - Processed game on 2024-11-19 between MEM and DEN.
[2025-06-21T18:48:26.932+0000] {etl_pipeline.py:191} INFO - Processed game on 2024-11-19 between DAL and NOP.
[2025-06-21T18:48:33.868+0000] {etl_pipeline.py:191} INFO - Processed game on 2024-11-19 between SAS and OKC.
[2025-06-21T18:48:40.626+0000] {etl_pipeline.py:191} INFO - Processed game on 2024-11-19 between LAL and UTA.
[2025-06-21T18:48:47.615+0000] {etl_pipeline.py:191} INFO - Processed game on 2024-11-20 between CLE and NOP.
[2025-06-21T18:48:54.290+0000] {etl_pipeline.py:191} INFO - Processed game on 2024-11-20 between MIL and CHI.
[2025-06-21T18:49:01.197+0000] {etl_pipeline.py:191} INFO - Processed game on 2024-11-20 between HOU and IND.
[2025-06-21T18:49:07.954+0000] {etl_pipeline.py:191} INFO - Processed game on 2024-11-20 between MEM and PHI.
[2025-06-21T18:49:14.659+0000] {etl_pipeline.py:191} INFO - Processed game on 2024-11-20 between OKC and POR.
[2025-06-21T18:49:21.444+0000] {etl_pipeline.py:191} INFO - Processed game on 2024-11-20 between PHO and NYK.
[2025-06-21T18:49:28.561+0000] {etl_pipeline.py:191} INFO - Processed game on 2024-11-20 between GSW and ATL.
[2025-06-21T18:49:35.306+0000] {etl_pipeline.py:191} INFO - Processed game on 2024-11-20 between LAC and ORL.
[2025-06-21T18:49:42.307+0000] {etl_pipeline.py:191} INFO - Processed game on 2024-11-21 between CHO and DET.
[2025-06-21T18:49:49.075+0000] {etl_pipeline.py:191} INFO - Processed game on 2024-11-21 between TOR and MIN.
[2025-06-21T18:49:55.805+0000] {etl_pipeline.py:191} INFO - Processed game on 2024-11-21 between SAS and UTA.
[2025-06-21T18:50:02.728+0000] {etl_pipeline.py:191} INFO - Processed game on 2024-11-21 between LAL and ORL.
[2025-06-21T18:50:09.806+0000] {etl_pipeline.py:191} INFO - Processed game on 2024-11-22 between PHI and BRK.
[2025-06-21T18:50:16.588+0000] {etl_pipeline.py:191} INFO - Processed game on 2024-11-22 between WAS and BOS.
[2025-06-21T18:50:23.336+0000] {etl_pipeline.py:191} INFO - Processed game on 2024-11-22 between MIL and IND.
[2025-06-21T18:50:30.280+0000] {etl_pipeline.py:191} INFO - Processed game on 2024-11-22 between CHI and ATL.
[2025-06-21T18:50:36.906+0000] {etl_pipeline.py:191} INFO - Processed game on 2024-11-22 between HOU and POR.
[2025-06-21T18:50:43.645+0000] {etl_pipeline.py:191} INFO - Processed game on 2024-11-22 between NOP and GSW.
[2025-06-21T18:50:50.321+0000] {etl_pipeline.py:191} INFO - Processed game on 2024-11-22 between DEN and DAL.
[2025-06-21T18:50:57.122+0000] {etl_pipeline.py:191} INFO - Processed game on 2024-11-22 between LAC and SAC.
[2025-06-21T18:51:04.216+0000] {etl_pipeline.py:191} INFO - Processed game on 2024-11-23 between UTA and NYK.
[2025-06-21T18:51:10.966+0000] {etl_pipeline.py:191} INFO - Processed game on 2024-11-23 between ORL and DET.
[2025-06-21T18:51:17.600+0000] {etl_pipeline.py:191} INFO - Processed game on 2024-11-23 between CHI and MEM.
[2025-06-21T18:51:24.294+0000] {etl_pipeline.py:191} INFO - Processed game on 2024-11-23 between HOU and POR.
[2025-06-21T18:51:31.134+0000] {etl_pipeline.py:191} INFO - Processed game on 2024-11-23 between MIL and CHO.
[2025-06-21T18:51:37.827+0000] {etl_pipeline.py:191} INFO - Processed game on 2024-11-23 between SAS and GSW.
[2025-06-21T18:51:44.499+0000] {etl_pipeline.py:191} INFO - Processed game on 2024-11-23 between LAL and DEN.
[2025-06-21T18:51:52.473+0000] {etl_pipeline.py:191} INFO - Processed game on 2024-11-24 between BOS and MIN.
[2025-06-21T18:51:59.453+0000] {etl_pipeline.py:191} INFO - Processed game on 2024-11-24 between IND and WAS.
[2025-06-21T18:52:06.341+0000] {etl_pipeline.py:191} INFO - Processed game on 2024-11-24 between MIA and DAL.
[2025-06-21T18:52:12.972+0000] {etl_pipeline.py:191} INFO - Processed game on 2024-11-24 between PHI and LAC.
[2025-06-21T18:52:19.610+0000] {etl_pipeline.py:191} INFO - Processed game on 2024-11-24 between CLE and TOR.
[2025-06-21T18:52:26.230+0000] {etl_pipeline.py:191} INFO - Processed game on 2024-11-24 between SAC and BRK.
[2025-06-21T18:52:33.265+0000] {etl_pipeline.py:191} INFO - Processed game on 2024-11-25 between CHO and ORL.
[2025-06-21T18:52:39.884+0000] {etl_pipeline.py:191} INFO - Processed game on 2024-11-25 between DET and TOR.
[2025-06-21T18:52:46.566+0000] {etl_pipeline.py:191} INFO - Processed game on 2024-11-25 between IND and NOP.
[2025-06-21T18:52:53.316+0000] {etl_pipeline.py:191} INFO - Processed game on 2024-11-25 between ATL and DAL.
[2025-06-21T18:53:00.308+0000] {etl_pipeline.py:191} INFO - Processed game on 2024-11-25 between BOS and LAC.
[2025-06-21T18:53:07.014+0000] {etl_pipeline.py:191} INFO - Processed game on 2024-11-25 between MEM and POR.
[2025-06-21T18:53:13.716+0000] {etl_pipeline.py:191} INFO - Processed game on 2024-11-25 between DEN and NYK.
[2025-06-21T18:53:20.421+0000] {etl_pipeline.py:191} INFO - Processed game on 2024-11-25 between GSW and BRK.
[2025-06-21T18:53:27.246+0000] {etl_pipeline.py:191} INFO - Processed game on 2024-11-25 between SAC and OKC.
[2025-06-21T18:53:34.378+0000] {etl_pipeline.py:191} INFO - Processed game on 2024-11-26 between WAS and CHI.
[2025-06-21T18:53:41.350+0000] {etl_pipeline.py:191} INFO - Processed game on 2024-11-26 between MIA and MIL.
[2025-06-21T18:53:48.145+0000] {etl_pipeline.py:191} INFO - Processed game on 2024-11-26 between MIN and HOU.
[2025-06-21T18:53:54.917+0000] {etl_pipeline.py:191} INFO - Processed game on 2024-11-26 between UTA and SAS.
[2025-06-21T18:54:01.893+0000] {etl_pipeline.py:191} INFO - Processed game on 2024-11-26 between PHO and LAL.
[2025-06-21T18:54:08.873+0000] {etl_pipeline.py:191} INFO - Processed game on 2024-11-27 between CHO and MIA.
[2025-06-21T18:54:15.845+0000] {etl_pipeline.py:191} INFO - Processed game on 2024-11-27 between CLE and ATL.
[2025-06-21T18:54:22.675+0000] {etl_pipeline.py:191} INFO - Processed game on 2024-11-27 between IND and POR.
[2025-06-21T18:54:29.490+0000] {etl_pipeline.py:191} INFO - Processed game on 2024-11-27 between ORL and CHI.
[2025-06-21T18:54:36.253+0000] {etl_pipeline.py:191} INFO - Processed game on 2024-11-27 between PHI and HOU.
[2025-06-21T18:54:42.884+0000] {etl_pipeline.py:191} INFO - Processed game on 2024-11-27 between WAS and LAC.
[2025-06-21T18:54:49.868+0000] {etl_pipeline.py:191} INFO - Processed game on 2024-11-27 between DAL and NYK.
[2025-06-21T18:54:56.493+0000] {etl_pipeline.py:191} INFO - Processed game on 2024-11-27 between MEM and DET.
[2025-06-21T18:55:03.175+0000] {etl_pipeline.py:191} INFO - Processed game on 2024-11-27 between MIN and SAC.
[2025-06-21T18:55:10.007+0000] {etl_pipeline.py:191} INFO - Processed game on 2024-11-27 between NOP and TOR.
[2025-06-21T18:55:16.782+0000] {etl_pipeline.py:191} INFO - Processed game on 2024-11-27 between SAS and LAL.
[2025-06-21T18:55:23.424+0000] {etl_pipeline.py:191} INFO - Processed game on 2024-11-27 between PHO and BRK.
[2025-06-21T18:55:30.037+0000] {etl_pipeline.py:191} INFO - Processed game on 2024-11-27 between UTA and DEN.
[2025-06-21T18:55:36.669+0000] {etl_pipeline.py:191} INFO - Processed game on 2024-11-27 between GSW and OKC.
[2025-06-21T18:55:43.770+0000] {etl_pipeline.py:191} INFO - Processed game on 2024-11-29 between CHO and NYK.
[2025-06-21T18:55:50.426+0000] {etl_pipeline.py:191} INFO - Processed game on 2024-11-29 between ATL and CLE.
[2025-06-21T18:55:57.375+0000] {etl_pipeline.py:191} INFO - Processed game on 2024-11-29 between MEM and NOP.
[2025-06-21T18:56:03.972+0000] {etl_pipeline.py:191} INFO - Processed game on 2024-11-29 between BRK and ORL.
[2025-06-21T18:56:10.762+0000] {etl_pipeline.py:191} INFO - Processed game on 2024-11-29 between MIN and LAC.
[2025-06-21T18:56:17.390+0000] {etl_pipeline.py:191} INFO - Processed game on 2024-11-29 between IND and DET.
[2025-06-21T18:56:24.132+0000] {etl_pipeline.py:191} INFO - Processed game on 2024-11-29 between MIA and TOR.
[2025-06-21T18:56:30.843+0000] {etl_pipeline.py:191} INFO - Processed game on 2024-11-29 between CHI and BOS.
[2025-06-21T18:56:37.643+0000] {etl_pipeline.py:191} INFO - Processed game on 2024-11-29 between LAL and OKC.
[2025-06-21T18:56:44.297+0000] {etl_pipeline.py:191} INFO - Processed game on 2024-11-29 between POR and SAC.
[2025-06-21T18:56:51.221+0000] {etl_pipeline.py:191} INFO - Processed game on 2024-11-30 between CHO and ATL.
[2025-06-21T18:56:58.077+0000] {etl_pipeline.py:191} INFO - Processed game on 2024-11-30 between DET and PHI.
[2025-06-21T18:57:04.749+0000] {etl_pipeline.py:191} INFO - Processed game on 2024-11-30 between MIL and WAS.
[2025-06-21T18:57:11.711+0000] {etl_pipeline.py:191} INFO - Processed game on 2024-11-30 between PHO and GSW.
[2025-06-21T18:57:18.426+0000] {etl_pipeline.py:191} INFO - Processed game on 2024-11-30 between UTA and DAL.
[2025-06-21T18:57:25.223+0000] {etl_pipeline.py:191} INFO - Processed game on 2024-12-01 between BRK and ORL.
[2025-06-21T18:57:31.987+0000] {etl_pipeline.py:191} INFO - Processed game on 2024-12-01 between MEM and IND.
[2025-06-21T18:57:38.698+0000] {etl_pipeline.py:191} INFO - Processed game on 2024-12-01 between CLE and BOS.
[2025-06-21T18:57:45.523+0000] {etl_pipeline.py:191} INFO - Processed game on 2024-12-01 between NYK and NOP.
[2025-06-21T18:57:52.132+0000] {etl_pipeline.py:191} INFO - Processed game on 2024-12-01 between TOR and MIA.
[2025-06-21T18:57:58.934+0000] {etl_pipeline.py:191} INFO - Processed game on 2024-12-01 between HOU and OKC.
[2025-06-21T18:58:05.682+0000] {etl_pipeline.py:191} INFO - Processed game on 2024-12-01 between UTA and LAL.
[2025-06-21T18:58:12.464+0000] {etl_pipeline.py:191} INFO - Processed game on 2024-12-01 between POR and DAL.
[2025-06-21T18:58:19.078+0000] {etl_pipeline.py:191} INFO - Processed game on 2024-12-01 between SAC and SAS.
[2025-06-21T18:58:25.854+0000] {etl_pipeline.py:191} INFO - Processed game on 2024-12-01 between LAC and DEN.
[2025-06-21T18:58:32.659+0000] {etl_pipeline.py:191} INFO - Processed game on 2024-12-02 between ATL and NOP.
[2025-06-21T18:58:39.427+0000] {etl_pipeline.py:191} INFO - Processed game on 2024-12-02 between BOS and MIA.
[2025-06-21T18:58:46.132+0000] {etl_pipeline.py:191} INFO - Processed game on 2024-12-02 between CHI and BRK.
[2025-06-21T18:58:52.835+0000] {etl_pipeline.py:191} INFO - Processed game on 2024-12-02 between MIN and LAL.
[2025-06-21T18:58:59.681+0000] {etl_pipeline.py:191} INFO - Processed game on 2024-12-03 between CHO and PHI.
[2025-06-21T18:59:06.548+0000] {etl_pipeline.py:191} INFO - Processed game on 2024-12-03 between CLE and WAS.
[2025-06-21T18:59:13.331+0000] {etl_pipeline.py:191} INFO - Processed game on 2024-12-03 between DET and MIL.
[2025-06-21T18:59:19.936+0000] {etl_pipeline.py:191} INFO - Processed game on 2024-12-03 between NYK and ORL.
[2025-06-21T18:59:26.655+0000] {etl_pipeline.py:191} INFO - Processed game on 2024-12-03 between TOR and IND.
[2025-06-21T18:59:33.435+0000] {etl_pipeline.py:191} INFO - Processed game on 2024-12-03 between OKC and UTA.
[2025-06-21T18:59:40.230+0000] {etl_pipeline.py:191} INFO - Processed game on 2024-12-03 between DAL and MEM.
[2025-06-21T18:59:46.934+0000] {etl_pipeline.py:191} INFO - Processed game on 2024-12-03 between PHO and SAS.
[2025-06-21T18:59:53.753+0000] {etl_pipeline.py:191} INFO - Processed game on 2024-12-03 between DEN and GSW.
[2025-06-21T19:00:00.511+0000] {etl_pipeline.py:191} INFO - Processed game on 2024-12-03 between SAC and HOU.
[2025-06-21T19:00:07.721+0000] {etl_pipeline.py:191} INFO - Processed game on 2024-12-03 between LAC and POR.
[2025-06-21T19:00:14.553+0000] {etl_pipeline.py:191} INFO - Processed game on 2024-12-04 between BOS and DET.
[2025-06-21T19:00:21.388+0000] {etl_pipeline.py:191} INFO - Processed game on 2024-12-04 between BRK and IND.
[2025-06-21T19:00:28.123+0000] {etl_pipeline.py:191} INFO - Processed game on 2024-12-04 between MIA and LAL.
[2025-06-21T19:00:34.770+0000] {etl_pipeline.py:191} INFO - Processed game on 2024-12-04 between PHI and ORL.
[2025-06-21T19:00:41.658+0000] {etl_pipeline.py:191} INFO - Processed game on 2024-12-04 between MIL and ATL.
[2025-06-21T19:00:48.280+0000] {etl_pipeline.py:191} INFO - Processed game on 2024-12-04 between LAC and MIN.
[2025-06-21T19:00:55.021+0000] {etl_pipeline.py:191} INFO - Processed game on 2024-12-05 between CLE and DEN.
[2025-06-21T19:01:01.721+0000] {etl_pipeline.py:191} INFO - Processed game on 2024-12-05 between WAS and DAL.
[2025-06-21T19:01:08.287+0000] {etl_pipeline.py:191} INFO - Processed game on 2024-12-05 between NYK and CHO.
[2025-06-21T19:01:15.203+0000] {etl_pipeline.py:191} INFO - Processed game on 2024-12-05 between TOR and OKC.
[2025-06-21T19:01:21.813+0000] {etl_pipeline.py:191} INFO - Processed game on 2024-12-05 between MEM and SAC.
[2025-06-21T19:01:28.599+0000] {etl_pipeline.py:191} INFO - Processed game on 2024-12-05 between NOP and PHO.
[2025-06-21T19:01:35.252+0000] {etl_pipeline.py:191} INFO - Processed game on 2024-12-05 between SAS and CHI.
[2025-06-21T19:01:42.081+0000] {etl_pipeline.py:191} INFO - Processed game on 2024-12-05 between GSW and HOU.
[2025-06-21T19:01:48.840+0000] {etl_pipeline.py:191} INFO - Processed game on 2024-12-06 between PHI and ORL.
[2025-06-21T19:01:55.509+0000] {etl_pipeline.py:191} INFO - Processed game on 2024-12-06 between ATL and LAL.
[2025-06-21T19:02:02.120+0000] {etl_pipeline.py:191} INFO - Processed game on 2024-12-06 between BOS and MIL.
[2025-06-21T19:02:08.776+0000] {etl_pipeline.py:191} INFO - Processed game on 2024-12-06 between CHI and IND.
[2025-06-21T19:02:15.721+0000] {etl_pipeline.py:191} INFO - Processed game on 2024-12-06 between SAS and SAC.
[2025-06-21T19:02:22.576+0000] {etl_pipeline.py:191} INFO - Processed game on 2024-12-06 between GSW and MIN.
[2025-06-21T19:02:29.364+0000] {etl_pipeline.py:191} INFO - Processed game on 2024-12-06 between POR and UTA.
[2025-06-21T19:02:36.689+0000] {etl_pipeline.py:191} INFO - Processed game on 2024-12-07 between CHO and CLE.
[2025-06-21T19:02:43.735+0000] {etl_pipeline.py:191} INFO - Processed game on 2024-12-07 between WAS and DEN.
[2025-06-21T19:02:50.647+0000] {etl_pipeline.py:191} INFO - Processed game on 2024-12-07 between NOP and OKC.
[2025-06-21T19:02:57.398+0000] {etl_pipeline.py:191} INFO - Processed game on 2024-12-07 between NYK and DET.
[2025-06-21T19:03:04.186+0000] {etl_pipeline.py:191} INFO - Processed game on 2024-12-07 between TOR and DAL.
[2025-06-21T19:03:10.882+0000] {etl_pipeline.py:191} INFO - Processed game on 2024-12-07 between BOS and MEM.
[2025-06-21T19:03:17.689+0000] {etl_pipeline.py:191} INFO - Processed game on 2024-12-07 between MIA and PHO.
[2025-06-21T19:03:24.557+0000] {etl_pipeline.py:191} INFO - Processed game on 2024-12-08 between CHI and PHI.
[2025-06-21T19:03:31.329+0000] {etl_pipeline.py:191} INFO - Processed game on 2024-12-08 between BRK and MIL.
[2025-06-21T19:03:37.928+0000] {etl_pipeline.py:191} INFO - Processed game on 2024-12-08 between IND and CHO.
[2025-06-21T19:03:44.880+0000] {etl_pipeline.py:191} INFO - Processed game on 2024-12-08 between ATL and DEN.
[2025-06-21T19:03:51.581+0000] {etl_pipeline.py:191} INFO - Processed game on 2024-12-08 between MIA and CLE.
[2025-06-21T19:03:58.191+0000] {etl_pipeline.py:191} INFO - Processed game on 2024-12-08 between ORL and PHO.
[2025-06-21T19:04:04.813+0000] {etl_pipeline.py:191} INFO - Processed game on 2024-12-08 between WAS and MEM.
[2025-06-21T19:04:11.424+0000] {etl_pipeline.py:191} INFO - Processed game on 2024-12-08 between SAS and NOP.
[2025-06-21T19:04:18.195+0000] {etl_pipeline.py:191} INFO - Processed game on 2024-12-08 between GSW and MIN.
[2025-06-21T19:04:24.814+0000] {etl_pipeline.py:191} INFO - Processed game on 2024-12-08 between LAC and HOU.
[2025-06-21T19:04:31.533+0000] {etl_pipeline.py:191} INFO - Processed game on 2024-12-08 between SAC and UTA.
[2025-06-21T19:04:38.359+0000] {etl_pipeline.py:191} INFO - Processed game on 2024-12-08 between LAL and POR.
[2025-06-21T19:04:45.289+0000] {etl_pipeline.py:191} INFO - Processed game on 2024-12-09 between TOR and NYK.
[2025-06-21T19:04:52.094+0000] {etl_pipeline.py:191} INFO - Processed game on 2024-12-10 between MIL and ORL.
[2025-06-21T19:04:58.968+0000] {etl_pipeline.py:191} INFO - Processed game on 2024-12-10 between OKC and DAL.
[2025-06-21T19:05:05.939+0000] {etl_pipeline.py:191} INFO - Processed game on 2024-12-11 between NYK and ATL.
[2025-06-21T19:05:12.661+0000] {etl_pipeline.py:191} INFO - Processed game on 2024-12-11 between HOU and GSW.
[2025-06-21T19:05:19.671+0000] {etl_pipeline.py:191} INFO - Processed game on 2024-12-12 between BOS and DET.
[2025-06-21T19:05:26.546+0000] {etl_pipeline.py:191} INFO - Processed game on 2024-12-12 between MIA and TOR.
[2025-06-21T19:05:33.303+0000] {etl_pipeline.py:191} INFO - Processed game on 2024-12-12 between NOP and SAC.
[2025-06-21T19:05:40.188+0000] {etl_pipeline.py:191} INFO - Processed game on 2024-12-13 between CLE and WAS.
[2025-06-21T19:05:46.904+0000] {etl_pipeline.py:191} INFO - Processed game on 2024-12-13 between PHI and IND.
[2025-06-21T19:05:53.727+0000] {etl_pipeline.py:191} INFO - Processed game on 2024-12-13 between MIN and LAL.
[2025-06-21T19:06:00.457+0000] {etl_pipeline.py:191} INFO - Processed game on 2024-12-13 between MEM and BRK.
[2025-06-21T19:06:07.165+0000] {etl_pipeline.py:191} INFO - Processed game on 2024-12-13 between CHI and CHO.
[2025-06-21T19:06:13.879+0000] {etl_pipeline.py:191} INFO - Processed game on 2024-12-13 between DEN and LAC.
[2025-06-21T19:06:20.509+0000] {etl_pipeline.py:191} INFO - Processed game on 2024-12-13 between UTA and PHO.
[2025-06-21T19:06:27.593+0000] {etl_pipeline.py:191} INFO - Processed game on 2024-12-13 between POR and SAS.
[2025-06-21T19:06:34.452+0000] {etl_pipeline.py:191} INFO - Processed game on 2024-12-14 between MIL and ATL.
[2025-06-21T19:06:41.437+0000] {etl_pipeline.py:191} INFO - Processed game on 2024-12-14 between OKC and HOU.
[2025-06-21T19:06:48.289+0000] {etl_pipeline.py:191} INFO - Processed game on 2024-12-15 between IND and NOP.
[2025-06-21T19:06:55.079+0000] {etl_pipeline.py:191} INFO - Processed game on 2024-12-15 between WAS and BOS.
[2025-06-21T19:07:01.960+0000] {etl_pipeline.py:191} INFO - Processed game on 2024-12-15 between SAS and MIN.
[2025-06-21T19:07:08.647+0000] {etl_pipeline.py:191} INFO - Processed game on 2024-12-15 between PHO and POR.
[2025-06-21T19:07:15.414+0000] {etl_pipeline.py:191} INFO - Processed game on 2024-12-15 between LAL and MEM.
[2025-06-21T19:07:22.053+0000] {etl_pipeline.py:191} INFO - Processed game on 2024-12-15 between ORL and NYK.
[2025-06-21T19:07:28.893+0000] {etl_pipeline.py:191} INFO - Processed game on 2024-12-15 between GSW and DAL.
[2025-06-21T19:07:36.047+0000] {etl_pipeline.py:191} INFO - Processed game on 2024-12-16 between DET and MIA.
[2025-06-21T19:07:42.960+0000] {etl_pipeline.py:191} INFO - Processed game on 2024-12-16 between CHO and PHI.
[2025-06-21T19:07:49.879+0000] {etl_pipeline.py:191} INFO - Processed game on 2024-12-16 between TOR and CHI.
[2025-06-21T19:07:56.529+0000] {etl_pipeline.py:191} INFO - Processed game on 2024-12-16 between BRK and CLE.
[2025-06-21T19:08:03.310+0000] {etl_pipeline.py:191} INFO - Processed game on 2024-12-16 between SAC and DEN.
[2025-06-21T19:08:10.026+0000] {etl_pipeline.py:191} INFO - Processed game on 2024-12-16 between LAC and UTA.
[2025-06-21T19:08:16.715+0000] {etl_pipeline.py:191} INFO - Processed game on 2024-12-17 between OKC and MIL.
[2025-06-21T19:08:23.741+0000] {etl_pipeline.py:191} INFO - Processed game on 2024-12-19 between DET and UTA.
[2025-06-21T19:08:30.493+0000] {etl_pipeline.py:191} INFO - Processed game on 2024-12-19 between ORL and OKC.
[2025-06-21T19:08:37.890+0000] {etl_pipeline.py:191} INFO - Processed game on 2024-12-19 between WAS and CHO.
[2025-06-21T19:08:44.811+0000] {etl_pipeline.py:191} INFO - Processed game on 2024-12-19 between BOS and CHI.
[2025-06-21T19:08:51.754+0000] {etl_pipeline.py:191} INFO - Processed game on 2024-12-19 between TOR and BRK.
[2025-06-21T19:08:58.476+0000] {etl_pipeline.py:191} INFO - Processed game on 2024-12-19 between HOU and NOP.
[2025-06-21T19:09:05.426+0000] {etl_pipeline.py:191} INFO - Processed game on 2024-12-19 between MEM and GSW.
[2025-06-21T19:09:12.155+0000] {etl_pipeline.py:191} INFO - Processed game on 2024-12-19 between MIN and NYK.
[2025-06-21T19:09:18.998+0000] {etl_pipeline.py:191} INFO - Processed game on 2024-12-19 between DAL and LAC.
[2025-06-21T19:09:25.807+0000] {etl_pipeline.py:191} INFO - Processed game on 2024-12-19 between PHO and IND.
[2025-06-21T19:09:32.605+0000] {etl_pipeline.py:191} INFO - Processed game on 2024-12-19 between SAS and ATL.
[2025-06-21T19:09:39.237+0000] {etl_pipeline.py:191} INFO - Processed game on 2024-12-19 between POR and DEN.
[2025-06-21T19:09:45.890+0000] {etl_pipeline.py:191} INFO - Processed game on 2024-12-19 between SAC and LAL.
[2025-06-21T19:09:52.695+0000] {etl_pipeline.py:191} INFO - Processed game on 2024-12-20 between PHI and CHO.
[2025-06-21T19:09:59.560+0000] {etl_pipeline.py:191} INFO - Processed game on 2024-12-20 between CLE and MIL.
[2025-06-21T19:10:06.817+0000] {etl_pipeline.py:191} INFO - Processed game on 2024-12-20 between MIA and OKC.
[2025-06-21T19:10:13.856+0000] {etl_pipeline.py:191} INFO - Processed game on 2024-12-21 between SAC and LAL.
[2025-06-21T19:10:20.639+0000] {etl_pipeline.py:191} INFO - Processed game on 2024-12-21 between ORL and MIA.
[2025-06-21T19:10:27.322+0000] {etl_pipeline.py:191} INFO - Processed game on 2024-12-21 between ATL and MEM.
[2025-06-21T19:10:34.241+0000] {etl_pipeline.py:191} INFO - Processed game on 2024-12-21 between BRK and UTA.
[2025-06-21T19:10:40.980+0000] {etl_pipeline.py:191} INFO - Processed game on 2024-12-21 between CLE and PHI.
[2025-06-21T19:10:47.738+0000] {etl_pipeline.py:191} INFO - Processed game on 2024-12-21 between CHI and BOS.
[2025-06-21T19:10:54.423+0000] {etl_pipeline.py:191} INFO - Processed game on 2024-12-21 between MIL and WAS.
[2025-06-21T19:11:01.221+0000] {etl_pipeline.py:191} INFO - Processed game on 2024-12-21 between MIN and GSW.
[2025-06-21T19:11:08.121+0000] {etl_pipeline.py:191} INFO - Processed game on 2024-12-21 between NOP and NYK.
[2025-06-21T19:11:14.829+0000] {etl_pipeline.py:191} INFO - Processed game on 2024-12-21 between DAL and LAC.
[2025-06-21T19:11:21.703+0000] {etl_pipeline.py:191} INFO - Processed game on 2024-12-21 between SAS and POR.
[2025-06-21T19:11:28.311+0000] {etl_pipeline.py:191} INFO - Processed game on 2024-12-21 between PHO and DET.
[2025-06-21T19:11:35.320+0000] {etl_pipeline.py:191} INFO - Processed game on 2024-12-22 between TOR and HOU.
[2025-06-21T19:11:42.253+0000] {etl_pipeline.py:191} INFO - Processed game on 2024-12-22 between SAC and IND.
[2025-06-21T19:11:49.067+0000] {etl_pipeline.py:191} INFO - Processed game on 2024-12-22 between NOP and DEN.
[2025-06-21T19:11:56.169+0000] {etl_pipeline.py:191} INFO - Processed game on 2024-12-23 between CHO and HOU.
[2025-06-21T19:12:03.082+0000] {etl_pipeline.py:191} INFO - Processed game on 2024-12-23 between CLE and UTA.
[2025-06-21T19:12:10.216+0000] {etl_pipeline.py:191} INFO - Processed game on 2024-12-23 between ORL and BOS.
[2025-06-21T19:12:17.047+0000] {etl_pipeline.py:191} INFO - Processed game on 2024-12-23 between PHI and SAS.
[2025-06-21T19:12:23.747+0000] {etl_pipeline.py:191} INFO - Processed game on 2024-12-23 between ATL and MIN.
[2025-06-21T19:12:30.435+0000] {etl_pipeline.py:191} INFO - Processed game on 2024-12-23 between MIA and BRK.
[2025-06-21T19:12:37.267+0000] {etl_pipeline.py:191} INFO - Processed game on 2024-12-23 between NYK and TOR.
[2025-06-21T19:12:43.924+0000] {etl_pipeline.py:191} INFO - Processed game on 2024-12-23 between CHI and MIL.
[2025-06-21T19:12:51.078+0000] {etl_pipeline.py:191} INFO - Processed game on 2024-12-23 between MEM and LAC.
[2025-06-21T19:12:57.827+0000] {etl_pipeline.py:191} INFO - Processed game on 2024-12-23 between OKC and WAS.
[2025-06-21T19:13:04.670+0000] {etl_pipeline.py:191} INFO - Processed game on 2024-12-23 between DAL and POR.
[2025-06-21T19:13:11.396+0000] {etl_pipeline.py:191} INFO - Processed game on 2024-12-23 between DEN and PHO.
[2025-06-21T19:13:18.193+0000] {etl_pipeline.py:191} INFO - Processed game on 2024-12-23 between GSW and IND.
[2025-06-21T19:13:24.894+0000] {etl_pipeline.py:191} INFO - Processed game on 2024-12-23 between LAL and DET.
[2025-06-21T19:13:32.415+0000] {etl_pipeline.py:191} INFO - Processed game on 2024-12-25 between NYK and SAS.
[2025-06-21T19:13:39.237+0000] {etl_pipeline.py:191} INFO - Processed game on 2024-12-25 between DAL and MIN.
[2025-06-21T19:13:46.109+0000] {etl_pipeline.py:191} INFO - Processed game on 2024-12-25 between BOS and PHI.
[2025-06-21T19:13:52.835+0000] {etl_pipeline.py:191} INFO - Processed game on 2024-12-25 between GSW and LAL.
[2025-06-21T19:13:59.482+0000] {etl_pipeline.py:191} INFO - Processed game on 2024-12-25 between PHO and DEN.
[2025-06-21T19:14:06.768+0000] {etl_pipeline.py:191} INFO - Processed game on 2024-12-26 between IND and OKC.
[2025-06-21T19:14:13.363+0000] {etl_pipeline.py:191} INFO - Processed game on 2024-12-26 between ORL and MIA.
[2025-06-21T19:14:19.963+0000] {etl_pipeline.py:191} INFO - Processed game on 2024-12-26 between WAS and CHO.
[2025-06-21T19:14:26.832+0000] {etl_pipeline.py:191} INFO - Processed game on 2024-12-26 between ATL and CHI.
[2025-06-21T19:14:33.644+0000] {etl_pipeline.py:191} INFO - Processed game on 2024-12-26 between MEM and TOR.
[2025-06-21T19:14:40.483+0000] {etl_pipeline.py:191} INFO - Processed game on 2024-12-26 between MIL and BRK.
[2025-06-21T19:14:47.163+0000] {etl_pipeline.py:191} INFO - Processed game on 2024-12-26 between NOP and HOU.
[2025-06-21T19:14:53.890+0000] {etl_pipeline.py:191} INFO - Processed game on 2024-12-26 between POR and UTA.
[2025-06-21T19:15:00.523+0000] {etl_pipeline.py:191} INFO - Processed game on 2024-12-26 between SAC and DET.
[2025-06-21T19:15:07.467+0000] {etl_pipeline.py:191} INFO - Processed game on 2024-12-27 between ORL and NYK.
[2025-06-21T19:15:14.185+0000] {etl_pipeline.py:191} INFO - Processed game on 2024-12-27 between BOS and IND.
[2025-06-21T19:15:21.086+0000] {etl_pipeline.py:191} INFO - Processed game on 2024-12-27 between BRK and SAS.
[2025-06-21T19:15:27.885+0000] {etl_pipeline.py:191} INFO - Processed game on 2024-12-27 between HOU and MIN.
[2025-06-21T19:15:34.692+0000] {etl_pipeline.py:191} INFO - Processed game on 2024-12-27 between NOP and MEM.
[2025-06-21T19:15:41.427+0000] {etl_pipeline.py:191} INFO - Processed game on 2024-12-27 between DEN and CLE.
[2025-06-21T19:15:48.038+0000] {etl_pipeline.py:191} INFO - Processed game on 2024-12-27 between PHO and DAL.
[2025-06-21T19:15:54.707+0000] {etl_pipeline.py:191} INFO - Processed game on 2024-12-27 between LAC and GSW.
[2025-06-21T19:16:01.552+0000] {etl_pipeline.py:191} INFO - Processed game on 2024-12-28 between ATL and MIA.
[2025-06-21T19:16:08.526+0000] {etl_pipeline.py:191} INFO - Processed game on 2024-12-28 between CHO and OKC.
[2025-06-21T19:16:15.182+0000] {etl_pipeline.py:191} INFO - Processed game on 2024-12-28 between WAS and NYK.
[2025-06-21T19:16:21.872+0000] {etl_pipeline.py:191} INFO - Processed game on 2024-12-28 between CHI and MIL.
[2025-06-21T19:16:28.625+0000] {etl_pipeline.py:191} INFO - Processed game on 2024-12-28 between GSW and PHO.
[2025-06-21T19:16:35.272+0000] {etl_pipeline.py:191} INFO - Processed game on 2024-12-28 between DEN and DET.
[2025-06-21T19:16:42.090+0000] {etl_pipeline.py:191} INFO - Processed game on 2024-12-28 between UTA and PHI.
[2025-06-21T19:16:48.977+0000] {etl_pipeline.py:191} INFO - Processed game on 2024-12-28 between POR and DAL.
[2025-06-21T19:16:55.607+0000] {etl_pipeline.py:191} INFO - Processed game on 2024-12-28 between LAL and SAC.
[2025-06-21T19:17:02.381+0000] {etl_pipeline.py:191} INFO - Processed game on 2024-12-29 between ORL and BRK.
[2025-06-21T19:17:09.005+0000] {etl_pipeline.py:191} INFO - Processed game on 2024-12-29 between BOS and IND.
[2025-06-21T19:17:15.876+0000] {etl_pipeline.py:191} INFO - Processed game on 2024-12-29 between TOR and ATL.
[2025-06-21T19:17:22.473+0000] {etl_pipeline.py:191} INFO - Processed game on 2024-12-29 between HOU and MIA.
[2025-06-21T19:17:29.239+0000] {etl_pipeline.py:191} INFO - Processed game on 2024-12-29 between OKC and MEM.
[2025-06-21T19:17:35.936+0000] {etl_pipeline.py:191} INFO - Processed game on 2024-12-29 between MIN and SAS.
[2025-06-21T19:17:42.976+0000] {etl_pipeline.py:191} INFO - Processed game on 2024-12-30 between CHO and CHI.
[2025-06-21T19:17:49.787+0000] {etl_pipeline.py:191} INFO - Processed game on 2024-12-30 between WAS and NYK.
[2025-06-21T19:17:56.445+0000] {etl_pipeline.py:191} INFO - Processed game on 2024-12-30 between NOP and LAC.
[2025-06-21T19:18:03.144+0000] {etl_pipeline.py:191} INFO - Processed game on 2024-12-30 between UTA and DEN.
[2025-06-21T19:18:09.887+0000] {etl_pipeline.py:191} INFO - Processed game on 2024-12-30 between GSW and CLE.
[2025-06-21T19:18:16.667+0000] {etl_pipeline.py:191} INFO - Processed game on 2024-12-30 between POR and PHI.
[2025-06-21T19:18:23.561+0000] {etl_pipeline.py:191} INFO - Processed game on 2024-12-30 between SAC and DAL.
[2025-06-21T19:18:30.378+0000] {etl_pipeline.py:191} INFO - Processed game on 2024-12-31 between BOS and TOR.
[2025-06-21T19:18:37.114+0000] {etl_pipeline.py:191} INFO - Processed game on 2024-12-31 between IND and MIL.
[2025-06-21T19:18:44.028+0000] {etl_pipeline.py:191} INFO - Processed game on 2024-12-31 between SAS and LAC.
[2025-06-21T19:18:51.353+0000] {etl_pipeline.py:191} INFO - Processed game on 2024-12-31 between OKC and MIN.
[2025-06-21T19:18:58.946+0000] {etl_pipeline.py:191} INFO - Processed game on 2024-12-31 between PHO and MEM.
[2025-06-21T19:19:05.853+0000] {etl_pipeline.py:191} INFO - Processed game on 2024-12-31 between LAL and CLE.
[2025-06-21T19:19:12.865+0000] {etl_pipeline.py:191} INFO - Processed game on 2025-01-01 between DET and ORL.
[2025-06-21T19:19:19.668+0000] {etl_pipeline.py:191} INFO - Processed game on 2025-01-01 between WAS and CHI.
[2025-06-21T19:19:27.604+0000] {etl_pipeline.py:191} INFO - Processed game on 2025-01-01 between MIA and NOP.
[2025-06-21T19:19:34.565+0000] {etl_pipeline.py:191} INFO - Processed game on 2025-01-01 between NYK and UTA.
[2025-06-21T19:19:41.585+0000] {etl_pipeline.py:191} INFO - Processed game on 2025-01-01 between TOR and BRK.
[2025-06-21T19:19:48.491+0000] {etl_pipeline.py:191} INFO - Processed game on 2025-01-01 between HOU and DAL.
[2025-06-21T19:19:55.751+0000] {etl_pipeline.py:191} INFO - Processed game on 2025-01-01 between DEN and ATL.
[2025-06-21T19:20:02.800+0000] {etl_pipeline.py:191} INFO - Processed game on 2025-01-01 between SAC and PHI.
[2025-06-21T19:20:09.922+0000] {etl_pipeline.py:191} INFO - Processed game on 2025-01-02 between MIA and IND.
[2025-06-21T19:20:17.202+0000] {etl_pipeline.py:191} INFO - Processed game on 2025-01-02 between MIN and BOS.
[2025-06-21T19:20:24.236+0000] {etl_pipeline.py:191} INFO - Processed game on 2025-01-02 between MIL and BRK.
[2025-06-21T19:20:31.394+0000] {etl_pipeline.py:191} INFO - Processed game on 2025-01-02 between OKC and LAC.
[2025-06-21T19:20:38.147+0000] {etl_pipeline.py:191} INFO - Processed game on 2025-01-02 between GSW and PHI.
[2025-06-21T19:20:45.282+0000] {etl_pipeline.py:191} INFO - Processed game on 2025-01-02 between LAL and POR.
[2025-06-21T19:20:52.167+0000] {etl_pipeline.py:191} INFO - Processed game on 2025-01-03 between DET and CHO.
[2025-06-21T19:20:59.066+0000] {etl_pipeline.py:191} INFO - Processed game on 2025-01-03 between TOR and ORL.
[2025-06-21T19:21:06.094+0000] {etl_pipeline.py:191} INFO - Processed game on 2025-01-03 between HOU and BOS.
[2025-06-21T19:21:12.998+0000] {etl_pipeline.py:191} INFO - Processed game on 2025-01-03 between NOP and WAS.
[2025-06-21T19:21:19.883+0000] {etl_pipeline.py:191} INFO - Processed game on 2025-01-03 between OKC and NYK.
[2025-06-21T19:21:26.946+0000] {etl_pipeline.py:191} INFO - Processed game on 2025-01-03 between DAL and CLE.
[2025-06-21T19:21:34.318+0000] {etl_pipeline.py:191} INFO - Processed game on 2025-01-03 between DEN and SAS.
[2025-06-21T19:21:41.043+0000] {etl_pipeline.py:191} INFO - Processed game on 2025-01-03 between SAC and MEM.
[2025-06-21T19:21:48.090+0000] {etl_pipeline.py:191} INFO - Processed game on 2025-01-03 between LAL and ATL.
[2025-06-21T19:21:55.063+0000] {etl_pipeline.py:191} INFO - Processed game on 2025-01-04 between BRK and PHI.
[2025-06-21T19:22:01.781+0000] {etl_pipeline.py:191} INFO - Processed game on 2025-01-04 between DET and MIN.
[2025-06-21T19:22:09.130+0000] {etl_pipeline.py:191} INFO - Processed game on 2025-01-04 between IND and PHO.
[2025-06-21T19:22:16.030+0000] {etl_pipeline.py:191} INFO - Processed game on 2025-01-04 between MIA and UTA.
[2025-06-21T19:22:22.947+0000] {etl_pipeline.py:191} INFO - Processed game on 2025-01-04 between CHI and NYK.
[2025-06-21T19:22:29.783+0000] {etl_pipeline.py:191} INFO - Processed game on 2025-01-04 between MIL and POR.
[2025-06-21T19:22:37.057+0000] {etl_pipeline.py:191} INFO - Processed game on 2025-01-04 between SAS and DEN.
[2025-06-21T19:22:44.180+0000] {etl_pipeline.py:191} INFO - Processed game on 2025-01-04 between GSW and MEM.
[2025-06-21T19:22:50.873+0000] {etl_pipeline.py:191} INFO - Processed game on 2025-01-04 between LAC and ATL.
[2025-06-21T19:22:58.135+0000] {etl_pipeline.py:191} INFO - Processed game on 2025-01-05 between OKC and BOS.
[2025-06-21T19:23:04.886+0000] {etl_pipeline.py:191} INFO - Processed game on 2025-01-05 between CLE and CHO.
[2025-06-21T19:23:12.439+0000] {etl_pipeline.py:191} INFO - Processed game on 2025-01-05 between WAS and NOP.
[2025-06-21T19:23:19.426+0000] {etl_pipeline.py:191} INFO - Processed game on 2025-01-05 between ORL and UTA.
[2025-06-21T19:23:26.351+0000] {etl_pipeline.py:191} INFO - Processed game on 2025-01-05 between HOU and LAL.
[2025-06-21T19:23:33.179+0000] {etl_pipeline.py:191} INFO - Processed game on 2025-01-05 between GSW and SAC.
[2025-06-21T19:23:40.150+0000] {etl_pipeline.py:191} INFO - Processed game on 2025-01-06 between DET and POR.
[2025-06-21T19:23:47.368+0000] {etl_pipeline.py:191} INFO - Processed game on 2025-01-06 between PHI and PHO.
[2025-06-21T19:23:54.167+0000] {etl_pipeline.py:191} INFO - Processed game on 2025-01-06 between BRK and IND.
[2025-06-21T19:24:01.067+0000] {etl_pipeline.py:191} INFO - Processed game on 2025-01-06 between NYK and ORL.
[2025-06-21T19:24:07.919+0000] {etl_pipeline.py:191} INFO - Processed game on 2025-01-06 between TOR and MIL.
[2025-06-21T19:24:14.827+0000] {etl_pipeline.py:191} INFO - Processed game on 2025-01-06 between CHI and SAS.
[2025-06-21T19:24:22.116+0000] {etl_pipeline.py:191} INFO - Processed game on 2025-01-06 between MEM and DAL.
[2025-06-21T19:24:28.855+0000] {etl_pipeline.py:191} INFO - Processed game on 2025-01-06 between MIN and LAC.
[2025-06-21T19:24:35.856+0000] {etl_pipeline.py:191} INFO - Processed game on 2025-01-06 between SAC and MIA.
[2025-06-21T19:24:42.828+0000] {etl_pipeline.py:191} INFO - Processed game on 2025-01-07 between CHO and PHO.
[2025-06-21T19:24:49.858+0000] {etl_pipeline.py:191} INFO - Processed game on 2025-01-07 between WAS and HOU.
[2025-06-21T19:24:56.946+0000] {etl_pipeline.py:191} INFO - Processed game on 2025-01-07 between DAL and LAL.
[2025-06-21T19:25:03.752+0000] {etl_pipeline.py:191} INFO - Processed game on 2025-01-07 between NOP and MIN.
[2025-06-21T19:25:10.604+0000] {etl_pipeline.py:191} INFO - Processed game on 2025-01-07 between UTA and ATL.
[2025-06-21T19:25:17.388+0000] {etl_pipeline.py:191} INFO - Processed game on 2025-01-07 between DEN and BOS.
[2025-06-21T19:25:24.449+0000] {etl_pipeline.py:191} INFO - Processed game on 2025-01-07 between GSW and MIA.
[2025-06-21T19:25:31.633+0000] {etl_pipeline.py:191} INFO - Processed game on 2025-01-08 between CLE and OKC.
[2025-06-21T19:25:38.560+0000] {etl_pipeline.py:191} INFO - Processed game on 2025-01-08 between IND and CHI.
[2025-06-21T19:25:45.450+0000] {etl_pipeline.py:191} INFO - Processed game on 2025-01-08 between NYK and TOR.
[2025-06-21T19:25:52.546+0000] {etl_pipeline.py:191} INFO - Processed game on 2025-01-08 between PHI and WAS.
[2025-06-21T19:25:59.873+0000] {etl_pipeline.py:191} INFO - Processed game on 2025-01-08 between BRK and DET.
[2025-06-21T19:26:07.133+0000] {etl_pipeline.py:191} INFO - Processed game on 2025-01-08 between NOP and POR.
[2025-06-21T19:26:13.833+0000] {etl_pipeline.py:191} INFO - Processed game on 2025-01-08 between DEN and LAC.
[2025-06-21T19:26:20.552+0000] {etl_pipeline.py:191} INFO - Processed game on 2025-01-08 between MIL and SAS.
[2025-06-21T19:26:27.635+0000] {etl_pipeline.py:191} INFO - Processed game on 2025-01-09 between CLE and TOR.
[2025-06-21T19:26:35.200+0000] {etl_pipeline.py:191} INFO - Processed game on 2025-01-09 between DET and GSW.
[2025-06-21T19:26:42.029+0000] {etl_pipeline.py:191} INFO - Processed game on 2025-01-09 between ORL and MIN.
[2025-06-21T19:26:48.780+0000] {etl_pipeline.py:191} INFO - Processed game on 2025-01-09 between MEM and HOU.
[2025-06-21T19:26:55.580+0000] {etl_pipeline.py:191} INFO - Processed game on 2025-01-09 between DAL and POR.
[2025-06-21T19:27:02.356+0000] {etl_pipeline.py:191} INFO - Processed game on 2025-01-09 between PHO and ATL.
[2025-06-21T19:27:09.504+0000] {etl_pipeline.py:191} INFO - Processed game on 2025-01-09 between UTA and MIA.
[2025-06-21T19:27:16.680+0000] {etl_pipeline.py:191} INFO - Processed game on 2025-01-10 between IND and GSW.
[2025-06-21T19:27:23.680+0000] {etl_pipeline.py:191} INFO - Processed game on 2025-01-10 between ORL and MIL.
[2025-06-21T19:27:30.502+0000] {etl_pipeline.py:191} INFO - Processed game on 2025-01-10 between PHI and NOP.
[2025-06-21T19:27:37.660+0000] {etl_pipeline.py:191} INFO - Processed game on 2025-01-10 between BOS and SAC.
[2025-06-21T19:27:44.755+0000] {etl_pipeline.py:191} INFO - Processed game on 2025-01-10 between NYK and OKC.
[2025-06-21T19:27:51.834+0000] {etl_pipeline.py:191} INFO - Processed game on 2025-01-10 between CHI and WAS.
[2025-06-21T19:27:58.647+0000] {etl_pipeline.py:191} INFO - Processed game on 2025-01-10 between DEN and BRK.
[2025-06-21T19:28:05.628+0000] {etl_pipeline.py:191} INFO - Processed game on 2025-01-11 between PHO and UTA.
[2025-06-21T19:28:12.456+0000] {etl_pipeline.py:191} INFO - Processed game on 2025-01-11 between DET and TOR.
[2025-06-21T19:28:19.554+0000] {etl_pipeline.py:191} INFO - Processed game on 2025-01-11 between MIN and MEM.
[2025-06-21T19:28:26.334+0000] {etl_pipeline.py:191} INFO - Processed game on 2025-01-11 between POR and MIA.
[2025-06-21T19:28:33.312+0000] {etl_pipeline.py:191} INFO - Processed game on 2025-01-12 between NYK and MIL.
[2025-06-21T19:28:40.262+0000] {etl_pipeline.py:191} INFO - Processed game on 2025-01-12 between DAL and DEN.
[2025-06-21T19:28:47.229+0000] {etl_pipeline.py:191} INFO - Processed game on 2025-01-12 between CHI and SAC.
[2025-06-21T19:28:54.629+0000] {etl_pipeline.py:191} INFO - Processed game on 2025-01-12 between BOS and NOP.
[2025-06-21T19:29:01.807+0000] {etl_pipeline.py:191} INFO - Processed game on 2025-01-12 between CLE and IND.
[2025-06-21T19:29:08.598+0000] {etl_pipeline.py:191} INFO - Processed game on 2025-01-12 between ORL and PHI.
[2025-06-21T19:29:15.576+0000] {etl_pipeline.py:191} INFO - Processed game on 2025-01-12 between WAS and OKC.
[2025-06-21T19:29:22.413+0000] {etl_pipeline.py:191} INFO - Processed game on 2025-01-12 between UTA and BRK.
[2025-06-21T19:29:29.776+0000] {etl_pipeline.py:191} INFO - Processed game on 2025-01-12 between PHO and CHO.
[2025-06-21T19:29:36.714+0000] {etl_pipeline.py:191} INFO - Processed game on 2025-01-13 between WAS and MIN.
[2025-06-21T19:29:43.377+0000] {etl_pipeline.py:191} INFO - Processed game on 2025-01-13 between NYK and DET.
[2025-06-21T19:29:50.321+0000] {etl_pipeline.py:191} INFO - Processed game on 2025-01-13 between TOR and GSW.
[2025-06-21T19:29:57.011+0000] {etl_pipeline.py:191} INFO - Processed game on 2025-01-13 between HOU and MEM.
[2025-06-21T19:30:04.308+0000] {etl_pipeline.py:191} INFO - Processed game on 2025-01-13 between LAL and SAS.
[2025-06-21T19:30:11.353+0000] {etl_pipeline.py:191} INFO - Processed game on 2025-01-13 between LAC and MIA.
[2025-06-21T19:30:18.441+0000] {etl_pipeline.py:191} INFO - Processed game on 2025-01-14 between IND and CLE.
[2025-06-21T19:30:25.207+0000] {etl_pipeline.py:191} INFO - Processed game on 2025-01-14 between PHI and OKC.
[2025-06-21T19:30:32.143+0000] {etl_pipeline.py:191} INFO - Processed game on 2025-01-14 between ATL and PHO.
[2025-06-21T19:30:39.377+0000] {etl_pipeline.py:191} INFO - Processed game on 2025-01-14 between CHI and NOP.
[2025-06-21T19:30:46.666+0000] {etl_pipeline.py:191} INFO - Processed game on 2025-01-14 between MIL and SAC.
[2025-06-21T19:30:53.707+0000] {etl_pipeline.py:191} INFO - Processed game on 2025-01-14 between DAL and DEN.
[2025-06-21T19:31:00.448+0000] {etl_pipeline.py:191} INFO - Processed game on 2025-01-14 between POR and BRK.
[2025-06-21T19:31:07.887+0000] {etl_pipeline.py:191} INFO - Processed game on 2025-01-15 between PHI and NYK.
[2025-06-21T19:31:15.127+0000] {etl_pipeline.py:191} INFO - Processed game on 2025-01-15 between TOR and BOS.
[2025-06-21T19:31:22.704+0000] {etl_pipeline.py:191} INFO - Processed game on 2025-01-15 between CHI and ATL.
[2025-06-21T19:31:29.609+0000] {etl_pipeline.py:191} INFO - Processed game on 2025-01-15 between MIL and ORL.
[2025-06-21T19:31:36.381+0000] {etl_pipeline.py:191} INFO - Processed game on 2025-01-15 between MIN and GSW.
[2025-06-21T19:31:43.226+0000] {etl_pipeline.py:191} INFO - Processed game on 2025-01-15 between NOP and DAL.
[2025-06-21T19:31:50.598+0000] {etl_pipeline.py:191} INFO - Processed game on 2025-01-15 between SAS and MEM.
[2025-06-21T19:31:57.953+0000] {etl_pipeline.py:191} INFO - Processed game on 2025-01-15 between DEN and HOU.
[2025-06-21T19:32:04.961+0000] {etl_pipeline.py:191} INFO - Processed game on 2025-01-15 between UTA and CHO.
[2025-06-21T19:32:12.228+0000] {etl_pipeline.py:191} INFO - Processed game on 2025-01-15 between LAL and MIA.
[2025-06-21T19:32:19.237+0000] {etl_pipeline.py:191} INFO - Processed game on 2025-01-15 between LAC and BRK.
[2025-06-21T19:32:26.115+0000] {etl_pipeline.py:191} INFO - Processed game on 2025-01-16 between DET and IND.
[2025-06-21T19:32:33.045+0000] {etl_pipeline.py:191} INFO - Processed game on 2025-01-16 between WAS and PHO.
[2025-06-21T19:32:39.864+0000] {etl_pipeline.py:191} INFO - Processed game on 2025-01-16 between OKC and CLE.
[2025-06-21T19:32:46.567+0000] {etl_pipeline.py:191} INFO - Processed game on 2025-01-16 between POR and LAC.
[2025-06-21T19:32:53.304+0000] {etl_pipeline.py:191} INFO - Processed game on 2025-01-16 between SAC and HOU.
[2025-06-21T19:33:00.665+0000] {etl_pipeline.py:191} INFO - Processed game on 2025-01-17 between BOS and ORL.
[2025-06-21T19:33:07.916+0000] {etl_pipeline.py:191} INFO - Processed game on 2025-01-17 between NYK and MIN.
[2025-06-21T19:33:14.930+0000] {etl_pipeline.py:191} INFO - Processed game on 2025-01-17 between MIA and DEN.
[2025-06-21T19:33:21.850+0000] {etl_pipeline.py:191} INFO - Processed game on 2025-01-17 between MIL and TOR.
[2025-06-21T19:33:28.598+0000] {etl_pipeline.py:191} INFO - Processed game on 2025-01-17 between NOP and UTA.
[2025-06-21T19:33:35.928+0000] {etl_pipeline.py:191} INFO - Processed game on 2025-01-17 between SAS and MEM.
[2025-06-21T19:33:42.752+0000] {etl_pipeline.py:191} INFO - Processed game on 2025-01-17 between DAL and OKC.
[2025-06-21T19:33:49.704+0000] {etl_pipeline.py:191} INFO - Processed game on 2025-01-17 between CHI and CHO.
[2025-06-21T19:33:56.438+0000] {etl_pipeline.py:191} INFO - Processed game on 2025-01-17 between LAL and BRK.
[2025-06-21T19:34:03.688+0000] {etl_pipeline.py:191} INFO - Processed game on 2025-01-18 between DET and PHO.
[2025-06-21T19:34:10.752+0000] {etl_pipeline.py:191} INFO - Processed game on 2025-01-18 between BOS and ATL.
[2025-06-21T19:34:18.312+0000] {etl_pipeline.py:191} INFO - Processed game on 2025-01-18 between IND and PHI.
[2025-06-21T19:34:25.205+0000] {etl_pipeline.py:191} INFO - Processed game on 2025-01-18 between GSW and WAS.
[2025-06-21T19:34:32.038+0000] {etl_pipeline.py:191} INFO - Processed game on 2025-01-18 between MIN and CLE.
[2025-06-21T19:34:39.104+0000] {etl_pipeline.py:191} INFO - Processed game on 2025-01-18 between POR and HOU.
[2025-06-21T19:34:46.342+0000] {etl_pipeline.py:191} INFO - Processed game on 2025-01-19 between MIA and SAS.
[2025-06-21T19:34:53.102+0000] {etl_pipeline.py:191} INFO - Processed game on 2025-01-19 between ORL and DEN.
[2025-06-21T19:34:59.906+0000] {etl_pipeline.py:191} INFO - Processed game on 2025-01-19 between MIL and PHI.
[2025-06-21T19:35:06.990+0000] {etl_pipeline.py:191} INFO - Processed game on 2025-01-19 between OKC and BRK.
[2025-06-21T19:35:13.887+0000] {etl_pipeline.py:191} INFO - Processed game on 2025-01-19 between LAC and LAL.
[2025-06-21T19:35:21.087+0000] {etl_pipeline.py:191} INFO - Processed game on 2025-01-19 between POR and CHI.
[2025-06-21T19:35:28.400+0000] {etl_pipeline.py:191} INFO - Processed game on 2025-01-19 between SAC and WAS.
[2025-06-21T19:35:35.358+0000] {etl_pipeline.py:191} INFO - Processed game on 2025-01-20 between CHO and DAL.
[2025-06-21T19:35:42.336+0000] {etl_pipeline.py:191} INFO - Processed game on 2025-01-20 between HOU and DET.
[2025-06-21T19:35:49.289+0000] {etl_pipeline.py:191} INFO - Processed game on 2025-01-20 between MEM and MIN.
[2025-06-21T19:35:56.305+0000] {etl_pipeline.py:191} INFO - Processed game on 2025-01-20 between NYK and ATL.
[2025-06-21T19:36:03.514+0000] {etl_pipeline.py:191} INFO - Processed game on 2025-01-20 between CLE and PHO.
[2025-06-21T19:36:10.342+0000] {etl_pipeline.py:191} INFO - Processed game on 2025-01-20 between GSW and BOS.
[2025-06-21T19:36:17.112+0000] {etl_pipeline.py:191} INFO - Processed game on 2025-01-20 between NOP and UTA.
[2025-06-21T19:36:24.238+0000] {etl_pipeline.py:191} INFO - Processed game on 2025-01-20 between LAC and CHI.
[2025-06-21T19:36:32.130+0000] {etl_pipeline.py:191} INFO - Processed game on 2025-01-21 between BRK and NYK.
[2025-06-21T19:36:39.032+0000] {etl_pipeline.py:191} INFO - Processed game on 2025-01-21 between MIA and POR.
[2025-06-21T19:36:46.037+0000] {etl_pipeline.py:191} INFO - Processed game on 2025-01-21 between TOR and ORL.
[2025-06-21T19:36:52.919+0000] {etl_pipeline.py:191} INFO - Processed game on 2025-01-21 between DEN and PHI.
[2025-06-21T19:36:59.832+0000] {etl_pipeline.py:191} INFO - Processed game on 2025-01-21 between LAL and WAS.
[2025-06-21T19:37:07.221+0000] {etl_pipeline.py:191} INFO - Processed game on 2025-01-22 between ATL and DET.
[2025-06-21T19:37:13.978+0000] {etl_pipeline.py:191} INFO - Processed game on 2025-01-22 between BRK and PHO.
[2025-06-21T19:37:20.664+0000] {etl_pipeline.py:191} INFO - Processed game on 2025-01-22 between DAL and MIN.
[2025-06-21T19:37:27.752+0000] {etl_pipeline.py:191} INFO - Processed game on 2025-01-22 between HOU and CLE.
[2025-06-21T19:37:35.124+0000] {etl_pipeline.py:191} INFO - Processed game on 2025-01-22 between MEM and CHO.
[2025-06-21T19:37:42.359+0000] {etl_pipeline.py:191} INFO - Processed game on 2025-01-22 between OKC and UTA.
[2025-06-21T19:37:49.300+0000] {etl_pipeline.py:191} INFO - Processed game on 2025-01-22 between SAC and GSW.
[2025-06-21T19:37:56.079+0000] {etl_pipeline.py:191} INFO - Processed game on 2025-01-22 between LAC and BOS.
[2025-06-21T19:38:03.181+0000] {etl_pipeline.py:191} INFO - Processed game on 2025-01-23 between IND and SAS.
[2025-06-21T19:38:10.146+0000] {etl_pipeline.py:191} INFO - Processed game on 2025-01-23 between ORL and POR.
[2025-06-21T19:38:17.192+0000] {etl_pipeline.py:191} INFO - Processed game on 2025-01-23 between ATL and TOR.
[2025-06-21T19:38:24.081+0000] {etl_pipeline.py:191} INFO - Processed game on 2025-01-23 between MIL and MIA.
[2025-06-21T19:38:31.060+0000] {etl_pipeline.py:191} INFO - Processed game on 2025-01-23 between OKC and DAL.
[2025-06-21T19:38:40.314+0000] {etl_pipeline.py:191} INFO - Processed game on 2025-01-23 between DEN and SAC.
[2025-06-21T19:38:47.122+0000] {etl_pipeline.py:191} INFO - Processed game on 2025-01-23 between GSW and CHI.
[2025-06-21T19:38:54.352+0000] {etl_pipeline.py:191} INFO - Processed game on 2025-01-23 between LAL and BOS.
[2025-06-21T19:39:01.498+0000] {etl_pipeline.py:191} INFO - Processed game on 2025-01-23 between LAC and WAS.
[2025-06-21T19:39:08.919+0000] {etl_pipeline.py:191} INFO - Processed game on 2025-01-24 between CHO and POR.
[2025-06-21T19:39:15.670+0000] {etl_pipeline.py:191} INFO - Processed game on 2025-01-24 between PHI and CLE.
[2025-06-21T19:39:22.803+0000] {etl_pipeline.py:191} INFO - Processed game on 2025-01-24 between MEM and NOP.
[2025-06-21T19:39:30.052+0000] {etl_pipeline.py:191} INFO - Processed game on 2025-01-25 between SAS and IND.
[2025-06-21T19:39:37.033+0000] {etl_pipeline.py:191} INFO - Processed game on 2025-01-25 between MIN and DEN.
[2025-06-21T19:39:43.947+0000] {etl_pipeline.py:191} INFO - Processed game on 2025-01-25 between DAL and BOS.
[2025-06-21T19:39:50.780+0000] {etl_pipeline.py:191} INFO - Processed game on 2025-01-25 between BRK and MIA.
[2025-06-21T19:39:57.694+0000] {etl_pipeline.py:191} INFO - Processed game on 2025-01-25 between CHO and NOP.
[2025-06-21T19:40:04.966+0000] {etl_pipeline.py:191} INFO - Processed game on 2025-01-25 between ORL and DET.
[2025-06-21T19:40:11.778+0000] {etl_pipeline.py:191} INFO - Processed game on 2025-01-25 between ATL and TOR.
[2025-06-21T19:40:18.633+0000] {etl_pipeline.py:191} INFO - Processed game on 2025-01-25 between CLE and HOU.
[2025-06-21T19:40:25.497+0000] {etl_pipeline.py:191} INFO - Processed game on 2025-01-25 between NYK and SAC.
[2025-06-21T19:40:32.615+0000] {etl_pipeline.py:191} INFO - Processed game on 2025-01-25 between CHI and PHI.
[2025-06-21T19:40:39.346+0000] {etl_pipeline.py:191} INFO - Processed game on 2025-01-25 between MEM and UTA.
[2025-06-21T19:40:46.224+0000] {etl_pipeline.py:191} INFO - Processed game on 2025-01-25 between GSW and LAL.
[2025-06-21T19:40:53.364+0000] {etl_pipeline.py:191} INFO - Processed game on 2025-01-25 between PHO and WAS.
[2025-06-21T19:41:00.530+0000] {etl_pipeline.py:191} INFO - Processed game on 2025-01-25 between LAC and MIL.
[2025-06-21T19:41:07.579+0000] {etl_pipeline.py:191} INFO - Processed game on 2025-01-26 between POR and OKC.
[2025-06-21T19:41:14.885+0000] {etl_pipeline.py:191} INFO - Processed game on 2025-01-27 between CHO and LAL.
[2025-06-21T19:41:21.818+0000] {etl_pipeline.py:191} INFO - Processed game on 2025-01-27 between CLE and DET.
[2025-06-21T19:41:28.788+0000] {etl_pipeline.py:191} INFO - Processed game on 2025-01-27 between BOS and HOU.
[2025-06-21T19:41:35.885+0000] {etl_pipeline.py:191} INFO - Processed game on 2025-01-27 between BRK and SAC.
[2025-06-21T19:41:42.691+0000] {etl_pipeline.py:191} INFO - Processed game on 2025-01-27 between MIA and ORL.
[2025-06-21T19:41:49.986+0000] {etl_pipeline.py:191} INFO - Processed game on 2025-01-27 between NYK and MEM.
[2025-06-21T19:41:56.991+0000] {etl_pipeline.py:191} INFO - Processed game on 2025-01-27 between TOR and NOP.
[2025-06-21T19:42:03.878+0000] {etl_pipeline.py:191} INFO - Processed game on 2025-01-27 between CHI and DEN.
[2025-06-21T19:42:11.117+0000] {etl_pipeline.py:191} INFO - Processed game on 2025-01-27 between MIN and ATL.
[2025-06-21T19:42:18.288+0000] {etl_pipeline.py:191} INFO - Processed game on 2025-01-27 between DAL and WAS.
[2025-06-21T19:42:25.346+0000] {etl_pipeline.py:191} INFO - Processed game on 2025-01-27 between UTA and MIL.
[2025-06-21T19:42:32.560+0000] {etl_pipeline.py:191} INFO - Processed game on 2025-01-27 between PHO and LAC.
[2025-06-21T19:42:39.860+0000] {etl_pipeline.py:191} INFO - Processed game on 2025-01-28 between ATL and HOU.
[2025-06-21T19:42:47.229+0000] {etl_pipeline.py:191} INFO - Processed game on 2025-01-28 between PHI and LAL.
[2025-06-21T19:42:54.354+0000] {etl_pipeline.py:191} INFO - Processed game on 2025-01-28 between GSW and UTA.
[2025-06-21T19:43:01.559+0000] {etl_pipeline.py:191} INFO - Processed game on 2025-01-28 between POR and MIL.
[2025-06-21T19:43:09.141+0000] {etl_pipeline.py:191} INFO - Processed game on 2025-01-29 between CHO and BRK.
[2025-06-21T19:43:16.682+0000] {etl_pipeline.py:191} INFO - Processed game on 2025-01-29 between IND and DET.
[2025-06-21T19:43:24.730+0000] {etl_pipeline.py:191} INFO - Processed game on 2025-01-29 between WAS and TOR.
[2025-06-21T19:43:32.216+0000] {etl_pipeline.py:191} INFO - Processed game on 2025-01-29 between BOS and CHI.
[2025-06-21T19:43:39.816+0000] {etl_pipeline.py:191} INFO - Processed game on 2025-01-29 between MIA and CLE.
[2025-06-21T19:43:47.395+0000] {etl_pipeline.py:191} INFO - Processed game on 2025-01-29 between NYK and DEN.
[2025-06-21T19:43:54.435+0000] {etl_pipeline.py:191} INFO - Processed game on 2025-01-29 between PHI and SAC.
[2025-06-21T19:44:01.402+0000] {etl_pipeline.py:191} INFO - Processed game on 2025-01-29 between NOP and DAL.
[2025-06-21T19:44:09.373+0000] {etl_pipeline.py:191} INFO - Processed game on 2025-01-29 between SAS and LAC.
[2025-06-21T19:44:18.218+0000] {etl_pipeline.py:191} INFO - Processed game on 2025-01-29 between PHO and MIN.
[2025-06-21T19:44:26.716+0000] {etl_pipeline.py:191} INFO - Processed game on 2025-01-29 between GSW and OKC.
[2025-06-21T19:44:46.330+0000] {etl_pipeline.py:98} INFO - Ensuring table 'stgshotchart' exists...
[2025-06-21T19:44:50.374+0000] {etl_pipeline.py:100} INFO - Table 'stgshotchart' is ready.
[2025-06-21T19:44:50.379+0000] {etl_pipeline.py:110} INFO - Truncating table stgshotchart and restarting identity columns...
[2025-06-21T19:44:56.931+0000] {etl_pipeline.py:115} INFO - Loading 123933 rows into stgshotchart...
[2025-06-21T19:44:58.610+0000] {etl_pipeline.py:120} ERROR - Database execution error: integer out of range

[2025-06-21T19:44:58.612+0000] {taskinstance.py:441} INFO - ::group::Post task execution logs
[2025-06-21T19:44:58.617+0000] {taskinstance.py:2905} ERROR - Task failed with exception
Traceback (most recent call last):
  File "/home/airflow/.local/lib/python3.9/site-packages/airflow/models/taskinstance.py", line 465, in _execute_task
    result = _execute_callable(context=context, **execute_callable_kwargs)
  File "/home/airflow/.local/lib/python3.9/site-packages/airflow/models/taskinstance.py", line 432, in _execute_callable
    return execute_callable(context=context, **execute_callable_kwargs)
  File "/home/airflow/.local/lib/python3.9/site-packages/airflow/models/baseoperator.py", line 400, in wrapper
    return func(self, *args, **kwargs)
  File "/home/airflow/.local/lib/python3.9/site-packages/airflow/operators/python.py", line 235, in execute
    return_value = self.execute_callable()
  File "/home/airflow/.local/lib/python3.9/site-packages/airflow/operators/python.py", line 252, in execute_callable
    return self.python_callable(*self.op_args, **self.op_kwargs)
  File "/opt/airflow/dags/etl_pipeline.py", line 197, in fetch_and_load_shot_chart_to_stage
    load_df_to_postgres(df=final_df, table_name=table_name, conn_string=conn_string, create_table_query=create_table_query)
  File "/opt/airflow/dags/etl_pipeline.py", line 116, in load_df_to_postgres
    execute_values(cursor, sql_query, data_tuples)
  File "/home/airflow/.local/lib/python3.9/site-packages/psycopg2/extras.py", line 1299, in execute_values
    cur.execute(b''.join(parts))
psycopg2.errors.NumericValueOutOfRange: integer out of range

[2025-06-21T19:45:01.154+0000] {taskinstance.py:1206} INFO - Marking task as UP_FOR_RETRY. dag_id=nba_etl_to_staging, task_id=fetch_shot_chart_and_load_to_stage, run_id=manual__2025-06-21T18:11:57.608096+00:00, execution_date=20250621T181157, start_date=20250621T182359, end_date=20250621T194501
[2025-06-21T19:45:01.743+0000] {standard_task_runner.py:110} ERROR - Failed to execute job 448 for task fetch_shot_chart_and_load_to_stage (integer out of range
; 6098)
[2025-06-21T19:45:01.960+0000] {local_task_job_runner.py:240} INFO - Task exited with return code 1
[2025-06-21T19:45:02.042+0000] {taskinstance.py:3498} INFO - 0 downstream tasks scheduled from follow-on schedule check
[2025-06-21T19:45:02.090+0000] {local_task_job_runner.py:222} INFO - ::endgroup::
