[2025-06-15T15:45:33.103+0000] {local_task_job_runner.py:120} INFO - ::group::Pre task execution logs
[2025-06-15T15:45:33.133+0000] {taskinstance.py:2076} INFO - Dependencies all met for dep_context=non-requeueable deps ti=<TaskInstance: nba_etl_to_postgres.fetch_schedule_and_load_to_postgres manual__2025-06-15T15:45:31.167616+00:00 [queued]>
[2025-06-15T15:45:33.143+0000] {taskinstance.py:2076} INFO - Dependencies all met for dep_context=requeueable deps ti=<TaskInstance: nba_etl_to_postgres.fetch_schedule_and_load_to_postgres manual__2025-06-15T15:45:31.167616+00:00 [queued]>
[2025-06-15T15:45:33.144+0000] {taskinstance.py:2306} INFO - Starting attempt 1 of 2
[2025-06-15T15:45:33.184+0000] {taskinstance.py:2330} INFO - Executing <Task(PythonOperator): fetch_schedule_and_load_to_postgres> on 2025-06-15 15:45:31.167616+00:00
[2025-06-15T15:45:33.190+0000] {standard_task_runner.py:63} INFO - Started process 1306 to run task
[2025-06-15T15:45:33.195+0000] {standard_task_runner.py:90} INFO - Running: ['***', 'tasks', 'run', 'nba_etl_to_postgres', 'fetch_schedule_and_load_to_postgres', 'manual__2025-06-15T15:45:31.167616+00:00', '--job-id', '39', '--raw', '--subdir', 'DAGS_FOLDER/etl_pipeline.py', '--cfg-path', '/tmp/tmp5vlhjlzq']
[2025-06-15T15:45:33.197+0000] {standard_task_runner.py:91} INFO - Job 39: Subtask fetch_schedule_and_load_to_postgres
[2025-06-15T15:45:33.297+0000] {task_command.py:426} INFO - Running <TaskInstance: nba_etl_to_postgres.fetch_schedule_and_load_to_postgres manual__2025-06-15T15:45:31.167616+00:00 [running]> on host 161b13ff210e
[2025-06-15T15:45:33.439+0000] {taskinstance.py:2648} INFO - Exporting env vars: AIRFLOW_CTX_DAG_OWNER='***' AIRFLOW_CTX_DAG_ID='nba_etl_to_postgres' AIRFLOW_CTX_TASK_ID='fetch_schedule_and_load_to_postgres' AIRFLOW_CTX_EXECUTION_DATE='2025-06-15T15:45:31.167616+00:00' AIRFLOW_CTX_TRY_NUMBER='1' AIRFLOW_CTX_DAG_RUN_ID='manual__2025-06-15T15:45:31.167616+00:00'
[2025-06-15T15:45:33.442+0000] {taskinstance.py:430} INFO - ::endgroup::
[2025-06-15T15:45:33.457+0000] {logging_mixin.py:188} INFO - Fetching schedule from NBA API...
[2025-06-15T15:45:36.996+0000] {logging_mixin.py:188} INFO - Successfully fetched and transformed 1321 games.
[2025-06-15T15:45:36.997+0000] {logging_mixin.py:188} INFO - Preparing to load data into staging table: StgSchedule
[2025-06-15T15:45:37.001+0000] {logging_mixin.py:188} INFO - Ensuring table 'StgSchedule' exists...
[2025-06-15T15:45:37.002+0000] {logging_mixin.py:188} INFO - Table 'StgSchedule' is ready.
[2025-06-15T15:45:37.005+0000] {logging_mixin.py:188} INFO - Loading 1321 rows into StgSchedule...
[2025-06-15T15:45:37.079+0000] {logging_mixin.py:188} INFO - 1321 rows loaded successfully to StgSchedule.
[2025-06-15T15:45:37.086+0000] {python.py:237} INFO - Done. Returned value was: None
[2025-06-15T15:45:37.087+0000] {taskinstance.py:441} INFO - ::group::Post task execution logs
[2025-06-15T15:45:37.095+0000] {taskinstance.py:1206} INFO - Marking task as SUCCESS. dag_id=nba_etl_to_postgres, task_id=fetch_schedule_and_load_to_postgres, run_id=manual__2025-06-15T15:45:31.167616+00:00, execution_date=20250615T154531, start_date=20250615T154533, end_date=20250615T154537
[2025-06-15T15:45:37.185+0000] {local_task_job_runner.py:240} INFO - Task exited with return code 0
[2025-06-15T15:45:37.209+0000] {taskinstance.py:3498} INFO - 1 downstream tasks scheduled from follow-on schedule check
[2025-06-15T15:45:37.230+0000] {local_task_job_runner.py:222} INFO - ::endgroup::
