[2025-06-20T18:42:29.095+0000] {local_task_job_runner.py:120} INFO - ::group::Pre task execution logs
[2025-06-20T18:42:29.179+0000] {taskinstance.py:2076} INFO - Dependencies all met for dep_context=non-requeueable deps ti=<TaskInstance: nba_etl_to_staging.fetch_schedule_and_load_to_stage manual__2025-06-20T18:42:26.806672+00:00 [queued]>
[2025-06-20T18:42:29.205+0000] {taskinstance.py:2076} INFO - Dependencies all met for dep_context=requeueable deps ti=<TaskInstance: nba_etl_to_staging.fetch_schedule_and_load_to_stage manual__2025-06-20T18:42:26.806672+00:00 [queued]>
[2025-06-20T18:42:29.207+0000] {taskinstance.py:2306} INFO - Starting attempt 1 of 2
[2025-06-20T18:42:29.286+0000] {taskinstance.py:2330} INFO - Executing <Task(PythonOperator): fetch_schedule_and_load_to_stage> on 2025-06-20 18:42:26.806672+00:00
[2025-06-20T18:42:29.298+0000] {standard_task_runner.py:63} INFO - Started process 4379 to run task
[2025-06-20T18:42:29.306+0000] {standard_task_runner.py:90} INFO - Running: ['***', 'tasks', 'run', 'nba_etl_to_staging', 'fetch_schedule_and_load_to_stage', 'manual__2025-06-20T18:42:26.806672+00:00', '--job-id', '302', '--raw', '--subdir', 'DAGS_FOLDER/etl_pipeline.py', '--cfg-path', '/tmp/tmpk0i_4bp6']
[2025-06-20T18:42:29.309+0000] {standard_task_runner.py:91} INFO - Job 302: Subtask fetch_schedule_and_load_to_stage
[2025-06-20T18:42:29.448+0000] {task_command.py:426} INFO - Running <TaskInstance: nba_etl_to_staging.fetch_schedule_and_load_to_stage manual__2025-06-20T18:42:26.806672+00:00 [running]> on host 5ea278fdf3a6
[2025-06-20T18:42:29.738+0000] {taskinstance.py:2648} INFO - Exporting env vars: AIRFLOW_CTX_DAG_OWNER='***' AIRFLOW_CTX_DAG_ID='nba_etl_to_staging' AIRFLOW_CTX_TASK_ID='fetch_schedule_and_load_to_stage' AIRFLOW_CTX_EXECUTION_DATE='2025-06-20T18:42:26.806672+00:00' AIRFLOW_CTX_TRY_NUMBER='1' AIRFLOW_CTX_DAG_RUN_ID='manual__2025-06-20T18:42:26.806672+00:00'
[2025-06-20T18:42:29.740+0000] {taskinstance.py:430} INFO - ::endgroup::
[2025-06-20T18:42:29.760+0000] {etl_pipeline.py:131} INFO - Fetching schedule from NBA API...
[2025-06-20T18:42:37.772+0000] {etl_pipeline.py:142} ERROR - Failed to fetch data from NBA API: HTTPSConnectionPool(host='cdn.nba.com', port=443): Max retries exceeded with url: /static/json/staticData/scheduleLeague+V2.json (Caused by NameResolutionError("<urllib3.connection.HTTPSConnection object at 0x71c900569880>: Failed to resolve 'cdn.nba.com' ([Errno -3] Temporary failure in name resolution)"))
[2025-06-20T18:42:37.773+0000] {taskinstance.py:441} INFO - ::group::Post task execution logs
[2025-06-20T18:42:37.773+0000] {taskinstance.py:2905} ERROR - Task failed with exception
Traceback (most recent call last):
  File "/home/airflow/.local/lib/python3.9/site-packages/urllib3/connection.py", line 198, in _new_conn
    sock = connection.create_connection(
  File "/home/airflow/.local/lib/python3.9/site-packages/urllib3/util/connection.py", line 60, in create_connection
    for res in socket.getaddrinfo(host, port, family, socket.SOCK_STREAM):
  File "/usr/local/lib/python3.9/socket.py", line 954, in getaddrinfo
    for res in _socket.getaddrinfo(host, port, family, type, proto, flags):
socket.gaierror: [Errno -3] Temporary failure in name resolution

The above exception was the direct cause of the following exception:

Traceback (most recent call last):
  File "/home/airflow/.local/lib/python3.9/site-packages/urllib3/connectionpool.py", line 787, in urlopen
    response = self._make_request(
  File "/home/airflow/.local/lib/python3.9/site-packages/urllib3/connectionpool.py", line 488, in _make_request
    raise new_e
  File "/home/airflow/.local/lib/python3.9/site-packages/urllib3/connectionpool.py", line 464, in _make_request
    self._validate_conn(conn)
  File "/home/airflow/.local/lib/python3.9/site-packages/urllib3/connectionpool.py", line 1093, in _validate_conn
    conn.connect()
  File "/home/airflow/.local/lib/python3.9/site-packages/urllib3/connection.py", line 704, in connect
    self.sock = sock = self._new_conn()
  File "/home/airflow/.local/lib/python3.9/site-packages/urllib3/connection.py", line 205, in _new_conn
    raise NameResolutionError(self.host, self, e) from e
urllib3.exceptions.NameResolutionError: <urllib3.connection.HTTPSConnection object at 0x71c900569880>: Failed to resolve 'cdn.nba.com' ([Errno -3] Temporary failure in name resolution)

The above exception was the direct cause of the following exception:

Traceback (most recent call last):
  File "/home/airflow/.local/lib/python3.9/site-packages/requests/adapters.py", line 486, in send
    resp = conn.urlopen(
  File "/home/airflow/.local/lib/python3.9/site-packages/urllib3/connectionpool.py", line 841, in urlopen
    retries = retries.increment(
  File "/home/airflow/.local/lib/python3.9/site-packages/urllib3/util/retry.py", line 519, in increment
    raise MaxRetryError(_pool, url, reason) from reason  # type: ignore[arg-type]
urllib3.exceptions.MaxRetryError: HTTPSConnectionPool(host='cdn.nba.com', port=443): Max retries exceeded with url: /static/json/staticData/scheduleLeague+V2.json (Caused by NameResolutionError("<urllib3.connection.HTTPSConnection object at 0x71c900569880>: Failed to resolve 'cdn.nba.com' ([Errno -3] Temporary failure in name resolution)"))

During handling of the above exception, another exception occurred:

Traceback (most recent call last):
  File "/home/airflow/.local/lib/python3.9/site-packages/airflow/models/taskinstance.py", line 465, in _execute_task
    result = _execute_callable(context=context, **execute_callable_kwargs)
  File "/home/airflow/.local/lib/python3.9/site-packages/airflow/models/taskinstance.py", line 432, in _execute_callable
    return execute_callable(context=context, **execute_callable_kwargs)
  File "/home/airflow/.local/lib/python3.9/site-packages/airflow/models/baseoperator.py", line 400, in wrapper
    return func(self, *args, **kwargs)
  File "/home/airflow/.local/lib/python3.9/site-packages/airflow/operators/python.py", line 235, in execute
    return_value = self.execute_callable()
  File "/home/airflow/.local/lib/python3.9/site-packages/airflow/operators/python.py", line 252, in execute_callable
    return self.python_callable(*self.op_args, **self.op_kwargs)
  File "/opt/airflow/dags/etl_pipeline.py", line 138, in fetch_and_load_schedule_to_stage
    res = requests.get(url, headers=headers)
  File "/home/airflow/.local/lib/python3.9/site-packages/requests/api.py", line 73, in get
    return request("get", url, params=params, **kwargs)
  File "/home/airflow/.local/lib/python3.9/site-packages/requests/api.py", line 59, in request
    return session.request(method=method, url=url, **kwargs)
  File "/home/airflow/.local/lib/python3.9/site-packages/requests/sessions.py", line 589, in request
    resp = self.send(prep, **send_kwargs)
  File "/home/airflow/.local/lib/python3.9/site-packages/requests/sessions.py", line 703, in send
    r = adapter.send(request, **kwargs)
  File "/home/airflow/.local/lib/python3.9/site-packages/requests/adapters.py", line 519, in send
    raise ConnectionError(e, request=request)
requests.exceptions.ConnectionError: HTTPSConnectionPool(host='cdn.nba.com', port=443): Max retries exceeded with url: /static/json/staticData/scheduleLeague+V2.json (Caused by NameResolutionError("<urllib3.connection.HTTPSConnection object at 0x71c900569880>: Failed to resolve 'cdn.nba.com' ([Errno -3] Temporary failure in name resolution)"))
[2025-06-20T18:42:37.915+0000] {taskinstance.py:1206} INFO - Marking task as UP_FOR_RETRY. dag_id=nba_etl_to_staging, task_id=fetch_schedule_and_load_to_stage, run_id=manual__2025-06-20T18:42:26.806672+00:00, execution_date=20250620T184226, start_date=20250620T184229, end_date=20250620T184237
[2025-06-20T18:42:38.060+0000] {standard_task_runner.py:110} ERROR - Failed to execute job 302 for task fetch_schedule_and_load_to_stage (HTTPSConnectionPool(host='cdn.nba.com', port=443): Max retries exceeded with url: /static/json/staticData/scheduleLeague+V2.json (Caused by NameResolutionError("<urllib3.connection.HTTPSConnection object at 0x71c900569880>: Failed to resolve 'cdn.nba.com' ([Errno -3] Temporary failure in name resolution)")); 4379)
[2025-06-20T18:42:38.121+0000] {local_task_job_runner.py:240} INFO - Task exited with return code 1
[2025-06-20T18:42:38.185+0000] {taskinstance.py:3498} INFO - 0 downstream tasks scheduled from follow-on schedule check
[2025-06-20T18:42:38.220+0000] {local_task_job_runner.py:222} INFO - ::endgroup::
