[2025-06-20T19:37:42.578+0000] {local_task_job_runner.py:120} INFO - ::group::Pre task execution logs
[2025-06-20T19:37:42.609+0000] {taskinstance.py:2076} INFO - Dependencies all met for dep_context=non-requeueable deps ti=<TaskInstance: nba_transform_to_dwh.load_fc_shoot manual__2025-06-20T19:37:30.414088+00:00 [queued]>
[2025-06-20T19:37:42.619+0000] {taskinstance.py:2076} INFO - Dependencies all met for dep_context=requeueable deps ti=<TaskInstance: nba_transform_to_dwh.load_fc_shoot manual__2025-06-20T19:37:30.414088+00:00 [queued]>
[2025-06-20T19:37:42.620+0000] {taskinstance.py:2306} INFO - Starting attempt 1 of 2
[2025-06-20T19:37:42.673+0000] {taskinstance.py:2330} INFO - Executing <Task(PythonOperator): load_fc_shoot> on 2025-06-20 19:37:30.414088+00:00
[2025-06-20T19:37:42.680+0000] {standard_task_runner.py:63} INFO - Started process 5043 to run task
[2025-06-20T19:37:42.684+0000] {standard_task_runner.py:90} INFO - Running: ['***', 'tasks', 'run', 'nba_transform_to_dwh', 'load_fc_shoot', 'manual__2025-06-20T19:37:30.414088+00:00', '--job-id', '350', '--raw', '--subdir', 'DAGS_FOLDER/etl_pipeline.py', '--cfg-path', '/tmp/tmpykj2t0ig']
[2025-06-20T19:37:42.686+0000] {standard_task_runner.py:91} INFO - Job 350: Subtask load_fc_shoot
[2025-06-20T19:37:42.817+0000] {task_command.py:426} INFO - Running <TaskInstance: nba_transform_to_dwh.load_fc_shoot manual__2025-06-20T19:37:30.414088+00:00 [running]> on host 5ea278fdf3a6
[2025-06-20T19:37:42.983+0000] {taskinstance.py:2648} INFO - Exporting env vars: AIRFLOW_CTX_DAG_OWNER='***' AIRFLOW_CTX_DAG_ID='nba_transform_to_dwh' AIRFLOW_CTX_TASK_ID='load_fc_shoot' AIRFLOW_CTX_EXECUTION_DATE='2025-06-20T19:37:30.414088+00:00' AIRFLOW_CTX_TRY_NUMBER='1' AIRFLOW_CTX_DAG_RUN_ID='manual__2025-06-20T19:37:30.414088+00:00'
[2025-06-20T19:37:42.984+0000] {taskinstance.py:430} INFO - ::endgroup::
[2025-06-20T19:37:43.001+0000] {etl_pipeline.py:566} INFO - Ensuring dimension table 'fcshoot' exists...
[2025-06-20T19:37:43.141+0000] {etl_pipeline.py:568} INFO - Loading/updating data into 'fcshoot'...
[2025-06-20T19:37:43.187+0000] {etl_pipeline.py:570} INFO - Operation complete. 519 new rows inserted into fcshoot.
[2025-06-20T19:37:43.451+0000] {python.py:237} INFO - Done. Returned value was: None
[2025-06-20T19:37:43.454+0000] {taskinstance.py:441} INFO - ::group::Post task execution logs
[2025-06-20T19:37:43.474+0000] {taskinstance.py:1206} INFO - Marking task as SUCCESS. dag_id=nba_transform_to_dwh, task_id=load_fc_shoot, run_id=manual__2025-06-20T19:37:30.414088+00:00, execution_date=20250620T193730, start_date=20250620T193742, end_date=20250620T193743
[2025-06-20T19:37:43.582+0000] {local_task_job_runner.py:240} INFO - Task exited with return code 0
[2025-06-20T19:37:43.619+0000] {taskinstance.py:3498} INFO - 0 downstream tasks scheduled from follow-on schedule check
[2025-06-20T19:37:43.682+0000] {local_task_job_runner.py:222} INFO - ::endgroup::
