[2025-06-16T09:40:50.526+0000] {local_task_job_runner.py:120} INFO - ::group::Pre task execution logs
[2025-06-16T09:40:50.612+0000] {taskinstance.py:2076} INFO - Dependencies all met for dep_context=non-requeueable deps ti=<TaskInstance: nba_etl_to_postgres.fetch_schedule_and_load_to_postgres manual__2025-06-16T09:40:48.983471+00:00 [queued]>
[2025-06-16T09:40:51.051+0000] {taskinstance.py:2076} INFO - Dependencies all met for dep_context=requeueable deps ti=<TaskInstance: nba_etl_to_postgres.fetch_schedule_and_load_to_postgres manual__2025-06-16T09:40:48.983471+00:00 [queued]>
[2025-06-16T09:40:51.053+0000] {taskinstance.py:2306} INFO - Starting attempt 1 of 2
[2025-06-16T09:40:51.118+0000] {taskinstance.py:2330} INFO - Executing <Task(PythonOperator): fetch_schedule_and_load_to_postgres> on 2025-06-16 09:40:48.983471+00:00
[2025-06-16T09:40:51.151+0000] {standard_task_runner.py:63} INFO - Started process 971 to run task
[2025-06-16T09:40:51.163+0000] {standard_task_runner.py:90} INFO - Running: ['***', 'tasks', 'run', 'nba_etl_to_postgres', 'fetch_schedule_and_load_to_postgres', 'manual__2025-06-16T09:40:48.983471+00:00', '--job-id', '16', '--raw', '--subdir', 'DAGS_FOLDER/etl_pipeline.py', '--cfg-path', '/tmp/tmpo9igq1__']
[2025-06-16T09:40:51.166+0000] {standard_task_runner.py:91} INFO - Job 16: Subtask fetch_schedule_and_load_to_postgres
[2025-06-16T09:40:51.287+0000] {task_command.py:426} INFO - Running <TaskInstance: nba_etl_to_postgres.fetch_schedule_and_load_to_postgres manual__2025-06-16T09:40:48.983471+00:00 [running]> on host 11d91b3c2b82
[2025-06-16T09:40:51.491+0000] {taskinstance.py:2648} INFO - Exporting env vars: AIRFLOW_CTX_DAG_OWNER='***' AIRFLOW_CTX_DAG_ID='nba_etl_to_postgres' AIRFLOW_CTX_TASK_ID='fetch_schedule_and_load_to_postgres' AIRFLOW_CTX_EXECUTION_DATE='2025-06-16T09:40:48.983471+00:00' AIRFLOW_CTX_TRY_NUMBER='1' AIRFLOW_CTX_DAG_RUN_ID='manual__2025-06-16T09:40:48.983471+00:00'
[2025-06-16T09:40:51.494+0000] {taskinstance.py:430} INFO - ::endgroup::
[2025-06-16T09:40:51.530+0000] {logging_mixin.py:188} INFO - Fetching schedule from NBA API...
[2025-06-16T09:40:51.900+0000] {logging_mixin.py:188} INFO - Successfully fetched and transformed 1321 games.
[2025-06-16T09:40:51.901+0000] {logging_mixin.py:188} INFO - Preparing to load data into staging table: stgschedule
[2025-06-16T09:40:51.906+0000] {logging_mixin.py:188} INFO - Ensuring table 'stgschedule' exists...
[2025-06-16T09:40:51.908+0000] {logging_mixin.py:188} INFO - Table 'stgschedule' is ready.
[2025-06-16T09:40:51.912+0000] {logging_mixin.py:188} INFO - Loading 1321 rows into stgschedule...
[2025-06-16T09:40:51.940+0000] {logging_mixin.py:188} INFO - 1321 rows loaded successfully to stgschedule.
[2025-06-16T09:40:51.984+0000] {python.py:237} INFO - Done. Returned value was: None
[2025-06-16T09:40:51.986+0000] {taskinstance.py:441} INFO - ::group::Post task execution logs
[2025-06-16T09:40:51.996+0000] {taskinstance.py:1206} INFO - Marking task as SUCCESS. dag_id=nba_etl_to_postgres, task_id=fetch_schedule_and_load_to_postgres, run_id=manual__2025-06-16T09:40:48.983471+00:00, execution_date=20250616T094048, start_date=20250616T094050, end_date=20250616T094051
[2025-06-16T09:40:52.062+0000] {local_task_job_runner.py:240} INFO - Task exited with return code 0
[2025-06-16T09:40:52.093+0000] {taskinstance.py:3498} INFO - 1 downstream tasks scheduled from follow-on schedule check
[2025-06-16T09:40:52.129+0000] {local_task_job_runner.py:222} INFO - ::endgroup::
