[2025-06-21T12:07:39.374+0000] {local_task_job_runner.py:120} INFO - ::group::Pre task execution logs
[2025-06-21T12:07:39.621+0000] {taskinstance.py:2076} INFO - Dependencies all met for dep_context=non-requeueable deps ti=<TaskInstance: nba_transform_to_dwh.load_fc_shoot manual__2025-06-21T12:07:28.250884+00:00 [queued]>
[2025-06-21T12:07:39.633+0000] {taskinstance.py:2076} INFO - Dependencies all met for dep_context=requeueable deps ti=<TaskInstance: nba_transform_to_dwh.load_fc_shoot manual__2025-06-21T12:07:28.250884+00:00 [queued]>
[2025-06-21T12:07:39.635+0000] {taskinstance.py:2306} INFO - Starting attempt 1 of 2
[2025-06-21T12:07:39.686+0000] {taskinstance.py:2330} INFO - Executing <Task(PythonOperator): load_fc_shoot> on 2025-06-21 12:07:28.250884+00:00
[2025-06-21T12:07:39.693+0000] {standard_task_runner.py:63} INFO - Started process 2297 to run task
[2025-06-21T12:07:39.698+0000] {standard_task_runner.py:90} INFO - Running: ['***', 'tasks', 'run', 'nba_transform_to_dwh', 'load_fc_shoot', 'manual__2025-06-21T12:07:28.250884+00:00', '--job-id', '421', '--raw', '--subdir', 'DAGS_FOLDER/etl_pipeline.py', '--cfg-path', '/tmp/tmpplbd_gkh']
[2025-06-21T12:07:39.700+0000] {standard_task_runner.py:91} INFO - Job 421: Subtask load_fc_shoot
[2025-06-21T12:07:39.805+0000] {task_command.py:426} INFO - Running <TaskInstance: nba_transform_to_dwh.load_fc_shoot manual__2025-06-21T12:07:28.250884+00:00 [running]> on host 5ea278fdf3a6
[2025-06-21T12:07:39.995+0000] {taskinstance.py:2648} INFO - Exporting env vars: AIRFLOW_CTX_DAG_OWNER='***' AIRFLOW_CTX_DAG_ID='nba_transform_to_dwh' AIRFLOW_CTX_TASK_ID='load_fc_shoot' AIRFLOW_CTX_EXECUTION_DATE='2025-06-21T12:07:28.250884+00:00' AIRFLOW_CTX_TRY_NUMBER='1' AIRFLOW_CTX_DAG_RUN_ID='manual__2025-06-21T12:07:28.250884+00:00'
[2025-06-21T12:07:39.997+0000] {taskinstance.py:430} INFO - ::endgroup::
[2025-06-21T12:07:40.019+0000] {etl_pipeline.py:623} INFO - Ensuring fact table 'fcshoot' exists...
[2025-06-21T12:07:40.128+0000] {etl_pipeline.py:625} INFO - Loading/updating data into 'fcshoot'...
[2025-06-21T12:07:40.272+0000] {etl_pipeline.py:627} INFO - Operation complete for fcshoot. 2374 new rows inserted.
[2025-06-21T12:07:40.310+0000] {etl_pipeline.py:635} INFO - Ensuring dimension table 'fcshoot' exists...
[2025-06-21T12:07:40.311+0000] {etl_pipeline.py:637} INFO - Loading/updating data into 'fcshoot'...
[2025-06-21T12:07:40.323+0000] {etl_pipeline.py:639} INFO - Operation complete. 0 new rows inserted into fcshoot.
[2025-06-21T12:07:40.352+0000] {python.py:237} INFO - Done. Returned value was: None
[2025-06-21T12:07:40.353+0000] {taskinstance.py:441} INFO - ::group::Post task execution logs
[2025-06-21T12:07:40.364+0000] {taskinstance.py:1206} INFO - Marking task as SUCCESS. dag_id=nba_transform_to_dwh, task_id=load_fc_shoot, run_id=manual__2025-06-21T12:07:28.250884+00:00, execution_date=20250621T120728, start_date=20250621T120739, end_date=20250621T120740
[2025-06-21T12:07:40.435+0000] {local_task_job_runner.py:240} INFO - Task exited with return code 0
[2025-06-21T12:07:40.455+0000] {taskinstance.py:3498} INFO - 0 downstream tasks scheduled from follow-on schedule check
[2025-06-21T12:07:40.489+0000] {local_task_job_runner.py:222} INFO - ::endgroup::
