[2025-06-15T15:01:58.933+0000] {local_task_job_runner.py:120} INFO - ::group::Pre task execution logs
[2025-06-15T15:01:58.962+0000] {taskinstance.py:2076} INFO - Dependencies all met for dep_context=non-requeueable deps ti=<TaskInstance: nba_etl_to_postgres.fetch_schedule_and_load_to_postgres manual__2025-06-15T15:01:56.952500+00:00 [queued]>
[2025-06-15T15:01:58.971+0000] {taskinstance.py:2076} INFO - Dependencies all met for dep_context=requeueable deps ti=<TaskInstance: nba_etl_to_postgres.fetch_schedule_and_load_to_postgres manual__2025-06-15T15:01:56.952500+00:00 [queued]>
[2025-06-15T15:01:58.972+0000] {taskinstance.py:2306} INFO - Starting attempt 1 of 2
[2025-06-15T15:01:59.015+0000] {taskinstance.py:2330} INFO - Executing <Task(PythonOperator): fetch_schedule_and_load_to_postgres> on 2025-06-15 15:01:56.952500+00:00
[2025-06-15T15:01:59.022+0000] {standard_task_runner.py:63} INFO - Started process 757 to run task
[2025-06-15T15:01:59.027+0000] {standard_task_runner.py:90} INFO - Running: ['***', 'tasks', 'run', 'nba_etl_to_postgres', 'fetch_schedule_and_load_to_postgres', 'manual__2025-06-15T15:01:56.952500+00:00', '--job-id', '33', '--raw', '--subdir', 'DAGS_FOLDER/etl_pipeline.py', '--cfg-path', '/tmp/tmpe5wi6csd']
[2025-06-15T15:01:59.030+0000] {standard_task_runner.py:91} INFO - Job 33: Subtask fetch_schedule_and_load_to_postgres
[2025-06-15T15:01:59.132+0000] {task_command.py:426} INFO - Running <TaskInstance: nba_etl_to_postgres.fetch_schedule_and_load_to_postgres manual__2025-06-15T15:01:56.952500+00:00 [running]> on host 161b13ff210e
[2025-06-15T15:01:59.332+0000] {taskinstance.py:2648} INFO - Exporting env vars: AIRFLOW_CTX_DAG_OWNER='***' AIRFLOW_CTX_DAG_ID='nba_etl_to_postgres' AIRFLOW_CTX_TASK_ID='fetch_schedule_and_load_to_postgres' AIRFLOW_CTX_EXECUTION_DATE='2025-06-15T15:01:56.952500+00:00' AIRFLOW_CTX_TRY_NUMBER='1' AIRFLOW_CTX_DAG_RUN_ID='manual__2025-06-15T15:01:56.952500+00:00'
[2025-06-15T15:01:59.334+0000] {taskinstance.py:430} INFO - ::endgroup::
[2025-06-15T15:01:59.367+0000] {logging_mixin.py:188} INFO - Fetching schedule from NBA API...
[2025-06-15T15:02:00.430+0000] {logging_mixin.py:188} INFO - Successfully fetched and transformed 1321 games.
[2025-06-15T15:02:00.431+0000] {logging_mixin.py:188} INFO - Preparing to load data into staging table: StgSchedule
[2025-06-15T15:02:00.439+0000] {logging_mixin.py:188} INFO - Ensuring table 'StgSchedule' exists...
[2025-06-15T15:02:00.443+0000] {logging_mixin.py:188} INFO - Table 'StgSchedule' is ready.
[2025-06-15T15:02:00.447+0000] {logging_mixin.py:188} INFO - Loading 1321 rows into StgSchedule...
[2025-06-15T15:02:00.523+0000] {logging_mixin.py:188} INFO - 1321 rows loaded successfully to StgSchedule.
[2025-06-15T15:02:00.532+0000] {python.py:237} INFO - Done. Returned value was: None
[2025-06-15T15:02:00.533+0000] {taskinstance.py:441} INFO - ::group::Post task execution logs
[2025-06-15T15:02:00.544+0000] {taskinstance.py:1206} INFO - Marking task as SUCCESS. dag_id=nba_etl_to_postgres, task_id=fetch_schedule_and_load_to_postgres, run_id=manual__2025-06-15T15:01:56.952500+00:00, execution_date=20250615T150156, start_date=20250615T150158, end_date=20250615T150200
[2025-06-15T15:02:00.608+0000] {local_task_job_runner.py:240} INFO - Task exited with return code 0
[2025-06-15T15:02:00.632+0000] {taskinstance.py:3498} INFO - 1 downstream tasks scheduled from follow-on schedule check
[2025-06-15T15:02:00.661+0000] {local_task_job_runner.py:222} INFO - ::endgroup::
