[2025-06-20T19:52:24.992+0000] {local_task_job_runner.py:120} INFO - ::group::Pre task execution logs
[2025-06-20T19:52:25.017+0000] {taskinstance.py:2076} INFO - Dependencies all met for dep_context=non-requeueable deps ti=<TaskInstance: nba_staging_to_transform.transform_shot_chart manual__2025-06-20T19:52:18.580136+00:00 [queued]>
[2025-06-20T19:52:25.025+0000] {taskinstance.py:2076} INFO - Dependencies all met for dep_context=requeueable deps ti=<TaskInstance: nba_staging_to_transform.transform_shot_chart manual__2025-06-20T19:52:18.580136+00:00 [queued]>
[2025-06-20T19:52:25.026+0000] {taskinstance.py:2306} INFO - Starting attempt 1 of 2
[2025-06-20T19:52:25.071+0000] {taskinstance.py:2330} INFO - Executing <Task(PythonOperator): transform_shot_chart> on 2025-06-20 19:52:18.580136+00:00
[2025-06-20T19:52:25.077+0000] {standard_task_runner.py:63} INFO - Started process 5277 to run task
[2025-06-20T19:52:25.081+0000] {standard_task_runner.py:90} INFO - Running: ['***', 'tasks', 'run', 'nba_staging_to_transform', 'transform_shot_chart', 'manual__2025-06-20T19:52:18.580136+00:00', '--job-id', '387', '--raw', '--subdir', 'DAGS_FOLDER/etl_pipeline.py', '--cfg-path', '/tmp/tmpjaxgz5el']
[2025-06-20T19:52:25.083+0000] {standard_task_runner.py:91} INFO - Job 387: Subtask transform_shot_chart
[2025-06-20T19:52:25.175+0000] {task_command.py:426} INFO - Running <TaskInstance: nba_staging_to_transform.transform_shot_chart manual__2025-06-20T19:52:18.580136+00:00 [running]> on host 5ea278fdf3a6
[2025-06-20T19:52:25.328+0000] {taskinstance.py:2648} INFO - Exporting env vars: AIRFLOW_CTX_DAG_OWNER='***' AIRFLOW_CTX_DAG_ID='nba_staging_to_transform' AIRFLOW_CTX_TASK_ID='transform_shot_chart' AIRFLOW_CTX_EXECUTION_DATE='2025-06-20T19:52:18.580136+00:00' AIRFLOW_CTX_TRY_NUMBER='1' AIRFLOW_CTX_DAG_RUN_ID='manual__2025-06-20T19:52:18.580136+00:00'
[2025-06-20T19:52:25.329+0000] {taskinstance.py:430} INFO - ::endgroup::
[2025-06-20T19:52:25.346+0000] {etl_pipeline.py:290} INFO - Fetching data for transformation: transformshotchart
[2025-06-20T19:52:25.355+0000] {logging_mixin.py:188} WARNING - /opt/***/dags/etl_pipeline.py:291 UserWarning: pandas only supports SQLAlchemy connectable (engine/connection) or database string URI or sqlite3 DBAPI2 connection. Other DBAPI2 objects are not tested. Please consider using SQLAlchemy.
[2025-06-20T19:52:25.366+0000] {etl_pipeline.py:292} INFO - Successfully fetched and transformed 524 rows.
[2025-06-20T19:52:25.371+0000] {etl_pipeline.py:98} INFO - Ensuring table 'transformshotchart' exists...
[2025-06-20T19:52:25.373+0000] {etl_pipeline.py:100} INFO - Table 'transformshotchart' is ready.
[2025-06-20T19:52:25.373+0000] {etl_pipeline.py:110} INFO - Truncating table transformshotchart and restarting identity columns...
[2025-06-20T19:52:25.428+0000] {etl_pipeline.py:115} INFO - Loading 524 rows into transformshotchart...
[2025-06-20T19:52:25.450+0000] {etl_pipeline.py:118} INFO - 524 rows loaded successfully to transformshotchart.
[2025-06-20T19:52:25.484+0000] {python.py:237} INFO - Done. Returned value was: None
[2025-06-20T19:52:25.486+0000] {taskinstance.py:441} INFO - ::group::Post task execution logs
[2025-06-20T19:52:25.495+0000] {taskinstance.py:1206} INFO - Marking task as SUCCESS. dag_id=nba_staging_to_transform, task_id=transform_shot_chart, run_id=manual__2025-06-20T19:52:18.580136+00:00, execution_date=20250620T195218, start_date=20250620T195225, end_date=20250620T195225
[2025-06-20T19:52:25.575+0000] {local_task_job_runner.py:240} INFO - Task exited with return code 0
[2025-06-20T19:52:25.592+0000] {taskinstance.py:3498} INFO - 0 downstream tasks scheduled from follow-on schedule check
[2025-06-20T19:52:25.621+0000] {local_task_job_runner.py:222} INFO - ::endgroup::
