[2025-06-15T13:51:57.234+0000] {local_task_job_runner.py:120} INFO - ::group::Pre task execution logs
[2025-06-15T13:51:57.273+0000] {taskinstance.py:2076} INFO - Dependencies all met for dep_context=non-requeueable deps ti=<TaskInstance: nba_etl_to_postgres.fetch_roster_and_load_to_postgres manual__2025-06-15T13:51:52.139754+00:00 [queued]>
[2025-06-15T13:51:57.286+0000] {taskinstance.py:2076} INFO - Dependencies all met for dep_context=requeueable deps ti=<TaskInstance: nba_etl_to_postgres.fetch_roster_and_load_to_postgres manual__2025-06-15T13:51:52.139754+00:00 [queued]>
[2025-06-15T13:51:57.287+0000] {taskinstance.py:2306} INFO - Starting attempt 1 of 2
[2025-06-15T13:51:57.343+0000] {taskinstance.py:2330} INFO - Executing <Task(PythonOperator): fetch_roster_and_load_to_postgres> on 2025-06-15 13:51:52.139754+00:00
[2025-06-15T13:51:57.353+0000] {standard_task_runner.py:63} INFO - Started process 1052 to run task
[2025-06-15T13:51:57.361+0000] {standard_task_runner.py:90} INFO - Running: ['***', 'tasks', 'run', 'nba_etl_to_postgres', 'fetch_roster_and_load_to_postgres', 'manual__2025-06-15T13:51:52.139754+00:00', '--job-id', '29', '--raw', '--subdir', 'DAGS_FOLDER/etl_pipeline.py', '--cfg-path', '/tmp/tmp70p3ooio']
[2025-06-15T13:51:57.363+0000] {standard_task_runner.py:91} INFO - Job 29: Subtask fetch_roster_and_load_to_postgres
[2025-06-15T13:51:57.492+0000] {task_command.py:426} INFO - Running <TaskInstance: nba_etl_to_postgres.fetch_roster_and_load_to_postgres manual__2025-06-15T13:51:52.139754+00:00 [running]> on host e9ac9ffe8f89
[2025-06-15T13:51:57.696+0000] {taskinstance.py:2648} INFO - Exporting env vars: AIRFLOW_CTX_DAG_OWNER='***' AIRFLOW_CTX_DAG_ID='nba_etl_to_postgres' AIRFLOW_CTX_TASK_ID='fetch_roster_and_load_to_postgres' AIRFLOW_CTX_EXECUTION_DATE='2025-06-15T13:51:52.139754+00:00' AIRFLOW_CTX_TRY_NUMBER='1' AIRFLOW_CTX_DAG_RUN_ID='manual__2025-06-15T13:51:52.139754+00:00'
[2025-06-15T13:51:57.698+0000] {taskinstance.py:430} INFO - ::endgroup::
[2025-06-15T13:51:57.722+0000] {logging_mixin.py:188} INFO - Fetching roster for Atlanta Hawks (ATL)...
[2025-06-15T13:51:58.082+0000] {logging_mixin.py:188} INFO - Retrying after 2556 sec...
[2025-06-15T13:53:23.729+0000] {local_task_job_runner.py:310} WARNING - State of this instance has been externally set to failed. Terminating instance.
[2025-06-15T13:53:23.730+0000] {local_task_job_runner.py:222} INFO - ::endgroup::
[2025-06-15T13:53:23.735+0000] {process_utils.py:132} INFO - Sending 15 to group 1052. PIDs of all processes in the group: [1052]
[2025-06-15T13:53:23.736+0000] {process_utils.py:87} INFO - Sending the signal 15 to group 1052
[2025-06-15T13:53:23.737+0000] {taskinstance.py:2611} ERROR - Received SIGTERM. Terminating subprocesses.
[2025-06-15T13:53:23.739+0000] {taskinstance.py:441} INFO - ::group::Post task execution logs
[2025-06-15T13:53:23.830+0000] {process_utils.py:80} INFO - Process psutil.Process(pid=1052, status='terminated', exitcode=0, started='13:51:56') (1052) terminated with exit code 0
