[2025-06-19T10:46:55.962+0000] {local_task_job_runner.py:120} INFO - ::group::Pre task execution logs
[2025-06-19T10:46:56.107+0000] {taskinstance.py:2076} INFO - Dependencies all met for dep_context=non-requeueable deps ti=<TaskInstance: nba_staging_to_transform.fetch_shot_chart_from_stg_and_transform manual__2025-06-19T10:46:54.023225+00:00 [queued]>
[2025-06-19T10:46:56.152+0000] {taskinstance.py:2076} INFO - Dependencies all met for dep_context=requeueable deps ti=<TaskInstance: nba_staging_to_transform.fetch_shot_chart_from_stg_and_transform manual__2025-06-19T10:46:54.023225+00:00 [queued]>
[2025-06-19T10:46:56.156+0000] {taskinstance.py:2306} INFO - Starting attempt 1 of 2
[2025-06-19T10:46:57.108+0000] {taskinstance.py:2330} INFO - Executing <Task(PythonOperator): fetch_shot_chart_from_stg_and_transform> on 2025-06-19 10:46:54.023225+00:00
[2025-06-19T10:46:57.123+0000] {standard_task_runner.py:63} INFO - Started process 1988 to run task
[2025-06-19T10:46:57.132+0000] {standard_task_runner.py:90} INFO - Running: ['***', 'tasks', 'run', 'nba_staging_to_transform', 'fetch_shot_chart_from_stg_and_transform', 'manual__2025-06-19T10:46:54.023225+00:00', '--job-id', '94', '--raw', '--subdir', 'DAGS_FOLDER/etl_pipeline.py', '--cfg-path', '/tmp/tmp7x7q4xjg']
[2025-06-19T10:46:57.139+0000] {standard_task_runner.py:91} INFO - Job 94: Subtask fetch_shot_chart_from_stg_and_transform
[2025-06-19T10:46:57.304+0000] {task_command.py:426} INFO - Running <TaskInstance: nba_staging_to_transform.fetch_shot_chart_from_stg_and_transform manual__2025-06-19T10:46:54.023225+00:00 [running]> on host 11d91b3c2b82
[2025-06-19T10:46:57.545+0000] {taskinstance.py:2648} INFO - Exporting env vars: AIRFLOW_CTX_DAG_OWNER='***' AIRFLOW_CTX_DAG_ID='nba_staging_to_transform' AIRFLOW_CTX_TASK_ID='fetch_shot_chart_from_stg_and_transform' AIRFLOW_CTX_EXECUTION_DATE='2025-06-19T10:46:54.023225+00:00' AIRFLOW_CTX_TRY_NUMBER='1' AIRFLOW_CTX_DAG_RUN_ID='manual__2025-06-19T10:46:54.023225+00:00'
[2025-06-19T10:46:57.548+0000] {taskinstance.py:430} INFO - ::endgroup::
[2025-06-19T10:46:57.622+0000] {logging_mixin.py:188} WARNING - /opt/***/dags/etl_pipeline.py:514 UserWarning: pandas only supports SQLAlchemy connectable (engine/connection) or database string URI or sqlite3 DBAPI2 connection. Other DBAPI2 objects are not tested. Please consider using SQLAlchemy.
[2025-06-19T10:46:57.653+0000] {logging_mixin.py:188} INFO - Ensuring table 'transformshotchart' exists...
[2025-06-19T10:46:57.655+0000] {logging_mixin.py:188} INFO - Table 'transformshotchart' is ready.
[2025-06-19T10:46:57.657+0000] {logging_mixin.py:188} INFO - Truncating table transformshotchart...
[2025-06-19T10:46:57.997+0000] {logging_mixin.py:188} INFO - Loading 524 rows into transformshotchart...
[2025-06-19T10:46:58.043+0000] {logging_mixin.py:188} INFO - 524 rows loaded successfully to transformshotchart.
[2025-06-19T10:46:58.098+0000] {python.py:237} INFO - Done. Returned value was: None
[2025-06-19T10:46:58.103+0000] {taskinstance.py:441} INFO - ::group::Post task execution logs
[2025-06-19T10:46:58.130+0000] {taskinstance.py:1206} INFO - Marking task as SUCCESS. dag_id=nba_staging_to_transform, task_id=fetch_shot_chart_from_stg_and_transform, run_id=manual__2025-06-19T10:46:54.023225+00:00, execution_date=20250619T104654, start_date=20250619T104656, end_date=20250619T104658
[2025-06-19T10:46:58.284+0000] {local_task_job_runner.py:240} INFO - Task exited with return code 0
[2025-06-19T10:46:58.372+0000] {local_task_job_runner.py:222} INFO - ::endgroup::
