[2025-06-15T13:50:18.900+0000] {local_task_job_runner.py:120} INFO - ::group::Pre task execution logs
[2025-06-15T13:50:18.927+0000] {taskinstance.py:2076} INFO - Dependencies all met for dep_context=non-requeueable deps ti=<TaskInstance: nba_etl_to_postgres.fetch_roster_and_load_to_postgres manual__2025-06-15T13:50:14.574216+00:00 [queued]>
[2025-06-15T13:50:18.936+0000] {taskinstance.py:2076} INFO - Dependencies all met for dep_context=requeueable deps ti=<TaskInstance: nba_etl_to_postgres.fetch_roster_and_load_to_postgres manual__2025-06-15T13:50:14.574216+00:00 [queued]>
[2025-06-15T13:50:18.936+0000] {taskinstance.py:2306} INFO - Starting attempt 1 of 2
[2025-06-15T13:50:19.006+0000] {taskinstance.py:2330} INFO - Executing <Task(PythonOperator): fetch_roster_and_load_to_postgres> on 2025-06-15 13:50:14.574216+00:00
[2025-06-15T13:50:19.013+0000] {standard_task_runner.py:63} INFO - Started process 1033 to run task
[2025-06-15T13:50:19.017+0000] {standard_task_runner.py:90} INFO - Running: ['***', 'tasks', 'run', 'nba_etl_to_postgres', 'fetch_roster_and_load_to_postgres', 'manual__2025-06-15T13:50:14.574216+00:00', '--job-id', '27', '--raw', '--subdir', 'DAGS_FOLDER/etl_pipeline.py', '--cfg-path', '/tmp/tmpcshlfdte']
[2025-06-15T13:50:19.018+0000] {standard_task_runner.py:91} INFO - Job 27: Subtask fetch_roster_and_load_to_postgres
[2025-06-15T13:50:19.102+0000] {task_command.py:426} INFO - Running <TaskInstance: nba_etl_to_postgres.fetch_roster_and_load_to_postgres manual__2025-06-15T13:50:14.574216+00:00 [running]> on host e9ac9ffe8f89
[2025-06-15T13:50:19.242+0000] {taskinstance.py:2648} INFO - Exporting env vars: AIRFLOW_CTX_DAG_OWNER='***' AIRFLOW_CTX_DAG_ID='nba_etl_to_postgres' AIRFLOW_CTX_TASK_ID='fetch_roster_and_load_to_postgres' AIRFLOW_CTX_EXECUTION_DATE='2025-06-15T13:50:14.574216+00:00' AIRFLOW_CTX_TRY_NUMBER='1' AIRFLOW_CTX_DAG_RUN_ID='manual__2025-06-15T13:50:14.574216+00:00'
[2025-06-15T13:50:19.243+0000] {taskinstance.py:430} INFO - ::endgroup::
[2025-06-15T13:50:19.257+0000] {logging_mixin.py:188} INFO - Fetching roster for Atlanta Hawks (ATL)...
[2025-06-15T13:50:19.769+0000] {logging_mixin.py:188} INFO - Retrying after 2654 sec...
[2025-06-15T13:51:55.742+0000] {local_task_job_runner.py:310} WARNING - State of this instance has been externally set to failed. Terminating instance.
[2025-06-15T13:51:55.744+0000] {local_task_job_runner.py:222} INFO - ::endgroup::
[2025-06-15T13:51:55.749+0000] {process_utils.py:132} INFO - Sending 15 to group 1033. PIDs of all processes in the group: [1033]
[2025-06-15T13:51:55.750+0000] {process_utils.py:87} INFO - Sending the signal 15 to group 1033
[2025-06-15T13:51:55.751+0000] {taskinstance.py:2611} ERROR - Received SIGTERM. Terminating subprocesses.
[2025-06-15T13:51:55.752+0000] {taskinstance.py:441} INFO - ::group::Post task execution logs
[2025-06-15T13:51:55.844+0000] {process_utils.py:80} INFO - Process psutil.Process(pid=1033, status='terminated', exitcode=0, started='13:50:18') (1033) terminated with exit code 0
