[2025-06-15T19:46:42.031+0000] {local_task_job_runner.py:120} INFO - ::group::Pre task execution logs
[2025-06-15T19:46:42.075+0000] {taskinstance.py:2076} INFO - Dependencies all met for dep_context=non-requeueable deps ti=<TaskInstance: nba_etl_to_postgres.fetch_schedule_and_load_to_postgres manual__2025-06-15T19:46:39.187735+00:00 [queued]>
[2025-06-15T19:46:42.093+0000] {taskinstance.py:2076} INFO - Dependencies all met for dep_context=requeueable deps ti=<TaskInstance: nba_etl_to_postgres.fetch_schedule_and_load_to_postgres manual__2025-06-15T19:46:39.187735+00:00 [queued]>
[2025-06-15T19:46:42.094+0000] {taskinstance.py:2306} INFO - Starting attempt 1 of 2
[2025-06-15T19:46:42.186+0000] {taskinstance.py:2330} INFO - Executing <Task(PythonOperator): fetch_schedule_and_load_to_postgres> on 2025-06-15 19:46:39.187735+00:00
[2025-06-15T19:46:42.196+0000] {standard_task_runner.py:63} INFO - Started process 526 to run task
[2025-06-15T19:46:42.201+0000] {standard_task_runner.py:90} INFO - Running: ['***', 'tasks', 'run', 'nba_etl_to_postgres', 'fetch_schedule_and_load_to_postgres', 'manual__2025-06-15T19:46:39.187735+00:00', '--job-id', '44', '--raw', '--subdir', 'DAGS_FOLDER/etl_pipeline.py', '--cfg-path', '/tmp/tmpdx87yrrg']
[2025-06-15T19:46:42.203+0000] {standard_task_runner.py:91} INFO - Job 44: Subtask fetch_schedule_and_load_to_postgres
[2025-06-15T19:46:42.356+0000] {task_command.py:426} INFO - Running <TaskInstance: nba_etl_to_postgres.fetch_schedule_and_load_to_postgres manual__2025-06-15T19:46:39.187735+00:00 [running]> on host 79b635c86444
[2025-06-15T19:46:42.651+0000] {taskinstance.py:2648} INFO - Exporting env vars: AIRFLOW_CTX_DAG_OWNER='***' AIRFLOW_CTX_DAG_ID='nba_etl_to_postgres' AIRFLOW_CTX_TASK_ID='fetch_schedule_and_load_to_postgres' AIRFLOW_CTX_EXECUTION_DATE='2025-06-15T19:46:39.187735+00:00' AIRFLOW_CTX_TRY_NUMBER='1' AIRFLOW_CTX_DAG_RUN_ID='manual__2025-06-15T19:46:39.187735+00:00'
[2025-06-15T19:46:42.652+0000] {taskinstance.py:430} INFO - ::endgroup::
[2025-06-15T19:46:42.696+0000] {logging_mixin.py:188} INFO - Fetching schedule from NBA API...
[2025-06-15T19:46:44.521+0000] {logging_mixin.py:188} INFO - Successfully fetched and transformed 1321 games.
[2025-06-15T19:46:44.522+0000] {logging_mixin.py:188} INFO - Preparing to load data into staging table: StgSchedule
[2025-06-15T19:46:44.526+0000] {logging_mixin.py:188} INFO - Ensuring table 'StgSchedule' exists...
[2025-06-15T19:46:44.555+0000] {logging_mixin.py:188} INFO - Table 'StgSchedule' is ready.
[2025-06-15T19:46:44.558+0000] {logging_mixin.py:188} INFO - Loading 1321 rows into StgSchedule...
[2025-06-15T19:46:44.799+0000] {logging_mixin.py:188} INFO - 1321 rows loaded successfully to StgSchedule.
[2025-06-15T19:46:44.809+0000] {python.py:237} INFO - Done. Returned value was: None
[2025-06-15T19:46:44.810+0000] {taskinstance.py:441} INFO - ::group::Post task execution logs
[2025-06-15T19:46:44.818+0000] {taskinstance.py:1206} INFO - Marking task as SUCCESS. dag_id=nba_etl_to_postgres, task_id=fetch_schedule_and_load_to_postgres, run_id=manual__2025-06-15T19:46:39.187735+00:00, execution_date=20250615T194639, start_date=20250615T194642, end_date=20250615T194644
[2025-06-15T19:46:44.900+0000] {local_task_job_runner.py:240} INFO - Task exited with return code 0
[2025-06-15T19:46:44.920+0000] {taskinstance.py:3498} INFO - 1 downstream tasks scheduled from follow-on schedule check
[2025-06-15T19:46:44.946+0000] {local_task_job_runner.py:222} INFO - ::endgroup::
