[2025-06-20T15:26:13.452+0000] {local_task_job_runner.py:120} INFO - ::group::Pre task execution logs
[2025-06-20T15:26:13.499+0000] {taskinstance.py:2076} INFO - Dependencies all met for dep_context=non-requeueable deps ti=<TaskInstance: nba_transform_to_dwh.load_dim_team manual__2025-06-20T15:26:10.935210+00:00 [queued]>
[2025-06-20T15:26:13.512+0000] {taskinstance.py:2076} INFO - Dependencies all met for dep_context=requeueable deps ti=<TaskInstance: nba_transform_to_dwh.load_dim_team manual__2025-06-20T15:26:10.935210+00:00 [queued]>
[2025-06-20T15:26:13.513+0000] {taskinstance.py:2306} INFO - Starting attempt 1 of 2
[2025-06-20T15:26:13.568+0000] {taskinstance.py:2330} INFO - Executing <Task(PythonOperator): load_dim_team> on 2025-06-20 15:26:10.935210+00:00
[2025-06-20T15:26:13.577+0000] {standard_task_runner.py:63} INFO - Started process 2902 to run task
[2025-06-20T15:26:13.583+0000] {standard_task_runner.py:90} INFO - Running: ['***', 'tasks', 'run', 'nba_transform_to_dwh', 'load_dim_team', 'manual__2025-06-20T15:26:10.935210+00:00', '--job-id', '256', '--raw', '--subdir', 'DAGS_FOLDER/etl_pipeline.py', '--cfg-path', '/tmp/tmpnngbio0h']
[2025-06-20T15:26:13.585+0000] {standard_task_runner.py:91} INFO - Job 256: Subtask load_dim_team
[2025-06-20T15:26:13.817+0000] {task_command.py:426} INFO - Running <TaskInstance: nba_transform_to_dwh.load_dim_team manual__2025-06-20T15:26:10.935210+00:00 [running]> on host 5ea278fdf3a6
[2025-06-20T15:26:14.097+0000] {taskinstance.py:2648} INFO - Exporting env vars: AIRFLOW_CTX_DAG_OWNER='***' AIRFLOW_CTX_DAG_ID='nba_transform_to_dwh' AIRFLOW_CTX_TASK_ID='load_dim_team' AIRFLOW_CTX_EXECUTION_DATE='2025-06-20T15:26:10.935210+00:00' AIRFLOW_CTX_TRY_NUMBER='1' AIRFLOW_CTX_DAG_RUN_ID='manual__2025-06-20T15:26:10.935210+00:00'
[2025-06-20T15:26:14.102+0000] {taskinstance.py:430} INFO - ::endgroup::
[2025-06-20T15:26:14.145+0000] {etl_pipeline.py:408} INFO - Ensuring dimension table 'dimteam' exists...
[2025-06-20T15:26:14.147+0000] {etl_pipeline.py:410} INFO - Loading/updating data into 'dimteam'...
[2025-06-20T15:26:14.148+0000] {etl_pipeline.py:412} INFO - Operation complete. 0 new rows inserted into dimteam.
[2025-06-20T15:26:14.197+0000] {python.py:237} INFO - Done. Returned value was: None
[2025-06-20T15:26:14.202+0000] {taskinstance.py:441} INFO - ::group::Post task execution logs
[2025-06-20T15:26:14.218+0000] {taskinstance.py:1206} INFO - Marking task as SUCCESS. dag_id=nba_transform_to_dwh, task_id=load_dim_team, run_id=manual__2025-06-20T15:26:10.935210+00:00, execution_date=20250620T152610, start_date=20250620T152613, end_date=20250620T152614
[2025-06-20T15:26:14.364+0000] {local_task_job_runner.py:240} INFO - Task exited with return code 0
[2025-06-20T15:26:14.557+0000] {taskinstance.py:3498} INFO - 1 downstream tasks scheduled from follow-on schedule check
[2025-06-20T15:26:14.613+0000] {local_task_job_runner.py:222} INFO - ::endgroup::
