[2025-06-20T12:22:05.020+0000] {local_task_job_runner.py:120} INFO - ::group::Pre task execution logs
[2025-06-20T12:22:05.060+0000] {taskinstance.py:2076} INFO - Dependencies all met for dep_context=non-requeueable deps ti=<TaskInstance: nba_staging_to_transform.transform_team manual__2025-06-20T12:22:02.783051+00:00 [queued]>
[2025-06-20T12:22:05.072+0000] {taskinstance.py:2076} INFO - Dependencies all met for dep_context=requeueable deps ti=<TaskInstance: nba_staging_to_transform.transform_team manual__2025-06-20T12:22:02.783051+00:00 [queued]>
[2025-06-20T12:22:05.073+0000] {taskinstance.py:2306} INFO - Starting attempt 1 of 2
[2025-06-20T12:22:05.116+0000] {taskinstance.py:2330} INFO - Executing <Task(PythonOperator): transform_team> on 2025-06-20 12:22:02.783051+00:00
[2025-06-20T12:22:05.125+0000] {standard_task_runner.py:63} INFO - Started process 921 to run task
[2025-06-20T12:22:05.131+0000] {standard_task_runner.py:90} INFO - Running: ['***', 'tasks', 'run', 'nba_staging_to_transform', 'transform_team', 'manual__2025-06-20T12:22:02.783051+00:00', '--job-id', '203', '--raw', '--subdir', 'DAGS_FOLDER/etl_pipeline.py', '--cfg-path', '/tmp/tmpgwxofbpj']
[2025-06-20T12:22:05.133+0000] {standard_task_runner.py:91} INFO - Job 203: Subtask transform_team
[2025-06-20T12:22:05.254+0000] {task_command.py:426} INFO - Running <TaskInstance: nba_staging_to_transform.transform_team manual__2025-06-20T12:22:02.783051+00:00 [running]> on host 5ea278fdf3a6
[2025-06-20T12:22:05.421+0000] {taskinstance.py:2648} INFO - Exporting env vars: AIRFLOW_CTX_DAG_OWNER='***' AIRFLOW_CTX_DAG_ID='nba_staging_to_transform' AIRFLOW_CTX_TASK_ID='transform_team' AIRFLOW_CTX_EXECUTION_DATE='2025-06-20T12:22:02.783051+00:00' AIRFLOW_CTX_TRY_NUMBER='1' AIRFLOW_CTX_DAG_RUN_ID='manual__2025-06-20T12:22:02.783051+00:00'
[2025-06-20T12:22:05.422+0000] {taskinstance.py:430} INFO - ::endgroup::
[2025-06-20T12:22:05.444+0000] {etl_pipeline.py:288} INFO - Fetching data for transformation: transformteam
[2025-06-20T12:22:05.457+0000] {logging_mixin.py:188} WARNING - /opt/***/dags/etl_pipeline.py:289 UserWarning: pandas only supports SQLAlchemy connectable (engine/connection) or database string URI or sqlite3 DBAPI2 connection. Other DBAPI2 objects are not tested. Please consider using SQLAlchemy.
[2025-06-20T12:22:05.463+0000] {etl_pipeline.py:290} INFO - Successfully fetched and transformed 30 rows.
[2025-06-20T12:22:05.469+0000] {etl_pipeline.py:98} INFO - Ensuring table 'transformteam' exists...
[2025-06-20T12:22:05.471+0000] {etl_pipeline.py:100} INFO - Table 'transformteam' is ready.
[2025-06-20T12:22:05.472+0000] {etl_pipeline.py:110} INFO - Truncating table transformteam and restarting identity columns...
[2025-06-20T12:22:05.631+0000] {etl_pipeline.py:115} INFO - Loading 30 rows into transformteam...
[2025-06-20T12:22:05.634+0000] {etl_pipeline.py:118} INFO - 30 rows loaded successfully to transformteam.
[2025-06-20T12:22:05.680+0000] {python.py:237} INFO - Done. Returned value was: None
[2025-06-20T12:22:05.683+0000] {taskinstance.py:441} INFO - ::group::Post task execution logs
[2025-06-20T12:22:05.694+0000] {taskinstance.py:1206} INFO - Marking task as SUCCESS. dag_id=nba_staging_to_transform, task_id=transform_team, run_id=manual__2025-06-20T12:22:02.783051+00:00, execution_date=20250620T122202, start_date=20250620T122205, end_date=20250620T122205
[2025-06-20T12:22:05.867+0000] {local_task_job_runner.py:240} INFO - Task exited with return code 0
[2025-06-20T12:22:05.888+0000] {taskinstance.py:3498} INFO - 0 downstream tasks scheduled from follow-on schedule check
[2025-06-20T12:22:05.936+0000] {local_task_job_runner.py:222} INFO - ::endgroup::
