[2025-06-20T12:22:10.317+0000] {local_task_job_runner.py:120} INFO - ::group::Pre task execution logs
[2025-06-20T12:22:10.431+0000] {taskinstance.py:2076} INFO - Dependencies all met for dep_context=non-requeueable deps ti=<TaskInstance: nba_staging_to_transform.transform_shot_chart manual__2025-06-20T12:22:02.783051+00:00 [queued]>
[2025-06-20T12:22:10.466+0000] {taskinstance.py:2076} INFO - Dependencies all met for dep_context=requeueable deps ti=<TaskInstance: nba_staging_to_transform.transform_shot_chart manual__2025-06-20T12:22:02.783051+00:00 [queued]>
[2025-06-20T12:22:10.469+0000] {taskinstance.py:2306} INFO - Starting attempt 1 of 2
[2025-06-20T12:22:10.577+0000] {taskinstance.py:2330} INFO - Executing <Task(PythonOperator): transform_shot_chart> on 2025-06-20 12:22:02.783051+00:00
[2025-06-20T12:22:10.596+0000] {standard_task_runner.py:63} INFO - Started process 926 to run task
[2025-06-20T12:22:10.611+0000] {standard_task_runner.py:90} INFO - Running: ['***', 'tasks', 'run', 'nba_staging_to_transform', 'transform_shot_chart', 'manual__2025-06-20T12:22:02.783051+00:00', '--job-id', '206', '--raw', '--subdir', 'DAGS_FOLDER/etl_pipeline.py', '--cfg-path', '/tmp/tmph8wjvaho']
[2025-06-20T12:22:10.616+0000] {standard_task_runner.py:91} INFO - Job 206: Subtask transform_shot_chart
[2025-06-20T12:22:10.863+0000] {task_command.py:426} INFO - Running <TaskInstance: nba_staging_to_transform.transform_shot_chart manual__2025-06-20T12:22:02.783051+00:00 [running]> on host 5ea278fdf3a6
[2025-06-20T12:22:11.182+0000] {taskinstance.py:2648} INFO - Exporting env vars: AIRFLOW_CTX_DAG_OWNER='***' AIRFLOW_CTX_DAG_ID='nba_staging_to_transform' AIRFLOW_CTX_TASK_ID='transform_shot_chart' AIRFLOW_CTX_EXECUTION_DATE='2025-06-20T12:22:02.783051+00:00' AIRFLOW_CTX_TRY_NUMBER='1' AIRFLOW_CTX_DAG_RUN_ID='manual__2025-06-20T12:22:02.783051+00:00'
[2025-06-20T12:22:11.185+0000] {taskinstance.py:430} INFO - ::endgroup::
[2025-06-20T12:22:11.215+0000] {etl_pipeline.py:288} INFO - Fetching data for transformation: transformshotchart
[2025-06-20T12:22:11.228+0000] {logging_mixin.py:188} WARNING - /opt/***/dags/etl_pipeline.py:289 UserWarning: pandas only supports SQLAlchemy connectable (engine/connection) or database string URI or sqlite3 DBAPI2 connection. Other DBAPI2 objects are not tested. Please consider using SQLAlchemy.
[2025-06-20T12:22:11.244+0000] {etl_pipeline.py:290} INFO - Successfully fetched and transformed 524 rows.
[2025-06-20T12:22:11.250+0000] {etl_pipeline.py:98} INFO - Ensuring table 'transformshotchart' exists...
[2025-06-20T12:22:11.251+0000] {etl_pipeline.py:100} INFO - Table 'transformshotchart' is ready.
[2025-06-20T12:22:11.253+0000] {etl_pipeline.py:110} INFO - Truncating table transformshotchart and restarting identity columns...
[2025-06-20T12:22:11.449+0000] {etl_pipeline.py:115} INFO - Loading 524 rows into transformshotchart...
[2025-06-20T12:22:11.471+0000] {etl_pipeline.py:118} INFO - 524 rows loaded successfully to transformshotchart.
[2025-06-20T12:22:11.506+0000] {python.py:237} INFO - Done. Returned value was: None
[2025-06-20T12:22:11.508+0000] {taskinstance.py:441} INFO - ::group::Post task execution logs
[2025-06-20T12:22:11.520+0000] {taskinstance.py:1206} INFO - Marking task as SUCCESS. dag_id=nba_staging_to_transform, task_id=transform_shot_chart, run_id=manual__2025-06-20T12:22:02.783051+00:00, execution_date=20250620T122202, start_date=20250620T122210, end_date=20250620T122211
[2025-06-20T12:22:11.593+0000] {local_task_job_runner.py:240} INFO - Task exited with return code 0
[2025-06-20T12:22:11.618+0000] {taskinstance.py:3498} INFO - 0 downstream tasks scheduled from follow-on schedule check
[2025-06-20T12:22:11.645+0000] {local_task_job_runner.py:222} INFO - ::endgroup::
