[2025-06-15T21:55:07.512+0000] {local_task_job_runner.py:120} INFO - ::group::Pre task execution logs
[2025-06-15T21:55:07.660+0000] {taskinstance.py:2076} INFO - Dependencies all met for dep_context=non-requeueable deps ti=<TaskInstance: nba_etl_to_postgres.fetch_roster_and_load_to_postgres manual__2025-06-15T21:55:01.894822+00:00 [queued]>
[2025-06-15T21:55:07.702+0000] {taskinstance.py:2076} INFO - Dependencies all met for dep_context=requeueable deps ti=<TaskInstance: nba_etl_to_postgres.fetch_roster_and_load_to_postgres manual__2025-06-15T21:55:01.894822+00:00 [queued]>
[2025-06-15T21:55:07.709+0000] {taskinstance.py:2306} INFO - Starting attempt 1 of 2
[2025-06-15T21:55:07.859+0000] {taskinstance.py:2330} INFO - Executing <Task(PythonOperator): fetch_roster_and_load_to_postgres> on 2025-06-15 21:55:01.894822+00:00
[2025-06-15T21:55:07.869+0000] {standard_task_runner.py:63} INFO - Started process 949 to run task
[2025-06-15T21:55:07.876+0000] {standard_task_runner.py:90} INFO - Running: ['***', 'tasks', 'run', 'nba_etl_to_postgres', 'fetch_roster_and_load_to_postgres', 'manual__2025-06-15T21:55:01.894822+00:00', '--job-id', '10', '--raw', '--subdir', 'DAGS_FOLDER/etl_pipeline.py', '--cfg-path', '/tmp/tmpphs8q9re']
[2025-06-15T21:55:07.878+0000] {standard_task_runner.py:91} INFO - Job 10: Subtask fetch_roster_and_load_to_postgres
[2025-06-15T21:55:08.006+0000] {task_command.py:426} INFO - Running <TaskInstance: nba_etl_to_postgres.fetch_roster_and_load_to_postgres manual__2025-06-15T21:55:01.894822+00:00 [running]> on host 11d91b3c2b82
[2025-06-15T21:55:08.191+0000] {taskinstance.py:2648} INFO - Exporting env vars: AIRFLOW_CTX_DAG_OWNER='***' AIRFLOW_CTX_DAG_ID='nba_etl_to_postgres' AIRFLOW_CTX_TASK_ID='fetch_roster_and_load_to_postgres' AIRFLOW_CTX_EXECUTION_DATE='2025-06-15T21:55:01.894822+00:00' AIRFLOW_CTX_TRY_NUMBER='1' AIRFLOW_CTX_DAG_RUN_ID='manual__2025-06-15T21:55:01.894822+00:00'
[2025-06-15T21:55:08.193+0000] {taskinstance.py:430} INFO - ::endgroup::
[2025-06-15T21:55:08.208+0000] {logging_mixin.py:188} INFO - Fetching roster for Atlanta Hawks (ATL)...
[2025-06-15T21:55:08.649+0000] {logging_mixin.py:188} WARNING - /opt/***/plugins/nba_lib/teams.py:21 FutureWarning: Passing literal html to 'read_html' is deprecated and will be removed in a future version. To read from a literal string, wrap it in a 'StringIO' object.
[2025-06-15T21:55:12.161+0000] {logging_mixin.py:188} WARNING - /opt/***/plugins/nba_lib/utils.py:118 FutureWarning: Passing literal html to 'read_html' is deprecated and will be removed in a future version. To read from a literal string, wrap it in a 'StringIO' object.
[2025-06-15T21:55:16.198+0000] {logging_mixin.py:188} WARNING - /opt/***/plugins/nba_lib/utils.py:118 FutureWarning: Passing literal html to 'read_html' is deprecated and will be removed in a future version. To read from a literal string, wrap it in a 'StringIO' object.
[2025-06-15T21:55:19.494+0000] {logging_mixin.py:188} WARNING - /opt/***/plugins/nba_lib/utils.py:118 FutureWarning: Passing literal html to 'read_html' is deprecated and will be removed in a future version. To read from a literal string, wrap it in a 'StringIO' object.
[2025-06-15T21:55:22.844+0000] {logging_mixin.py:188} WARNING - /opt/***/plugins/nba_lib/utils.py:118 FutureWarning: Passing literal html to 'read_html' is deprecated and will be removed in a future version. To read from a literal string, wrap it in a 'StringIO' object.
[2025-06-15T21:55:22.862+0000] {logging_mixin.py:188} INFO - Fetched 18 players for Atlanta Hawks.
[2025-06-15T21:55:24.866+0000] {logging_mixin.py:188} INFO - Fetching roster for Boston Celtics (BOS)...
[2025-06-15T21:55:28.529+0000] {logging_mixin.py:188} WARNING - /opt/***/plugins/nba_lib/teams.py:21 FutureWarning: Passing literal html to 'read_html' is deprecated and will be removed in a future version. To read from a literal string, wrap it in a 'StringIO' object.
[2025-06-15T21:55:31.896+0000] {logging_mixin.py:188} WARNING - /opt/***/plugins/nba_lib/utils.py:118 FutureWarning: Passing literal html to 'read_html' is deprecated and will be removed in a future version. To read from a literal string, wrap it in a 'StringIO' object.
[2025-06-15T21:55:35.336+0000] {logging_mixin.py:188} WARNING - /opt/***/plugins/nba_lib/utils.py:118 FutureWarning: Passing literal html to 'read_html' is deprecated and will be removed in a future version. To read from a literal string, wrap it in a 'StringIO' object.
[2025-06-15T21:55:39.253+0000] {logging_mixin.py:188} WARNING - /opt/***/plugins/nba_lib/utils.py:118 FutureWarning: Passing literal html to 'read_html' is deprecated and will be removed in a future version. To read from a literal string, wrap it in a 'StringIO' object.
[2025-06-15T21:55:42.599+0000] {logging_mixin.py:188} WARNING - /opt/***/plugins/nba_lib/utils.py:118 FutureWarning: Passing literal html to 'read_html' is deprecated and will be removed in a future version. To read from a literal string, wrap it in a 'StringIO' object.
[2025-06-15T21:55:42.614+0000] {logging_mixin.py:188} INFO - Fetched 17 players for Boston Celtics.
[2025-06-15T21:55:44.753+0000] {logging_mixin.py:188} INFO - Fetching roster for Brooklyn Nets (BRK)...
[2025-06-15T21:55:47.859+0000] {logging_mixin.py:188} INFO - Retrying after 3597 sec...
[2025-06-15T22:56:01.841+0000] {logging_mixin.py:188} INFO - Retrying after 3597 sec...
[2025-06-15T23:56:17.651+0000] {logging_mixin.py:188} INFO - Retrying after 3597 sec...
[2025-06-16T00:56:35.332+0000] {logging_mixin.py:188} INFO - Retrying after 3597 sec...
[2025-06-16T01:56:53.461+0000] {logging_mixin.py:188} INFO - Retrying after 3597 sec...
[2025-06-16T02:57:26.728+0000] {logging_mixin.py:188} INFO - Retrying after 3597 sec...
[2025-06-16T03:58:51.610+0000] {logging_mixin.py:188} INFO - Retrying after 3597 sec...
[2025-06-16T05:00:25.746+0000] {logging_mixin.py:188} INFO - Retrying after 3597 sec...
[2025-06-16T06:02:06.074+0000] {logging_mixin.py:188} INFO - Retrying after 3597 sec...
[2025-06-16T06:25:36.271+0000] {local_task_job_runner.py:310} WARNING - State of this instance has been externally set to failed. Terminating instance.
[2025-06-16T06:25:36.273+0000] {local_task_job_runner.py:222} INFO - ::endgroup::
[2025-06-16T06:25:36.281+0000] {process_utils.py:132} INFO - Sending 15 to group 949. PIDs of all processes in the group: [949]
[2025-06-16T06:25:36.283+0000] {process_utils.py:87} INFO - Sending the signal 15 to group 949
[2025-06-16T06:25:36.285+0000] {taskinstance.py:2611} ERROR - Received SIGTERM. Terminating subprocesses.
[2025-06-16T06:25:36.286+0000] {taskinstance.py:441} INFO - ::group::Post task execution logs
[2025-06-16T06:25:36.459+0000] {process_utils.py:80} INFO - Process psutil.Process(pid=949, status='terminated', exitcode=0, started='21:55:07') (949) terminated with exit code 0
