[2025-06-22T08:31:00.678+0000] {local_task_job_runner.py:120} INFO - ::group::Pre task execution logs
[2025-06-22T08:31:00.716+0000] {taskinstance.py:2076} INFO - Dependencies all met for dep_context=non-requeueable deps ti=<TaskInstance: nba_transform_to_dwh.load_fc_shoot manual__2025-06-22T08:30:51.433451+00:00 [queued]>
[2025-06-22T08:31:00.902+0000] {taskinstance.py:2076} INFO - Dependencies all met for dep_context=requeueable deps ti=<TaskInstance: nba_transform_to_dwh.load_fc_shoot manual__2025-06-22T08:30:51.433451+00:00 [queued]>
[2025-06-22T08:31:00.903+0000] {taskinstance.py:2306} INFO - Starting attempt 1 of 2
[2025-06-22T08:31:00.961+0000] {taskinstance.py:2330} INFO - Executing <Task(PythonOperator): load_fc_shoot> on 2025-06-22 08:30:51.433451+00:00
[2025-06-22T08:31:00.968+0000] {standard_task_runner.py:63} INFO - Started process 901 to run task
[2025-06-22T08:31:00.973+0000] {standard_task_runner.py:90} INFO - Running: ['***', 'tasks', 'run', 'nba_transform_to_dwh', 'load_fc_shoot', 'manual__2025-06-22T08:30:51.433451+00:00', '--job-id', '528', '--raw', '--subdir', 'DAGS_FOLDER/etl_pipeline.py', '--cfg-path', '/tmp/tmpibky2gfr']
[2025-06-22T08:31:00.974+0000] {standard_task_runner.py:91} INFO - Job 528: Subtask load_fc_shoot
[2025-06-22T08:31:01.069+0000] {task_command.py:426} INFO - Running <TaskInstance: nba_transform_to_dwh.load_fc_shoot manual__2025-06-22T08:30:51.433451+00:00 [running]> on host 5ea278fdf3a6
[2025-06-22T08:31:01.237+0000] {taskinstance.py:2648} INFO - Exporting env vars: AIRFLOW_CTX_DAG_OWNER='***' AIRFLOW_CTX_DAG_ID='nba_transform_to_dwh' AIRFLOW_CTX_TASK_ID='load_fc_shoot' AIRFLOW_CTX_EXECUTION_DATE='2025-06-22T08:30:51.433451+00:00' AIRFLOW_CTX_TRY_NUMBER='1' AIRFLOW_CTX_DAG_RUN_ID='manual__2025-06-22T08:30:51.433451+00:00'
[2025-06-22T08:31:01.238+0000] {taskinstance.py:430} INFO - ::endgroup::
[2025-06-22T08:31:01.256+0000] {etl_pipeline.py:676} INFO - Ensuring fact table 'fcshoot' exists...
[2025-06-22T08:31:01.258+0000] {etl_pipeline.py:678} INFO - Loading/updating data into 'fcshoot'...
[2025-06-22T08:31:15.847+0000] {etl_pipeline.py:680} INFO - Operation complete for fcshoot. 222760 new rows inserted.
[2025-06-22T08:31:15.882+0000] {etl_pipeline.py:688} INFO - Ensuring dimension table 'fcshoot' exists...
[2025-06-22T08:31:15.884+0000] {etl_pipeline.py:690} INFO - Loading/updating data into 'fcshoot'...
[2025-06-22T08:31:16.791+0000] {etl_pipeline.py:692} INFO - Operation complete. 0 new rows inserted into fcshoot.
[2025-06-22T08:31:16.822+0000] {python.py:237} INFO - Done. Returned value was: None
[2025-06-22T08:31:16.825+0000] {taskinstance.py:441} INFO - ::group::Post task execution logs
[2025-06-22T08:31:16.836+0000] {taskinstance.py:1206} INFO - Marking task as SUCCESS. dag_id=nba_transform_to_dwh, task_id=load_fc_shoot, run_id=manual__2025-06-22T08:30:51.433451+00:00, execution_date=20250622T083051, start_date=20250622T083100, end_date=20250622T083116
[2025-06-22T08:31:16.910+0000] {local_task_job_runner.py:240} INFO - Task exited with return code 0
[2025-06-22T08:31:16.924+0000] {taskinstance.py:3498} INFO - 0 downstream tasks scheduled from follow-on schedule check
[2025-06-22T08:31:16.956+0000] {local_task_job_runner.py:222} INFO - ::endgroup::
