[2025-06-15T13:42:16.783+0000] {local_task_job_runner.py:120} INFO - ::group::Pre task execution logs
[2025-06-15T13:42:16.865+0000] {taskinstance.py:2076} INFO - Dependencies all met for dep_context=non-requeueable deps ti=<TaskInstance: nba_etl_to_postgres.fetch_schedule_and_load_to_postgres manual__2025-06-15T13:42:14.438663+00:00 [queued]>
[2025-06-15T13:42:16.875+0000] {taskinstance.py:2076} INFO - Dependencies all met for dep_context=requeueable deps ti=<TaskInstance: nba_etl_to_postgres.fetch_schedule_and_load_to_postgres manual__2025-06-15T13:42:14.438663+00:00 [queued]>
[2025-06-15T13:42:16.876+0000] {taskinstance.py:2306} INFO - Starting attempt 1 of 2
[2025-06-15T13:42:16.995+0000] {taskinstance.py:2330} INFO - Executing <Task(PythonOperator): fetch_schedule_and_load_to_postgres> on 2025-06-15 13:42:14.438663+00:00
[2025-06-15T13:42:17.007+0000] {standard_task_runner.py:63} INFO - Started process 942 to run task
[2025-06-15T13:42:17.015+0000] {standard_task_runner.py:90} INFO - Running: ['***', 'tasks', 'run', 'nba_etl_to_postgres', 'fetch_schedule_and_load_to_postgres', 'manual__2025-06-15T13:42:14.438663+00:00', '--job-id', '24', '--raw', '--subdir', 'DAGS_FOLDER/etl_pipeline.py', '--cfg-path', '/tmp/tmp2ye99tqr']
[2025-06-15T13:42:17.018+0000] {standard_task_runner.py:91} INFO - Job 24: Subtask fetch_schedule_and_load_to_postgres
[2025-06-15T13:42:17.143+0000] {task_command.py:426} INFO - Running <TaskInstance: nba_etl_to_postgres.fetch_schedule_and_load_to_postgres manual__2025-06-15T13:42:14.438663+00:00 [running]> on host e9ac9ffe8f89
[2025-06-15T13:42:17.311+0000] {taskinstance.py:2648} INFO - Exporting env vars: AIRFLOW_CTX_DAG_OWNER='***' AIRFLOW_CTX_DAG_ID='nba_etl_to_postgres' AIRFLOW_CTX_TASK_ID='fetch_schedule_and_load_to_postgres' AIRFLOW_CTX_EXECUTION_DATE='2025-06-15T13:42:14.438663+00:00' AIRFLOW_CTX_TRY_NUMBER='1' AIRFLOW_CTX_DAG_RUN_ID='manual__2025-06-15T13:42:14.438663+00:00'
[2025-06-15T13:42:17.313+0000] {taskinstance.py:430} INFO - ::endgroup::
[2025-06-15T13:42:17.330+0000] {logging_mixin.py:188} INFO - Fetching schedule from NBA API...
[2025-06-15T13:42:18.618+0000] {logging_mixin.py:188} INFO - Successfully fetched and transformed 1321 games.
[2025-06-15T13:42:18.619+0000] {logging_mixin.py:188} INFO - Preparing to load data into staging table: StgSchedule
[2025-06-15T13:42:18.625+0000] {logging_mixin.py:188} INFO - Ensuring table 'StgSchedule' exists...
[2025-06-15T13:42:18.837+0000] {logging_mixin.py:188} INFO - Table 'StgSchedule' is ready.
[2025-06-15T13:42:18.840+0000] {logging_mixin.py:188} INFO - Loading 1321 rows into StgSchedule...
[2025-06-15T13:42:18.896+0000] {logging_mixin.py:188} INFO - 1321 rows loaded successfully to StgSchedule.
[2025-06-15T13:42:18.904+0000] {python.py:237} INFO - Done. Returned value was: None
[2025-06-15T13:42:18.905+0000] {taskinstance.py:441} INFO - ::group::Post task execution logs
[2025-06-15T13:42:18.914+0000] {taskinstance.py:1206} INFO - Marking task as SUCCESS. dag_id=nba_etl_to_postgres, task_id=fetch_schedule_and_load_to_postgres, run_id=manual__2025-06-15T13:42:14.438663+00:00, execution_date=20250615T134214, start_date=20250615T134216, end_date=20250615T134218
[2025-06-15T13:42:18.973+0000] {local_task_job_runner.py:240} INFO - Task exited with return code 0
[2025-06-15T13:42:18.992+0000] {local_task_job_runner.py:222} INFO - ::endgroup::
