[2025-06-21T21:40:58.263+0000] {local_task_job_runner.py:120} INFO - ::group::Pre task execution logs
[2025-06-21T21:40:58.381+0000] {taskinstance.py:2076} INFO - Dependencies all met for dep_context=non-requeueable deps ti=<TaskInstance: nba_etl_to_staging.fetch_schedule_and_load_to_stage manual__2025-06-21T21:40:55.752118+00:00 [queued]>
[2025-06-21T21:40:59.068+0000] {taskinstance.py:2076} INFO - Dependencies all met for dep_context=requeueable deps ti=<TaskInstance: nba_etl_to_staging.fetch_schedule_and_load_to_stage manual__2025-06-21T21:40:55.752118+00:00 [queued]>
[2025-06-21T21:40:59.070+0000] {taskinstance.py:2306} INFO - Starting attempt 1 of 2
[2025-06-21T21:40:59.187+0000] {taskinstance.py:2330} INFO - Executing <Task(PythonOperator): fetch_schedule_and_load_to_stage> on 2025-06-21 21:40:55.752118+00:00
[2025-06-21T21:40:59.213+0000] {standard_task_runner.py:63} INFO - Started process 993 to run task
[2025-06-21T21:40:59.226+0000] {standard_task_runner.py:90} INFO - Running: ['***', 'tasks', 'run', 'nba_etl_to_staging', 'fetch_schedule_and_load_to_stage', 'manual__2025-06-21T21:40:55.752118+00:00', '--job-id', '488', '--raw', '--subdir', 'DAGS_FOLDER/etl_pipeline.py', '--cfg-path', '/tmp/tmp9flwaqnj']
[2025-06-21T21:40:59.228+0000] {standard_task_runner.py:91} INFO - Job 488: Subtask fetch_schedule_and_load_to_stage
[2025-06-21T21:40:59.426+0000] {task_command.py:426} INFO - Running <TaskInstance: nba_etl_to_staging.fetch_schedule_and_load_to_stage manual__2025-06-21T21:40:55.752118+00:00 [running]> on host 5ea278fdf3a6
[2025-06-21T21:40:59.835+0000] {taskinstance.py:2648} INFO - Exporting env vars: AIRFLOW_CTX_DAG_OWNER='***' AIRFLOW_CTX_DAG_ID='nba_etl_to_staging' AIRFLOW_CTX_TASK_ID='fetch_schedule_and_load_to_stage' AIRFLOW_CTX_EXECUTION_DATE='2025-06-21T21:40:55.752118+00:00' AIRFLOW_CTX_TRY_NUMBER='1' AIRFLOW_CTX_DAG_RUN_ID='manual__2025-06-21T21:40:55.752118+00:00'
[2025-06-21T21:40:59.836+0000] {taskinstance.py:430} INFO - ::endgroup::
[2025-06-21T21:40:59.856+0000] {etl_pipeline.py:131} INFO - Fetching schedule from NBA API...
[2025-06-21T21:41:01.471+0000] {etl_pipeline.py:158} INFO - Successfully fetched and transformed 1321 games.
[2025-06-21T21:41:01.490+0000] {etl_pipeline.py:159} INFO - Preparing to load data into staging table: stgschedule
[2025-06-21T21:41:01.525+0000] {etl_pipeline.py:98} INFO - Ensuring table 'stgschedule' exists...
[2025-06-21T21:41:01.530+0000] {etl_pipeline.py:100} INFO - Table 'stgschedule' is ready.
[2025-06-21T21:41:01.533+0000] {etl_pipeline.py:110} INFO - Truncating table stgschedule and restarting identity columns...
[2025-06-21T21:41:01.719+0000] {etl_pipeline.py:115} INFO - Loading 1321 rows into stgschedule...
[2025-06-21T21:41:01.848+0000] {etl_pipeline.py:118} INFO - 1321 rows loaded successfully to stgschedule.
[2025-06-21T21:41:01.931+0000] {python.py:237} INFO - Done. Returned value was: None
[2025-06-21T21:41:01.934+0000] {taskinstance.py:441} INFO - ::group::Post task execution logs
[2025-06-21T21:41:01.962+0000] {taskinstance.py:1206} INFO - Marking task as SUCCESS. dag_id=nba_etl_to_staging, task_id=fetch_schedule_and_load_to_stage, run_id=manual__2025-06-21T21:40:55.752118+00:00, execution_date=20250621T214055, start_date=20250621T214058, end_date=20250621T214101
[2025-06-21T21:41:02.098+0000] {local_task_job_runner.py:240} INFO - Task exited with return code 0
[2025-06-21T21:41:02.185+0000] {taskinstance.py:3498} INFO - 0 downstream tasks scheduled from follow-on schedule check
[2025-06-21T21:41:02.239+0000] {local_task_job_runner.py:222} INFO - ::endgroup::
