[2025-06-16T15:32:52.117+0000] {local_task_job_runner.py:120} INFO - ::group::Pre task execution logs
[2025-06-16T15:32:52.158+0000] {taskinstance.py:2076} INFO - Dependencies all met for dep_context=non-requeueable deps ti=<TaskInstance: nba_staging_to_dwh.transform_load_dim_player manual__2025-06-16T15:32:47.666536+00:00 [queued]>
[2025-06-16T15:32:52.337+0000] {taskinstance.py:2076} INFO - Dependencies all met for dep_context=requeueable deps ti=<TaskInstance: nba_staging_to_dwh.transform_load_dim_player manual__2025-06-16T15:32:47.666536+00:00 [queued]>
[2025-06-16T15:32:52.338+0000] {taskinstance.py:2306} INFO - Starting attempt 1 of 2
[2025-06-16T15:32:52.437+0000] {taskinstance.py:2330} INFO - Executing <Task(PythonOperator): transform_load_dim_player> on 2025-06-16 15:32:47.666536+00:00
[2025-06-16T15:32:52.443+0000] {standard_task_runner.py:63} INFO - Started process 4517 to run task
[2025-06-16T15:32:52.447+0000] {standard_task_runner.py:90} INFO - Running: ['***', 'tasks', 'run', 'nba_staging_to_dwh', 'transform_load_dim_player', 'manual__2025-06-16T15:32:47.666536+00:00', '--job-id', '35', '--raw', '--subdir', 'DAGS_FOLDER/etl_pipeline.py', '--cfg-path', '/tmp/tmp7orcr5ue']
[2025-06-16T15:32:52.448+0000] {standard_task_runner.py:91} INFO - Job 35: Subtask transform_load_dim_player
[2025-06-16T15:32:52.556+0000] {task_command.py:426} INFO - Running <TaskInstance: nba_staging_to_dwh.transform_load_dim_player manual__2025-06-16T15:32:47.666536+00:00 [running]> on host 11d91b3c2b82
[2025-06-16T15:32:52.695+0000] {taskinstance.py:2648} INFO - Exporting env vars: AIRFLOW_CTX_DAG_OWNER='***' AIRFLOW_CTX_DAG_ID='nba_staging_to_dwh' AIRFLOW_CTX_TASK_ID='transform_load_dim_player' AIRFLOW_CTX_EXECUTION_DATE='2025-06-16T15:32:47.666536+00:00' AIRFLOW_CTX_TRY_NUMBER='1' AIRFLOW_CTX_DAG_RUN_ID='manual__2025-06-16T15:32:47.666536+00:00'
[2025-06-16T15:32:52.696+0000] {taskinstance.py:430} INFO - ::endgroup::
[2025-06-16T15:32:52.724+0000] {logging_mixin.py:188} WARNING - /opt/***/dags/etl_pipeline.py:375 UserWarning: pandas only supports SQLAlchemy connectable (engine/connection) or database string URI or sqlite3 DBAPI2 connection. Other DBAPI2 objects are not tested. Please consider using SQLAlchemy.
[2025-06-16T15:32:52.739+0000] {logging_mixin.py:188} INFO - Ensuring table 'dimplayer' exists...
[2025-06-16T15:32:52.844+0000] {logging_mixin.py:188} INFO - Table 'dimplayer' is ready.
[2025-06-16T15:32:52.853+0000] {logging_mixin.py:188} INFO - Loading 537 rows into dimplayer...
[2025-06-16T15:32:52.882+0000] {logging_mixin.py:188} INFO - 537 rows loaded successfully to dimplayer.
[2025-06-16T15:32:52.912+0000] {python.py:237} INFO - Done. Returned value was: None
[2025-06-16T15:32:52.915+0000] {taskinstance.py:441} INFO - ::group::Post task execution logs
[2025-06-16T15:32:52.923+0000] {taskinstance.py:1206} INFO - Marking task as SUCCESS. dag_id=nba_staging_to_dwh, task_id=transform_load_dim_player, run_id=manual__2025-06-16T15:32:47.666536+00:00, execution_date=20250616T153247, start_date=20250616T153252, end_date=20250616T153252
[2025-06-16T15:32:52.983+0000] {local_task_job_runner.py:240} INFO - Task exited with return code 0
[2025-06-16T15:32:53.002+0000] {taskinstance.py:3498} INFO - 0 downstream tasks scheduled from follow-on schedule check
[2025-06-16T15:32:53.030+0000] {local_task_job_runner.py:222} INFO - ::endgroup::
