[2025-06-22T11:15:27.103+0000] {local_task_job_runner.py:120} INFO - ::group::Pre task execution logs
[2025-06-22T11:15:27.338+0000] {taskinstance.py:2076} INFO - Dependencies all met for dep_context=non-requeueable deps ti=<TaskInstance: nba_staging_to_transform.transform_team manual__2025-06-22T11:15:24.800157+00:00 [queued]>
[2025-06-22T11:15:28.077+0000] {taskinstance.py:2076} INFO - Dependencies all met for dep_context=requeueable deps ti=<TaskInstance: nba_staging_to_transform.transform_team manual__2025-06-22T11:15:24.800157+00:00 [queued]>
[2025-06-22T11:15:28.078+0000] {taskinstance.py:2306} INFO - Starting attempt 1 of 2
[2025-06-22T11:15:28.137+0000] {taskinstance.py:2330} INFO - Executing <Task(PythonOperator): transform_team> on 2025-06-22 11:15:24.800157+00:00
[2025-06-22T11:15:28.191+0000] {standard_task_runner.py:63} INFO - Started process 2584 to run task
[2025-06-22T11:15:28.197+0000] {standard_task_runner.py:90} INFO - Running: ['***', 'tasks', 'run', 'nba_staging_to_transform', 'transform_team', 'manual__2025-06-22T11:15:24.800157+00:00', '--job-id', '549', '--raw', '--subdir', 'DAGS_FOLDER/etl_pipeline.py', '--cfg-path', '/tmp/tmpi464xqo0']
[2025-06-22T11:15:28.200+0000] {standard_task_runner.py:91} INFO - Job 549: Subtask transform_team
[2025-06-22T11:15:28.345+0000] {task_command.py:426} INFO - Running <TaskInstance: nba_staging_to_transform.transform_team manual__2025-06-22T11:15:24.800157+00:00 [running]> on host 5ea278fdf3a6
[2025-06-22T11:15:28.518+0000] {taskinstance.py:2648} INFO - Exporting env vars: AIRFLOW_CTX_DAG_OWNER='***' AIRFLOW_CTX_DAG_ID='nba_staging_to_transform' AIRFLOW_CTX_TASK_ID='transform_team' AIRFLOW_CTX_EXECUTION_DATE='2025-06-22T11:15:24.800157+00:00' AIRFLOW_CTX_TRY_NUMBER='1' AIRFLOW_CTX_DAG_RUN_ID='manual__2025-06-22T11:15:24.800157+00:00'
[2025-06-22T11:15:28.520+0000] {taskinstance.py:430} INFO - ::endgroup::
[2025-06-22T11:15:28.544+0000] {etl_pipeline.py:332} INFO - Fetching data for transformation: transformteam
[2025-06-22T11:15:28.561+0000] {logging_mixin.py:188} WARNING - /opt/***/dags/etl_pipeline.py:333 UserWarning: pandas only supports SQLAlchemy connectable (engine/connection) or database string URI or sqlite3 DBAPI2 connection. Other DBAPI2 objects are not tested. Please consider using SQLAlchemy.
[2025-06-22T11:15:28.578+0000] {etl_pipeline.py:334} INFO - Successfully fetched and transformed 30 rows.
[2025-06-22T11:15:28.583+0000] {etl_pipeline.py:98} INFO - Ensuring table 'transformteam' exists...
[2025-06-22T11:15:28.584+0000] {etl_pipeline.py:100} INFO - Table 'transformteam' is ready.
[2025-06-22T11:15:28.585+0000] {etl_pipeline.py:110} INFO - Truncating table transformteam and restarting identity columns...
[2025-06-22T11:15:28.648+0000] {etl_pipeline.py:115} INFO - Loading 30 rows into transformteam...
[2025-06-22T11:15:28.660+0000] {etl_pipeline.py:118} INFO - 30 rows loaded successfully to transformteam.
[2025-06-22T11:15:28.696+0000] {python.py:237} INFO - Done. Returned value was: None
[2025-06-22T11:15:28.705+0000] {taskinstance.py:441} INFO - ::group::Post task execution logs
[2025-06-22T11:15:28.753+0000] {taskinstance.py:1206} INFO - Marking task as SUCCESS. dag_id=nba_staging_to_transform, task_id=transform_team, run_id=manual__2025-06-22T11:15:24.800157+00:00, execution_date=20250622T111524, start_date=20250622T111527, end_date=20250622T111528
[2025-06-22T11:15:28.851+0000] {local_task_job_runner.py:240} INFO - Task exited with return code 0
[2025-06-22T11:15:28.878+0000] {taskinstance.py:3498} INFO - 0 downstream tasks scheduled from follow-on schedule check
[2025-06-22T11:15:28.904+0000] {local_task_job_runner.py:222} INFO - ::endgroup::
