[2025-06-15T20:37:59.619+0000] {local_task_job_runner.py:120} INFO - ::group::Pre task execution logs
[2025-06-15T20:37:59.685+0000] {taskinstance.py:2076} INFO - Dependencies all met for dep_context=non-requeueable deps ti=<TaskInstance: nba_etl_to_postgres.fetch_roster_and_load_to_postgres scheduled__2025-06-08T00:00:00+00:00 [queued]>
[2025-06-15T20:37:59.717+0000] {taskinstance.py:2076} INFO - Dependencies all met for dep_context=requeueable deps ti=<TaskInstance: nba_etl_to_postgres.fetch_roster_and_load_to_postgres scheduled__2025-06-08T00:00:00+00:00 [queued]>
[2025-06-15T20:37:59.719+0000] {taskinstance.py:2306} INFO - Starting attempt 1 of 2
[2025-06-15T20:37:59.830+0000] {taskinstance.py:2330} INFO - Executing <Task(PythonOperator): fetch_roster_and_load_to_postgres> on 2025-06-08 00:00:00+00:00
[2025-06-15T20:37:59.849+0000] {standard_task_runner.py:63} INFO - Started process 853 to run task
[2025-06-15T20:37:59.861+0000] {standard_task_runner.py:90} INFO - Running: ['***', 'tasks', 'run', 'nba_etl_to_postgres', 'fetch_roster_and_load_to_postgres', 'scheduled__2025-06-08T00:00:00+00:00', '--job-id', '6', '--raw', '--subdir', 'DAGS_FOLDER/etl_pipeline.py', '--cfg-path', '/tmp/tmpq7ak8b2x']
[2025-06-15T20:37:59.864+0000] {standard_task_runner.py:91} INFO - Job 6: Subtask fetch_roster_and_load_to_postgres
[2025-06-15T20:38:00.087+0000] {task_command.py:426} INFO - Running <TaskInstance: nba_etl_to_postgres.fetch_roster_and_load_to_postgres scheduled__2025-06-08T00:00:00+00:00 [running]> on host 1c61638087f1
[2025-06-15T20:38:00.384+0000] {taskinstance.py:2648} INFO - Exporting env vars: AIRFLOW_CTX_DAG_OWNER='***' AIRFLOW_CTX_DAG_ID='nba_etl_to_postgres' AIRFLOW_CTX_TASK_ID='fetch_roster_and_load_to_postgres' AIRFLOW_CTX_EXECUTION_DATE='2025-06-08T00:00:00+00:00' AIRFLOW_CTX_TRY_NUMBER='1' AIRFLOW_CTX_DAG_RUN_ID='scheduled__2025-06-08T00:00:00+00:00'
[2025-06-15T20:38:00.386+0000] {taskinstance.py:430} INFO - ::endgroup::
[2025-06-15T20:38:00.403+0000] {logging_mixin.py:188} INFO - Fetching roster for Atlanta Hawks (ATL)...
[2025-06-15T20:38:01.126+0000] {logging_mixin.py:188} WARNING - /opt/***/plugins/nba_lib/teams.py:21 FutureWarning: Passing literal html to 'read_html' is deprecated and will be removed in a future version. To read from a literal string, wrap it in a 'StringIO' object.
[2025-06-15T20:38:07.543+0000] {logging_mixin.py:188} WARNING - /opt/***/plugins/nba_lib/utils.py:118 FutureWarning: Passing literal html to 'read_html' is deprecated and will be removed in a future version. To read from a literal string, wrap it in a 'StringIO' object.
[2025-06-15T20:38:10.043+0000] {logging_mixin.py:188} WARNING - /opt/***/plugins/nba_lib/utils.py:118 FutureWarning: Passing literal html to 'read_html' is deprecated and will be removed in a future version. To read from a literal string, wrap it in a 'StringIO' object.
[2025-06-15T20:38:13.403+0000] {logging_mixin.py:188} WARNING - /opt/***/plugins/nba_lib/utils.py:118 FutureWarning: Passing literal html to 'read_html' is deprecated and will be removed in a future version. To read from a literal string, wrap it in a 'StringIO' object.
[2025-06-15T20:38:17.278+0000] {logging_mixin.py:188} WARNING - /opt/***/plugins/nba_lib/utils.py:118 FutureWarning: Passing literal html to 'read_html' is deprecated and will be removed in a future version. To read from a literal string, wrap it in a 'StringIO' object.
[2025-06-15T20:38:17.294+0000] {logging_mixin.py:188} INFO - Fetched 18 players for Atlanta Hawks.
[2025-06-15T20:38:19.298+0000] {logging_mixin.py:188} INFO - Fetching roster for Boston Celtics (BOS)...
[2025-06-15T20:38:22.910+0000] {logging_mixin.py:188} WARNING - /opt/***/plugins/nba_lib/teams.py:21 FutureWarning: Passing literal html to 'read_html' is deprecated and will be removed in a future version. To read from a literal string, wrap it in a 'StringIO' object.
[2025-06-15T20:38:26.516+0000] {logging_mixin.py:188} WARNING - /opt/***/plugins/nba_lib/utils.py:118 FutureWarning: Passing literal html to 'read_html' is deprecated and will be removed in a future version. To read from a literal string, wrap it in a 'StringIO' object.
[2025-06-15T20:38:30.932+0000] {logging_mixin.py:188} WARNING - /opt/***/plugins/nba_lib/utils.py:118 FutureWarning: Passing literal html to 'read_html' is deprecated and will be removed in a future version. To read from a literal string, wrap it in a 'StringIO' object.
[2025-06-15T20:38:34.597+0000] {logging_mixin.py:188} WARNING - /opt/***/plugins/nba_lib/utils.py:118 FutureWarning: Passing literal html to 'read_html' is deprecated and will be removed in a future version. To read from a literal string, wrap it in a 'StringIO' object.
[2025-06-15T20:38:39.219+0000] {logging_mixin.py:188} WARNING - /opt/***/plugins/nba_lib/utils.py:118 FutureWarning: Passing literal html to 'read_html' is deprecated and will be removed in a future version. To read from a literal string, wrap it in a 'StringIO' object.
[2025-06-15T20:38:39.234+0000] {logging_mixin.py:188} INFO - Fetched 17 players for Boston Celtics.
[2025-06-15T20:38:41.238+0000] {logging_mixin.py:188} INFO - Fetching roster for Brooklyn Nets (BRK)...
[2025-06-15T20:38:41.980+0000] {logging_mixin.py:188} WARNING - /opt/***/plugins/nba_lib/teams.py:21 FutureWarning: Passing literal html to 'read_html' is deprecated and will be removed in a future version. To read from a literal string, wrap it in a 'StringIO' object.
[2025-06-15T20:38:45.375+0000] {logging_mixin.py:188} WARNING - /opt/***/plugins/nba_lib/utils.py:118 FutureWarning: Passing literal html to 'read_html' is deprecated and will be removed in a future version. To read from a literal string, wrap it in a 'StringIO' object.
[2025-06-15T20:38:48.739+0000] {logging_mixin.py:188} WARNING - /opt/***/plugins/nba_lib/utils.py:118 FutureWarning: Passing literal html to 'read_html' is deprecated and will be removed in a future version. To read from a literal string, wrap it in a 'StringIO' object.
[2025-06-15T20:38:52.646+0000] {logging_mixin.py:188} WARNING - /opt/***/plugins/nba_lib/utils.py:118 FutureWarning: Passing literal html to 'read_html' is deprecated and will be removed in a future version. To read from a literal string, wrap it in a 'StringIO' object.
[2025-06-15T20:38:56.112+0000] {logging_mixin.py:188} WARNING - /opt/***/plugins/nba_lib/utils.py:118 FutureWarning: Passing literal html to 'read_html' is deprecated and will be removed in a future version. To read from a literal string, wrap it in a 'StringIO' object.
[2025-06-15T20:38:59.248+0000] {logging_mixin.py:188} INFO - Retrying after 3600 sec...
[2025-06-15T20:39:10.118+0000] {local_task_job_runner.py:310} WARNING - State of this instance has been externally set to None. Terminating instance.
[2025-06-15T20:39:10.121+0000] {local_task_job_runner.py:222} INFO - ::endgroup::
[2025-06-15T20:39:10.143+0000] {process_utils.py:132} INFO - Sending 15 to group 853. PIDs of all processes in the group: [853]
[2025-06-15T20:39:10.144+0000] {process_utils.py:87} INFO - Sending the signal 15 to group 853
[2025-06-15T20:39:10.144+0000] {taskinstance.py:2611} ERROR - Received SIGTERM. Terminating subprocesses.
[2025-06-15T20:39:10.145+0000] {taskinstance.py:441} INFO - ::group::Post task execution logs
[2025-06-15T20:39:10.157+0000] {taskinstance.py:2905} ERROR - Task failed with exception
Traceback (most recent call last):
  File "/home/airflow/.local/lib/python3.9/site-packages/airflow/models/taskinstance.py", line 465, in _execute_task
    result = _execute_callable(context=context, **execute_callable_kwargs)
  File "/home/airflow/.local/lib/python3.9/site-packages/airflow/models/taskinstance.py", line 432, in _execute_callable
    return execute_callable(context=context, **execute_callable_kwargs)
  File "/home/airflow/.local/lib/python3.9/site-packages/airflow/models/baseoperator.py", line 400, in wrapper
    return func(self, *args, **kwargs)
  File "/home/airflow/.local/lib/python3.9/site-packages/airflow/operators/python.py", line 235, in execute
    return_value = self.execute_callable()
  File "/home/airflow/.local/lib/python3.9/site-packages/airflow/operators/python.py", line 252, in execute_callable
    return self.python_callable(*self.op_args, **self.op_kwargs)
  File "/opt/airflow/dags/etl_pipeline.py", line 241, in fetch_and_load_roster_to_stage
    roster = get_roster(team_code, '2025')
  File "/opt/airflow/plugins/nba_lib/teams.py", line 26, in get_roster
    df['PLAYER'] = df['PLAYER'].apply(
  File "/home/airflow/.local/lib/python3.9/site-packages/pandas/core/series.py", line 4757, in apply
    return SeriesApply(
  File "/home/airflow/.local/lib/python3.9/site-packages/pandas/core/apply.py", line 1209, in apply
    return self.apply_standard()
  File "/home/airflow/.local/lib/python3.9/site-packages/pandas/core/apply.py", line 1289, in apply_standard
    mapped = obj._map_values(
  File "/home/airflow/.local/lib/python3.9/site-packages/pandas/core/base.py", line 921, in _map_values
    return algorithms.map_array(arr, mapper, na_action=na_action, convert=convert)
  File "/home/airflow/.local/lib/python3.9/site-packages/pandas/core/algorithms.py", line 1814, in map_array
    return lib.map_infer(values, mapper, convert=convert)
  File "lib.pyx", line 2926, in pandas._libs.lib.map_infer
  File "/opt/airflow/plugins/nba_lib/teams.py", line 27, in <lambda>
    lambda name: remove_accents(name, team, season_end_year))
  File "/opt/airflow/plugins/nba_lib/utils.py", line 112, in remove_accents
    r = get_wrapper(f'https://www.basketball-reference.com/teams/{team}/{season_end_year}.html')
  File "/opt/airflow/plugins/nba_lib/request_utils.py", line 41, in get_wrapper
    sleep(retry_time)
  File "/home/airflow/.local/lib/python3.9/site-packages/airflow/models/taskinstance.py", line 2613, in signal_handler
    raise AirflowTaskTerminated("Task received SIGTERM signal")
airflow.exceptions.AirflowTaskTerminated: Task received SIGTERM signal
[2025-06-15T20:39:10.258+0000] {taskinstance.py:1206} INFO - Marking task as FAILED. dag_id=nba_etl_to_postgres, task_id=fetch_roster_and_load_to_postgres, run_id=scheduled__2025-06-08T00:00:00+00:00, execution_date=20250608T000000, start_date=20250615T203759, end_date=20250615T203910
[2025-06-15T20:39:10.276+0000] {standard_task_runner.py:110} ERROR - Failed to execute job 6 for task fetch_roster_and_load_to_postgres ((psycopg2.errors.ForeignKeyViolation) insert or update on table "task_fail" violates foreign key constraint "task_fail_ti_fkey"
DETAIL:  Key (dag_id, task_id, run_id, map_index)=(nba_etl_to_postgres, fetch_roster_and_load_to_postgres, scheduled__2025-06-08T00:00:00+00:00, -1) is not present in table "task_instance".

[SQL: INSERT INTO task_fail (task_id, dag_id, run_id, map_index, start_date, end_date, duration) VALUES (%(task_id)s, %(dag_id)s, %(run_id)s, %(map_index)s, %(start_date)s, %(end_date)s, %(duration)s) RETURNING task_fail.id]
[parameters: {'task_id': 'fetch_roster_and_load_to_postgres', 'dag_id': 'nba_etl_to_postgres', 'run_id': 'scheduled__2025-06-08T00:00:00+00:00', 'map_index': -1, 'start_date': datetime.datetime(2025, 6, 15, 20, 37, 59, 687978, tzinfo=Timezone('UTC')), 'end_date': datetime.datetime(2025, 6, 15, 20, 39, 10, 258143, tzinfo=Timezone('UTC')), 'duration': 70}]
(Background on this error at: https://sqlalche.me/e/14/gkpj); 853)
[2025-06-15T20:39:10.317+0000] {process_utils.py:80} INFO - Process psutil.Process(pid=853, status='terminated', exitcode=1, started='20:37:58') (853) terminated with exit code 1
[2025-06-15T20:39:14.123+0000] {local_task_job_runner.py:120} INFO - ::group::Pre task execution logs
[2025-06-15T20:39:14.157+0000] {taskinstance.py:2076} INFO - Dependencies all met for dep_context=non-requeueable deps ti=<TaskInstance: nba_etl_to_postgres.fetch_roster_and_load_to_postgres scheduled__2025-06-08T00:00:00+00:00 [queued]>
[2025-06-15T20:39:14.167+0000] {taskinstance.py:2076} INFO - Dependencies all met for dep_context=requeueable deps ti=<TaskInstance: nba_etl_to_postgres.fetch_roster_and_load_to_postgres scheduled__2025-06-08T00:00:00+00:00 [queued]>
[2025-06-15T20:39:14.168+0000] {taskinstance.py:2306} INFO - Starting attempt 1 of 2
[2025-06-15T20:39:14.246+0000] {taskinstance.py:2330} INFO - Executing <Task(PythonOperator): fetch_roster_and_load_to_postgres> on 2025-06-08 00:00:00+00:00
[2025-06-15T20:39:14.328+0000] {standard_task_runner.py:63} INFO - Started process 896 to run task
[2025-06-15T20:39:14.334+0000] {standard_task_runner.py:90} INFO - Running: ['***', 'tasks', 'run', 'nba_etl_to_postgres', 'fetch_roster_and_load_to_postgres', 'scheduled__2025-06-08T00:00:00+00:00', '--job-id', '13', '--raw', '--subdir', 'DAGS_FOLDER/etl_pipeline.py', '--cfg-path', '/tmp/tmp3d7x0b9z']
[2025-06-15T20:39:14.336+0000] {standard_task_runner.py:91} INFO - Job 13: Subtask fetch_roster_and_load_to_postgres
[2025-06-15T20:39:14.485+0000] {task_command.py:426} INFO - Running <TaskInstance: nba_etl_to_postgres.fetch_roster_and_load_to_postgres scheduled__2025-06-08T00:00:00+00:00 [running]> on host 1c61638087f1
[2025-06-15T20:39:14.661+0000] {taskinstance.py:2648} INFO - Exporting env vars: AIRFLOW_CTX_DAG_OWNER='***' AIRFLOW_CTX_DAG_ID='nba_etl_to_postgres' AIRFLOW_CTX_TASK_ID='fetch_roster_and_load_to_postgres' AIRFLOW_CTX_EXECUTION_DATE='2025-06-08T00:00:00+00:00' AIRFLOW_CTX_TRY_NUMBER='1' AIRFLOW_CTX_DAG_RUN_ID='scheduled__2025-06-08T00:00:00+00:00'
[2025-06-15T20:39:14.662+0000] {taskinstance.py:430} INFO - ::endgroup::
[2025-06-15T20:39:14.679+0000] {logging_mixin.py:188} INFO - Fetching roster for Atlanta Hawks (ATL)...
[2025-06-15T20:39:14.821+0000] {logging_mixin.py:188} INFO - Retrying after 3584 sec...
[2025-06-15T20:52:23.221+0000] {local_task_job_runner.py:310} WARNING - State of this instance has been externally set to failed. Terminating instance.
[2025-06-15T20:52:23.224+0000] {local_task_job_runner.py:222} INFO - ::endgroup::
[2025-06-15T20:52:23.227+0000] {process_utils.py:132} INFO - Sending 15 to group 896. PIDs of all processes in the group: [896]
[2025-06-15T20:52:23.228+0000] {process_utils.py:87} INFO - Sending the signal 15 to group 896
[2025-06-15T20:52:23.230+0000] {taskinstance.py:2611} ERROR - Received SIGTERM. Terminating subprocesses.
[2025-06-15T20:52:23.233+0000] {taskinstance.py:441} INFO - ::group::Post task execution logs
[2025-06-15T20:52:23.362+0000] {process_utils.py:80} INFO - Process psutil.Process(pid=896, status='terminated', exitcode=0, started='20:39:14') (896) terminated with exit code 0
[2025-06-15T21:03:11.398+0000] {local_task_job_runner.py:120} INFO - ::group::Pre task execution logs
[2025-06-15T21:03:11.499+0000] {taskinstance.py:2076} INFO - Dependencies all met for dep_context=non-requeueable deps ti=<TaskInstance: nba_etl_to_postgres.fetch_roster_and_load_to_postgres scheduled__2025-06-08T00:00:00+00:00 [queued]>
[2025-06-15T21:03:11.517+0000] {taskinstance.py:2076} INFO - Dependencies all met for dep_context=requeueable deps ti=<TaskInstance: nba_etl_to_postgres.fetch_roster_and_load_to_postgres scheduled__2025-06-08T00:00:00+00:00 [queued]>
[2025-06-15T21:03:11.519+0000] {taskinstance.py:2306} INFO - Starting attempt 1 of 2
[2025-06-15T21:03:11.643+0000] {taskinstance.py:2330} INFO - Executing <Task(PythonOperator): fetch_roster_and_load_to_postgres> on 2025-06-08 00:00:00+00:00
[2025-06-15T21:03:11.651+0000] {standard_task_runner.py:63} INFO - Started process 738 to run task
[2025-06-15T21:03:11.658+0000] {standard_task_runner.py:90} INFO - Running: ['***', 'tasks', 'run', 'nba_etl_to_postgres', 'fetch_roster_and_load_to_postgres', 'scheduled__2025-06-08T00:00:00+00:00', '--job-id', '5', '--raw', '--subdir', 'DAGS_FOLDER/etl_pipeline.py', '--cfg-path', '/tmp/tmprsu1uiil']
[2025-06-15T21:03:11.660+0000] {standard_task_runner.py:91} INFO - Job 5: Subtask fetch_roster_and_load_to_postgres
[2025-06-15T21:03:11.828+0000] {task_command.py:426} INFO - Running <TaskInstance: nba_etl_to_postgres.fetch_roster_and_load_to_postgres scheduled__2025-06-08T00:00:00+00:00 [running]> on host 10d298296c8f
[2025-06-15T21:03:12.072+0000] {taskinstance.py:2648} INFO - Exporting env vars: AIRFLOW_CTX_DAG_OWNER='***' AIRFLOW_CTX_DAG_ID='nba_etl_to_postgres' AIRFLOW_CTX_TASK_ID='fetch_roster_and_load_to_postgres' AIRFLOW_CTX_EXECUTION_DATE='2025-06-08T00:00:00+00:00' AIRFLOW_CTX_TRY_NUMBER='1' AIRFLOW_CTX_DAG_RUN_ID='scheduled__2025-06-08T00:00:00+00:00'
[2025-06-15T21:03:12.076+0000] {taskinstance.py:430} INFO - ::endgroup::
[2025-06-15T21:03:12.094+0000] {logging_mixin.py:188} INFO - Fetching roster for Atlanta Hawks (ATL)...
[2025-06-15T21:03:12.253+0000] {logging_mixin.py:188} INFO - Retrying after 2147 sec...
[2025-06-15T21:08:03.642+0000] {local_task_job_runner.py:310} WARNING - State of this instance has been externally set to failed. Terminating instance.
[2025-06-15T21:08:03.644+0000] {local_task_job_runner.py:222} INFO - ::endgroup::
[2025-06-15T21:08:03.648+0000] {process_utils.py:132} INFO - Sending 15 to group 738. PIDs of all processes in the group: [738]
[2025-06-15T21:08:03.649+0000] {process_utils.py:87} INFO - Sending the signal 15 to group 738
[2025-06-15T21:08:03.650+0000] {taskinstance.py:2611} ERROR - Received SIGTERM. Terminating subprocesses.
[2025-06-15T21:08:03.652+0000] {taskinstance.py:441} INFO - ::group::Post task execution logs
[2025-06-15T21:08:03.744+0000] {process_utils.py:80} INFO - Process psutil.Process(pid=738, status='terminated', exitcode=0, started='21:03:10') (738) terminated with exit code 0
