[2025-06-20T13:28:11.683+0000] {local_task_job_runner.py:120} INFO - ::group::Pre task execution logs
[2025-06-20T13:28:11.731+0000] {taskinstance.py:2076} INFO - Dependencies all met for dep_context=non-requeueable deps ti=<TaskInstance: nba_staging_to_transform.transform_team manual__2025-06-20T13:28:09.264264+00:00 [queued]>
[2025-06-20T13:28:11.745+0000] {taskinstance.py:2076} INFO - Dependencies all met for dep_context=requeueable deps ti=<TaskInstance: nba_staging_to_transform.transform_team manual__2025-06-20T13:28:09.264264+00:00 [queued]>
[2025-06-20T13:28:11.746+0000] {taskinstance.py:2306} INFO - Starting attempt 1 of 2
[2025-06-20T13:28:11.807+0000] {taskinstance.py:2330} INFO - Executing <Task(PythonOperator): transform_team> on 2025-06-20 13:28:09.264264+00:00
[2025-06-20T13:28:11.817+0000] {standard_task_runner.py:63} INFO - Started process 1685 to run task
[2025-06-20T13:28:11.827+0000] {standard_task_runner.py:90} INFO - Running: ['***', 'tasks', 'run', 'nba_staging_to_transform', 'transform_team', 'manual__2025-06-20T13:28:09.264264+00:00', '--job-id', '235', '--raw', '--subdir', 'DAGS_FOLDER/etl_pipeline.py', '--cfg-path', '/tmp/tmpfge1trul']
[2025-06-20T13:28:11.829+0000] {standard_task_runner.py:91} INFO - Job 235: Subtask transform_team
[2025-06-20T13:28:11.957+0000] {task_command.py:426} INFO - Running <TaskInstance: nba_staging_to_transform.transform_team manual__2025-06-20T13:28:09.264264+00:00 [running]> on host 5ea278fdf3a6
[2025-06-20T13:28:12.171+0000] {taskinstance.py:2648} INFO - Exporting env vars: AIRFLOW_CTX_DAG_OWNER='***' AIRFLOW_CTX_DAG_ID='nba_staging_to_transform' AIRFLOW_CTX_TASK_ID='transform_team' AIRFLOW_CTX_EXECUTION_DATE='2025-06-20T13:28:09.264264+00:00' AIRFLOW_CTX_TRY_NUMBER='1' AIRFLOW_CTX_DAG_RUN_ID='manual__2025-06-20T13:28:09.264264+00:00'
[2025-06-20T13:28:12.174+0000] {taskinstance.py:430} INFO - ::endgroup::
[2025-06-20T13:28:12.231+0000] {etl_pipeline.py:288} INFO - Fetching data for transformation: transformteam
[2025-06-20T13:28:12.286+0000] {logging_mixin.py:188} WARNING - /opt/***/dags/etl_pipeline.py:289 UserWarning: pandas only supports SQLAlchemy connectable (engine/connection) or database string URI or sqlite3 DBAPI2 connection. Other DBAPI2 objects are not tested. Please consider using SQLAlchemy.
[2025-06-20T13:28:12.328+0000] {etl_pipeline.py:290} INFO - Successfully fetched and transformed 30 rows.
[2025-06-20T13:28:12.339+0000] {etl_pipeline.py:98} INFO - Ensuring table 'transformteam' exists...
[2025-06-20T13:28:12.341+0000] {etl_pipeline.py:100} INFO - Table 'transformteam' is ready.
[2025-06-20T13:28:12.343+0000] {etl_pipeline.py:110} INFO - Truncating table transformteam and restarting identity columns...
[2025-06-20T13:28:12.401+0000] {etl_pipeline.py:115} INFO - Loading 30 rows into transformteam...
[2025-06-20T13:28:12.411+0000] {etl_pipeline.py:118} INFO - 30 rows loaded successfully to transformteam.
[2025-06-20T13:28:12.475+0000] {python.py:237} INFO - Done. Returned value was: None
[2025-06-20T13:28:12.487+0000] {taskinstance.py:441} INFO - ::group::Post task execution logs
[2025-06-20T13:28:12.544+0000] {taskinstance.py:1206} INFO - Marking task as SUCCESS. dag_id=nba_staging_to_transform, task_id=transform_team, run_id=manual__2025-06-20T13:28:09.264264+00:00, execution_date=20250620T132809, start_date=20250620T132811, end_date=20250620T132812
[2025-06-20T13:28:12.668+0000] {local_task_job_runner.py:240} INFO - Task exited with return code 0
[2025-06-20T13:28:12.761+0000] {taskinstance.py:3498} INFO - 0 downstream tasks scheduled from follow-on schedule check
[2025-06-20T13:28:12.810+0000] {local_task_job_runner.py:222} INFO - ::endgroup::
