[2025-06-19T09:39:23.351+0000] {local_task_job_runner.py:120} INFO - ::group::Pre task execution logs
[2025-06-19T09:39:23.401+0000] {taskinstance.py:2076} INFO - Dependencies all met for dep_context=non-requeueable deps ti=<TaskInstance: nba_etl_to_postgres.fetch_pbp_and_load_to_postgres manual__2025-06-19T09:38:51.580168+00:00 [queued]>
[2025-06-19T09:39:23.555+0000] {taskinstance.py:2076} INFO - Dependencies all met for dep_context=requeueable deps ti=<TaskInstance: nba_etl_to_postgres.fetch_pbp_and_load_to_postgres manual__2025-06-19T09:38:51.580168+00:00 [queued]>
[2025-06-19T09:39:23.556+0000] {taskinstance.py:2306} INFO - Starting attempt 1 of 2
[2025-06-19T09:39:23.602+0000] {taskinstance.py:2330} INFO - Executing <Task(PythonOperator): fetch_pbp_and_load_to_postgres> on 2025-06-19 09:38:51.580168+00:00
[2025-06-19T09:39:23.609+0000] {standard_task_runner.py:63} INFO - Started process 1307 to run task
[2025-06-19T09:39:23.613+0000] {standard_task_runner.py:90} INFO - Running: ['***', 'tasks', 'run', 'nba_etl_to_postgres', 'fetch_pbp_and_load_to_postgres', 'manual__2025-06-19T09:38:51.580168+00:00', '--job-id', '87', '--raw', '--subdir', 'DAGS_FOLDER/etl_pipeline.py', '--cfg-path', '/tmp/tmpypyn440c']
[2025-06-19T09:39:23.615+0000] {standard_task_runner.py:91} INFO - Job 87: Subtask fetch_pbp_and_load_to_postgres
[2025-06-19T09:39:23.715+0000] {task_command.py:426} INFO - Running <TaskInstance: nba_etl_to_postgres.fetch_pbp_and_load_to_postgres manual__2025-06-19T09:38:51.580168+00:00 [running]> on host 11d91b3c2b82
[2025-06-19T09:39:23.855+0000] {taskinstance.py:2648} INFO - Exporting env vars: AIRFLOW_CTX_DAG_OWNER='***' AIRFLOW_CTX_DAG_ID='nba_etl_to_postgres' AIRFLOW_CTX_TASK_ID='fetch_pbp_and_load_to_postgres' AIRFLOW_CTX_EXECUTION_DATE='2025-06-19T09:38:51.580168+00:00' AIRFLOW_CTX_TRY_NUMBER='1' AIRFLOW_CTX_DAG_RUN_ID='manual__2025-06-19T09:38:51.580168+00:00'
[2025-06-19T09:39:23.856+0000] {taskinstance.py:430} INFO - ::endgroup::
[2025-06-19T09:39:23.880+0000] {logging_mixin.py:188} WARNING - /opt/***/dags/etl_pipeline.py:206 UserWarning: pandas only supports SQLAlchemy connectable (engine/connection) or database string URI or sqlite3 DBAPI2 connection. Other DBAPI2 objects are not tested. Please consider using SQLAlchemy.
[2025-06-19T09:39:27.949+0000] {logging_mixin.py:188} WARNING - /opt/***/plugins/nba_lib/pbp.py:19 FutureWarning: Passing literal html to 'read_html' is deprecated and will be removed in a future version. To read from a literal string, wrap it in a 'StringIO' object.
[2025-06-19T09:39:28.061+0000] {logging_mixin.py:188} INFO - Processed game on 2024-10-22 between BOS and NYK.
[2025-06-19T09:39:33.824+0000] {logging_mixin.py:188} WARNING - /opt/***/plugins/nba_lib/pbp.py:19 FutureWarning: Passing literal html to 'read_html' is deprecated and will be removed in a future version. To read from a literal string, wrap it in a 'StringIO' object.
[2025-06-19T09:39:33.909+0000] {logging_mixin.py:188} INFO - Processed game on 2024-10-22 between LAL and MIN.
[2025-06-19T09:39:41.074+0000] {logging_mixin.py:188} WARNING - /opt/***/plugins/nba_lib/pbp.py:19 FutureWarning: Passing literal html to 'read_html' is deprecated and will be removed in a future version. To read from a literal string, wrap it in a 'StringIO' object.
[2025-06-19T09:39:41.166+0000] {logging_mixin.py:188} INFO - Processed game on 2024-10-23 between DET and IND.
[2025-06-19T09:39:48.353+0000] {logging_mixin.py:188} WARNING - /opt/***/plugins/nba_lib/pbp.py:19 FutureWarning: Passing literal html to 'read_html' is deprecated and will be removed in a future version. To read from a literal string, wrap it in a 'StringIO' object.
[2025-06-19T09:39:48.438+0000] {logging_mixin.py:188} INFO - Processed game on 2024-10-23 between ATL and BRK.
[2025-06-19T09:39:55.526+0000] {logging_mixin.py:188} WARNING - /opt/***/plugins/nba_lib/pbp.py:19 FutureWarning: Passing literal html to 'read_html' is deprecated and will be removed in a future version. To read from a literal string, wrap it in a 'StringIO' object.
[2025-06-19T09:39:55.605+0000] {logging_mixin.py:188} INFO - Processed game on 2024-10-23 between MIA and ORL.
[2025-06-19T09:40:01.449+0000] {logging_mixin.py:188} WARNING - /opt/***/plugins/nba_lib/pbp.py:19 FutureWarning: Passing literal html to 'read_html' is deprecated and will be removed in a future version. To read from a literal string, wrap it in a 'StringIO' object.
[2025-06-19T09:40:01.539+0000] {logging_mixin.py:188} INFO - Processed game on 2024-10-23 between PHI and MIL.
[2025-06-19T09:40:08.536+0000] {logging_mixin.py:188} WARNING - /opt/***/plugins/nba_lib/pbp.py:19 FutureWarning: Passing literal html to 'read_html' is deprecated and will be removed in a future version. To read from a literal string, wrap it in a 'StringIO' object.
[2025-06-19T09:40:08.616+0000] {logging_mixin.py:188} INFO - Processed game on 2024-10-23 between TOR and CLE.
[2025-06-19T09:40:15.956+0000] {logging_mixin.py:188} WARNING - /opt/***/plugins/nba_lib/pbp.py:19 FutureWarning: Passing literal html to 'read_html' is deprecated and will be removed in a future version. To read from a literal string, wrap it in a 'StringIO' object.
[2025-06-19T09:40:16.037+0000] {logging_mixin.py:188} INFO - Processed game on 2024-10-23 between HOU and CHO.
[2025-06-19T09:40:23.079+0000] {logging_mixin.py:188} WARNING - /opt/***/plugins/nba_lib/pbp.py:19 FutureWarning: Passing literal html to 'read_html' is deprecated and will be removed in a future version. To read from a literal string, wrap it in a 'StringIO' object.
[2025-06-19T09:40:23.158+0000] {logging_mixin.py:188} INFO - Processed game on 2024-10-23 between NOP and CHI.
[2025-06-19T09:40:29.009+0000] {logging_mixin.py:188} WARNING - /opt/***/plugins/nba_lib/pbp.py:19 FutureWarning: Passing literal html to 'read_html' is deprecated and will be removed in a future version. To read from a literal string, wrap it in a 'StringIO' object.
[2025-06-19T09:40:29.097+0000] {logging_mixin.py:188} INFO - Processed game on 2024-10-23 between UTA and MEM.
[2025-06-19T09:40:29.098+0000] {logging_mixin.py:188} INFO - DataFrame is empty. No data to load into stgpbp.
[2025-06-19T09:40:29.099+0000] {python.py:237} INFO - Done. Returned value was: None
[2025-06-19T09:40:29.100+0000] {taskinstance.py:441} INFO - ::group::Post task execution logs
[2025-06-19T09:40:29.109+0000] {taskinstance.py:1206} INFO - Marking task as SUCCESS. dag_id=nba_etl_to_postgres, task_id=fetch_pbp_and_load_to_postgres, run_id=manual__2025-06-19T09:38:51.580168+00:00, execution_date=20250619T093851, start_date=20250619T093923, end_date=20250619T094029
[2025-06-19T09:40:29.669+0000] {local_task_job_runner.py:240} INFO - Task exited with return code 0
[2025-06-19T09:40:29.683+0000] {local_task_job_runner.py:222} INFO - ::endgroup::
