[2025-06-19T11:48:56.149+0000] {local_task_job_runner.py:120} INFO - ::group::Pre task execution logs
[2025-06-19T11:48:56.256+0000] {taskinstance.py:2076} INFO - Dependencies all met for dep_context=non-requeueable deps ti=<TaskInstance: nba_transform_to_dwh.fetch_dim_team_from_transform_and_load manual__2025-06-19T11:48:54.294974+00:00 [queued]>
[2025-06-19T11:48:56.277+0000] {taskinstance.py:2076} INFO - Dependencies all met for dep_context=requeueable deps ti=<TaskInstance: nba_transform_to_dwh.fetch_dim_team_from_transform_and_load manual__2025-06-19T11:48:54.294974+00:00 [queued]>
[2025-06-19T11:48:56.277+0000] {taskinstance.py:2306} INFO - Starting attempt 1 of 2
[2025-06-19T11:48:56.646+0000] {taskinstance.py:2330} INFO - Executing <Task(PythonOperator): fetch_dim_team_from_transform_and_load> on 2025-06-19 11:48:54.294974+00:00
[2025-06-19T11:48:56.656+0000] {standard_task_runner.py:63} INFO - Started process 2681 to run task
[2025-06-19T11:48:56.666+0000] {standard_task_runner.py:90} INFO - Running: ['***', 'tasks', 'run', 'nba_transform_to_dwh', 'fetch_dim_team_from_transform_and_load', 'manual__2025-06-19T11:48:54.294974+00:00', '--job-id', '125', '--raw', '--subdir', 'DAGS_FOLDER/etl_pipeline.py', '--cfg-path', '/tmp/tmpoos0253_']
[2025-06-19T11:48:56.673+0000] {standard_task_runner.py:91} INFO - Job 125: Subtask fetch_dim_team_from_transform_and_load
[2025-06-19T11:48:56.880+0000] {task_command.py:426} INFO - Running <TaskInstance: nba_transform_to_dwh.fetch_dim_team_from_transform_and_load manual__2025-06-19T11:48:54.294974+00:00 [running]> on host 11d91b3c2b82
[2025-06-19T11:48:57.080+0000] {taskinstance.py:2648} INFO - Exporting env vars: AIRFLOW_CTX_DAG_OWNER='***' AIRFLOW_CTX_DAG_ID='nba_transform_to_dwh' AIRFLOW_CTX_TASK_ID='fetch_dim_team_from_transform_and_load' AIRFLOW_CTX_EXECUTION_DATE='2025-06-19T11:48:54.294974+00:00' AIRFLOW_CTX_TRY_NUMBER='1' AIRFLOW_CTX_DAG_RUN_ID='manual__2025-06-19T11:48:54.294974+00:00'
[2025-06-19T11:48:57.082+0000] {taskinstance.py:430} INFO - ::endgroup::
[2025-06-19T11:48:57.112+0000] {logging_mixin.py:188} INFO - Ensuring dimension table 'dimteam' exists...
[2025-06-19T11:48:57.338+0000] {logging_mixin.py:188} INFO - Loading/updating data into 'dimteam'...
[2025-06-19T11:48:57.341+0000] {logging_mixin.py:188} INFO - Operation complete. 30 new rows inserted into dimteam.
[2025-06-19T11:48:57.375+0000] {python.py:237} INFO - Done. Returned value was: None
[2025-06-19T11:48:57.377+0000] {taskinstance.py:441} INFO - ::group::Post task execution logs
[2025-06-19T11:48:57.391+0000] {taskinstance.py:1206} INFO - Marking task as SUCCESS. dag_id=nba_transform_to_dwh, task_id=fetch_dim_team_from_transform_and_load, run_id=manual__2025-06-19T11:48:54.294974+00:00, execution_date=20250619T114854, start_date=20250619T114856, end_date=20250619T114857
[2025-06-19T11:48:57.546+0000] {local_task_job_runner.py:240} INFO - Task exited with return code 0
[2025-06-19T11:48:57.656+0000] {taskinstance.py:3498} INFO - 0 downstream tasks scheduled from follow-on schedule check
[2025-06-19T11:48:57.697+0000] {local_task_job_runner.py:222} INFO - ::endgroup::
