[2025-06-15T09:29:11.755+0000] {local_task_job_runner.py:120} INFO - ::group::Pre task execution logs
[2025-06-15T09:29:11.806+0000] {taskinstance.py:2076} INFO - Dependencies all met for dep_context=non-requeueable deps ti=<TaskInstance: nba_etl_to_postgres.fetch_schedule_and_load_to_postgres manual__2025-06-15T09:29:10.226536+00:00 [queued]>
[2025-06-15T09:29:12.155+0000] {taskinstance.py:2076} INFO - Dependencies all met for dep_context=requeueable deps ti=<TaskInstance: nba_etl_to_postgres.fetch_schedule_and_load_to_postgres manual__2025-06-15T09:29:10.226536+00:00 [queued]>
[2025-06-15T09:29:12.156+0000] {taskinstance.py:2306} INFO - Starting attempt 1 of 2
[2025-06-15T09:29:12.244+0000] {taskinstance.py:2330} INFO - Executing <Task(PythonOperator): fetch_schedule_and_load_to_postgres> on 2025-06-15 09:29:10.226536+00:00
[2025-06-15T09:29:12.269+0000] {standard_task_runner.py:63} INFO - Started process 518 to run task
[2025-06-15T09:29:12.278+0000] {standard_task_runner.py:90} INFO - Running: ['***', 'tasks', 'run', 'nba_etl_to_postgres', 'fetch_schedule_and_load_to_postgres', 'manual__2025-06-15T09:29:10.226536+00:00', '--job-id', '14', '--raw', '--subdir', 'DAGS_FOLDER/etl_pipeline.py', '--cfg-path', '/tmp/tmp1sd201pu']
[2025-06-15T09:29:12.283+0000] {standard_task_runner.py:91} INFO - Job 14: Subtask fetch_schedule_and_load_to_postgres
[2025-06-15T09:29:12.423+0000] {task_command.py:426} INFO - Running <TaskInstance: nba_etl_to_postgres.fetch_schedule_and_load_to_postgres manual__2025-06-15T09:29:10.226536+00:00 [running]> on host 2381ae9906a5
[2025-06-15T09:29:12.594+0000] {taskinstance.py:2648} INFO - Exporting env vars: AIRFLOW_CTX_DAG_OWNER='***' AIRFLOW_CTX_DAG_ID='nba_etl_to_postgres' AIRFLOW_CTX_TASK_ID='fetch_schedule_and_load_to_postgres' AIRFLOW_CTX_EXECUTION_DATE='2025-06-15T09:29:10.226536+00:00' AIRFLOW_CTX_TRY_NUMBER='1' AIRFLOW_CTX_DAG_RUN_ID='manual__2025-06-15T09:29:10.226536+00:00'
[2025-06-15T09:29:12.595+0000] {taskinstance.py:430} INFO - ::endgroup::
[2025-06-15T09:29:12.611+0000] {logging_mixin.py:188} INFO - Fetching schedule from NBA API...
[2025-06-15T09:29:26.371+0000] {logging_mixin.py:188} INFO - Successfully fetched and transformed 1321 games.
[2025-06-15T09:29:26.371+0000] {logging_mixin.py:188} INFO - Preparing to load data into staging table: StgSchedule
[2025-06-15T09:29:26.384+0000] {logging_mixin.py:188} INFO - Ensuring table 'StgSchedule' exists...
[2025-06-15T09:29:26.386+0000] {logging_mixin.py:188} INFO - Table 'StgSchedule' is ready.
[2025-06-15T09:29:26.391+0000] {logging_mixin.py:188} INFO - Loading 1321 rows into StgSchedule...
[2025-06-15T09:29:26.450+0000] {logging_mixin.py:188} INFO - 1321 rows loaded successfully to StgSchedule.
[2025-06-15T09:29:26.457+0000] {python.py:237} INFO - Done. Returned value was: None
[2025-06-15T09:29:26.458+0000] {taskinstance.py:441} INFO - ::group::Post task execution logs
[2025-06-15T09:29:26.467+0000] {taskinstance.py:1206} INFO - Marking task as SUCCESS. dag_id=nba_etl_to_postgres, task_id=fetch_schedule_and_load_to_postgres, run_id=manual__2025-06-15T09:29:10.226536+00:00, execution_date=20250615T092910, start_date=20250615T092911, end_date=20250615T092926
[2025-06-15T09:29:26.515+0000] {local_task_job_runner.py:240} INFO - Task exited with return code 0
[2025-06-15T09:29:26.542+0000] {taskinstance.py:3498} INFO - 1 downstream tasks scheduled from follow-on schedule check
[2025-06-15T09:29:26.567+0000] {local_task_job_runner.py:222} INFO - ::endgroup::
