[2025-06-20T19:46:03.224+0000] {local_task_job_runner.py:120} INFO - ::group::Pre task execution logs
[2025-06-20T19:46:03.292+0000] {taskinstance.py:2076} INFO - Dependencies all met for dep_context=non-requeueable deps ti=<TaskInstance: nba_staging_to_transform.transform_team manual__2025-06-20T19:46:00.804818+00:00 [queued]>
[2025-06-20T19:46:03.310+0000] {taskinstance.py:2076} INFO - Dependencies all met for dep_context=requeueable deps ti=<TaskInstance: nba_staging_to_transform.transform_team manual__2025-06-20T19:46:00.804818+00:00 [queued]>
[2025-06-20T19:46:03.311+0000] {taskinstance.py:2306} INFO - Starting attempt 1 of 2
[2025-06-20T19:46:03.422+0000] {taskinstance.py:2330} INFO - Executing <Task(PythonOperator): transform_team> on 2025-06-20 19:46:00.804818+00:00
[2025-06-20T19:46:03.430+0000] {standard_task_runner.py:63} INFO - Started process 5173 to run task
[2025-06-20T19:46:03.436+0000] {standard_task_runner.py:90} INFO - Running: ['***', 'tasks', 'run', 'nba_staging_to_transform', 'transform_team', 'manual__2025-06-20T19:46:00.804818+00:00', '--job-id', '370', '--raw', '--subdir', 'DAGS_FOLDER/etl_pipeline.py', '--cfg-path', '/tmp/tmp95k50r0q']
[2025-06-20T19:46:03.438+0000] {standard_task_runner.py:91} INFO - Job 370: Subtask transform_team
[2025-06-20T19:46:03.633+0000] {task_command.py:426} INFO - Running <TaskInstance: nba_staging_to_transform.transform_team manual__2025-06-20T19:46:00.804818+00:00 [running]> on host 5ea278fdf3a6
[2025-06-20T19:46:03.822+0000] {taskinstance.py:2648} INFO - Exporting env vars: AIRFLOW_CTX_DAG_OWNER='***' AIRFLOW_CTX_DAG_ID='nba_staging_to_transform' AIRFLOW_CTX_TASK_ID='transform_team' AIRFLOW_CTX_EXECUTION_DATE='2025-06-20T19:46:00.804818+00:00' AIRFLOW_CTX_TRY_NUMBER='1' AIRFLOW_CTX_DAG_RUN_ID='manual__2025-06-20T19:46:00.804818+00:00'
[2025-06-20T19:46:03.824+0000] {taskinstance.py:430} INFO - ::endgroup::
[2025-06-20T19:46:03.854+0000] {etl_pipeline.py:290} INFO - Fetching data for transformation: transformteam
[2025-06-20T19:46:03.868+0000] {logging_mixin.py:188} WARNING - /opt/***/dags/etl_pipeline.py:291 UserWarning: pandas only supports SQLAlchemy connectable (engine/connection) or database string URI or sqlite3 DBAPI2 connection. Other DBAPI2 objects are not tested. Please consider using SQLAlchemy.
[2025-06-20T19:46:03.877+0000] {etl_pipeline.py:292} INFO - Successfully fetched and transformed 30 rows.
[2025-06-20T19:46:03.884+0000] {etl_pipeline.py:98} INFO - Ensuring table 'transformteam' exists...
[2025-06-20T19:46:03.886+0000] {etl_pipeline.py:100} INFO - Table 'transformteam' is ready.
[2025-06-20T19:46:03.889+0000] {etl_pipeline.py:110} INFO - Truncating table transformteam and restarting identity columns...
[2025-06-20T19:46:03.999+0000] {etl_pipeline.py:115} INFO - Loading 30 rows into transformteam...
[2025-06-20T19:46:04.002+0000] {etl_pipeline.py:118} INFO - 30 rows loaded successfully to transformteam.
[2025-06-20T19:46:04.130+0000] {python.py:237} INFO - Done. Returned value was: None
[2025-06-20T19:46:04.133+0000] {taskinstance.py:441} INFO - ::group::Post task execution logs
[2025-06-20T19:46:04.146+0000] {taskinstance.py:1206} INFO - Marking task as SUCCESS. dag_id=nba_staging_to_transform, task_id=transform_team, run_id=manual__2025-06-20T19:46:00.804818+00:00, execution_date=20250620T194600, start_date=20250620T194603, end_date=20250620T194604
[2025-06-20T19:46:04.333+0000] {local_task_job_runner.py:240} INFO - Task exited with return code 0
[2025-06-20T19:46:04.344+0000] {local_task_job_runner.py:222} INFO - ::endgroup::
