[2025-06-20T18:44:40.358+0000] {local_task_job_runner.py:120} INFO - ::group::Pre task execution logs
[2025-06-20T18:44:40.415+0000] {taskinstance.py:2076} INFO - Dependencies all met for dep_context=non-requeueable deps ti=<TaskInstance: nba_staging_to_transform.transform_schedule manual__2025-06-20T18:44:38.344363+00:00 [queued]>
[2025-06-20T18:44:40.431+0000] {taskinstance.py:2076} INFO - Dependencies all met for dep_context=requeueable deps ti=<TaskInstance: nba_staging_to_transform.transform_schedule manual__2025-06-20T18:44:38.344363+00:00 [queued]>
[2025-06-20T18:44:40.432+0000] {taskinstance.py:2306} INFO - Starting attempt 1 of 2
[2025-06-20T18:44:40.562+0000] {taskinstance.py:2330} INFO - Executing <Task(PythonOperator): transform_schedule> on 2025-06-20 18:44:38.344363+00:00
[2025-06-20T18:44:40.568+0000] {standard_task_runner.py:63} INFO - Started process 4407 to run task
[2025-06-20T18:44:40.573+0000] {standard_task_runner.py:90} INFO - Running: ['***', 'tasks', 'run', 'nba_staging_to_transform', 'transform_schedule', 'manual__2025-06-20T18:44:38.344363+00:00', '--job-id', '307', '--raw', '--subdir', 'DAGS_FOLDER/etl_pipeline.py', '--cfg-path', '/tmp/tmplgamez9t']
[2025-06-20T18:44:40.575+0000] {standard_task_runner.py:91} INFO - Job 307: Subtask transform_schedule
[2025-06-20T18:44:40.748+0000] {task_command.py:426} INFO - Running <TaskInstance: nba_staging_to_transform.transform_schedule manual__2025-06-20T18:44:38.344363+00:00 [running]> on host 5ea278fdf3a6
[2025-06-20T18:44:40.923+0000] {taskinstance.py:2648} INFO - Exporting env vars: AIRFLOW_CTX_DAG_OWNER='***' AIRFLOW_CTX_DAG_ID='nba_staging_to_transform' AIRFLOW_CTX_TASK_ID='transform_schedule' AIRFLOW_CTX_EXECUTION_DATE='2025-06-20T18:44:38.344363+00:00' AIRFLOW_CTX_TRY_NUMBER='1' AIRFLOW_CTX_DAG_RUN_ID='manual__2025-06-20T18:44:38.344363+00:00'
[2025-06-20T18:44:40.925+0000] {taskinstance.py:430} INFO - ::endgroup::
[2025-06-20T18:44:40.947+0000] {etl_pipeline.py:290} INFO - Fetching data for transformation: transformschedule
[2025-06-20T18:44:40.959+0000] {logging_mixin.py:188} WARNING - /opt/***/dags/etl_pipeline.py:291 UserWarning: pandas only supports SQLAlchemy connectable (engine/connection) or database string URI or sqlite3 DBAPI2 connection. Other DBAPI2 objects are not tested. Please consider using SQLAlchemy.
[2025-06-20T18:44:40.970+0000] {etl_pipeline.py:292} INFO - Successfully fetched and transformed 1321 rows.
[2025-06-20T18:44:40.977+0000] {etl_pipeline.py:98} INFO - Ensuring table 'transformschedule' exists...
[2025-06-20T18:44:40.978+0000] {etl_pipeline.py:100} INFO - Table 'transformschedule' is ready.
[2025-06-20T18:44:40.979+0000] {etl_pipeline.py:110} INFO - Truncating table transformschedule and restarting identity columns...
[2025-06-20T18:44:41.275+0000] {etl_pipeline.py:115} INFO - Loading 1321 rows into transformschedule...
[2025-06-20T18:44:41.317+0000] {etl_pipeline.py:118} INFO - 1321 rows loaded successfully to transformschedule.
[2025-06-20T18:44:41.445+0000] {python.py:237} INFO - Done. Returned value was: None
[2025-06-20T18:44:41.448+0000] {taskinstance.py:441} INFO - ::group::Post task execution logs
[2025-06-20T18:44:41.458+0000] {taskinstance.py:1206} INFO - Marking task as SUCCESS. dag_id=nba_staging_to_transform, task_id=transform_schedule, run_id=manual__2025-06-20T18:44:38.344363+00:00, execution_date=20250620T184438, start_date=20250620T184440, end_date=20250620T184441
[2025-06-20T18:44:41.510+0000] {local_task_job_runner.py:240} INFO - Task exited with return code 0
[2025-06-20T18:44:41.540+0000] {taskinstance.py:3498} INFO - 1 downstream tasks scheduled from follow-on schedule check
[2025-06-20T18:44:41.578+0000] {local_task_job_runner.py:222} INFO - ::endgroup::
