[2025-06-19T09:47:27.082+0000] {local_task_job_runner.py:120} INFO - ::group::Pre task execution logs
[2025-06-19T09:47:27.122+0000] {taskinstance.py:2076} INFO - Dependencies all met for dep_context=non-requeueable deps ti=<TaskInstance: nba_etl_to_postgres.fetch_shot_chart_and_load_to_postgres manual__2025-06-19T09:45:41.614707+00:00 [queued]>
[2025-06-19T09:47:27.344+0000] {taskinstance.py:2076} INFO - Dependencies all met for dep_context=requeueable deps ti=<TaskInstance: nba_etl_to_postgres.fetch_shot_chart_and_load_to_postgres manual__2025-06-19T09:45:41.614707+00:00 [queued]>
[2025-06-19T09:47:27.345+0000] {taskinstance.py:2306} INFO - Starting attempt 1 of 2
[2025-06-19T09:47:27.400+0000] {taskinstance.py:2330} INFO - Executing <Task(PythonOperator): fetch_shot_chart_and_load_to_postgres> on 2025-06-19 09:45:41.614707+00:00
[2025-06-19T09:47:27.414+0000] {standard_task_runner.py:63} INFO - Started process 1398 to run task
[2025-06-19T09:47:27.423+0000] {standard_task_runner.py:90} INFO - Running: ['***', 'tasks', 'run', 'nba_etl_to_postgres', 'fetch_shot_chart_and_load_to_postgres', 'manual__2025-06-19T09:45:41.614707+00:00', '--job-id', '90', '--raw', '--subdir', 'DAGS_FOLDER/etl_pipeline.py', '--cfg-path', '/tmp/tmpechyzigm']
[2025-06-19T09:47:27.426+0000] {standard_task_runner.py:91} INFO - Job 90: Subtask fetch_shot_chart_and_load_to_postgres
[2025-06-19T09:47:27.616+0000] {task_command.py:426} INFO - Running <TaskInstance: nba_etl_to_postgres.fetch_shot_chart_and_load_to_postgres manual__2025-06-19T09:45:41.614707+00:00 [running]> on host 11d91b3c2b82
[2025-06-19T09:47:27.879+0000] {taskinstance.py:2648} INFO - Exporting env vars: AIRFLOW_CTX_DAG_OWNER='***' AIRFLOW_CTX_DAG_ID='nba_etl_to_postgres' AIRFLOW_CTX_TASK_ID='fetch_shot_chart_and_load_to_postgres' AIRFLOW_CTX_EXECUTION_DATE='2025-06-19T09:45:41.614707+00:00' AIRFLOW_CTX_TRY_NUMBER='1' AIRFLOW_CTX_DAG_RUN_ID='manual__2025-06-19T09:45:41.614707+00:00'
[2025-06-19T09:47:27.881+0000] {taskinstance.py:430} INFO - ::endgroup::
[2025-06-19T09:47:27.920+0000] {logging_mixin.py:188} WARNING - /opt/***/dags/etl_pipeline.py:159 UserWarning: pandas only supports SQLAlchemy connectable (engine/connection) or database string URI or sqlite3 DBAPI2 connection. Other DBAPI2 objects are not tested. Please consider using SQLAlchemy.
[2025-06-19T09:47:31.761+0000] {logging_mixin.py:188} INFO - Processed game on 2024-10-22 between BOS and NYK.
[2025-06-19T09:47:38.449+0000] {logging_mixin.py:188} INFO - Processed game on 2024-10-22 between LAL and MIN.
[2025-06-19T09:47:43.624+0000] {logging_mixin.py:188} INFO - Retrying after 3600 sec...
[2025-06-19T09:49:23.667+0000] {local_task_job_runner.py:310} WARNING - State of this instance has been externally set to failed. Terminating instance.
[2025-06-19T09:49:23.669+0000] {local_task_job_runner.py:222} INFO - ::endgroup::
[2025-06-19T09:49:23.672+0000] {process_utils.py:132} INFO - Sending 15 to group 1398. PIDs of all processes in the group: [1398]
[2025-06-19T09:49:23.673+0000] {process_utils.py:87} INFO - Sending the signal 15 to group 1398
[2025-06-19T09:49:23.674+0000] {taskinstance.py:2611} ERROR - Received SIGTERM. Terminating subprocesses.
[2025-06-19T09:49:23.676+0000] {taskinstance.py:441} INFO - ::group::Post task execution logs
[2025-06-19T09:49:23.768+0000] {process_utils.py:80} INFO - Process psutil.Process(pid=1398, status='terminated', exitcode=0, started='09:47:26') (1398) terminated with exit code 0
