[2025-06-19T14:40:05.633+0000] {local_task_job_runner.py:120} INFO - ::group::Pre task execution logs
[2025-06-19T14:40:05.674+0000] {taskinstance.py:2076} INFO - Dependencies all met for dep_context=non-requeueable deps ti=<TaskInstance: nba_etl_to_postgres.fetch_shot_chart_and_load_to_postgres manual__2025-06-19T11:59:25.818685+00:00 [queued]>
[2025-06-19T14:40:05.892+0000] {taskinstance.py:2076} INFO - Dependencies all met for dep_context=requeueable deps ti=<TaskInstance: nba_etl_to_postgres.fetch_shot_chart_and_load_to_postgres manual__2025-06-19T11:59:25.818685+00:00 [queued]>
[2025-06-19T14:40:05.893+0000] {taskinstance.py:2306} INFO - Starting attempt 2 of 2
[2025-06-19T14:40:05.938+0000] {taskinstance.py:2330} INFO - Executing <Task(PythonOperator): fetch_shot_chart_and_load_to_postgres> on 2025-06-19 11:59:25.818685+00:00
[2025-06-19T14:40:05.946+0000] {standard_task_runner.py:63} INFO - Started process 4414 to run task
[2025-06-19T14:40:05.952+0000] {standard_task_runner.py:90} INFO - Running: ['***', 'tasks', 'run', 'nba_etl_to_postgres', 'fetch_shot_chart_and_load_to_postgres', 'manual__2025-06-19T11:59:25.818685+00:00', '--job-id', '131', '--raw', '--subdir', 'DAGS_FOLDER/etl_pipeline.py', '--cfg-path', '/tmp/tmpq64t66s9']
[2025-06-19T14:40:05.954+0000] {standard_task_runner.py:91} INFO - Job 131: Subtask fetch_shot_chart_and_load_to_postgres
[2025-06-19T14:40:06.061+0000] {task_command.py:426} INFO - Running <TaskInstance: nba_etl_to_postgres.fetch_shot_chart_and_load_to_postgres manual__2025-06-19T11:59:25.818685+00:00 [running]> on host 11d91b3c2b82
[2025-06-19T14:40:06.227+0000] {taskinstance.py:2648} INFO - Exporting env vars: AIRFLOW_CTX_DAG_OWNER='***' AIRFLOW_CTX_DAG_ID='nba_etl_to_postgres' AIRFLOW_CTX_TASK_ID='fetch_shot_chart_and_load_to_postgres' AIRFLOW_CTX_EXECUTION_DATE='2025-06-19T11:59:25.818685+00:00' AIRFLOW_CTX_TRY_NUMBER='2' AIRFLOW_CTX_DAG_RUN_ID='manual__2025-06-19T11:59:25.818685+00:00'
[2025-06-19T14:40:06.229+0000] {taskinstance.py:430} INFO - ::endgroup::
[2025-06-19T14:40:06.256+0000] {logging_mixin.py:188} WARNING - /opt/***/dags/etl_pipeline.py:160 UserWarning: pandas only supports SQLAlchemy connectable (engine/connection) or database string URI or sqlite3 DBAPI2 connection. Other DBAPI2 objects are not tested. Please consider using SQLAlchemy.
[2025-06-19T14:40:10.404+0000] {logging_mixin.py:188} INFO - Processed game on 2024-10-22 between BOS and NYK.
[2025-06-19T14:40:17.686+0000] {logging_mixin.py:188} INFO - Processed game on 2024-10-22 between LAL and MIN.
[2025-06-19T14:40:24.852+0000] {logging_mixin.py:188} INFO - Processed game on 2024-10-23 between DET and IND.
[2025-06-19T14:40:32.145+0000] {logging_mixin.py:188} INFO - Processed game on 2024-10-23 between ATL and BRK.
[2025-06-19T14:40:37.930+0000] {logging_mixin.py:188} INFO - Processed game on 2024-10-23 between MIA and ORL.
[2025-06-19T14:40:44.844+0000] {logging_mixin.py:188} INFO - Processed game on 2024-10-23 between PHI and MIL.
[2025-06-19T14:40:51.708+0000] {logging_mixin.py:188} INFO - Processed game on 2024-10-23 between TOR and CLE.
[2025-06-19T14:40:58.790+0000] {logging_mixin.py:188} INFO - Processed game on 2024-10-23 between HOU and CHO.
[2025-06-19T14:41:04.442+0000] {logging_mixin.py:188} INFO - Processed game on 2024-10-23 between NOP and CHI.
[2025-06-19T14:41:11.441+0000] {logging_mixin.py:188} INFO - Processed game on 2024-10-23 between UTA and MEM.
[2025-06-19T14:41:18.307+0000] {logging_mixin.py:188} INFO - Processed game on 2024-10-23 between LAC and PHO.
[2025-06-19T14:41:25.353+0000] {logging_mixin.py:188} INFO - Processed game on 2024-10-23 between POR and GSW.
[2025-06-19T14:41:31.308+0000] {logging_mixin.py:188} INFO - Processed game on 2024-10-24 between WAS and BOS.
[2025-06-19T14:41:35.201+0000] {logging_mixin.py:188} INFO - Processed game on 2024-10-24 between DAL and SAS.
[2025-06-19T14:41:42.271+0000] {logging_mixin.py:188} INFO - Processed game on 2024-10-24 between DEN and OKC.
[2025-06-19T14:41:49.309+0000] {logging_mixin.py:188} INFO - Processed game on 2024-10-24 between SAC and MIN.
[2025-06-19T14:41:56.363+0000] {logging_mixin.py:188} INFO - Processed game on 2024-10-25 between ORL and BRK.
[2025-06-19T14:42:02.146+0000] {logging_mixin.py:188} INFO - Processed game on 2024-10-25 between TOR and PHI.
[2025-06-19T14:42:09.342+0000] {logging_mixin.py:188} INFO - Processed game on 2024-10-25 between ATL and CHO.
[2025-06-19T14:42:16.658+0000] {logging_mixin.py:188} INFO - Processed game on 2024-10-25 between CLE and DET.
[2025-06-19T14:42:23.527+0000] {logging_mixin.py:188} INFO - Processed game on 2024-10-25 between NYK and IND.
[2025-06-19T14:42:29.238+0000] {logging_mixin.py:188} INFO - Processed game on 2024-10-25 between HOU and MEM.
[2025-06-19T14:42:36.121+0000] {logging_mixin.py:188} INFO - Processed game on 2024-10-25 between MIL and CHI.
[2025-06-19T14:42:43.208+0000] {logging_mixin.py:188} INFO - Processed game on 2024-10-25 between UTA and GSW.
[2025-06-19T14:42:50.166+0000] {logging_mixin.py:188} INFO - Processed game on 2024-10-25 between LAL and PHO.
[2025-06-19T14:42:57.066+0000] {logging_mixin.py:188} INFO - Processed game on 2024-10-25 between POR and NOP.
[2025-06-19T14:43:03.069+0000] {logging_mixin.py:188} INFO - Processed game on 2024-10-26 between DEN and LAC.
[2025-06-19T14:43:10.174+0000] {logging_mixin.py:188} INFO - Processed game on 2024-10-26 between CHO and MIA.
[2025-06-19T14:43:17.035+0000] {logging_mixin.py:188} INFO - Processed game on 2024-10-26 between DET and BOS.
[2025-06-19T14:43:23.985+0000] {logging_mixin.py:188} INFO - Processed game on 2024-10-26 between WAS and CLE.
[2025-06-19T14:43:26.962+0000] {logging_mixin.py:188} INFO - Processed game on 2024-10-26 between CHI and OKC.
[2025-06-19T14:43:33.961+0000] {logging_mixin.py:188} INFO - Processed game on 2024-10-26 between MEM and ORL.
[2025-06-19T14:43:40.915+0000] {logging_mixin.py:188} INFO - Processed game on 2024-10-26 between MIN and TOR.
[2025-06-19T14:43:47.753+0000] {logging_mixin.py:188} INFO - Processed game on 2024-10-26 between SAS and HOU.
[2025-06-19T14:43:54.773+0000] {logging_mixin.py:188} INFO - Processed game on 2024-10-26 between PHO and DAL.
[2025-06-19T14:44:00.568+0000] {logging_mixin.py:188} INFO - Processed game on 2024-10-26 between LAL and SAC.
[2025-06-19T14:44:07.511+0000] {logging_mixin.py:188} INFO - Processed game on 2024-10-27 between IND and PHI.
[2025-06-19T14:44:14.451+0000] {logging_mixin.py:188} INFO - Processed game on 2024-10-27 between BRK and MIL.
[2025-06-19T14:44:21.541+0000] {logging_mixin.py:188} INFO - Processed game on 2024-10-27 between POR and NOP.
[2025-06-19T14:44:27.198+0000] {logging_mixin.py:188} INFO - Processed game on 2024-10-27 between OKC and ATL.
[2025-06-19T14:44:34.097+0000] {logging_mixin.py:188} INFO - Processed game on 2024-10-27 between GSW and LAC.
[2025-06-19T14:44:41.101+0000] {logging_mixin.py:188} INFO - Processed game on 2024-10-28 between ORL and IND.
[2025-06-19T14:44:48.268+0000] {logging_mixin.py:188} INFO - Processed game on 2024-10-28 between ATL and WAS.
[2025-06-19T14:44:53.951+0000] {logging_mixin.py:188} INFO - Processed game on 2024-10-28 between BOS and MIL.
[2025-06-19T14:45:00.873+0000] {logging_mixin.py:188} INFO - Processed game on 2024-10-28 between MIA and DET.
[2025-06-19T14:45:07.734+0000] {logging_mixin.py:188} INFO - Processed game on 2024-10-28 between NYK and CLE.
[2025-06-19T14:45:14.824+0000] {logging_mixin.py:188} INFO - Processed game on 2024-10-28 between TOR and DEN.
[2025-06-19T14:45:22.332+0000] {logging_mixin.py:188} INFO - Processed game on 2024-10-28 between MEM and CHI.
[2025-06-19T14:45:28.064+0000] {logging_mixin.py:188} INFO - Processed game on 2024-10-28 between SAS and HOU.
[2025-06-19T14:45:35.126+0000] {logging_mixin.py:188} INFO - Processed game on 2024-10-28 between DAL and UTA.
[2025-06-19T14:45:42.423+0000] {logging_mixin.py:188} INFO - Processed game on 2024-10-28 between PHO and LAL.
[2025-06-19T14:45:49.262+0000] {logging_mixin.py:188} INFO - Processed game on 2024-10-28 between SAC and POR.
[2025-06-19T14:45:55.152+0000] {logging_mixin.py:188} INFO - Processed game on 2024-10-29 between BRK and DEN.
[2025-06-19T14:46:02.020+0000] {logging_mixin.py:188} INFO - Processed game on 2024-10-29 between MIN and DAL.
[2025-06-19T14:46:09.078+0000] {logging_mixin.py:188} INFO - Processed game on 2024-10-29 between UTA and SAC.
[2025-06-19T14:46:15.928+0000] {logging_mixin.py:188} INFO - Processed game on 2024-10-29 between GSW and NOP.
[2025-06-19T14:46:21.757+0000] {logging_mixin.py:188} INFO - Processed game on 2024-10-30 between CHO and TOR.
[2025-06-19T14:46:28.567+0000] {logging_mixin.py:188} INFO - Processed game on 2024-10-30 between CLE and LAL.
[2025-06-19T14:46:35.508+0000] {logging_mixin.py:188} INFO - Processed game on 2024-10-30 between IND and BOS.
[2025-06-19T14:46:42.702+0000] {logging_mixin.py:188} INFO - Processed game on 2024-10-30 between PHI and DET.
[2025-06-19T14:46:48.521+0000] {logging_mixin.py:188} INFO - Processed game on 2024-10-30 between WAS and ATL.
[2025-06-19T14:46:55.419+0000] {logging_mixin.py:188} INFO - Processed game on 2024-10-30 between MIA and NYK.
[2025-06-19T14:47:02.852+0000] {logging_mixin.py:188} INFO - Processed game on 2024-10-30 between CHI and ORL.
[2025-06-19T14:47:09.898+0000] {logging_mixin.py:188} INFO - Processed game on 2024-10-30 between MEM and BRK.
[2025-06-19T14:47:16.868+0000] {logging_mixin.py:188} INFO - Processed game on 2024-10-30 between OKC and SAS.
[2025-06-19T14:47:22.581+0000] {logging_mixin.py:188} INFO - Processed game on 2024-10-30 between GSW and NOP.
[2025-06-19T14:47:29.808+0000] {logging_mixin.py:188} INFO - Processed game on 2024-10-30 between LAC and POR.
[2025-06-19T14:47:36.857+0000] {logging_mixin.py:188} INFO - Processed game on 2024-10-31 between MEM and MIL.
[2025-06-19T14:47:43.668+0000] {logging_mixin.py:188} INFO - Processed game on 2024-10-31 between DAL and HOU.
[2025-06-19T14:47:46.637+0000] {logging_mixin.py:188} INFO - Processed game on 2024-10-31 between UTA and SAS.
[2025-06-19T14:47:53.472+0000] {logging_mixin.py:188} INFO - Processed game on 2024-10-31 between LAC and PHO.
[2025-06-19T14:48:00.746+0000] {logging_mixin.py:188} INFO - Processed game on 2024-11-01 between CHO and BOS.
[2025-06-19T14:48:07.904+0000] {logging_mixin.py:188} INFO - Processed game on 2024-11-01 between CLE and ORL.
[2025-06-19T14:48:14.714+0000] {logging_mixin.py:188} INFO - Processed game on 2024-11-01 between DET and NYK.
[2025-06-19T14:48:20.443+0000] {logging_mixin.py:188} INFO - Processed game on 2024-11-01 between ATL and SAC.
[2025-06-19T14:48:27.525+0000] {logging_mixin.py:188} INFO - Processed game on 2024-11-01 between BRK and CHI.
[2025-06-19T14:48:34.501+0000] {logging_mixin.py:188} INFO - Processed game on 2024-11-01 between TOR and LAL.
[2025-06-19T14:48:41.343+0000] {logging_mixin.py:188} INFO - Processed game on 2024-11-01 between NOP and IND.
[2025-06-19T14:48:43.973+0000] {logging_mixin.py:188} INFO - Processed game on 2024-11-01 between MIN and DEN.
[2025-06-19T14:48:50.985+0000] {logging_mixin.py:188} INFO - Processed game on 2024-11-01 between POR and OKC.
[2025-06-19T14:48:58.096+0000] {logging_mixin.py:188} INFO - Processed game on 2024-11-02 between CHO and BOS.
[2025-06-19T14:49:05.317+0000] {logging_mixin.py:188} INFO - Processed game on 2024-11-02 between PHI and MEM.
[2025-06-19T14:49:12.387+0000] {logging_mixin.py:188} INFO - Processed game on 2024-11-02 between TOR and SAC.
[2025-06-19T14:49:18.237+0000] {logging_mixin.py:188} INFO - Processed game on 2024-11-02 between HOU and GSW.
[2025-06-19T14:49:25.167+0000] {logging_mixin.py:188} INFO - Processed game on 2024-11-02 between MIL and CLE.
[2025-06-19T14:49:32.065+0000] {logging_mixin.py:188} INFO - Processed game on 2024-11-02 between SAS and MIN.
[2025-06-19T14:49:39.166+0000] {logging_mixin.py:188} INFO - Processed game on 2024-11-02 between WAS and MIA.
[2025-06-19T14:49:45.258+0000] {logging_mixin.py:188} INFO - Processed game on 2024-11-02 between DEN and UTA.
[2025-06-19T14:49:52.170+0000] {logging_mixin.py:188} INFO - Processed game on 2024-11-02 between PHO and POR.
[2025-06-19T14:49:59.120+0000] {logging_mixin.py:188} INFO - Processed game on 2024-11-02 between LAC and OKC.
[2025-06-19T14:50:06.121+0000] {logging_mixin.py:188} INFO - Processed game on 2024-11-03 between BRK and DET.
[2025-06-19T14:50:12.129+0000] {logging_mixin.py:188} INFO - Processed game on 2024-11-03 between NOP and ATL.
[2025-06-19T14:50:19.132+0000] {logging_mixin.py:188} INFO - Processed game on 2024-11-03 between DAL and ORL.
[2025-06-19T14:50:26.733+0000] {logging_mixin.py:188} INFO - Processed game on 2024-11-04 between CLE and MIL.
[2025-06-19T14:50:33.740+0000] {logging_mixin.py:188} INFO - Processed game on 2024-11-04 between WAS and GSW.
[2025-06-19T14:50:39.606+0000] {logging_mixin.py:188} INFO - Processed game on 2024-11-04 between DET and LAL.
[2025-06-19T14:50:46.483+0000] {logging_mixin.py:188} INFO - Processed game on 2024-11-04 between ATL and BOS.
[2025-06-19T14:50:53.551+0000] {logging_mixin.py:188} INFO - Processed game on 2024-11-04 between BRK and MEM.
[2025-06-19T14:51:00.480+0000] {logging_mixin.py:188} INFO - Processed game on 2024-11-04 between MIA and SAC.
[2025-06-19T14:51:07.638+0000] {logging_mixin.py:188} INFO - Processed game on 2024-11-04 between CHI and UTA.
[2025-06-19T14:51:13.755+0000] {logging_mixin.py:188} INFO - Processed game on 2024-11-04 between HOU and NYK.
[2025-06-19T14:51:20.621+0000] {logging_mixin.py:188} INFO - Processed game on 2024-11-04 between MIN and CHO.
[2025-06-19T14:51:27.676+0000] {logging_mixin.py:188} INFO - Processed game on 2024-11-04 between OKC and ORL.
[2025-06-19T14:51:34.553+0000] {logging_mixin.py:188} INFO - Processed game on 2024-11-04 between NOP and POR.
[2025-06-19T14:51:40.369+0000] {logging_mixin.py:188} INFO - Processed game on 2024-11-04 between DAL and IND.
[2025-06-19T14:51:47.209+0000] {logging_mixin.py:188} INFO - Processed game on 2024-11-04 between DEN and TOR.
[2025-06-19T14:51:54.272+0000] {logging_mixin.py:188} INFO - Processed game on 2024-11-04 between PHO and PHI.
[2025-06-19T14:52:01.143+0000] {logging_mixin.py:188} INFO - Processed game on 2024-11-04 between LAC and SAS.
[2025-06-19T14:52:07.030+0000] {logging_mixin.py:188} INFO - Processed game on 2024-11-06 between CHO and DET.
[2025-06-19T14:52:13.960+0000] {logging_mixin.py:188} INFO - Processed game on 2024-11-06 between IND and ORL.
[2025-06-19T14:52:21.097+0000] {logging_mixin.py:188} INFO - Processed game on 2024-11-06 between ATL and NYK.
[2025-06-19T14:52:27.982+0000] {logging_mixin.py:188} INFO - Processed game on 2024-11-06 between BOS and GSW.
[2025-06-19T14:52:34.824+0000] {logging_mixin.py:188} INFO - Processed game on 2024-11-06 between HOU and SAS.
[2025-06-19T14:52:40.454+0000] {logging_mixin.py:188} INFO - Processed game on 2024-11-06 between MEM and LAL.
[2025-06-19T14:52:47.508+0000] {logging_mixin.py:188} INFO - Processed game on 2024-11-06 between NOP and CLE.
[2025-06-19T14:52:54.662+0000] {logging_mixin.py:188} INFO - Processed game on 2024-11-06 between DAL and CHI.
[2025-06-19T14:53:01.583+0000] {logging_mixin.py:188} INFO - Processed game on 2024-11-06 between DEN and OKC.
[2025-06-19T14:53:07.304+0000] {logging_mixin.py:188} INFO - Processed game on 2024-11-06 between PHO and MIA.
[2025-06-19T14:53:14.333+0000] {logging_mixin.py:188} INFO - Processed game on 2024-11-06 between LAC and PHI.
[2025-06-19T14:53:21.443+0000] {logging_mixin.py:188} INFO - Processed game on 2024-11-06 between SAC and TOR.
[2025-06-19T14:53:28.415+0000] {logging_mixin.py:188} INFO - Processed game on 2024-11-07 between CHI and MIN.
[2025-06-19T14:53:34.141+0000] {logging_mixin.py:188} INFO - Processed game on 2024-11-07 between MIL and UTA.
[2025-06-19T14:53:41.181+0000] {logging_mixin.py:188} INFO - Processed game on 2024-11-07 between SAS and POR.
[2025-06-19T14:53:48.246+0000] {logging_mixin.py:188} INFO - Processed game on 2024-11-08 between CHO and IND.
[2025-06-19T14:53:55.075+0000] {logging_mixin.py:188} INFO - Processed game on 2024-11-08 between DET and ATL.
[2025-06-19T14:54:00.787+0000] {logging_mixin.py:188} INFO - Processed game on 2024-11-08 between ORL and NOP.
[2025-06-19T14:54:05.001+0000] {logging_mixin.py:188} INFO - Processed game on 2024-11-08 between BOS and BRK.
[2025-06-19T14:54:12.331+0000] {logging_mixin.py:188} INFO - Processed game on 2024-11-08 between CLE and GSW.
[2025-06-19T14:54:19.300+0000] {logging_mixin.py:188} INFO - Processed game on 2024-11-08 between NYK and MIL.
[2025-06-19T14:54:26.186+0000] {logging_mixin.py:188} INFO - Processed game on 2024-11-08 between DAL and PHO.
[2025-06-19T14:54:32.065+0000] {logging_mixin.py:188} INFO - Processed game on 2024-11-08 between MEM and WAS.
[2025-06-19T14:54:38.933+0000] {logging_mixin.py:188} INFO - Processed game on 2024-11-08 between OKC and HOU.
[2025-06-19T14:54:45.842+0000] {logging_mixin.py:188} INFO - Processed game on 2024-11-08 between MIN and POR.
[2025-06-19T14:54:53.139+0000] {logging_mixin.py:188} INFO - Processed game on 2024-11-08 between DEN and MIA.
[2025-06-19T14:54:58.871+0000] {logging_mixin.py:188} INFO - Processed game on 2024-11-08 between LAL and PHI.
[2025-06-19T14:55:05.758+0000] {logging_mixin.py:188} INFO - Processed game on 2024-11-08 between SAC and LAC.
[2025-06-19T14:55:12.736+0000] {logging_mixin.py:188} INFO - Processed game on 2024-11-09 between SAS and UTA.
[2025-06-19T14:55:19.989+0000] {logging_mixin.py:188} INFO - Processed game on 2024-11-09 between ATL and CHI.
[2025-06-19T14:55:26.900+0000] {logging_mixin.py:188} INFO - Processed game on 2024-11-09 between CLE and BRK.
[2025-06-19T14:55:32.683+0000] {logging_mixin.py:188} INFO - Processed game on 2024-11-09 between LAC and TOR.
[2025-06-19T14:55:39.808+0000] {logging_mixin.py:188} INFO - Processed game on 2024-11-10 between DET and HOU.
[2025-06-19T14:55:46.825+0000] {logging_mixin.py:188} INFO - Processed game on 2024-11-10 between MIL and BOS.
[2025-06-19T14:55:54.005+0000] {logging_mixin.py:188} INFO - Processed game on 2024-11-10 between IND and NYK.
[2025-06-19T14:55:59.861+0000] {logging_mixin.py:188} INFO - Processed game on 2024-11-10 between ORL and WAS.
[2025-06-19T14:56:06.705+0000] {logging_mixin.py:188} INFO - Processed game on 2024-11-10 between PHI and CHO.
[2025-06-19T14:56:13.652+0000] {logging_mixin.py:188} INFO - Processed game on 2024-11-10 between MIN and MIA.
[2025-06-19T14:56:20.681+0000] {logging_mixin.py:188} INFO - Processed game on 2024-11-10 between OKC and GSW.
[2025-06-19T14:56:26.336+0000] {logging_mixin.py:188} INFO - Processed game on 2024-11-10 between DEN and DAL.
[2025-06-19T14:56:33.606+0000] {logging_mixin.py:188} INFO - Processed game on 2024-11-10 between PHO and SAC.
[2025-06-19T14:56:40.583+0000] {logging_mixin.py:188} INFO - Processed game on 2024-11-10 between POR and MEM.
[2025-06-19T14:56:47.612+0000] {logging_mixin.py:188} INFO - Processed game on 2024-11-10 between LAL and TOR.
[2025-06-19T14:56:53.406+0000] {logging_mixin.py:188} INFO - Processed game on 2024-11-11 between CHI and CLE.
[2025-06-19T14:56:57.285+0000] {logging_mixin.py:188} INFO - Processed game on 2024-11-11 between HOU and WAS.
[2025-06-19T14:57:04.469+0000] {logging_mixin.py:188} INFO - Processed game on 2024-11-11 between NOP and BRK.
[2025-06-19T14:57:11.564+0000] {logging_mixin.py:188} INFO - Processed game on 2024-11-11 between OKC and LAC.
[2025-06-19T14:57:18.468+0000] {logging_mixin.py:188} INFO - Processed game on 2024-11-11 between SAS and SAC.
[2025-06-19T14:57:24.412+0000] {logging_mixin.py:188} INFO - Processed game on 2024-11-12 between BOS and ATL.
[2025-06-19T14:57:31.276+0000] {logging_mixin.py:188} INFO - Processed game on 2024-11-12 between DET and MIA.
[2025-06-19T14:57:38.536+0000] {logging_mixin.py:188} INFO - Processed game on 2024-11-12 between ORL and CHO.
[2025-06-19T14:57:45.439+0000] {logging_mixin.py:188} INFO - Processed game on 2024-11-12 between PHI and NYK.
[2025-06-19T14:57:51.176+0000] {logging_mixin.py:188} INFO - Processed game on 2024-11-12 between MIL and TOR.
[2025-06-19T14:57:55.000+0000] {logging_mixin.py:188} INFO - Processed game on 2024-11-12 between UTA and PHO.
[2025-06-19T14:58:01.892+0000] {logging_mixin.py:188} INFO - Processed game on 2024-11-12 between GSW and DAL.
[2025-06-19T14:58:08.927+0000] {logging_mixin.py:188} INFO - Processed game on 2024-11-12 between POR and MIN.
[2025-06-19T14:58:15.931+0000] {logging_mixin.py:188} INFO - Processed game on 2024-11-13 between ORL and IND.
[2025-06-19T14:58:21.777+0000] {logging_mixin.py:188} INFO - Processed game on 2024-11-13 between BRK and BOS.
[2025-06-19T14:58:28.687+0000] {logging_mixin.py:188} INFO - Processed game on 2024-11-13 between NYK and CHI.
[2025-06-19T14:58:35.782+0000] {logging_mixin.py:188} INFO - Processed game on 2024-11-13 between PHI and CLE.
[2025-06-19T14:58:42.775+0000] {logging_mixin.py:188} INFO - Processed game on 2024-11-13 between OKC and NOP.
[2025-06-19T14:58:49.099+0000] {logging_mixin.py:188} INFO - Processed game on 2024-11-13 between HOU and LAC.
[2025-06-19T14:58:55.459+0000] {logging_mixin.py:188} INFO - Processed game on 2024-11-13 between MIL and DET.
[2025-06-19T14:59:02.532+0000] {logging_mixin.py:188} INFO - Processed game on 2024-11-13 between SAS and WAS.
[2025-06-19T14:59:09.447+0000] {logging_mixin.py:188} INFO - Processed game on 2024-11-13 between LAL and MEM.
[2025-06-19T14:59:16.404+0000] {logging_mixin.py:188} INFO - Processed game on 2024-11-13 between POR and MIN.
[2025-06-19T14:59:22.102+0000] {logging_mixin.py:188} INFO - Processed game on 2024-11-13 between SAC and PHO.
[2025-06-19T14:59:29.382+0000] {logging_mixin.py:188} INFO - Processed game on 2024-11-14 between UTA and DAL.
[2025-06-19T14:59:36.732+0000] {logging_mixin.py:188} INFO - Processed game on 2024-11-15 between IND and MIA.
[2025-06-19T14:59:43.777+0000] {logging_mixin.py:188} INFO - Processed game on 2024-11-15 between ORL and PHI.
[2025-06-19T14:59:49.549+0000] {logging_mixin.py:188} INFO - Processed game on 2024-11-15 between TOR and DET.
[2025-06-19T14:59:56.771+0000] {logging_mixin.py:188} INFO - Processed game on 2024-11-15 between ATL and WAS.
[2025-06-19T15:00:03.626+0000] {logging_mixin.py:188} INFO - Processed game on 2024-11-15 between CLE and CHI.
[2025-06-19T15:00:10.524+0000] {logging_mixin.py:188} INFO - Processed game on 2024-11-15 between NYK and BRK.
[2025-06-19T15:00:16.290+0000] {logging_mixin.py:188} INFO - Processed game on 2024-11-15 between SAS and LAL.
[2025-06-19T15:00:23.520+0000] {logging_mixin.py:188} INFO - Processed game on 2024-11-15 between HOU and LAC.
[2025-06-19T15:00:30.452+0000] {logging_mixin.py:188} INFO - Processed game on 2024-11-15 between NOP and DEN.
[2025-06-19T15:00:37.641+0000] {logging_mixin.py:188} INFO - Processed game on 2024-11-15 between OKC and PHO.
[2025-06-19T15:00:44.841+0000] {logging_mixin.py:188} INFO - Processed game on 2024-11-15 between GSW and MEM.
[2025-06-19T15:00:50.716+0000] {logging_mixin.py:188} INFO - Processed game on 2024-11-15 between SAC and MIN.
[2025-06-19T15:00:57.807+0000] {logging_mixin.py:188} INFO - Processed game on 2024-11-16 between CHO and MIL.
[2025-06-19T15:01:04.911+0000] {logging_mixin.py:188} INFO - Processed game on 2024-11-16 between BOS and TOR.
[2025-06-19T15:01:11.803+0000] {logging_mixin.py:188} INFO - Processed game on 2024-11-16 between NOP and LAL.
[2025-06-19T15:01:17.847+0000] {logging_mixin.py:188} INFO - Processed game on 2024-11-16 between DAL and SAS.
[2025-06-19T15:01:24.820+0000] {logging_mixin.py:188} INFO - Processed game on 2024-11-16 between SAC and UTA.
[2025-06-19T15:01:31.795+0000] {logging_mixin.py:188} INFO - Processed game on 2024-11-17 between MIN and PHO.
[2025-06-19T15:01:38.935+0000] {logging_mixin.py:188} INFO - Processed game on 2024-11-17 between IND and MIA.
[2025-06-19T15:01:44.633+0000] {logging_mixin.py:188} INFO - Processed game on 2024-11-17 between CLE and CHO.
[2025-06-19T15:01:51.850+0000] {logging_mixin.py:188} INFO - Processed game on 2024-11-17 between WAS and DET.
[2025-06-19T15:01:58.684+0000] {logging_mixin.py:188} INFO - Processed game on 2024-11-17 between MEM and DEN.
[2025-06-19T15:02:05.679+0000] {logging_mixin.py:188} INFO - Processed game on 2024-11-17 between POR and ATL.
[2025-06-19T15:02:11.461+0000] {logging_mixin.py:188} INFO - Processed game on 2024-11-17 between NYK and BRK.
[2025-06-19T15:02:19.348+0000] {logging_mixin.py:188} INFO - Processed game on 2024-11-17 between CHI and HOU.
[2025-06-19T15:02:26.245+0000] {logging_mixin.py:188} INFO - Processed game on 2024-11-17 between OKC and DAL.
[2025-06-19T15:02:33.088+0000] {logging_mixin.py:188} INFO - Processed game on 2024-11-17 between LAC and UTA.
[2025-06-19T15:02:40.172+0000] {logging_mixin.py:188} INFO - Processed game on 2024-11-18 between DET and CHI.
[2025-06-19T15:02:46.172+0000] {logging_mixin.py:188} INFO - Processed game on 2024-11-18 between MIA and PHI.
[2025-06-19T15:02:53.086+0000] {logging_mixin.py:188} INFO - Processed game on 2024-11-18 between NYK and WAS.
[2025-06-19T15:03:00.122+0000] {logging_mixin.py:188} INFO - Processed game on 2024-11-18 between TOR and IND.
[2025-06-19T15:03:07.041+0000] {logging_mixin.py:188} INFO - Processed game on 2024-11-18 between MIL and HOU.
[2025-06-19T15:03:12.873+0000] {logging_mixin.py:188} INFO - Processed game on 2024-11-18 between PHO and ORL.
[2025-06-19T15:03:19.838+0000] {logging_mixin.py:188} INFO - Processed game on 2024-11-18 between SAC and ATL.
[2025-06-19T15:03:26.799+0000] {logging_mixin.py:188} INFO - Processed game on 2024-11-18 between LAC and GSW.
[2025-06-19T15:03:34.086+0000] {logging_mixin.py:188} INFO - Processed game on 2024-11-19 between BOS and CLE.
[2025-06-19T15:03:39.803+0000] {logging_mixin.py:188} INFO - Processed game on 2024-11-19 between BRK and CHO.
[2025-06-19T15:03:46.927+0000] {logging_mixin.py:188} INFO - Processed game on 2024-11-19 between MEM and DEN.
[2025-06-19T15:03:54.170+0000] {logging_mixin.py:188} INFO - Processed game on 2024-11-19 between DAL and NOP.
[2025-06-19T15:04:01.054+0000] {logging_mixin.py:188} INFO - Processed game on 2024-11-19 between SAS and OKC.
[2025-06-19T15:04:06.699+0000] {logging_mixin.py:188} INFO - Processed game on 2024-11-19 between LAL and UTA.
[2025-06-19T15:04:13.915+0000] {logging_mixin.py:188} INFO - Processed game on 2024-11-20 between CLE and NOP.
[2025-06-19T15:04:20.879+0000] {logging_mixin.py:188} INFO - Processed game on 2024-11-20 between MIL and CHI.
[2025-06-19T15:04:27.764+0000] {logging_mixin.py:188} INFO - Processed game on 2024-11-20 between HOU and IND.
[2025-06-19T15:04:34.685+0000] {logging_mixin.py:188} INFO - Processed game on 2024-11-20 between MEM and PHI.
[2025-06-19T15:04:40.547+0000] {logging_mixin.py:188} INFO - Processed game on 2024-11-20 between OKC and POR.
[2025-06-19T15:04:47.388+0000] {logging_mixin.py:188} INFO - Processed game on 2024-11-20 between PHO and NYK.
[2025-06-19T15:04:54.379+0000] {logging_mixin.py:188} INFO - Processed game on 2024-11-20 between GSW and ATL.
[2025-06-19T15:05:01.231+0000] {logging_mixin.py:188} INFO - Processed game on 2024-11-20 between LAC and ORL.
[2025-06-19T15:05:04.143+0000] {logging_mixin.py:188} INFO - Processed game on 2024-11-21 between CHO and DET.
[2025-06-19T15:05:11.367+0000] {logging_mixin.py:188} INFO - Processed game on 2024-11-21 between TOR and MIN.
[2025-06-19T15:05:18.429+0000] {logging_mixin.py:188} INFO - Processed game on 2024-11-21 between SAS and UTA.
[2025-06-19T15:05:25.553+0000] {logging_mixin.py:188} INFO - Processed game on 2024-11-21 between LAL and ORL.
[2025-06-19T15:05:32.612+0000] {logging_mixin.py:188} INFO - Processed game on 2024-11-22 between PHI and BRK.
[2025-06-19T15:05:38.856+0000] {logging_mixin.py:188} INFO - Processed game on 2024-11-22 between WAS and BOS.
[2025-06-19T15:05:45.748+0000] {logging_mixin.py:188} INFO - Processed game on 2024-11-22 between MIL and IND.
[2025-06-19T15:05:52.599+0000] {logging_mixin.py:188} INFO - Processed game on 2024-11-22 between CHI and ATL.
[2025-06-19T15:05:59.841+0000] {logging_mixin.py:188} INFO - Processed game on 2024-11-22 between HOU and POR.
[2025-06-19T15:06:05.740+0000] {logging_mixin.py:188} INFO - Processed game on 2024-11-22 between NOP and GSW.
[2025-06-19T15:06:12.699+0000] {logging_mixin.py:188} INFO - Processed game on 2024-11-22 between DEN and DAL.
[2025-06-19T15:06:19.707+0000] {logging_mixin.py:188} INFO - Processed game on 2024-11-22 between LAC and SAC.
[2025-06-19T15:06:26.785+0000] {logging_mixin.py:188} INFO - Processed game on 2024-11-23 between UTA and NYK.
[2025-06-19T15:06:32.422+0000] {logging_mixin.py:188} INFO - Processed game on 2024-11-23 between ORL and DET.
[2025-06-19T15:06:39.808+0000] {logging_mixin.py:188} INFO - Processed game on 2024-11-23 between CHI and MEM.
[2025-06-19T15:06:47.055+0000] {logging_mixin.py:188} INFO - Processed game on 2024-11-23 between HOU and POR.
[2025-06-19T15:06:54.024+0000] {logging_mixin.py:188} INFO - Processed game on 2024-11-23 between MIL and CHO.
[2025-06-19T15:06:59.831+0000] {logging_mixin.py:188} INFO - Processed game on 2024-11-23 between SAS and GSW.
[2025-06-19T15:07:06.906+0000] {logging_mixin.py:188} INFO - Processed game on 2024-11-23 between LAL and DEN.
[2025-06-19T15:07:13.964+0000] {logging_mixin.py:188} INFO - Processed game on 2024-11-24 between BOS and MIN.
[2025-06-19T15:07:20.942+0000] {logging_mixin.py:188} INFO - Processed game on 2024-11-24 between IND and WAS.
[2025-06-19T15:07:27.954+0000] {logging_mixin.py:188} INFO - Processed game on 2024-11-24 between MIA and DAL.
[2025-06-19T15:07:33.611+0000] {logging_mixin.py:188} INFO - Processed game on 2024-11-24 between PHI and LAC.
[2025-06-19T15:07:40.632+0000] {logging_mixin.py:188} INFO - Processed game on 2024-11-24 between CLE and TOR.
[2025-06-19T15:07:47.554+0000] {logging_mixin.py:188} INFO - Processed game on 2024-11-24 between SAC and BRK.
[2025-06-19T15:07:54.546+0000] {logging_mixin.py:188} INFO - Processed game on 2024-11-25 between CHO and ORL.
[2025-06-19T15:08:00.510+0000] {logging_mixin.py:188} INFO - Processed game on 2024-11-25 between DET and TOR.
[2025-06-19T15:08:07.602+0000] {logging_mixin.py:188} INFO - Processed game on 2024-11-25 between IND and NOP.
[2025-06-19T15:08:14.570+0000] {logging_mixin.py:188} INFO - Processed game on 2024-11-25 between ATL and DAL.
[2025-06-19T15:08:21.576+0000] {logging_mixin.py:188} INFO - Processed game on 2024-11-25 between BOS and LAC.
[2025-06-19T15:08:27.340+0000] {logging_mixin.py:188} INFO - Processed game on 2024-11-25 between MEM and POR.
[2025-06-19T15:08:34.370+0000] {logging_mixin.py:188} INFO - Processed game on 2024-11-25 between DEN and NYK.
[2025-06-19T15:08:41.203+0000] {logging_mixin.py:188} INFO - Processed game on 2024-11-25 between GSW and BRK.
[2025-06-19T15:08:48.118+0000] {logging_mixin.py:188} INFO - Processed game on 2024-11-25 between SAC and OKC.
[2025-06-19T15:08:54.598+0000] {logging_mixin.py:188} INFO - Processed game on 2024-11-26 between WAS and CHI.
[2025-06-19T15:09:01.217+0000] {logging_mixin.py:188} INFO - Processed game on 2024-11-26 between MIA and MIL.
[2025-06-19T15:09:08.136+0000] {logging_mixin.py:188} INFO - Processed game on 2024-11-26 between MIN and HOU.
[2025-06-19T15:09:15.019+0000] {logging_mixin.py:188} INFO - Processed game on 2024-11-26 between UTA and SAS.
[2025-06-19T15:09:21.935+0000] {logging_mixin.py:188} INFO - Processed game on 2024-11-26 between PHO and LAL.
[2025-06-19T15:09:28.011+0000] {logging_mixin.py:188} INFO - Processed game on 2024-11-27 between CHO and MIA.
[2025-06-19T15:09:35.156+0000] {logging_mixin.py:188} INFO - Processed game on 2024-11-27 between CLE and ATL.
[2025-06-19T15:09:42.511+0000] {logging_mixin.py:188} INFO - Processed game on 2024-11-27 between IND and POR.
[2025-06-19T15:09:49.544+0000] {logging_mixin.py:188} INFO - Processed game on 2024-11-27 between ORL and CHI.
[2025-06-19T15:09:52.495+0000] {logging_mixin.py:188} INFO - Processed game on 2024-11-27 between PHI and HOU.
[2025-06-19T15:09:59.552+0000] {logging_mixin.py:188} INFO - Processed game on 2024-11-27 between WAS and LAC.
[2025-06-19T15:10:06.474+0000] {logging_mixin.py:188} INFO - Processed game on 2024-11-27 between DAL and NYK.
[2025-06-19T15:10:13.347+0000] {logging_mixin.py:188} INFO - Processed game on 2024-11-27 between MEM and DET.
[2025-06-19T15:10:20.466+0000] {logging_mixin.py:188} INFO - Processed game on 2024-11-27 between MIN and SAC.
[2025-06-19T15:10:26.657+0000] {logging_mixin.py:188} INFO - Processed game on 2024-11-27 between NOP and TOR.
[2025-06-19T15:10:33.569+0000] {logging_mixin.py:188} INFO - Processed game on 2024-11-27 between SAS and LAL.
[2025-06-19T15:10:40.407+0000] {logging_mixin.py:188} INFO - Processed game on 2024-11-27 between PHO and BRK.
[2025-06-19T15:10:47.418+0000] {logging_mixin.py:188} INFO - Processed game on 2024-11-27 between UTA and DEN.
[2025-06-19T15:10:50.128+0000] {logging_mixin.py:188} INFO - Processed game on 2024-11-27 between GSW and OKC.
[2025-06-19T15:10:57.205+0000] {logging_mixin.py:188} INFO - Processed game on 2024-11-29 between CHO and NYK.
[2025-06-19T15:11:04.266+0000] {logging_mixin.py:188} INFO - Processed game on 2024-11-29 between ATL and CLE.
[2025-06-19T15:11:11.972+0000] {logging_mixin.py:188} INFO - Processed game on 2024-11-29 between MEM and NOP.
[2025-06-19T15:11:18.877+0000] {logging_mixin.py:188} INFO - Processed game on 2024-11-29 between BRK and ORL.
[2025-06-19T15:11:24.761+0000] {logging_mixin.py:188} INFO - Processed game on 2024-11-29 between MIN and LAC.
[2025-06-19T15:11:31.707+0000] {logging_mixin.py:188} INFO - Processed game on 2024-11-29 between IND and DET.
[2025-06-19T15:11:39.182+0000] {logging_mixin.py:188} INFO - Processed game on 2024-11-29 between MIA and TOR.
[2025-06-19T15:11:46.157+0000] {logging_mixin.py:188} INFO - Processed game on 2024-11-29 between CHI and BOS.
[2025-06-19T15:11:51.923+0000] {logging_mixin.py:188} INFO - Processed game on 2024-11-29 between LAL and OKC.
[2025-06-19T15:11:58.770+0000] {logging_mixin.py:188} INFO - Processed game on 2024-11-29 between POR and SAC.
[2025-06-19T15:12:06.046+0000] {logging_mixin.py:188} INFO - Processed game on 2024-11-30 between CHO and ATL.
[2025-06-19T15:12:13.036+0000] {logging_mixin.py:188} INFO - Processed game on 2024-11-30 between DET and PHI.
[2025-06-19T15:12:18.869+0000] {logging_mixin.py:188} INFO - Processed game on 2024-11-30 between MIL and WAS.
[2025-06-19T15:12:25.985+0000] {logging_mixin.py:188} INFO - Processed game on 2024-11-30 between PHO and GSW.
[2025-06-19T15:12:32.981+0000] {logging_mixin.py:188} INFO - Processed game on 2024-11-30 between UTA and DAL.
[2025-06-19T15:12:40.131+0000] {logging_mixin.py:188} INFO - Processed game on 2024-12-01 between BRK and ORL.
[2025-06-19T15:12:46.147+0000] {logging_mixin.py:188} INFO - Processed game on 2024-12-01 between MEM and IND.
[2025-06-19T15:12:53.136+0000] {logging_mixin.py:188} INFO - Processed game on 2024-12-01 between CLE and BOS.
[2025-06-19T15:13:00.083+0000] {logging_mixin.py:188} INFO - Processed game on 2024-12-01 between NYK and NOP.
[2025-06-19T15:13:07.111+0000] {logging_mixin.py:188} INFO - Processed game on 2024-12-01 between TOR and MIA.
[2025-06-19T15:13:13.993+0000] {logging_mixin.py:188} INFO - Processed game on 2024-12-01 between HOU and OKC.
[2025-06-19T15:13:19.756+0000] {logging_mixin.py:188} INFO - Processed game on 2024-12-01 between UTA and LAL.
[2025-06-19T15:13:26.682+0000] {logging_mixin.py:188} INFO - Processed game on 2024-12-01 between POR and DAL.
[2025-06-19T15:13:33.743+0000] {logging_mixin.py:188} INFO - Processed game on 2024-12-01 between SAC and SAS.
[2025-06-19T15:13:40.637+0000] {logging_mixin.py:188} INFO - Processed game on 2024-12-01 between LAC and DEN.
[2025-06-19T15:13:46.498+0000] {logging_mixin.py:188} INFO - Processed game on 2024-12-02 between ATL and NOP.
[2025-06-19T15:13:53.537+0000] {logging_mixin.py:188} INFO - Processed game on 2024-12-02 between BOS and MIA.
[2025-06-19T15:14:00.427+0000] {logging_mixin.py:188} INFO - Processed game on 2024-12-02 between CHI and BRK.
[2025-06-19T15:14:07.438+0000] {logging_mixin.py:188} INFO - Processed game on 2024-12-02 between MIN and LAL.
[2025-06-19T15:14:13.357+0000] {logging_mixin.py:188} INFO - Processed game on 2024-12-03 between CHO and PHI.
[2025-06-19T15:14:20.396+0000] {logging_mixin.py:188} INFO - Processed game on 2024-12-03 between CLE and WAS.
[2025-06-19T15:14:27.625+0000] {logging_mixin.py:188} INFO - Processed game on 2024-12-03 between DET and MIL.
[2025-06-19T15:14:34.668+0000] {logging_mixin.py:188} INFO - Processed game on 2024-12-03 between NYK and ORL.
[2025-06-19T15:14:40.373+0000] {logging_mixin.py:188} INFO - Processed game on 2024-12-03 between TOR and IND.
[2025-06-19T15:14:44.234+0000] {logging_mixin.py:188} INFO - Processed game on 2024-12-03 between OKC and UTA.
[2025-06-19T15:14:51.415+0000] {logging_mixin.py:188} INFO - Processed game on 2024-12-03 between DAL and MEM.
[2025-06-19T15:14:58.477+0000] {logging_mixin.py:188} INFO - Processed game on 2024-12-03 between PHO and SAS.
[2025-06-19T15:15:05.319+0000] {logging_mixin.py:188} INFO - Processed game on 2024-12-03 between DEN and GSW.
[2025-06-19T15:15:10.951+0000] {logging_mixin.py:188} INFO - Processed game on 2024-12-03 between SAC and HOU.
[2025-06-19T15:15:17.808+0000] {logging_mixin.py:188} INFO - Processed game on 2024-12-03 between LAC and POR.
[2025-06-19T15:15:25.010+0000] {logging_mixin.py:188} INFO - Processed game on 2024-12-04 between BOS and DET.
[2025-06-19T15:15:32.061+0000] {logging_mixin.py:188} INFO - Processed game on 2024-12-04 between BRK and IND.
[2025-06-19T15:15:37.859+0000] {logging_mixin.py:188} INFO - Processed game on 2024-12-04 between MIA and LAL.
[2025-06-19T15:15:41.738+0000] {logging_mixin.py:188} INFO - Processed game on 2024-12-04 between PHI and ORL.
[2025-06-19T15:15:48.656+0000] {logging_mixin.py:188} INFO - Processed game on 2024-12-04 between MIL and ATL.
[2025-06-19T15:15:55.858+0000] {logging_mixin.py:188} INFO - Processed game on 2024-12-04 between LAC and MIN.
[2025-06-19T15:16:02.886+0000] {logging_mixin.py:188} INFO - Processed game on 2024-12-05 between CLE and DEN.
[2025-06-19T15:16:08.806+0000] {logging_mixin.py:188} INFO - Processed game on 2024-12-05 between WAS and DAL.
[2025-06-19T15:16:15.742+0000] {logging_mixin.py:188} INFO - Processed game on 2024-12-05 between NYK and CHO.
[2025-06-19T15:16:22.996+0000] {logging_mixin.py:188} INFO - Processed game on 2024-12-05 between TOR and OKC.
[2025-06-19T15:16:29.933+0000] {logging_mixin.py:188} INFO - Processed game on 2024-12-05 between MEM and SAC.
[2025-06-19T15:16:35.636+0000] {logging_mixin.py:188} INFO - Processed game on 2024-12-05 between NOP and PHO.
[2025-06-19T15:16:39.473+0000] {logging_mixin.py:188} INFO - Processed game on 2024-12-05 between SAS and CHI.
[2025-06-19T15:16:46.665+0000] {logging_mixin.py:188} INFO - Processed game on 2024-12-05 between GSW and HOU.
[2025-06-19T15:16:53.643+0000] {logging_mixin.py:188} INFO - Processed game on 2024-12-06 between PHI and ORL.
[2025-06-19T15:17:00.553+0000] {logging_mixin.py:188} INFO - Processed game on 2024-12-06 between ATL and LAL.
[2025-06-19T15:17:06.423+0000] {logging_mixin.py:188} INFO - Processed game on 2024-12-06 between BOS and MIL.
[2025-06-19T15:17:13.597+0000] {logging_mixin.py:188} INFO - Processed game on 2024-12-06 between CHI and IND.
[2025-06-19T15:17:20.611+0000] {logging_mixin.py:188} INFO - Processed game on 2024-12-06 between SAS and SAC.
[2025-06-19T15:17:27.576+0000] {logging_mixin.py:188} INFO - Processed game on 2024-12-06 between GSW and MIN.
[2025-06-19T15:17:33.347+0000] {logging_mixin.py:188} INFO - Processed game on 2024-12-06 between POR and UTA.
[2025-06-19T15:17:37.384+0000] {logging_mixin.py:188} INFO - Processed game on 2024-12-07 between CHO and CLE.
[2025-06-19T15:17:44.657+0000] {logging_mixin.py:188} INFO - Processed game on 2024-12-07 between WAS and DEN.
[2025-06-19T15:17:51.724+0000] {logging_mixin.py:188} INFO - Processed game on 2024-12-07 between NOP and OKC.
[2025-06-19T15:17:58.595+0000] {logging_mixin.py:188} INFO - Processed game on 2024-12-07 between NYK and DET.
[2025-06-19T15:18:04.303+0000] {logging_mixin.py:188} INFO - Processed game on 2024-12-07 between TOR and DAL.
[2025-06-19T15:18:11.591+0000] {logging_mixin.py:188} INFO - Processed game on 2024-12-07 between BOS and MEM.
[2025-06-19T15:18:18.442+0000] {logging_mixin.py:188} INFO - Processed game on 2024-12-07 between MIA and PHO.
[2025-06-19T15:18:26.367+0000] {logging_mixin.py:188} INFO - Processed game on 2024-12-08 between CHI and PHI.
[2025-06-19T15:18:32.189+0000] {logging_mixin.py:188} INFO - Processed game on 2024-12-08 between BRK and MIL.
[2025-06-19T15:18:39.366+0000] {logging_mixin.py:188} INFO - Processed game on 2024-12-08 between IND and CHO.
[2025-06-19T15:18:46.449+0000] {logging_mixin.py:188} INFO - Processed game on 2024-12-08 between ATL and DEN.
[2025-06-19T15:18:53.341+0000] {logging_mixin.py:188} INFO - Processed game on 2024-12-08 between MIA and CLE.
[2025-06-19T15:19:00.393+0000] {logging_mixin.py:188} INFO - Processed game on 2024-12-08 between ORL and PHO.
[2025-06-19T15:19:06.236+0000] {logging_mixin.py:188} INFO - Processed game on 2024-12-08 between WAS and MEM.
[2025-06-19T15:19:13.141+0000] {logging_mixin.py:188} INFO - Processed game on 2024-12-08 between SAS and NOP.
[2025-06-19T15:19:20.120+0000] {logging_mixin.py:188} INFO - Processed game on 2024-12-08 between GSW and MIN.
[2025-06-19T15:19:27.085+0000] {logging_mixin.py:188} INFO - Processed game on 2024-12-08 between LAC and HOU.
[2025-06-19T15:19:33.099+0000] {logging_mixin.py:188} INFO - Processed game on 2024-12-08 between SAC and UTA.
[2025-06-19T15:19:39.921+0000] {logging_mixin.py:188} INFO - Processed game on 2024-12-08 between LAL and POR.
[2025-06-19T15:19:47.044+0000] {logging_mixin.py:188} INFO - Processed game on 2024-12-09 between TOR and NYK.
[2025-06-19T15:19:54.177+0000] {logging_mixin.py:188} INFO - Processed game on 2024-12-10 between MIL and ORL.
[2025-06-19T15:20:00.638+0000] {logging_mixin.py:188} INFO - Processed game on 2024-12-10 between OKC and DAL.
[2025-06-19T15:20:07.928+0000] {logging_mixin.py:188} INFO - Processed game on 2024-12-11 between NYK and ATL.
[2025-06-19T15:20:13.766+0000] {logging_mixin.py:188} INFO - Processed game on 2024-12-11 between HOU and GSW.
[2025-06-19T15:20:20.786+0000] {logging_mixin.py:188} INFO - Processed game on 2024-12-12 between BOS and DET.
[2025-06-19T15:20:27.143+0000] {logging_mixin.py:188} INFO - Processed game on 2024-12-12 between MIA and TOR.
[2025-06-19T15:20:34.067+0000] {logging_mixin.py:188} INFO - Processed game on 2024-12-12 between NOP and SAC.
[2025-06-19T15:20:42.019+0000] {logging_mixin.py:188} INFO - Processed game on 2024-12-13 between CLE and WAS.
[2025-06-19T15:20:48.928+0000] {logging_mixin.py:188} INFO - Processed game on 2024-12-13 between PHI and IND.
[2025-06-19T15:20:55.351+0000] {logging_mixin.py:188} INFO - Processed game on 2024-12-13 between MIN and LAL.
[2025-06-19T15:20:55.688+0000] {logging_mixin.py:188} INFO - Processed game on 2024-12-13 between MEM and BRK.
[2025-06-19T15:21:02.844+0000] {logging_mixin.py:188} INFO - Processed game on 2024-12-13 between CHI and CHO.
[2025-06-19T15:21:09.735+0000] {logging_mixin.py:188} INFO - Processed game on 2024-12-13 between DEN and LAC.
[2025-06-19T15:21:16.573+0000] {logging_mixin.py:188} INFO - Processed game on 2024-12-13 between UTA and PHO.
[2025-06-19T15:21:23.520+0000] {logging_mixin.py:188} INFO - Processed game on 2024-12-13 between POR and SAS.
[2025-06-19T15:21:29.363+0000] {logging_mixin.py:188} INFO - Processed game on 2024-12-14 between MIL and ATL.
[2025-06-19T15:21:36.998+0000] {logging_mixin.py:188} INFO - Processed game on 2024-12-14 between OKC and HOU.
[2025-06-19T15:21:44.064+0000] {logging_mixin.py:188} INFO - Processed game on 2024-12-15 between IND and NOP.
[2025-06-19T15:21:51.090+0000] {logging_mixin.py:188} INFO - Processed game on 2024-12-15 between WAS and BOS.
[2025-06-19T15:21:56.953+0000] {logging_mixin.py:188} INFO - Processed game on 2024-12-15 between SAS and MIN.
[2025-06-19T15:22:04.127+0000] {logging_mixin.py:188} INFO - Processed game on 2024-12-15 between PHO and POR.
[2025-06-19T15:22:11.128+0000] {logging_mixin.py:188} INFO - Processed game on 2024-12-15 between LAL and MEM.
[2025-06-19T15:22:17.968+0000] {logging_mixin.py:188} INFO - Processed game on 2024-12-15 between ORL and NYK.
[2025-06-19T15:22:23.733+0000] {logging_mixin.py:188} INFO - Processed game on 2024-12-15 between GSW and DAL.
[2025-06-19T15:22:30.794+0000] {logging_mixin.py:188} INFO - Processed game on 2024-12-16 between DET and MIA.
[2025-06-19T15:22:37.965+0000] {logging_mixin.py:188} INFO - Processed game on 2024-12-16 between CHO and PHI.
[2025-06-19T15:22:44.802+0000] {logging_mixin.py:188} INFO - Processed game on 2024-12-16 between TOR and CHI.
[2025-06-19T15:22:50.605+0000] {logging_mixin.py:188} INFO - Processed game on 2024-12-16 between BRK and CLE.
[2025-06-19T15:22:54.483+0000] {logging_mixin.py:188} INFO - Processed game on 2024-12-16 between SAC and DEN.
[2025-06-19T15:23:01.513+0000] {logging_mixin.py:188} INFO - Processed game on 2024-12-16 between LAC and UTA.
[2025-06-19T15:23:08.566+0000] {logging_mixin.py:188} INFO - Processed game on 2024-12-17 between OKC and MIL.
[2025-06-19T15:23:15.530+0000] {logging_mixin.py:188} INFO - Processed game on 2024-12-19 between DET and UTA.
[2025-06-19T15:23:22.027+0000] {logging_mixin.py:188} INFO - Processed game on 2024-12-19 between ORL and OKC.
[2025-06-19T15:23:29.533+0000] {logging_mixin.py:188} INFO - Processed game on 2024-12-19 between WAS and CHO.
[2025-06-19T15:23:35.507+0000] {logging_mixin.py:188} INFO - Processed game on 2024-12-19 between BOS and CHI.
[2025-06-19T15:23:42.445+0000] {logging_mixin.py:188} INFO - Processed game on 2024-12-19 between TOR and BRK.
[2025-06-19T15:23:48.800+0000] {logging_mixin.py:188} INFO - Processed game on 2024-12-19 between HOU and NOP.
[2025-06-19T15:23:55.896+0000] {logging_mixin.py:188} INFO - Processed game on 2024-12-19 between MEM and GSW.
[2025-06-19T15:24:02.789+0000] {logging_mixin.py:188} INFO - Processed game on 2024-12-19 between MIN and NYK.
[2025-06-19T15:24:09.675+0000] {logging_mixin.py:188} INFO - Processed game on 2024-12-19 between DAL and LAC.
[2025-06-19T15:24:16.592+0000] {logging_mixin.py:188} INFO - Processed game on 2024-12-19 between PHO and IND.
[2025-06-19T15:24:22.343+0000] {logging_mixin.py:188} INFO - Processed game on 2024-12-19 between SAS and ATL.
[2025-06-19T15:24:29.650+0000] {logging_mixin.py:188} INFO - Processed game on 2024-12-19 between POR and DEN.
[2025-06-19T15:24:36.571+0000] {logging_mixin.py:188} INFO - Processed game on 2024-12-19 between SAC and LAL.
[2025-06-19T15:24:43.517+0000] {logging_mixin.py:188} INFO - Processed game on 2024-12-20 between PHI and CHO.
[2025-06-19T15:24:46.246+0000] {logging_mixin.py:188} INFO - Processed game on 2024-12-20 between CLE and MIL.
[2025-06-19T15:24:53.483+0000] {logging_mixin.py:188} INFO - Processed game on 2024-12-20 between MIA and OKC.
[2025-06-19T15:25:00.685+0000] {logging_mixin.py:188} INFO - Processed game on 2024-12-21 between SAC and LAL.
[2025-06-19T15:25:07.548+0000] {logging_mixin.py:188} INFO - Processed game on 2024-12-21 between ORL and MIA.
[2025-06-19T15:25:14.652+0000] {logging_mixin.py:188} INFO - Processed game on 2024-12-21 between ATL and MEM.
[2025-06-19T15:25:20.634+0000] {logging_mixin.py:188} INFO - Processed game on 2024-12-21 between BRK and UTA.
[2025-06-19T15:25:27.519+0000] {logging_mixin.py:188} INFO - Processed game on 2024-12-21 between CLE and PHI.
[2025-06-19T15:25:34.758+0000] {logging_mixin.py:188} INFO - Processed game on 2024-12-21 between CHI and BOS.
[2025-06-19T15:25:41.833+0000] {logging_mixin.py:188} INFO - Processed game on 2024-12-21 between MIL and WAS.
[2025-06-19T15:25:47.873+0000] {logging_mixin.py:188} INFO - Processed game on 2024-12-21 between MIN and GSW.
[2025-06-19T15:25:54.722+0000] {logging_mixin.py:188} INFO - Processed game on 2024-12-21 between NOP and NYK.
[2025-06-19T15:26:01.587+0000] {logging_mixin.py:188} INFO - Processed game on 2024-12-21 between DAL and LAC.
[2025-06-19T15:26:08.515+0000] {logging_mixin.py:188} INFO - Processed game on 2024-12-21 between SAS and POR.
[2025-06-19T15:26:14.282+0000] {logging_mixin.py:188} INFO - Processed game on 2024-12-21 between PHO and DET.
[2025-06-19T15:26:21.467+0000] {logging_mixin.py:188} INFO - Processed game on 2024-12-22 between TOR and HOU.
[2025-06-19T15:26:28.339+0000] {logging_mixin.py:188} INFO - Processed game on 2024-12-22 between SAC and IND.
[2025-06-19T15:26:35.319+0000] {logging_mixin.py:188} INFO - Processed game on 2024-12-22 between NOP and DEN.
[2025-06-19T15:26:41.189+0000] {logging_mixin.py:188} INFO - Processed game on 2024-12-23 between CHO and HOU.
[2025-06-19T15:26:45.360+0000] {logging_mixin.py:188} INFO - Processed game on 2024-12-23 between CLE and UTA.
[2025-06-19T15:26:52.211+0000] {logging_mixin.py:188} INFO - Processed game on 2024-12-23 between ORL and BOS.
[2025-06-19T15:26:59.292+0000] {logging_mixin.py:188} INFO - Processed game on 2024-12-23 between PHI and SAS.
[2025-06-19T15:27:06.182+0000] {logging_mixin.py:188} INFO - Processed game on 2024-12-23 between ATL and MIN.
[2025-06-19T15:27:12.285+0000] {logging_mixin.py:188} INFO - Processed game on 2024-12-23 between MIA and BRK.
[2025-06-19T15:27:19.204+0000] {logging_mixin.py:188} INFO - Processed game on 2024-12-23 between NYK and TOR.
[2025-06-19T15:27:26.084+0000] {logging_mixin.py:188} INFO - Processed game on 2024-12-23 between CHI and MIL.
[2025-06-19T15:27:33.218+0000] {logging_mixin.py:188} INFO - Processed game on 2024-12-23 between MEM and LAC.
[2025-06-19T15:27:39.125+0000] {logging_mixin.py:188} INFO - Processed game on 2024-12-23 between OKC and WAS.
[2025-06-19T15:27:43.021+0000] {logging_mixin.py:188} INFO - Processed game on 2024-12-23 between DAL and POR.
[2025-06-19T15:27:49.958+0000] {logging_mixin.py:188} INFO - Processed game on 2024-12-23 between DEN and PHO.
[2025-06-19T15:27:57.008+0000] {logging_mixin.py:188} INFO - Processed game on 2024-12-23 between GSW and IND.
[2025-06-19T15:28:04.079+0000] {logging_mixin.py:188} INFO - Processed game on 2024-12-23 between LAL and DET.
[2025-06-19T15:28:10.490+0000] {logging_mixin.py:188} INFO - Processed game on 2024-12-25 between NYK and SAS.
[2025-06-19T15:28:17.557+0000] {logging_mixin.py:188} INFO - Processed game on 2024-12-25 between DAL and MIN.
[2025-06-19T15:28:24.427+0000] {logging_mixin.py:188} INFO - Processed game on 2024-12-25 between BOS and PHI.
[2025-06-19T15:28:31.373+0000] {logging_mixin.py:188} INFO - Processed game on 2024-12-25 between GSW and LAL.
[2025-06-19T15:28:37.313+0000] {logging_mixin.py:188} INFO - Processed game on 2024-12-25 between PHO and DEN.
[2025-06-19T15:28:44.567+0000] {logging_mixin.py:188} INFO - Processed game on 2024-12-26 between IND and OKC.
[2025-06-19T15:28:51.601+0000] {logging_mixin.py:188} INFO - Processed game on 2024-12-26 between ORL and MIA.
[2025-06-19T15:28:58.670+0000] {logging_mixin.py:188} INFO - Processed game on 2024-12-26 between WAS and CHO.
[2025-06-19T15:29:05.760+0000] {logging_mixin.py:188} INFO - Processed game on 2024-12-26 between ATL and CHI.
[2025-06-19T15:29:11.739+0000] {logging_mixin.py:188} INFO - Processed game on 2024-12-26 between MEM and TOR.
[2025-06-19T15:29:18.645+0000] {logging_mixin.py:188} INFO - Processed game on 2024-12-26 between MIL and BRK.
[2025-06-19T15:29:25.527+0000] {logging_mixin.py:188} INFO - Processed game on 2024-12-26 between NOP and HOU.
[2025-06-19T15:29:32.577+0000] {logging_mixin.py:188} INFO - Processed game on 2024-12-26 between POR and UTA.
[2025-06-19T15:29:39.062+0000] {logging_mixin.py:188} INFO - Processed game on 2024-12-26 between SAC and DET.
[2025-06-19T15:29:46.186+0000] {logging_mixin.py:188} INFO - Processed game on 2024-12-27 between ORL and NYK.
[2025-06-19T15:29:53.162+0000] {logging_mixin.py:188} INFO - Processed game on 2024-12-27 between BOS and IND.
[2025-06-19T15:30:00.130+0000] {logging_mixin.py:188} INFO - Processed game on 2024-12-27 between BRK and SAS.
[2025-06-19T15:30:06.043+0000] {logging_mixin.py:188} INFO - Processed game on 2024-12-27 between HOU and MIN.
[2025-06-19T15:30:12.992+0000] {logging_mixin.py:188} INFO - Processed game on 2024-12-27 between NOP and MEM.
[2025-06-19T15:30:19.855+0000] {logging_mixin.py:188} INFO - Processed game on 2024-12-27 between DEN and CLE.
[2025-06-19T15:30:26.674+0000] {logging_mixin.py:188} INFO - Processed game on 2024-12-27 between PHO and DAL.
[2025-06-19T15:30:32.739+0000] {logging_mixin.py:188} INFO - Processed game on 2024-12-27 between LAC and GSW.
[2025-06-19T15:30:39.929+0000] {logging_mixin.py:188} INFO - Processed game on 2024-12-28 between ATL and MIA.
[2025-06-19T15:30:47.063+0000] {logging_mixin.py:188} INFO - Processed game on 2024-12-28 between CHO and OKC.
[2025-06-19T15:30:54.064+0000] {logging_mixin.py:188} INFO - Processed game on 2024-12-28 between WAS and NYK.
[2025-06-19T15:31:01.012+0000] {logging_mixin.py:188} INFO - Processed game on 2024-12-28 between CHI and MIL.
[2025-06-19T15:31:06.964+0000] {logging_mixin.py:188} INFO - Processed game on 2024-12-28 between GSW and PHO.
[2025-06-19T15:31:13.812+0000] {logging_mixin.py:188} INFO - Processed game on 2024-12-28 between DEN and DET.
[2025-06-19T15:31:20.668+0000] {logging_mixin.py:188} INFO - Processed game on 2024-12-28 between UTA and PHI.
[2025-06-19T15:31:27.753+0000] {logging_mixin.py:188} INFO - Processed game on 2024-12-28 between POR and DAL.
[2025-06-19T15:31:33.703+0000] {logging_mixin.py:188} INFO - Processed game on 2024-12-28 between LAL and SAC.
[2025-06-19T15:31:40.749+0000] {logging_mixin.py:188} INFO - Processed game on 2024-12-29 between ORL and BRK.
[2025-06-19T15:31:47.799+0000] {logging_mixin.py:188} INFO - Processed game on 2024-12-29 between BOS and IND.
[2025-06-19T15:31:54.655+0000] {logging_mixin.py:188} INFO - Processed game on 2024-12-29 between TOR and ATL.
[2025-06-19T15:32:00.376+0000] {logging_mixin.py:188} INFO - Processed game on 2024-12-29 between HOU and MIA.
[2025-06-19T15:32:07.484+0000] {logging_mixin.py:188} INFO - Processed game on 2024-12-29 between OKC and MEM.
[2025-06-19T15:32:14.468+0000] {logging_mixin.py:188} INFO - Processed game on 2024-12-29 between MIN and SAS.
[2025-06-19T15:32:21.519+0000] {logging_mixin.py:188} INFO - Processed game on 2024-12-30 between CHO and CHI.
[2025-06-19T15:32:27.278+0000] {logging_mixin.py:188} INFO - Processed game on 2024-12-30 between WAS and NYK.
[2025-06-19T15:32:31.885+0000] {logging_mixin.py:188} INFO - Processed game on 2024-12-30 between NOP and LAC.
[2025-06-19T15:32:38.898+0000] {logging_mixin.py:188} INFO - Processed game on 2024-12-30 between UTA and DEN.
[2025-06-19T15:32:45.734+0000] {logging_mixin.py:188} INFO - Processed game on 2024-12-30 between GSW and CLE.
[2025-06-19T15:32:52.613+0000] {logging_mixin.py:188} INFO - Processed game on 2024-12-30 between POR and PHI.
[2025-06-19T15:32:58.406+0000] {logging_mixin.py:188} INFO - Processed game on 2024-12-30 between SAC and DAL.
[2025-06-19T15:33:05.404+0000] {logging_mixin.py:188} INFO - Processed game on 2024-12-31 between BOS and TOR.
[2025-06-19T15:33:12.601+0000] {logging_mixin.py:188} INFO - Processed game on 2024-12-31 between IND and MIL.
[2025-06-19T15:33:19.449+0000] {logging_mixin.py:188} INFO - Processed game on 2024-12-31 between SAS and LAC.
[2025-06-19T15:33:25.233+0000] {logging_mixin.py:188} INFO - Processed game on 2024-12-31 between OKC and MIN.
[2025-06-19T15:33:29.080+0000] {logging_mixin.py:188} INFO - Processed game on 2024-12-31 between PHO and MEM.
[2025-06-19T15:33:35.959+0000] {logging_mixin.py:188} INFO - Processed game on 2024-12-31 between LAL and CLE.
[2025-06-19T15:33:44.140+0000] {logging_mixin.py:188} INFO - Processed game on 2025-01-01 between DET and ORL.
[2025-06-19T15:33:51.048+0000] {logging_mixin.py:188} INFO - Processed game on 2025-01-01 between WAS and CHI.
[2025-06-19T15:33:56.890+0000] {logging_mixin.py:188} INFO - Processed game on 2025-01-01 between MIA and NOP.
[2025-06-19T15:34:03.874+0000] {logging_mixin.py:188} INFO - Processed game on 2025-01-01 between NYK and UTA.
[2025-06-19T15:34:10.977+0000] {logging_mixin.py:188} INFO - Processed game on 2025-01-01 between TOR and BRK.
[2025-06-19T15:34:17.855+0000] {logging_mixin.py:188} INFO - Processed game on 2025-01-01 between HOU and DAL.
[2025-06-19T15:34:23.718+0000] {logging_mixin.py:188} INFO - Processed game on 2025-01-01 between DEN and ATL.
[2025-06-19T15:34:30.559+0000] {logging_mixin.py:188} INFO - Processed game on 2025-01-01 between SAC and PHI.
[2025-06-19T15:34:37.662+0000] {logging_mixin.py:188} INFO - Processed game on 2025-01-02 between MIA and IND.
[2025-06-19T15:34:44.857+0000] {logging_mixin.py:188} INFO - Processed game on 2025-01-02 between MIN and BOS.
[2025-06-19T15:34:51.685+0000] {logging_mixin.py:188} INFO - Processed game on 2025-01-02 between MIL and BRK.
[2025-06-19T15:34:57.329+0000] {logging_mixin.py:188} INFO - Processed game on 2025-01-02 between OKC and LAC.
[2025-06-19T15:35:04.162+0000] {logging_mixin.py:188} INFO - Processed game on 2025-01-02 between GSW and PHI.
[2025-06-19T15:35:11.120+0000] {logging_mixin.py:188} INFO - Processed game on 2025-01-02 between LAL and POR.
[2025-06-19T15:35:18.372+0000] {logging_mixin.py:188} INFO - Processed game on 2025-01-03 between DET and CHO.
[2025-06-19T15:35:21.255+0000] {logging_mixin.py:188} INFO - Processed game on 2025-01-03 between TOR and ORL.
[2025-06-19T15:35:28.129+0000] {logging_mixin.py:188} INFO - Processed game on 2025-01-03 between HOU and BOS.
[2025-06-19T15:35:35.053+0000] {logging_mixin.py:188} INFO - Processed game on 2025-01-03 between NOP and WAS.
[2025-06-19T15:35:42.110+0000] {logging_mixin.py:188} INFO - Processed game on 2025-01-03 between OKC and NYK.
[2025-06-19T15:35:49.008+0000] {logging_mixin.py:188} INFO - Processed game on 2025-01-03 between DAL and CLE.
[2025-06-19T15:35:54.833+0000] {logging_mixin.py:188} INFO - Processed game on 2025-01-03 between DEN and SAS.
[2025-06-19T15:36:01.723+0000] {logging_mixin.py:188} INFO - Processed game on 2025-01-03 between SAC and MEM.
[2025-06-19T15:36:08.679+0000] {logging_mixin.py:188} INFO - Processed game on 2025-01-03 between LAL and ATL.
[2025-06-19T15:36:15.958+0000] {logging_mixin.py:188} INFO - Processed game on 2025-01-04 between BRK and PHI.
[2025-06-19T15:36:18.780+0000] {logging_mixin.py:188} INFO - Processed game on 2025-01-04 between DET and MIN.
[2025-06-19T15:36:25.737+0000] {logging_mixin.py:188} INFO - Processed game on 2025-01-04 between IND and PHO.
[2025-06-19T15:36:32.726+0000] {logging_mixin.py:188} INFO - Processed game on 2025-01-04 between MIA and UTA.
[2025-06-19T15:36:39.757+0000] {logging_mixin.py:188} INFO - Processed game on 2025-01-04 between CHI and NYK.
[2025-06-19T15:36:46.627+0000] {logging_mixin.py:188} INFO - Processed game on 2025-01-04 between MIL and POR.
[2025-06-19T15:36:52.509+0000] {logging_mixin.py:188} INFO - Processed game on 2025-01-04 between SAS and DEN.
[2025-06-19T15:36:59.409+0000] {logging_mixin.py:188} INFO - Processed game on 2025-01-04 between GSW and MEM.
[2025-06-19T15:37:06.417+0000] {logging_mixin.py:188} INFO - Processed game on 2025-01-04 between LAC and ATL.
[2025-06-19T15:37:18.084+0000] {logging_mixin.py:188} INFO - Processed game on 2025-01-05 between OKC and BOS.
[2025-06-19T15:37:22.050+0000] {logging_mixin.py:188} INFO - Processed game on 2025-01-05 between CLE and CHO.
[2025-06-19T15:37:28.931+0000] {logging_mixin.py:188} INFO - Processed game on 2025-01-05 between WAS and NOP.
[2025-06-19T15:37:36.211+0000] {logging_mixin.py:188} INFO - Processed game on 2025-01-05 between ORL and UTA.
[2025-06-19T15:37:43.328+0000] {logging_mixin.py:188} INFO - Processed game on 2025-01-05 between HOU and LAL.
[2025-06-19T15:37:49.347+0000] {logging_mixin.py:188} INFO - Processed game on 2025-01-05 between GSW and SAC.
[2025-06-19T15:37:56.551+0000] {logging_mixin.py:188} INFO - Processed game on 2025-01-06 between DET and POR.
[2025-06-19T15:38:04.149+0000] {logging_mixin.py:188} INFO - Processed game on 2025-01-06 between PHI and PHO.
[2025-06-19T15:38:11.131+0000] {logging_mixin.py:188} INFO - Processed game on 2025-01-06 between BRK and IND.
[2025-06-19T15:38:15.925+0000] {logging_mixin.py:188} INFO - Processed game on 2025-01-06 between NYK and ORL.
[2025-06-19T15:38:22.964+0000] {logging_mixin.py:188} INFO - Processed game on 2025-01-06 between TOR and MIL.
[2025-06-19T15:38:29.932+0000] {logging_mixin.py:188} INFO - Processed game on 2025-01-06 between CHI and SAS.
[2025-06-19T15:38:37.020+0000] {logging_mixin.py:188} INFO - Processed game on 2025-01-06 between MEM and DAL.
[2025-06-19T15:38:42.911+0000] {logging_mixin.py:188} INFO - Processed game on 2025-01-06 between MIN and LAC.
[2025-06-19T15:38:50.090+0000] {logging_mixin.py:188} INFO - Processed game on 2025-01-06 between SAC and MIA.
[2025-06-19T15:38:57.220+0000] {logging_mixin.py:188} INFO - Processed game on 2025-01-07 between CHO and PHO.
[2025-06-19T15:39:05.510+0000] {logging_mixin.py:188} INFO - Processed game on 2025-01-07 between WAS and HOU.
[2025-06-19T15:39:11.341+0000] {logging_mixin.py:188} INFO - Processed game on 2025-01-07 between DAL and LAL.
[2025-06-19T15:39:15.284+0000] {logging_mixin.py:188} INFO - Processed game on 2025-01-07 between NOP and MIN.
[2025-06-19T15:39:22.580+0000] {logging_mixin.py:188} INFO - Processed game on 2025-01-07 between UTA and ATL.
[2025-06-19T15:39:30.574+0000] {logging_mixin.py:188} INFO - Processed game on 2025-01-07 between DEN and BOS.
[2025-06-19T15:39:37.750+0000] {logging_mixin.py:188} INFO - Processed game on 2025-01-07 between GSW and MIA.
[2025-06-19T15:39:40.780+0000] {logging_mixin.py:188} INFO - Processed game on 2025-01-08 between CLE and OKC.
[2025-06-19T15:39:48.365+0000] {logging_mixin.py:188} INFO - Processed game on 2025-01-08 between IND and CHI.
[2025-06-19T15:39:55.325+0000] {logging_mixin.py:188} INFO - Processed game on 2025-01-08 between NYK and TOR.
[2025-06-19T15:40:02.409+0000] {logging_mixin.py:188} INFO - Processed game on 2025-01-08 between PHI and WAS.
[2025-06-19T15:40:09.352+0000] {logging_mixin.py:188} INFO - Processed game on 2025-01-08 between BRK and DET.
[2025-06-19T15:40:15.310+0000] {logging_mixin.py:188} INFO - Processed game on 2025-01-08 between NOP and POR.
[2025-06-19T15:40:22.522+0000] {logging_mixin.py:188} INFO - Processed game on 2025-01-08 between DEN and LAC.
[2025-06-19T15:40:29.481+0000] {logging_mixin.py:188} INFO - Processed game on 2025-01-08 between MIL and SAS.
[2025-06-19T15:40:38.147+0000] {logging_mixin.py:188} INFO - Processed game on 2025-01-09 between CLE and TOR.
[2025-06-19T15:40:44.514+0000] {logging_mixin.py:188} INFO - Processed game on 2025-01-09 between DET and GSW.
[2025-06-19T15:40:51.424+0000] {logging_mixin.py:188} INFO - Processed game on 2025-01-09 between ORL and MIN.
[2025-06-19T15:40:51.474+0000] {local_task_job_runner.py:310} WARNING - State of this instance has been externally set to failed. Terminating instance.
[2025-06-19T15:40:51.476+0000] {local_task_job_runner.py:222} INFO - ::endgroup::
[2025-06-19T15:40:51.485+0000] {process_utils.py:132} INFO - Sending 15 to group 4414. PIDs of all processes in the group: [4414]
[2025-06-19T15:40:51.486+0000] {process_utils.py:87} INFO - Sending the signal 15 to group 4414
[2025-06-19T15:40:51.487+0000] {taskinstance.py:2611} ERROR - Received SIGTERM. Terminating subprocesses.
[2025-06-19T15:40:51.487+0000] {taskinstance.py:441} INFO - ::group::Post task execution logs
[2025-06-19T15:40:51.620+0000] {process_utils.py:80} INFO - Process psutil.Process(pid=4414, status='terminated', exitcode=0, started='14:40:05') (4414) terminated with exit code 0
