[2025-06-22T09:44:01.398+0000] {local_task_job_runner.py:120} INFO - ::group::Pre task execution logs
[2025-06-22T09:44:01.479+0000] {taskinstance.py:2076} INFO - Dependencies all met for dep_context=non-requeueable deps ti=<TaskInstance: nba_transform_to_dwh.load_fc_shoot manual__2025-06-22T09:43:50.823655+00:00 [queued]>
[2025-06-22T09:44:01.704+0000] {taskinstance.py:2076} INFO - Dependencies all met for dep_context=requeueable deps ti=<TaskInstance: nba_transform_to_dwh.load_fc_shoot manual__2025-06-22T09:43:50.823655+00:00 [queued]>
[2025-06-22T09:44:01.705+0000] {taskinstance.py:2306} INFO - Starting attempt 1 of 2
[2025-06-22T09:44:01.759+0000] {taskinstance.py:2330} INFO - Executing <Task(PythonOperator): load_fc_shoot> on 2025-06-22 09:43:50.823655+00:00
[2025-06-22T09:44:01.768+0000] {standard_task_runner.py:63} INFO - Started process 1656 to run task
[2025-06-22T09:44:01.773+0000] {standard_task_runner.py:90} INFO - Running: ['***', 'tasks', 'run', 'nba_transform_to_dwh', 'load_fc_shoot', 'manual__2025-06-22T09:43:50.823655+00:00', '--job-id', '538', '--raw', '--subdir', 'DAGS_FOLDER/etl_pipeline.py', '--cfg-path', '/tmp/tmphn3th9zm']
[2025-06-22T09:44:01.774+0000] {standard_task_runner.py:91} INFO - Job 538: Subtask load_fc_shoot
[2025-06-22T09:44:01.873+0000] {task_command.py:426} INFO - Running <TaskInstance: nba_transform_to_dwh.load_fc_shoot manual__2025-06-22T09:43:50.823655+00:00 [running]> on host 5ea278fdf3a6
[2025-06-22T09:44:02.059+0000] {taskinstance.py:2648} INFO - Exporting env vars: AIRFLOW_CTX_DAG_OWNER='***' AIRFLOW_CTX_DAG_ID='nba_transform_to_dwh' AIRFLOW_CTX_TASK_ID='load_fc_shoot' AIRFLOW_CTX_EXECUTION_DATE='2025-06-22T09:43:50.823655+00:00' AIRFLOW_CTX_TRY_NUMBER='1' AIRFLOW_CTX_DAG_RUN_ID='manual__2025-06-22T09:43:50.823655+00:00'
[2025-06-22T09:44:02.061+0000] {taskinstance.py:430} INFO - ::endgroup::
[2025-06-22T09:44:02.097+0000] {etl_pipeline.py:666} INFO - Ensuring fact table 'fcshoot' exists...
[2025-06-22T09:44:02.513+0000] {etl_pipeline.py:668} INFO - Loading/updating data into 'fcshoot'...
[2025-06-22T09:44:12.902+0000] {etl_pipeline.py:670} INFO - Operation complete for fcshoot. 223279 new rows inserted.
[2025-06-22T09:44:12.937+0000] {etl_pipeline.py:678} INFO - Ensuring dimension table 'fcshoot' exists...
[2025-06-22T09:44:12.938+0000] {etl_pipeline.py:680} INFO - Loading/updating data into 'fcshoot'...
[2025-06-22T09:44:13.875+0000] {etl_pipeline.py:682} INFO - Operation complete. 0 new rows inserted into fcshoot.
[2025-06-22T09:44:13.924+0000] {python.py:237} INFO - Done. Returned value was: None
[2025-06-22T09:44:13.926+0000] {taskinstance.py:441} INFO - ::group::Post task execution logs
[2025-06-22T09:44:13.936+0000] {taskinstance.py:1206} INFO - Marking task as SUCCESS. dag_id=nba_transform_to_dwh, task_id=load_fc_shoot, run_id=manual__2025-06-22T09:43:50.823655+00:00, execution_date=20250622T094350, start_date=20250622T094401, end_date=20250622T094413
[2025-06-22T09:44:14.013+0000] {local_task_job_runner.py:240} INFO - Task exited with return code 0
[2025-06-22T09:44:14.040+0000] {taskinstance.py:3498} INFO - 0 downstream tasks scheduled from follow-on schedule check
[2025-06-22T09:44:14.074+0000] {local_task_job_runner.py:222} INFO - ::endgroup::
