[2025-06-22T09:47:07.000+0000] {local_task_job_runner.py:120} INFO - ::group::Pre task execution logs
[2025-06-22T09:47:07.034+0000] {taskinstance.py:2076} INFO - Dependencies all met for dep_context=non-requeueable deps ti=<TaskInstance: nba_transform_to_dwh.load_dim_player manual__2025-06-22T09:47:00.621227+00:00 [queued]>
[2025-06-22T09:47:07.204+0000] {taskinstance.py:2076} INFO - Dependencies all met for dep_context=requeueable deps ti=<TaskInstance: nba_transform_to_dwh.load_dim_player manual__2025-06-22T09:47:00.621227+00:00 [queued]>
[2025-06-22T09:47:07.205+0000] {taskinstance.py:2306} INFO - Starting attempt 1 of 2
[2025-06-22T09:47:07.255+0000] {taskinstance.py:2330} INFO - Executing <Task(PythonOperator): load_dim_player> on 2025-06-22 09:47:00.621227+00:00
[2025-06-22T09:47:07.262+0000] {standard_task_runner.py:63} INFO - Started process 1702 to run task
[2025-06-22T09:47:07.267+0000] {standard_task_runner.py:90} INFO - Running: ['***', 'tasks', 'run', 'nba_transform_to_dwh', 'load_dim_player', 'manual__2025-06-22T09:47:00.621227+00:00', '--job-id', '546', '--raw', '--subdir', 'DAGS_FOLDER/etl_pipeline.py', '--cfg-path', '/tmp/tmpyghujokw']
[2025-06-22T09:47:07.268+0000] {standard_task_runner.py:91} INFO - Job 546: Subtask load_dim_player
[2025-06-22T09:47:07.362+0000] {task_command.py:426} INFO - Running <TaskInstance: nba_transform_to_dwh.load_dim_player manual__2025-06-22T09:47:00.621227+00:00 [running]> on host 5ea278fdf3a6
[2025-06-22T09:47:07.530+0000] {taskinstance.py:2648} INFO - Exporting env vars: AIRFLOW_CTX_DAG_OWNER='***' AIRFLOW_CTX_DAG_ID='nba_transform_to_dwh' AIRFLOW_CTX_TASK_ID='load_dim_player' AIRFLOW_CTX_EXECUTION_DATE='2025-06-22T09:47:00.621227+00:00' AIRFLOW_CTX_TRY_NUMBER='1' AIRFLOW_CTX_DAG_RUN_ID='manual__2025-06-22T09:47:00.621227+00:00'
[2025-06-22T09:47:07.535+0000] {taskinstance.py:430} INFO - ::endgroup::
[2025-06-22T09:47:07.563+0000] {etl_pipeline.py:529} INFO - Ensuring dimension table 'dimplayer' exists...
[2025-06-22T09:47:07.565+0000] {etl_pipeline.py:531} INFO - Loading/updating data into 'dimplayer'...
[2025-06-22T09:47:07.570+0000] {etl_pipeline.py:533} INFO - Operation complete. 0 new rows inserted into dimplayer.
[2025-06-22T09:47:07.619+0000] {python.py:237} INFO - Done. Returned value was: None
[2025-06-22T09:47:07.623+0000] {taskinstance.py:441} INFO - ::group::Post task execution logs
[2025-06-22T09:47:07.634+0000] {taskinstance.py:1206} INFO - Marking task as SUCCESS. dag_id=nba_transform_to_dwh, task_id=load_dim_player, run_id=manual__2025-06-22T09:47:00.621227+00:00, execution_date=20250622T094700, start_date=20250622T094707, end_date=20250622T094707
[2025-06-22T09:47:07.720+0000] {local_task_job_runner.py:240} INFO - Task exited with return code 0
[2025-06-22T09:47:07.767+0000] {taskinstance.py:3498} INFO - 1 downstream tasks scheduled from follow-on schedule check
[2025-06-22T09:47:07.799+0000] {local_task_job_runner.py:222} INFO - ::endgroup::
