[2025-06-14T16:27:16.772+0000] {local_task_job_runner.py:120} INFO - ::group::Pre task execution logs
[2025-06-14T16:27:16.885+0000] {taskinstance.py:2076} INFO - Dependencies all met for dep_context=non-requeueable deps ti=<TaskInstance: nba_etl_to_postgres.fetch_schedule_and_load_to_postgres manual__2025-06-14T16:27:12.585408+00:00 [queued]>
[2025-06-14T16:27:16.925+0000] {taskinstance.py:2076} INFO - Dependencies all met for dep_context=requeueable deps ti=<TaskInstance: nba_etl_to_postgres.fetch_schedule_and_load_to_postgres manual__2025-06-14T16:27:12.585408+00:00 [queued]>
[2025-06-14T16:27:16.926+0000] {taskinstance.py:2306} INFO - Starting attempt 1 of 2
[2025-06-14T16:27:16.987+0000] {taskinstance.py:2330} INFO - Executing <Task(PythonOperator): fetch_schedule_and_load_to_postgres> on 2025-06-14 16:27:12.585408+00:00
[2025-06-14T16:27:16.999+0000] {standard_task_runner.py:63} INFO - Started process 597 to run task
[2025-06-14T16:27:17.009+0000] {standard_task_runner.py:90} INFO - Running: ['***', 'tasks', 'run', 'nba_etl_to_postgres', 'fetch_schedule_and_load_to_postgres', 'manual__2025-06-14T16:27:12.585408+00:00', '--job-id', '8', '--raw', '--subdir', 'DAGS_FOLDER/etl_pipeline.py', '--cfg-path', '/tmp/tmpez66ff9c']
[2025-06-14T16:27:17.012+0000] {standard_task_runner.py:91} INFO - Job 8: Subtask fetch_schedule_and_load_to_postgres
[2025-06-14T16:27:17.182+0000] {task_command.py:426} INFO - Running <TaskInstance: nba_etl_to_postgres.fetch_schedule_and_load_to_postgres manual__2025-06-14T16:27:12.585408+00:00 [running]> on host 2381ae9906a5
[2025-06-14T16:27:17.498+0000] {taskinstance.py:2648} INFO - Exporting env vars: AIRFLOW_CTX_DAG_OWNER='***' AIRFLOW_CTX_DAG_ID='nba_etl_to_postgres' AIRFLOW_CTX_TASK_ID='fetch_schedule_and_load_to_postgres' AIRFLOW_CTX_EXECUTION_DATE='2025-06-14T16:27:12.585408+00:00' AIRFLOW_CTX_TRY_NUMBER='1' AIRFLOW_CTX_DAG_RUN_ID='manual__2025-06-14T16:27:12.585408+00:00'
[2025-06-14T16:27:17.499+0000] {taskinstance.py:430} INFO - ::endgroup::
[2025-06-14T16:27:17.554+0000] {logging_mixin.py:188} INFO - Initializing Selenium driver...
[2025-06-14T16:27:18.295+0000] {logging_mixin.py:188} INFO - Selenium driver initialized successfully.
[2025-06-14T16:27:18.296+0000] {logging_mixin.py:188} INFO - Fetching schedule from NBA API...
[2025-06-14T16:27:21.500+0000] {logging_mixin.py:188} INFO - Successfully fetched 1321 games.
[2025-06-14T16:27:21.501+0000] {logging_mixin.py:188} INFO - Loading data into staging table: StgSchedule
[2025-06-14T16:27:21.625+0000] {logging_mixin.py:188} INFO - Table 'StgSchedule' is ready.
[2025-06-14T16:27:21.796+0000] {logging_mixin.py:188} INFO - 1321 rows loaded successfully to StgSchedule.
[2025-06-14T16:27:22.024+0000] {logging_mixin.py:188} INFO - Selenium driver closed.
[2025-06-14T16:27:22.036+0000] {python.py:237} INFO - Done. Returned value was: None
[2025-06-14T16:27:22.037+0000] {taskinstance.py:441} INFO - ::group::Post task execution logs
[2025-06-14T16:27:22.051+0000] {taskinstance.py:1206} INFO - Marking task as SUCCESS. dag_id=nba_etl_to_postgres, task_id=fetch_schedule_and_load_to_postgres, run_id=manual__2025-06-14T16:27:12.585408+00:00, execution_date=20250614T162712, start_date=20250614T162716, end_date=20250614T162722
[2025-06-14T16:27:22.152+0000] {local_task_job_runner.py:240} INFO - Task exited with return code 0
[2025-06-14T16:27:22.170+0000] {taskinstance.py:3498} INFO - 0 downstream tasks scheduled from follow-on schedule check
[2025-06-14T16:27:22.226+0000] {local_task_job_runner.py:222} INFO - ::endgroup::
