[2025-06-20T18:36:12.795+0000] {local_task_job_runner.py:120} INFO - ::group::Pre task execution logs
[2025-06-20T18:36:12.849+0000] {taskinstance.py:2076} INFO - Dependencies all met for dep_context=non-requeueable deps ti=<TaskInstance: nba_etl_to_staging.fetch_roster_and_load_to_stage manual__2025-06-20T18:36:10.215155+00:00 [queued]>
[2025-06-20T18:36:12.863+0000] {taskinstance.py:2076} INFO - Dependencies all met for dep_context=requeueable deps ti=<TaskInstance: nba_etl_to_staging.fetch_roster_and_load_to_stage manual__2025-06-20T18:36:10.215155+00:00 [queued]>
[2025-06-20T18:36:12.863+0000] {taskinstance.py:2306} INFO - Starting attempt 1 of 2
[2025-06-20T18:36:12.959+0000] {taskinstance.py:2330} INFO - Executing <Task(PythonOperator): fetch_roster_and_load_to_stage> on 2025-06-20 18:36:10.215155+00:00
[2025-06-20T18:36:12.968+0000] {standard_task_runner.py:63} INFO - Started process 4292 to run task
[2025-06-20T18:36:12.975+0000] {standard_task_runner.py:90} INFO - Running: ['***', 'tasks', 'run', 'nba_etl_to_staging', 'fetch_roster_and_load_to_stage', 'manual__2025-06-20T18:36:10.215155+00:00', '--job-id', '291', '--raw', '--subdir', 'DAGS_FOLDER/etl_pipeline.py', '--cfg-path', '/tmp/tmp9nbgwmns']
[2025-06-20T18:36:12.977+0000] {standard_task_runner.py:91} INFO - Job 291: Subtask fetch_roster_and_load_to_stage
[2025-06-20T18:36:13.103+0000] {task_command.py:426} INFO - Running <TaskInstance: nba_etl_to_staging.fetch_roster_and_load_to_stage manual__2025-06-20T18:36:10.215155+00:00 [running]> on host 5ea278fdf3a6
[2025-06-20T18:36:13.286+0000] {taskinstance.py:2648} INFO - Exporting env vars: AIRFLOW_CTX_DAG_OWNER='***' AIRFLOW_CTX_DAG_ID='nba_etl_to_staging' AIRFLOW_CTX_TASK_ID='fetch_roster_and_load_to_stage' AIRFLOW_CTX_EXECUTION_DATE='2025-06-20T18:36:10.215155+00:00' AIRFLOW_CTX_TRY_NUMBER='1' AIRFLOW_CTX_DAG_RUN_ID='manual__2025-06-20T18:36:10.215155+00:00'
[2025-06-20T18:36:13.290+0000] {taskinstance.py:430} INFO - ::endgroup::
[2025-06-20T18:36:13.304+0000] {etl_pipeline.py:242} INFO - Fetching roster for Atlanta Hawks (ATL)...
[2025-06-20T18:36:13.767+0000] {logging_mixin.py:188} WARNING - /opt/***/plugins/nba_lib/teams.py:21 FutureWarning: Passing literal html to 'read_html' is deprecated and will be removed in a future version. To read from a literal string, wrap it in a 'StringIO' object.
[2025-06-20T18:36:17.275+0000] {logging_mixin.py:188} WARNING - /opt/***/plugins/nba_lib/utils.py:118 FutureWarning: Passing literal html to 'read_html' is deprecated and will be removed in a future version. To read from a literal string, wrap it in a 'StringIO' object.
[2025-06-20T18:36:20.901+0000] {logging_mixin.py:188} WARNING - /opt/***/plugins/nba_lib/utils.py:118 FutureWarning: Passing literal html to 'read_html' is deprecated and will be removed in a future version. To read from a literal string, wrap it in a 'StringIO' object.
[2025-06-20T18:36:24.355+0000] {logging_mixin.py:188} WARNING - /opt/***/plugins/nba_lib/utils.py:118 FutureWarning: Passing literal html to 'read_html' is deprecated and will be removed in a future version. To read from a literal string, wrap it in a 'StringIO' object.
[2025-06-20T18:36:27.968+0000] {logging_mixin.py:188} WARNING - /opt/***/plugins/nba_lib/utils.py:118 FutureWarning: Passing literal html to 'read_html' is deprecated and will be removed in a future version. To read from a literal string, wrap it in a 'StringIO' object.
[2025-06-20T18:36:27.986+0000] {etl_pipeline.py:247} INFO - Successfully fetched roster for Atlanta Hawks.
[2025-06-20T18:36:28.989+0000] {etl_pipeline.py:242} INFO - Fetching roster for Boston Celtics (BOS)...
[2025-06-20T18:36:33.007+0000] {logging_mixin.py:188} WARNING - /opt/***/plugins/nba_lib/teams.py:21 FutureWarning: Passing literal html to 'read_html' is deprecated and will be removed in a future version. To read from a literal string, wrap it in a 'StringIO' object.
[2025-06-20T18:36:36.708+0000] {logging_mixin.py:188} WARNING - /opt/***/plugins/nba_lib/utils.py:118 FutureWarning: Passing literal html to 'read_html' is deprecated and will be removed in a future version. To read from a literal string, wrap it in a 'StringIO' object.
[2025-06-20T18:36:40.422+0000] {logging_mixin.py:188} WARNING - /opt/***/plugins/nba_lib/utils.py:118 FutureWarning: Passing literal html to 'read_html' is deprecated and will be removed in a future version. To read from a literal string, wrap it in a 'StringIO' object.
[2025-06-20T18:36:43.549+0000] {local_task_job_runner.py:310} WARNING - State of this instance has been externally set to success. Terminating instance.
[2025-06-20T18:36:43.551+0000] {local_task_job_runner.py:222} INFO - ::endgroup::
[2025-06-20T18:36:43.554+0000] {process_utils.py:132} INFO - Sending 15 to group 4292. PIDs of all processes in the group: [4292]
[2025-06-20T18:36:43.554+0000] {process_utils.py:87} INFO - Sending the signal 15 to group 4292
[2025-06-20T18:36:43.572+0000] {taskinstance.py:2611} ERROR - Received SIGTERM. Terminating subprocesses.
[2025-06-20T18:36:43.573+0000] {taskinstance.py:441} INFO - ::group::Post task execution logs
[2025-06-20T18:36:43.673+0000] {process_utils.py:80} INFO - Process psutil.Process(pid=4292, status='terminated', exitcode=0, started='18:36:12') (4292) terminated with exit code 0
