[2025-06-21T22:13:00.462+0000] {local_task_job_runner.py:120} INFO - ::group::Pre task execution logs
[2025-06-21T22:13:00.569+0000] {taskinstance.py:2076} INFO - Dependencies all met for dep_context=non-requeueable deps ti=<TaskInstance: nba_etl_to_staging.fetch_schedule_and_load_to_stage manual__2025-06-21T22:12:58.505897+00:00 [queued]>
[2025-06-21T22:13:01.008+0000] {taskinstance.py:2076} INFO - Dependencies all met for dep_context=requeueable deps ti=<TaskInstance: nba_etl_to_staging.fetch_schedule_and_load_to_stage manual__2025-06-21T22:12:58.505897+00:00 [queued]>
[2025-06-21T22:13:01.010+0000] {taskinstance.py:2306} INFO - Starting attempt 1 of 2
[2025-06-21T22:13:01.214+0000] {taskinstance.py:2330} INFO - Executing <Task(PythonOperator): fetch_schedule_and_load_to_stage> on 2025-06-21 22:12:58.505897+00:00
[2025-06-21T22:13:01.224+0000] {standard_task_runner.py:63} INFO - Started process 1358 to run task
[2025-06-21T22:13:01.231+0000] {standard_task_runner.py:90} INFO - Running: ['***', 'tasks', 'run', 'nba_etl_to_staging', 'fetch_schedule_and_load_to_stage', 'manual__2025-06-21T22:12:58.505897+00:00', '--job-id', '497', '--raw', '--subdir', 'DAGS_FOLDER/etl_pipeline.py', '--cfg-path', '/tmp/tmp58szxm8c']
[2025-06-21T22:13:01.233+0000] {standard_task_runner.py:91} INFO - Job 497: Subtask fetch_schedule_and_load_to_stage
[2025-06-21T22:13:01.368+0000] {task_command.py:426} INFO - Running <TaskInstance: nba_etl_to_staging.fetch_schedule_and_load_to_stage manual__2025-06-21T22:12:58.505897+00:00 [running]> on host 5ea278fdf3a6
[2025-06-21T22:13:01.621+0000] {taskinstance.py:2648} INFO - Exporting env vars: AIRFLOW_CTX_DAG_OWNER='***' AIRFLOW_CTX_DAG_ID='nba_etl_to_staging' AIRFLOW_CTX_TASK_ID='fetch_schedule_and_load_to_stage' AIRFLOW_CTX_EXECUTION_DATE='2025-06-21T22:12:58.505897+00:00' AIRFLOW_CTX_TRY_NUMBER='1' AIRFLOW_CTX_DAG_RUN_ID='manual__2025-06-21T22:12:58.505897+00:00'
[2025-06-21T22:13:01.624+0000] {taskinstance.py:430} INFO - ::endgroup::
[2025-06-21T22:13:01.644+0000] {etl_pipeline.py:131} INFO - Fetching schedule from NBA API...
[2025-06-21T22:13:02.030+0000] {etl_pipeline.py:158} INFO - Successfully fetched and transformed 1321 games.
[2025-06-21T22:13:02.033+0000] {etl_pipeline.py:159} INFO - Preparing to load data into staging table: stgschedule
[2025-06-21T22:13:02.050+0000] {etl_pipeline.py:98} INFO - Ensuring table 'stgschedule' exists...
[2025-06-21T22:13:02.055+0000] {etl_pipeline.py:100} INFO - Table 'stgschedule' is ready.
[2025-06-21T22:13:02.062+0000] {etl_pipeline.py:110} INFO - Truncating table stgschedule and restarting identity columns...
[2025-06-21T22:13:02.177+0000] {etl_pipeline.py:115} INFO - Loading 1321 rows into stgschedule...
[2025-06-21T22:13:02.335+0000] {etl_pipeline.py:118} INFO - 1321 rows loaded successfully to stgschedule.
[2025-06-21T22:13:02.431+0000] {python.py:237} INFO - Done. Returned value was: None
[2025-06-21T22:13:02.434+0000] {taskinstance.py:441} INFO - ::group::Post task execution logs
[2025-06-21T22:13:02.474+0000] {taskinstance.py:1206} INFO - Marking task as SUCCESS. dag_id=nba_etl_to_staging, task_id=fetch_schedule_and_load_to_stage, run_id=manual__2025-06-21T22:12:58.505897+00:00, execution_date=20250621T221258, start_date=20250621T221300, end_date=20250621T221302
[2025-06-21T22:13:02.613+0000] {local_task_job_runner.py:240} INFO - Task exited with return code 0
[2025-06-21T22:13:02.743+0000] {taskinstance.py:3498} INFO - 0 downstream tasks scheduled from follow-on schedule check
[2025-06-21T22:13:02.792+0000] {local_task_job_runner.py:222} INFO - ::endgroup::
