[2025-06-20T11:59:50.834+0000] {local_task_job_runner.py:120} INFO - ::group::Pre task execution logs
[2025-06-20T11:59:50.893+0000] {taskinstance.py:2076} INFO - Dependencies all met for dep_context=non-requeueable deps ti=<TaskInstance: nba_etl_to_staging.fetch_pbp_and_load_to_stage manual__2025-06-20T11:59:48.775450+00:00 [queued]>
[2025-06-20T11:59:50.917+0000] {taskinstance.py:2076} INFO - Dependencies all met for dep_context=requeueable deps ti=<TaskInstance: nba_etl_to_staging.fetch_pbp_and_load_to_stage manual__2025-06-20T11:59:48.775450+00:00 [queued]>
[2025-06-20T11:59:50.919+0000] {taskinstance.py:2306} INFO - Starting attempt 1 of 2
[2025-06-20T11:59:50.977+0000] {taskinstance.py:2330} INFO - Executing <Task(PythonOperator): fetch_pbp_and_load_to_stage> on 2025-06-20 11:59:48.775450+00:00
[2025-06-20T11:59:50.995+0000] {standard_task_runner.py:63} INFO - Started process 947 to run task
[2025-06-20T11:59:51.005+0000] {standard_task_runner.py:90} INFO - Running: ['***', 'tasks', 'run', 'nba_etl_to_staging', 'fetch_pbp_and_load_to_stage', 'manual__2025-06-20T11:59:48.775450+00:00', '--job-id', '161', '--raw', '--subdir', 'DAGS_FOLDER/etl_pipeline.py', '--cfg-path', '/tmp/tmp_6kq6fzj']
[2025-06-20T11:59:51.008+0000] {standard_task_runner.py:91} INFO - Job 161: Subtask fetch_pbp_and_load_to_stage
[2025-06-20T11:59:51.223+0000] {task_command.py:426} INFO - Running <TaskInstance: nba_etl_to_staging.fetch_pbp_and_load_to_stage manual__2025-06-20T11:59:48.775450+00:00 [running]> on host f74945f69f5a
[2025-06-20T11:59:51.481+0000] {taskinstance.py:2648} INFO - Exporting env vars: AIRFLOW_CTX_DAG_OWNER='***' AIRFLOW_CTX_DAG_ID='nba_etl_to_staging' AIRFLOW_CTX_TASK_ID='fetch_pbp_and_load_to_stage' AIRFLOW_CTX_EXECUTION_DATE='2025-06-20T11:59:48.775450+00:00' AIRFLOW_CTX_TRY_NUMBER='1' AIRFLOW_CTX_DAG_RUN_ID='manual__2025-06-20T11:59:48.775450+00:00'
[2025-06-20T11:59:51.483+0000] {taskinstance.py:430} INFO - ::endgroup::
[2025-06-20T11:59:51.528+0000] {logging_mixin.py:188} WARNING - /opt/***/dags/etl_pipeline.py:208 UserWarning: pandas only supports SQLAlchemy connectable (engine/connection) or database string URI or sqlite3 DBAPI2 connection. Other DBAPI2 objects are not tested. Please consider using SQLAlchemy.
[2025-06-20T11:59:51.539+0000] {logging_mixin.py:188} INFO - Fetching PBP for game on 2024-10-22 between BOS and NYK...
[2025-06-20T11:59:55.822+0000] {logging_mixin.py:188} WARNING - /opt/***/plugins/nba_lib/pbp.py:19 FutureWarning: Passing literal html to 'read_html' is deprecated and will be removed in a future version. To read from a literal string, wrap it in a 'StringIO' object.
[2025-06-20T11:59:55.911+0000] {logging_mixin.py:188} INFO - Empty DataFrame
Columns: [QUARTER, TIME_REMAINING, HOME_ACTION, AWAY_ACTION, HOME_SCORE, AWAY_SCORE, date, team]
Index: []
[2025-06-20T11:59:55.912+0000] {etl_pipeline.py:222} INFO - Processed game on 2024-10-22 between BOS and NYK.
[2025-06-20T11:59:55.913+0000] {logging_mixin.py:188} INFO - Fetching PBP for game on 2024-10-22 between LAL and MIN...
[2025-06-20T12:00:02.798+0000] {logging_mixin.py:188} WARNING - /opt/***/plugins/nba_lib/pbp.py:19 FutureWarning: Passing literal html to 'read_html' is deprecated and will be removed in a future version. To read from a literal string, wrap it in a 'StringIO' object.
[2025-06-20T12:00:02.866+0000] {logging_mixin.py:188} INFO - Empty DataFrame
Columns: [QUARTER, TIME_REMAINING, HOME_ACTION, AWAY_ACTION, HOME_SCORE, AWAY_SCORE, date, team]
Index: []
[2025-06-20T12:00:02.867+0000] {etl_pipeline.py:222} INFO - Processed game on 2024-10-22 between LAL and MIN.
[2025-06-20T12:00:02.867+0000] {logging_mixin.py:188} INFO - Fetching PBP for game on 2024-10-23 between DET and IND...
[2025-06-20T12:00:09.535+0000] {logging_mixin.py:188} WARNING - /opt/***/plugins/nba_lib/pbp.py:19 FutureWarning: Passing literal html to 'read_html' is deprecated and will be removed in a future version. To read from a literal string, wrap it in a 'StringIO' object.
[2025-06-20T12:00:09.602+0000] {logging_mixin.py:188} INFO - Empty DataFrame
Columns: [QUARTER, TIME_REMAINING, HOME_ACTION, AWAY_ACTION, HOME_SCORE, AWAY_SCORE, date, team]
Index: []
[2025-06-20T12:00:09.603+0000] {etl_pipeline.py:222} INFO - Processed game on 2024-10-23 between DET and IND.
[2025-06-20T12:00:16.254+0000] {logging_mixin.py:188} WARNING - /opt/***/plugins/nba_lib/pbp.py:19 FutureWarning: Passing literal html to 'read_html' is deprecated and will be removed in a future version. To read from a literal string, wrap it in a 'StringIO' object.
[2025-06-20T12:00:16.320+0000] {logging_mixin.py:188} INFO - Empty DataFrame
Columns: [QUARTER, TIME_REMAINING, HOME_ACTION, AWAY_ACTION, HOME_SCORE, AWAY_SCORE]
Index: []
[2025-06-20T12:00:16.322+0000] {logging_mixin.py:188} INFO - ramka
[2025-06-20T12:00:16.323+0000] {logging_mixin.py:188} INFO - Empty DataFrame
Columns: [QUARTER, TIME_REMAINING, HOME_ACTION, AWAY_ACTION, HOME_SCORE, AWAY_SCORE, date, team]
Index: []
[2025-06-20T12:00:16.324+0000] {python.py:237} INFO - Done. Returned value was: None
[2025-06-20T12:00:16.325+0000] {taskinstance.py:441} INFO - ::group::Post task execution logs
[2025-06-20T12:00:16.336+0000] {taskinstance.py:1206} INFO - Marking task as SUCCESS. dag_id=nba_etl_to_staging, task_id=fetch_pbp_and_load_to_stage, run_id=manual__2025-06-20T11:59:48.775450+00:00, execution_date=20250620T115948, start_date=20250620T115950, end_date=20250620T120016
[2025-06-20T12:00:16.438+0000] {local_task_job_runner.py:240} INFO - Task exited with return code 0
[2025-06-20T12:00:16.459+0000] {taskinstance.py:3498} INFO - 0 downstream tasks scheduled from follow-on schedule check
[2025-06-20T12:00:16.487+0000] {local_task_job_runner.py:222} INFO - ::endgroup::
