[2025-06-16T13:32:33.962+0000] {local_task_job_runner.py:120} INFO - ::group::Pre task execution logs
[2025-06-16T13:32:34.079+0000] {taskinstance.py:2076} INFO - Dependencies all met for dep_context=non-requeueable deps ti=<TaskInstance: nba_etl_to_postgres.fetch_shot_chart_and_load_to_postgres manual__2025-06-16T13:32:27.000556+00:00 [queued]>
[2025-06-16T13:32:34.334+0000] {taskinstance.py:2076} INFO - Dependencies all met for dep_context=requeueable deps ti=<TaskInstance: nba_etl_to_postgres.fetch_shot_chart_and_load_to_postgres manual__2025-06-16T13:32:27.000556+00:00 [queued]>
[2025-06-16T13:32:34.336+0000] {taskinstance.py:2306} INFO - Starting attempt 1 of 2
[2025-06-16T13:32:34.398+0000] {taskinstance.py:2330} INFO - Executing <Task(PythonOperator): fetch_shot_chart_and_load_to_postgres> on 2025-06-16 13:32:27.000556+00:00
[2025-06-16T13:32:34.415+0000] {standard_task_runner.py:63} INFO - Started process 3266 to run task
[2025-06-16T13:32:34.419+0000] {standard_task_runner.py:90} INFO - Running: ['***', 'tasks', 'run', 'nba_etl_to_postgres', 'fetch_shot_chart_and_load_to_postgres', 'manual__2025-06-16T13:32:27.000556+00:00', '--job-id', '24', '--raw', '--subdir', 'DAGS_FOLDER/etl_pipeline.py', '--cfg-path', '/tmp/tmpzrkg1bhv']
[2025-06-16T13:32:34.422+0000] {standard_task_runner.py:91} INFO - Job 24: Subtask fetch_shot_chart_and_load_to_postgres
[2025-06-16T13:32:34.545+0000] {task_command.py:426} INFO - Running <TaskInstance: nba_etl_to_postgres.fetch_shot_chart_and_load_to_postgres manual__2025-06-16T13:32:27.000556+00:00 [running]> on host 11d91b3c2b82
[2025-06-16T13:32:34.798+0000] {taskinstance.py:2648} INFO - Exporting env vars: AIRFLOW_CTX_DAG_OWNER='***' AIRFLOW_CTX_DAG_ID='nba_etl_to_postgres' AIRFLOW_CTX_TASK_ID='fetch_shot_chart_and_load_to_postgres' AIRFLOW_CTX_EXECUTION_DATE='2025-06-16T13:32:27.000556+00:00' AIRFLOW_CTX_TRY_NUMBER='1' AIRFLOW_CTX_DAG_RUN_ID='manual__2025-06-16T13:32:27.000556+00:00'
[2025-06-16T13:32:34.806+0000] {taskinstance.py:430} INFO - ::endgroup::
[2025-06-16T13:32:34.871+0000] {logging_mixin.py:188} WARNING - /opt/***/dags/etl_pipeline.py:147 UserWarning: pandas only supports SQLAlchemy connectable (engine/connection) or database string URI or sqlite3 DBAPI2 connection. Other DBAPI2 objects are not tested. Please consider using SQLAlchemy.
[2025-06-16T13:32:38.507+0000] {logging_mixin.py:188} INFO - Processed game on 2024-10-22 between BOS and NYK.
[2025-06-16T13:32:44.346+0000] {logging_mixin.py:188} INFO - Processed game on 2024-10-22 between LAL and MIN.
[2025-06-16T13:32:50.953+0000] {logging_mixin.py:188} INFO - Processed game on 2024-10-23 between DET and IND.
[2025-06-16T13:32:57.745+0000] {logging_mixin.py:188} INFO - Processed game on 2024-10-23 between ATL and BRK.
[2025-06-16T13:33:04.539+0000] {logging_mixin.py:188} INFO - Processed game on 2024-10-23 between MIA and ORL.
[2025-06-16T13:33:10.344+0000] {logging_mixin.py:188} INFO - Processed game on 2024-10-23 between PHI and MIL.
[2025-06-16T13:33:16.989+0000] {logging_mixin.py:188} INFO - Processed game on 2024-10-23 between TOR and CLE.
[2025-06-16T13:33:23.655+0000] {logging_mixin.py:188} INFO - Processed game on 2024-10-23 between HOU and CHO.
[2025-06-16T13:33:30.281+0000] {logging_mixin.py:188} INFO - Processed game on 2024-10-23 between NOP and CHI.
[2025-06-16T13:33:36.909+0000] {logging_mixin.py:188} INFO - Processed game on 2024-10-23 between UTA and MEM.
[2025-06-16T13:33:36.918+0000] {logging_mixin.py:188} INFO - Ensuring table 'stgshotchart' exists...
[2025-06-16T13:33:36.950+0000] {logging_mixin.py:188} INFO - Table 'stgshotchart' is ready.
[2025-06-16T13:33:36.955+0000] {logging_mixin.py:188} INFO - Loading 1766 rows into stgshotchart...
[2025-06-16T13:33:37.011+0000] {logging_mixin.py:188} INFO - 1766 rows loaded successfully to stgshotchart.
[2025-06-16T13:33:37.085+0000] {python.py:237} INFO - Done. Returned value was: None
[2025-06-16T13:33:37.088+0000] {taskinstance.py:441} INFO - ::group::Post task execution logs
[2025-06-16T13:33:37.109+0000] {taskinstance.py:1206} INFO - Marking task as SUCCESS. dag_id=nba_etl_to_postgres, task_id=fetch_shot_chart_and_load_to_postgres, run_id=manual__2025-06-16T13:32:27.000556+00:00, execution_date=20250616T133227, start_date=20250616T133234, end_date=20250616T133337
[2025-06-16T13:33:37.202+0000] {local_task_job_runner.py:240} INFO - Task exited with return code 0
[2025-06-16T13:33:37.225+0000] {taskinstance.py:3498} INFO - 1 downstream tasks scheduled from follow-on schedule check
[2025-06-16T13:33:37.251+0000] {local_task_job_runner.py:222} INFO - ::endgroup::
