[2025-06-21T12:07:33.385+0000] {local_task_job_runner.py:120} INFO - ::group::Pre task execution logs
[2025-06-21T12:07:33.432+0000] {taskinstance.py:2076} INFO - Dependencies all met for dep_context=non-requeueable deps ti=<TaskInstance: nba_transform_to_dwh.load_dim_time manual__2025-06-21T12:07:28.250884+00:00 [queued]>
[2025-06-21T12:07:33.623+0000] {taskinstance.py:2076} INFO - Dependencies all met for dep_context=requeueable deps ti=<TaskInstance: nba_transform_to_dwh.load_dim_time manual__2025-06-21T12:07:28.250884+00:00 [queued]>
[2025-06-21T12:07:33.624+0000] {taskinstance.py:2306} INFO - Starting attempt 1 of 2
[2025-06-21T12:07:33.671+0000] {taskinstance.py:2330} INFO - Executing <Task(PythonOperator): load_dim_time> on 2025-06-21 12:07:28.250884+00:00
[2025-06-21T12:07:33.690+0000] {standard_task_runner.py:63} INFO - Started process 2291 to run task
[2025-06-21T12:07:33.695+0000] {standard_task_runner.py:90} INFO - Running: ['***', 'tasks', 'run', 'nba_transform_to_dwh', 'load_dim_time', 'manual__2025-06-21T12:07:28.250884+00:00', '--job-id', '418', '--raw', '--subdir', 'DAGS_FOLDER/etl_pipeline.py', '--cfg-path', '/tmp/tmpaj5zpjr5']
[2025-06-21T12:07:33.697+0000] {standard_task_runner.py:91} INFO - Job 418: Subtask load_dim_time
[2025-06-21T12:07:33.796+0000] {task_command.py:426} INFO - Running <TaskInstance: nba_transform_to_dwh.load_dim_time manual__2025-06-21T12:07:28.250884+00:00 [running]> on host 5ea278fdf3a6
[2025-06-21T12:07:33.971+0000] {taskinstance.py:2648} INFO - Exporting env vars: AIRFLOW_CTX_DAG_OWNER='***' AIRFLOW_CTX_DAG_ID='nba_transform_to_dwh' AIRFLOW_CTX_TASK_ID='load_dim_time' AIRFLOW_CTX_EXECUTION_DATE='2025-06-21T12:07:28.250884+00:00' AIRFLOW_CTX_TRY_NUMBER='1' AIRFLOW_CTX_DAG_RUN_ID='manual__2025-06-21T12:07:28.250884+00:00'
[2025-06-21T12:07:33.972+0000] {taskinstance.py:430} INFO - ::endgroup::
[2025-06-21T12:07:33.993+0000] {etl_pipeline.py:516} INFO - Ensuring dimension table 'dimtime' exists...
[2025-06-21T12:07:33.995+0000] {etl_pipeline.py:518} INFO - Loading/updating data into 'dimtime'...
[2025-06-21T12:07:34.000+0000] {etl_pipeline.py:520} INFO - Operation complete. 0 new rows inserted into dimtime.
[2025-06-21T12:07:34.028+0000] {python.py:237} INFO - Done. Returned value was: None
[2025-06-21T12:07:34.032+0000] {taskinstance.py:441} INFO - ::group::Post task execution logs
[2025-06-21T12:07:34.044+0000] {taskinstance.py:1206} INFO - Marking task as SUCCESS. dag_id=nba_transform_to_dwh, task_id=load_dim_time, run_id=manual__2025-06-21T12:07:28.250884+00:00, execution_date=20250621T120728, start_date=20250621T120733, end_date=20250621T120734
[2025-06-21T12:07:34.152+0000] {local_task_job_runner.py:240} INFO - Task exited with return code 0
[2025-06-21T12:07:34.281+0000] {taskinstance.py:3498} INFO - 1 downstream tasks scheduled from follow-on schedule check
[2025-06-21T12:07:34.331+0000] {local_task_job_runner.py:222} INFO - ::endgroup::
