[2025-06-20T19:21:05.747+0000] {local_task_job_runner.py:120} INFO - ::group::Pre task execution logs
[2025-06-20T19:21:05.778+0000] {taskinstance.py:2076} INFO - Dependencies all met for dep_context=non-requeueable deps ti=<TaskInstance: nba_transform_to_dwh.load_dim_time manual__2025-06-20T19:20:58.565922+00:00 [queued]>
[2025-06-20T19:21:05.786+0000] {taskinstance.py:2076} INFO - Dependencies all met for dep_context=requeueable deps ti=<TaskInstance: nba_transform_to_dwh.load_dim_time manual__2025-06-20T19:20:58.565922+00:00 [queued]>
[2025-06-20T19:21:05.787+0000] {taskinstance.py:2306} INFO - Starting attempt 1 of 2
[2025-06-20T19:21:05.938+0000] {taskinstance.py:2330} INFO - Executing <Task(PythonOperator): load_dim_time> on 2025-06-20 19:20:58.565922+00:00
[2025-06-20T19:21:05.949+0000] {standard_task_runner.py:63} INFO - Started process 4827 to run task
[2025-06-20T19:21:05.953+0000] {standard_task_runner.py:90} INFO - Running: ['***', 'tasks', 'run', 'nba_transform_to_dwh', 'load_dim_time', 'manual__2025-06-20T19:20:58.565922+00:00', '--job-id', '327', '--raw', '--subdir', 'DAGS_FOLDER/etl_pipeline.py', '--cfg-path', '/tmp/tmpc72pkcrk']
[2025-06-20T19:21:05.955+0000] {standard_task_runner.py:91} INFO - Job 327: Subtask load_dim_time
[2025-06-20T19:21:06.117+0000] {task_command.py:426} INFO - Running <TaskInstance: nba_transform_to_dwh.load_dim_time manual__2025-06-20T19:20:58.565922+00:00 [running]> on host 5ea278fdf3a6
[2025-06-20T19:21:06.290+0000] {taskinstance.py:2648} INFO - Exporting env vars: AIRFLOW_CTX_DAG_OWNER='***' AIRFLOW_CTX_DAG_ID='nba_transform_to_dwh' AIRFLOW_CTX_TASK_ID='load_dim_time' AIRFLOW_CTX_EXECUTION_DATE='2025-06-20T19:20:58.565922+00:00' AIRFLOW_CTX_TRY_NUMBER='1' AIRFLOW_CTX_DAG_RUN_ID='manual__2025-06-20T19:20:58.565922+00:00'
[2025-06-20T19:21:06.293+0000] {taskinstance.py:430} INFO - ::endgroup::
[2025-06-20T19:21:06.315+0000] {etl_pipeline.py:513} INFO - Ensuring dimension table 'dimtime' exists...
[2025-06-20T19:21:06.465+0000] {etl_pipeline.py:515} INFO - Loading/updating data into 'dimtime'...
[2025-06-20T19:21:06.474+0000] {etl_pipeline.py:517} INFO - Operation complete. 494 new rows inserted into dimtime.
[2025-06-20T19:21:06.546+0000] {python.py:237} INFO - Done. Returned value was: None
[2025-06-20T19:21:06.553+0000] {taskinstance.py:441} INFO - ::group::Post task execution logs
[2025-06-20T19:21:06.567+0000] {taskinstance.py:1206} INFO - Marking task as SUCCESS. dag_id=nba_transform_to_dwh, task_id=load_dim_time, run_id=manual__2025-06-20T19:20:58.565922+00:00, execution_date=20250620T192058, start_date=20250620T192105, end_date=20250620T192106
[2025-06-20T19:21:06.648+0000] {local_task_job_runner.py:240} INFO - Task exited with return code 0
[2025-06-20T19:21:06.678+0000] {taskinstance.py:3498} INFO - 1 downstream tasks scheduled from follow-on schedule check
[2025-06-20T19:21:06.704+0000] {local_task_job_runner.py:222} INFO - ::endgroup::
