[2025-06-21T12:34:20.865+0000] {local_task_job_runner.py:120} INFO - ::group::Pre task execution logs
[2025-06-21T12:34:21.051+0000] {taskinstance.py:2076} INFO - Dependencies all met for dep_context=non-requeueable deps ti=<TaskInstance: nba_transform_to_dwh.load_fc_shoot manual__2025-06-21T12:34:10.559096+00:00 [queued]>
[2025-06-21T12:34:21.063+0000] {taskinstance.py:2076} INFO - Dependencies all met for dep_context=requeueable deps ti=<TaskInstance: nba_transform_to_dwh.load_fc_shoot manual__2025-06-21T12:34:10.559096+00:00 [queued]>
[2025-06-21T12:34:21.064+0000] {taskinstance.py:2306} INFO - Starting attempt 1 of 2
[2025-06-21T12:34:21.108+0000] {taskinstance.py:2330} INFO - Executing <Task(PythonOperator): load_fc_shoot> on 2025-06-21 12:34:10.559096+00:00
[2025-06-21T12:34:21.115+0000] {standard_task_runner.py:63} INFO - Started process 2587 to run task
[2025-06-21T12:34:21.119+0000] {standard_task_runner.py:90} INFO - Running: ['***', 'tasks', 'run', 'nba_transform_to_dwh', 'load_fc_shoot', 'manual__2025-06-21T12:34:10.559096+00:00', '--job-id', '431', '--raw', '--subdir', 'DAGS_FOLDER/etl_pipeline.py', '--cfg-path', '/tmp/tmpxgvk6fzm']
[2025-06-21T12:34:21.120+0000] {standard_task_runner.py:91} INFO - Job 431: Subtask load_fc_shoot
[2025-06-21T12:34:21.202+0000] {task_command.py:426} INFO - Running <TaskInstance: nba_transform_to_dwh.load_fc_shoot manual__2025-06-21T12:34:10.559096+00:00 [running]> on host 5ea278fdf3a6
[2025-06-21T12:34:21.349+0000] {taskinstance.py:2648} INFO - Exporting env vars: AIRFLOW_CTX_DAG_OWNER='***' AIRFLOW_CTX_DAG_ID='nba_transform_to_dwh' AIRFLOW_CTX_TASK_ID='load_fc_shoot' AIRFLOW_CTX_EXECUTION_DATE='2025-06-21T12:34:10.559096+00:00' AIRFLOW_CTX_TRY_NUMBER='1' AIRFLOW_CTX_DAG_RUN_ID='manual__2025-06-21T12:34:10.559096+00:00'
[2025-06-21T12:34:21.350+0000] {taskinstance.py:430} INFO - ::endgroup::
[2025-06-21T12:34:21.366+0000] {etl_pipeline.py:624} INFO - Ensuring fact table 'fcshoot' exists...
[2025-06-21T12:34:21.508+0000] {etl_pipeline.py:626} INFO - Loading/updating data into 'fcshoot'...
[2025-06-21T12:34:21.625+0000] {etl_pipeline.py:628} INFO - Operation complete for fcshoot. 2374 new rows inserted.
[2025-06-21T12:34:21.660+0000] {etl_pipeline.py:636} INFO - Ensuring dimension table 'fcshoot' exists...
[2025-06-21T12:34:21.661+0000] {etl_pipeline.py:638} INFO - Loading/updating data into 'fcshoot'...
[2025-06-21T12:34:21.701+0000] {etl_pipeline.py:640} INFO - Operation complete. 0 new rows inserted into fcshoot.
[2025-06-21T12:34:21.736+0000] {python.py:237} INFO - Done. Returned value was: None
[2025-06-21T12:34:21.737+0000] {taskinstance.py:441} INFO - ::group::Post task execution logs
[2025-06-21T12:34:21.746+0000] {taskinstance.py:1206} INFO - Marking task as SUCCESS. dag_id=nba_transform_to_dwh, task_id=load_fc_shoot, run_id=manual__2025-06-21T12:34:10.559096+00:00, execution_date=20250621T123410, start_date=20250621T123421, end_date=20250621T123421
[2025-06-21T12:34:21.815+0000] {local_task_job_runner.py:240} INFO - Task exited with return code 0
[2025-06-21T12:34:21.831+0000] {taskinstance.py:3498} INFO - 0 downstream tasks scheduled from follow-on schedule check
[2025-06-21T12:34:21.863+0000] {local_task_job_runner.py:222} INFO - ::endgroup::
