[2025-06-19T11:25:08.342+0000] {local_task_job_runner.py:120} INFO - ::group::Pre task execution logs
[2025-06-19T11:25:08.434+0000] {taskinstance.py:2076} INFO - Dependencies all met for dep_context=non-requeueable deps ti=<TaskInstance: nba_staging_to_transform.fetch_roster_from_stg_and_transform manual__2025-06-19T11:25:05.562522+00:00 [queued]>
[2025-06-19T11:25:08.756+0000] {taskinstance.py:2076} INFO - Dependencies all met for dep_context=requeueable deps ti=<TaskInstance: nba_staging_to_transform.fetch_roster_from_stg_and_transform manual__2025-06-19T11:25:05.562522+00:00 [queued]>
[2025-06-19T11:25:08.757+0000] {taskinstance.py:2306} INFO - Starting attempt 1 of 2
[2025-06-19T11:25:08.810+0000] {taskinstance.py:2330} INFO - Executing <Task(PythonOperator): fetch_roster_from_stg_and_transform> on 2025-06-19 11:25:05.562522+00:00
[2025-06-19T11:25:08.820+0000] {standard_task_runner.py:63} INFO - Started process 2418 to run task
[2025-06-19T11:25:08.827+0000] {standard_task_runner.py:90} INFO - Running: ['***', 'tasks', 'run', 'nba_staging_to_transform', 'fetch_roster_from_stg_and_transform', 'manual__2025-06-19T11:25:05.562522+00:00', '--job-id', '115', '--raw', '--subdir', 'DAGS_FOLDER/etl_pipeline.py', '--cfg-path', '/tmp/tmpgeuw3_rr']
[2025-06-19T11:25:08.829+0000] {standard_task_runner.py:91} INFO - Job 115: Subtask fetch_roster_from_stg_and_transform
[2025-06-19T11:25:08.993+0000] {task_command.py:426} INFO - Running <TaskInstance: nba_staging_to_transform.fetch_roster_from_stg_and_transform manual__2025-06-19T11:25:05.562522+00:00 [running]> on host 11d91b3c2b82
[2025-06-19T11:25:09.201+0000] {taskinstance.py:2648} INFO - Exporting env vars: AIRFLOW_CTX_DAG_OWNER='***' AIRFLOW_CTX_DAG_ID='nba_staging_to_transform' AIRFLOW_CTX_TASK_ID='fetch_roster_from_stg_and_transform' AIRFLOW_CTX_EXECUTION_DATE='2025-06-19T11:25:05.562522+00:00' AIRFLOW_CTX_TRY_NUMBER='1' AIRFLOW_CTX_DAG_RUN_ID='manual__2025-06-19T11:25:05.562522+00:00'
[2025-06-19T11:25:09.202+0000] {taskinstance.py:430} INFO - ::endgroup::
[2025-06-19T11:25:09.218+0000] {etl_pipeline.py:389} INFO - Attempting to connect to the database...
[2025-06-19T11:25:09.224+0000] {etl_pipeline.py:391} INFO - Database connection successful. Fetching data from stgroster.
[2025-06-19T11:25:09.235+0000] {logging_mixin.py:188} WARNING - /opt/***/dags/etl_pipeline.py:392 UserWarning: pandas only supports SQLAlchemy connectable (engine/connection) or database string URI or sqlite3 DBAPI2 connection. Other DBAPI2 objects are not tested. Please consider using SQLAlchemy.
[2025-06-19T11:25:09.248+0000] {etl_pipeline.py:448} INFO - Successfully fetched and transformed 534 players from the roster.
[2025-06-19T11:25:09.254+0000] {logging_mixin.py:188} INFO - Ensuring table 'transformroster' exists...
[2025-06-19T11:25:09.256+0000] {logging_mixin.py:188} INFO - Table 'transformroster' is ready.
[2025-06-19T11:25:09.256+0000] {logging_mixin.py:188} INFO - Truncating table transformroster and restarting identity columns...
[2025-06-19T11:25:09.444+0000] {logging_mixin.py:188} INFO - Loading 534 rows into transformroster...
[2025-06-19T11:25:09.472+0000] {logging_mixin.py:188} INFO - 534 rows loaded successfully to transformroster.
[2025-06-19T11:25:09.531+0000] {python.py:237} INFO - Done. Returned value was: None
[2025-06-19T11:25:09.534+0000] {taskinstance.py:441} INFO - ::group::Post task execution logs
[2025-06-19T11:25:09.548+0000] {taskinstance.py:1206} INFO - Marking task as SUCCESS. dag_id=nba_staging_to_transform, task_id=fetch_roster_from_stg_and_transform, run_id=manual__2025-06-19T11:25:05.562522+00:00, execution_date=20250619T112505, start_date=20250619T112508, end_date=20250619T112509
[2025-06-19T11:25:09.648+0000] {local_task_job_runner.py:240} INFO - Task exited with return code 0
[2025-06-19T11:25:09.661+0000] {local_task_job_runner.py:222} INFO - ::endgroup::
