[2025-06-19T10:58:34.824+0000] {local_task_job_runner.py:120} INFO - ::group::Pre task execution logs
[2025-06-19T10:58:34.876+0000] {taskinstance.py:2076} INFO - Dependencies all met for dep_context=non-requeueable deps ti=<TaskInstance: nba_staging_to_transform.fetch_schedule_from_stg_and_transform manual__2025-06-19T10:58:32.900844+00:00 [queued]>
[2025-06-19T10:58:35.158+0000] {taskinstance.py:2076} INFO - Dependencies all met for dep_context=requeueable deps ti=<TaskInstance: nba_staging_to_transform.fetch_schedule_from_stg_and_transform manual__2025-06-19T10:58:32.900844+00:00 [queued]>
[2025-06-19T10:58:35.159+0000] {taskinstance.py:2306} INFO - Starting attempt 1 of 2
[2025-06-19T10:58:35.224+0000] {taskinstance.py:2330} INFO - Executing <Task(PythonOperator): fetch_schedule_from_stg_and_transform> on 2025-06-19 10:58:32.900844+00:00
[2025-06-19T10:58:35.243+0000] {standard_task_runner.py:63} INFO - Started process 2131 to run task
[2025-06-19T10:58:35.256+0000] {standard_task_runner.py:90} INFO - Running: ['***', 'tasks', 'run', 'nba_staging_to_transform', 'fetch_schedule_from_stg_and_transform', 'manual__2025-06-19T10:58:32.900844+00:00', '--job-id', '106', '--raw', '--subdir', 'DAGS_FOLDER/etl_pipeline.py', '--cfg-path', '/tmp/tmpz6o95h94']
[2025-06-19T10:58:35.259+0000] {standard_task_runner.py:91} INFO - Job 106: Subtask fetch_schedule_from_stg_and_transform
[2025-06-19T10:58:35.406+0000] {task_command.py:426} INFO - Running <TaskInstance: nba_staging_to_transform.fetch_schedule_from_stg_and_transform manual__2025-06-19T10:58:32.900844+00:00 [running]> on host 11d91b3c2b82
[2025-06-19T10:58:35.625+0000] {taskinstance.py:2648} INFO - Exporting env vars: AIRFLOW_CTX_DAG_OWNER='***' AIRFLOW_CTX_DAG_ID='nba_staging_to_transform' AIRFLOW_CTX_TASK_ID='fetch_schedule_from_stg_and_transform' AIRFLOW_CTX_EXECUTION_DATE='2025-06-19T10:58:32.900844+00:00' AIRFLOW_CTX_TRY_NUMBER='1' AIRFLOW_CTX_DAG_RUN_ID='manual__2025-06-19T10:58:32.900844+00:00'
[2025-06-19T10:58:35.631+0000] {taskinstance.py:430} INFO - ::endgroup::
[2025-06-19T10:58:35.679+0000] {logging_mixin.py:188} WARNING - /opt/***/dags/etl_pipeline.py:328 UserWarning: pandas only supports SQLAlchemy connectable (engine/connection) or database string URI or sqlite3 DBAPI2 connection. Other DBAPI2 objects are not tested. Please consider using SQLAlchemy.
[2025-06-19T10:58:35.697+0000] {logging_mixin.py:188} INFO - Ensuring table 'transformschedule' exists...
[2025-06-19T10:58:35.699+0000] {logging_mixin.py:188} INFO - Table 'transformschedule' is ready.
[2025-06-19T10:58:35.701+0000] {logging_mixin.py:188} INFO - Truncating table transformschedule...
[2025-06-19T10:58:35.838+0000] {logging_mixin.py:188} INFO - Loading 1321 rows into transformschedule...
[2025-06-19T10:58:35.891+0000] {logging_mixin.py:188} INFO - 1321 rows loaded successfully to transformschedule.
[2025-06-19T10:58:35.934+0000] {python.py:237} INFO - Done. Returned value was: None
[2025-06-19T10:58:35.936+0000] {taskinstance.py:441} INFO - ::group::Post task execution logs
[2025-06-19T10:58:35.946+0000] {taskinstance.py:1206} INFO - Marking task as SUCCESS. dag_id=nba_staging_to_transform, task_id=fetch_schedule_from_stg_and_transform, run_id=manual__2025-06-19T10:58:32.900844+00:00, execution_date=20250619T105832, start_date=20250619T105834, end_date=20250619T105835
[2025-06-19T10:58:36.035+0000] {local_task_job_runner.py:240} INFO - Task exited with return code 0
[2025-06-19T10:58:36.078+0000] {taskinstance.py:3498} INFO - 0 downstream tasks scheduled from follow-on schedule check
[2025-06-19T10:58:36.120+0000] {local_task_job_runner.py:222} INFO - ::endgroup::
