[2025-06-22T09:47:10.893+0000] {local_task_job_runner.py:120} INFO - ::group::Pre task execution logs
[2025-06-22T09:47:10.923+0000] {taskinstance.py:2076} INFO - Dependencies all met for dep_context=non-requeueable deps ti=<TaskInstance: nba_transform_to_dwh.load_fc_shoot manual__2025-06-22T09:47:00.621227+00:00 [queued]>
[2025-06-22T09:47:11.083+0000] {taskinstance.py:2076} INFO - Dependencies all met for dep_context=requeueable deps ti=<TaskInstance: nba_transform_to_dwh.load_fc_shoot manual__2025-06-22T09:47:00.621227+00:00 [queued]>
[2025-06-22T09:47:11.084+0000] {taskinstance.py:2306} INFO - Starting attempt 1 of 2
[2025-06-22T09:47:11.151+0000] {taskinstance.py:2330} INFO - Executing <Task(PythonOperator): load_fc_shoot> on 2025-06-22 09:47:00.621227+00:00
[2025-06-22T09:47:11.167+0000] {standard_task_runner.py:63} INFO - Started process 1711 to run task
[2025-06-22T09:47:11.177+0000] {standard_task_runner.py:90} INFO - Running: ['***', 'tasks', 'run', 'nba_transform_to_dwh', 'load_fc_shoot', 'manual__2025-06-22T09:47:00.621227+00:00', '--job-id', '548', '--raw', '--subdir', 'DAGS_FOLDER/etl_pipeline.py', '--cfg-path', '/tmp/tmp46mmrid9']
[2025-06-22T09:47:11.181+0000] {standard_task_runner.py:91} INFO - Job 548: Subtask load_fc_shoot
[2025-06-22T09:47:11.595+0000] {task_command.py:426} INFO - Running <TaskInstance: nba_transform_to_dwh.load_fc_shoot manual__2025-06-22T09:47:00.621227+00:00 [running]> on host 5ea278fdf3a6
[2025-06-22T09:47:12.275+0000] {taskinstance.py:2648} INFO - Exporting env vars: AIRFLOW_CTX_DAG_OWNER='***' AIRFLOW_CTX_DAG_ID='nba_transform_to_dwh' AIRFLOW_CTX_TASK_ID='load_fc_shoot' AIRFLOW_CTX_EXECUTION_DATE='2025-06-22T09:47:00.621227+00:00' AIRFLOW_CTX_TRY_NUMBER='1' AIRFLOW_CTX_DAG_RUN_ID='manual__2025-06-22T09:47:00.621227+00:00'
[2025-06-22T09:47:12.279+0000] {taskinstance.py:430} INFO - ::endgroup::
[2025-06-22T09:47:12.375+0000] {etl_pipeline.py:666} INFO - Ensuring fact table 'fcshoot' exists...
[2025-06-22T09:47:12.552+0000] {etl_pipeline.py:668} INFO - Loading/updating data into 'fcshoot'...
[2025-06-22T09:47:28.826+0000] {etl_pipeline.py:670} INFO - Operation complete for fcshoot. 223279 new rows inserted.
[2025-06-22T09:47:28.884+0000] {etl_pipeline.py:678} INFO - Ensuring dimension table 'fcshoot' exists...
[2025-06-22T09:47:28.887+0000] {etl_pipeline.py:680} INFO - Loading/updating data into 'fcshoot'...
[2025-06-22T09:47:30.971+0000] {etl_pipeline.py:682} INFO - Operation complete. 0 new rows inserted into fcshoot.
[2025-06-22T09:47:31.025+0000] {python.py:237} INFO - Done. Returned value was: None
[2025-06-22T09:47:31.030+0000] {taskinstance.py:441} INFO - ::group::Post task execution logs
[2025-06-22T09:47:31.068+0000] {taskinstance.py:1206} INFO - Marking task as SUCCESS. dag_id=nba_transform_to_dwh, task_id=load_fc_shoot, run_id=manual__2025-06-22T09:47:00.621227+00:00, execution_date=20250622T094700, start_date=20250622T094710, end_date=20250622T094731
[2025-06-22T09:47:31.165+0000] {local_task_job_runner.py:240} INFO - Task exited with return code 0
[2025-06-22T09:47:31.202+0000] {taskinstance.py:3498} INFO - 0 downstream tasks scheduled from follow-on schedule check
[2025-06-22T09:47:31.229+0000] {local_task_job_runner.py:222} INFO - ::endgroup::
