[2025-06-20T19:52:45.301+0000] {local_task_job_runner.py:120} INFO - ::group::Pre task execution logs
[2025-06-20T19:52:45.337+0000] {taskinstance.py:2076} INFO - Dependencies all met for dep_context=non-requeueable deps ti=<TaskInstance: nba_transform_to_dwh.load_fc_shoot manual__2025-06-20T19:52:37.070699+00:00 [queued]>
[2025-06-20T19:52:45.355+0000] {taskinstance.py:2076} INFO - Dependencies all met for dep_context=requeueable deps ti=<TaskInstance: nba_transform_to_dwh.load_fc_shoot manual__2025-06-20T19:52:37.070699+00:00 [queued]>
[2025-06-20T19:52:45.356+0000] {taskinstance.py:2306} INFO - Starting attempt 1 of 2
[2025-06-20T19:52:45.407+0000] {taskinstance.py:2330} INFO - Executing <Task(PythonOperator): load_fc_shoot> on 2025-06-20 19:52:37.070699+00:00
[2025-06-20T19:52:45.414+0000] {standard_task_runner.py:63} INFO - Started process 5292 to run task
[2025-06-20T19:52:45.418+0000] {standard_task_runner.py:90} INFO - Running: ['***', 'tasks', 'run', 'nba_transform_to_dwh', 'load_fc_shoot', 'manual__2025-06-20T19:52:37.070699+00:00', '--job-id', '392', '--raw', '--subdir', 'DAGS_FOLDER/etl_pipeline.py', '--cfg-path', '/tmp/tmpq3h5ltk1']
[2025-06-20T19:52:45.419+0000] {standard_task_runner.py:91} INFO - Job 392: Subtask load_fc_shoot
[2025-06-20T19:52:45.523+0000] {task_command.py:426} INFO - Running <TaskInstance: nba_transform_to_dwh.load_fc_shoot manual__2025-06-20T19:52:37.070699+00:00 [running]> on host 5ea278fdf3a6
[2025-06-20T19:52:45.701+0000] {taskinstance.py:2648} INFO - Exporting env vars: AIRFLOW_CTX_DAG_OWNER='***' AIRFLOW_CTX_DAG_ID='nba_transform_to_dwh' AIRFLOW_CTX_TASK_ID='load_fc_shoot' AIRFLOW_CTX_EXECUTION_DATE='2025-06-20T19:52:37.070699+00:00' AIRFLOW_CTX_TRY_NUMBER='1' AIRFLOW_CTX_DAG_RUN_ID='manual__2025-06-20T19:52:37.070699+00:00'
[2025-06-20T19:52:45.705+0000] {taskinstance.py:430} INFO - ::endgroup::
[2025-06-20T19:52:45.725+0000] {etl_pipeline.py:566} INFO - Ensuring dimension table 'fcshoot' exists...
[2025-06-20T19:52:45.727+0000] {etl_pipeline.py:568} INFO - Loading/updating data into 'fcshoot'...
[2025-06-20T19:52:45.735+0000] {etl_pipeline.py:570} INFO - Operation complete. 0 new rows inserted into fcshoot.
[2025-06-20T19:52:45.761+0000] {python.py:237} INFO - Done. Returned value was: None
[2025-06-20T19:52:45.763+0000] {taskinstance.py:441} INFO - ::group::Post task execution logs
[2025-06-20T19:52:45.775+0000] {taskinstance.py:1206} INFO - Marking task as SUCCESS. dag_id=nba_transform_to_dwh, task_id=load_fc_shoot, run_id=manual__2025-06-20T19:52:37.070699+00:00, execution_date=20250620T195237, start_date=20250620T195245, end_date=20250620T195245
[2025-06-20T19:52:45.832+0000] {local_task_job_runner.py:240} INFO - Task exited with return code 0
[2025-06-20T19:52:45.851+0000] {taskinstance.py:3498} INFO - 0 downstream tasks scheduled from follow-on schedule check
[2025-06-20T19:52:45.877+0000] {local_task_job_runner.py:222} INFO - ::endgroup::
