[2025-06-16T13:33:37.845+0000] {local_task_job_runner.py:120} INFO - ::group::Pre task execution logs
[2025-06-16T13:33:37.883+0000] {taskinstance.py:2076} INFO - Dependencies all met for dep_context=non-requeueable deps ti=<TaskInstance: nba_etl_to_postgres.fetch_pbp_and_load_to_postgres manual__2025-06-16T13:32:27.000556+00:00 [queued]>
[2025-06-16T13:33:38.096+0000] {taskinstance.py:2076} INFO - Dependencies all met for dep_context=requeueable deps ti=<TaskInstance: nba_etl_to_postgres.fetch_pbp_and_load_to_postgres manual__2025-06-16T13:32:27.000556+00:00 [queued]>
[2025-06-16T13:33:38.097+0000] {taskinstance.py:2306} INFO - Starting attempt 1 of 2
[2025-06-16T13:33:38.175+0000] {taskinstance.py:2330} INFO - Executing <Task(PythonOperator): fetch_pbp_and_load_to_postgres> on 2025-06-16 13:32:27.000556+00:00
[2025-06-16T13:33:38.185+0000] {standard_task_runner.py:63} INFO - Started process 3278 to run task
[2025-06-16T13:33:38.191+0000] {standard_task_runner.py:90} INFO - Running: ['***', 'tasks', 'run', 'nba_etl_to_postgres', 'fetch_pbp_and_load_to_postgres', 'manual__2025-06-16T13:32:27.000556+00:00', '--job-id', '25', '--raw', '--subdir', 'DAGS_FOLDER/etl_pipeline.py', '--cfg-path', '/tmp/tmpwit07adu']
[2025-06-16T13:33:38.193+0000] {standard_task_runner.py:91} INFO - Job 25: Subtask fetch_pbp_and_load_to_postgres
[2025-06-16T13:33:38.290+0000] {task_command.py:426} INFO - Running <TaskInstance: nba_etl_to_postgres.fetch_pbp_and_load_to_postgres manual__2025-06-16T13:32:27.000556+00:00 [running]> on host 11d91b3c2b82
[2025-06-16T13:33:38.449+0000] {taskinstance.py:2648} INFO - Exporting env vars: AIRFLOW_CTX_DAG_OWNER='***' AIRFLOW_CTX_DAG_ID='nba_etl_to_postgres' AIRFLOW_CTX_TASK_ID='fetch_pbp_and_load_to_postgres' AIRFLOW_CTX_EXECUTION_DATE='2025-06-16T13:32:27.000556+00:00' AIRFLOW_CTX_TRY_NUMBER='1' AIRFLOW_CTX_DAG_RUN_ID='manual__2025-06-16T13:32:27.000556+00:00'
[2025-06-16T13:33:38.452+0000] {taskinstance.py:430} INFO - ::endgroup::
[2025-06-16T13:33:38.478+0000] {logging_mixin.py:188} WARNING - /opt/***/dags/etl_pipeline.py:195 UserWarning: pandas only supports SQLAlchemy connectable (engine/connection) or database string URI or sqlite3 DBAPI2 connection. Other DBAPI2 objects are not tested. Please consider using SQLAlchemy.
[2025-06-16T13:33:41.977+0000] {logging_mixin.py:188} WARNING - /opt/***/plugins/nba_lib/pbp.py:19 FutureWarning: Passing literal html to 'read_html' is deprecated and will be removed in a future version. To read from a literal string, wrap it in a 'StringIO' object.
[2025-06-16T13:33:42.054+0000] {logging_mixin.py:188} INFO - Processed game on 2024-10-22 between BOS and NYK.
[2025-06-16T13:33:48.868+0000] {logging_mixin.py:188} WARNING - /opt/***/plugins/nba_lib/pbp.py:19 FutureWarning: Passing literal html to 'read_html' is deprecated and will be removed in a future version. To read from a literal string, wrap it in a 'StringIO' object.
[2025-06-16T13:33:48.948+0000] {logging_mixin.py:188} INFO - Processed game on 2024-10-22 between LAL and MIN.
[2025-06-16T13:33:55.491+0000] {logging_mixin.py:188} WARNING - /opt/***/plugins/nba_lib/pbp.py:19 FutureWarning: Passing literal html to 'read_html' is deprecated and will be removed in a future version. To read from a literal string, wrap it in a 'StringIO' object.
[2025-06-16T13:33:55.571+0000] {logging_mixin.py:188} INFO - Processed game on 2024-10-23 between DET and IND.
[2025-06-16T13:34:02.266+0000] {logging_mixin.py:188} WARNING - /opt/***/plugins/nba_lib/pbp.py:19 FutureWarning: Passing literal html to 'read_html' is deprecated and will be removed in a future version. To read from a literal string, wrap it in a 'StringIO' object.
[2025-06-16T13:34:02.347+0000] {logging_mixin.py:188} INFO - Processed game on 2024-10-23 between ATL and BRK.
[2025-06-16T13:34:08.630+0000] {logging_mixin.py:188} WARNING - /opt/***/plugins/nba_lib/pbp.py:19 FutureWarning: Passing literal html to 'read_html' is deprecated and will be removed in a future version. To read from a literal string, wrap it in a 'StringIO' object.
[2025-06-16T13:34:08.704+0000] {logging_mixin.py:188} INFO - Processed game on 2024-10-23 between MIA and ORL.
[2025-06-16T13:34:15.504+0000] {logging_mixin.py:188} WARNING - /opt/***/plugins/nba_lib/pbp.py:19 FutureWarning: Passing literal html to 'read_html' is deprecated and will be removed in a future version. To read from a literal string, wrap it in a 'StringIO' object.
[2025-06-16T13:34:15.579+0000] {logging_mixin.py:188} INFO - Processed game on 2024-10-23 between PHI and MIL.
[2025-06-16T13:34:22.222+0000] {logging_mixin.py:188} WARNING - /opt/***/plugins/nba_lib/pbp.py:19 FutureWarning: Passing literal html to 'read_html' is deprecated and will be removed in a future version. To read from a literal string, wrap it in a 'StringIO' object.
[2025-06-16T13:34:22.296+0000] {logging_mixin.py:188} INFO - Processed game on 2024-10-23 between TOR and CLE.
[2025-06-16T13:34:29.091+0000] {logging_mixin.py:188} WARNING - /opt/***/plugins/nba_lib/pbp.py:19 FutureWarning: Passing literal html to 'read_html' is deprecated and will be removed in a future version. To read from a literal string, wrap it in a 'StringIO' object.
[2025-06-16T13:34:29.186+0000] {logging_mixin.py:188} INFO - Processed game on 2024-10-23 between HOU and CHO.
[2025-06-16T13:34:35.701+0000] {logging_mixin.py:188} WARNING - /opt/***/plugins/nba_lib/pbp.py:19 FutureWarning: Passing literal html to 'read_html' is deprecated and will be removed in a future version. To read from a literal string, wrap it in a 'StringIO' object.
[2025-06-16T13:34:35.777+0000] {logging_mixin.py:188} INFO - Processed game on 2024-10-23 between NOP and CHI.
[2025-06-16T13:34:41.769+0000] {logging_mixin.py:188} WARNING - /opt/***/plugins/nba_lib/pbp.py:19 FutureWarning: Passing literal html to 'read_html' is deprecated and will be removed in a future version. To read from a literal string, wrap it in a 'StringIO' object.
[2025-06-16T13:34:41.853+0000] {logging_mixin.py:188} INFO - Processed game on 2024-10-23 between UTA and MEM.
[2025-06-16T13:34:41.854+0000] {logging_mixin.py:188} INFO - DataFrame is empty. No data to load into stgpbp.
[2025-06-16T13:34:41.855+0000] {python.py:237} INFO - Done. Returned value was: None
[2025-06-16T13:34:41.856+0000] {taskinstance.py:441} INFO - ::group::Post task execution logs
[2025-06-16T13:34:41.866+0000] {taskinstance.py:1206} INFO - Marking task as SUCCESS. dag_id=nba_etl_to_postgres, task_id=fetch_pbp_and_load_to_postgres, run_id=manual__2025-06-16T13:32:27.000556+00:00, execution_date=20250616T133227, start_date=20250616T133337, end_date=20250616T133441
[2025-06-16T13:34:42.041+0000] {local_task_job_runner.py:240} INFO - Task exited with return code 0
[2025-06-16T13:34:42.056+0000] {taskinstance.py:3498} INFO - 0 downstream tasks scheduled from follow-on schedule check
[2025-06-16T13:34:42.090+0000] {local_task_job_runner.py:222} INFO - ::endgroup::
