[2025-06-20T15:44:05.853+0000] {local_task_job_runner.py:120} INFO - ::group::Pre task execution logs
[2025-06-20T15:44:05.885+0000] {taskinstance.py:2076} INFO - Dependencies all met for dep_context=non-requeueable deps ti=<TaskInstance: nba_etl_to_staging.fetch_shot_chart_and_load_to_stage manual__2025-06-20T15:43:41.569269+00:00 [queued]>
[2025-06-20T15:44:05.896+0000] {taskinstance.py:2076} INFO - Dependencies all met for dep_context=requeueable deps ti=<TaskInstance: nba_etl_to_staging.fetch_shot_chart_and_load_to_stage manual__2025-06-20T15:43:41.569269+00:00 [queued]>
[2025-06-20T15:44:05.897+0000] {taskinstance.py:2306} INFO - Starting attempt 1 of 2
[2025-06-20T15:44:05.939+0000] {taskinstance.py:2330} INFO - Executing <Task(PythonOperator): fetch_shot_chart_and_load_to_stage> on 2025-06-20 15:43:41.569269+00:00
[2025-06-20T15:44:05.947+0000] {standard_task_runner.py:63} INFO - Started process 3149 to run task
[2025-06-20T15:44:05.952+0000] {standard_task_runner.py:90} INFO - Running: ['***', 'tasks', 'run', 'nba_etl_to_staging', 'fetch_shot_chart_and_load_to_stage', 'manual__2025-06-20T15:43:41.569269+00:00', '--job-id', '285', '--raw', '--subdir', 'DAGS_FOLDER/etl_pipeline.py', '--cfg-path', '/tmp/tmp0ag3kavc']
[2025-06-20T15:44:05.954+0000] {standard_task_runner.py:91} INFO - Job 285: Subtask fetch_shot_chart_and_load_to_stage
[2025-06-20T15:44:06.061+0000] {task_command.py:426} INFO - Running <TaskInstance: nba_etl_to_staging.fetch_shot_chart_and_load_to_stage manual__2025-06-20T15:43:41.569269+00:00 [running]> on host 5ea278fdf3a6
[2025-06-20T15:44:06.217+0000] {taskinstance.py:2648} INFO - Exporting env vars: AIRFLOW_CTX_DAG_OWNER='***' AIRFLOW_CTX_DAG_ID='nba_etl_to_staging' AIRFLOW_CTX_TASK_ID='fetch_shot_chart_and_load_to_stage' AIRFLOW_CTX_EXECUTION_DATE='2025-06-20T15:43:41.569269+00:00' AIRFLOW_CTX_TRY_NUMBER='1' AIRFLOW_CTX_DAG_RUN_ID='manual__2025-06-20T15:43:41.569269+00:00'
[2025-06-20T15:44:06.219+0000] {taskinstance.py:430} INFO - ::endgroup::
[2025-06-20T15:44:06.251+0000] {logging_mixin.py:188} WARNING - /opt/***/dags/etl_pipeline.py:174 UserWarning: pandas only supports SQLAlchemy connectable (engine/connection) or database string URI or sqlite3 DBAPI2 connection. Other DBAPI2 objects are not tested. Please consider using SQLAlchemy.
[2025-06-20T15:44:10.074+0000] {etl_pipeline.py:190} INFO - Processed game on 2024-10-22 between BOS and NYK.
[2025-06-20T15:44:16.790+0000] {etl_pipeline.py:190} INFO - Processed game on 2024-10-22 between LAL and MIN.
[2025-06-20T15:44:23.570+0000] {etl_pipeline.py:190} INFO - Processed game on 2024-10-23 between DET and IND.
[2025-06-20T15:44:23.576+0000] {etl_pipeline.py:98} INFO - Ensuring table 'stgshotchart' exists...
[2025-06-20T15:44:23.579+0000] {etl_pipeline.py:100} INFO - Table 'stgshotchart' is ready.
[2025-06-20T15:44:23.580+0000] {etl_pipeline.py:110} INFO - Truncating table stgshotchart and restarting identity columns...
[2025-06-20T15:44:23.650+0000] {etl_pipeline.py:115} INFO - Loading 524 rows into stgshotchart...
[2025-06-20T15:44:23.669+0000] {etl_pipeline.py:118} INFO - 524 rows loaded successfully to stgshotchart.
[2025-06-20T15:44:23.697+0000] {python.py:237} INFO - Done. Returned value was: None
[2025-06-20T15:44:23.704+0000] {taskinstance.py:441} INFO - ::group::Post task execution logs
[2025-06-20T15:44:23.733+0000] {taskinstance.py:1206} INFO - Marking task as SUCCESS. dag_id=nba_etl_to_staging, task_id=fetch_shot_chart_and_load_to_stage, run_id=manual__2025-06-20T15:43:41.569269+00:00, execution_date=20250620T154341, start_date=20250620T154405, end_date=20250620T154423
[2025-06-20T15:44:23.812+0000] {local_task_job_runner.py:240} INFO - Task exited with return code 0
[2025-06-20T15:44:23.827+0000] {taskinstance.py:3498} INFO - 0 downstream tasks scheduled from follow-on schedule check
[2025-06-20T15:44:23.870+0000] {local_task_job_runner.py:222} INFO - ::endgroup::
