[2025-06-22T08:28:55.917+0000] {local_task_job_runner.py:120} INFO - ::group::Pre task execution logs
[2025-06-22T08:28:56.213+0000] {taskinstance.py:2076} INFO - Dependencies all met for dep_context=non-requeueable deps ti=<TaskInstance: nba_staging_to_transform.transform_schedule manual__2025-06-22T08:28:54.324250+00:00 [queued]>
[2025-06-22T08:28:56.839+0000] {taskinstance.py:2076} INFO - Dependencies all met for dep_context=requeueable deps ti=<TaskInstance: nba_staging_to_transform.transform_schedule manual__2025-06-22T08:28:54.324250+00:00 [queued]>
[2025-06-22T08:28:56.840+0000] {taskinstance.py:2306} INFO - Starting attempt 1 of 2
[2025-06-22T08:28:56.978+0000] {taskinstance.py:2330} INFO - Executing <Task(PythonOperator): transform_schedule> on 2025-06-22 08:28:54.324250+00:00
[2025-06-22T08:28:57.006+0000] {standard_task_runner.py:63} INFO - Started process 851 to run task
[2025-06-22T08:28:57.016+0000] {standard_task_runner.py:90} INFO - Running: ['***', 'tasks', 'run', 'nba_staging_to_transform', 'transform_schedule', 'manual__2025-06-22T08:28:54.324250+00:00', '--job-id', '520', '--raw', '--subdir', 'DAGS_FOLDER/etl_pipeline.py', '--cfg-path', '/tmp/tmpf1khxpn0']
[2025-06-22T08:28:57.020+0000] {standard_task_runner.py:91} INFO - Job 520: Subtask transform_schedule
[2025-06-22T08:28:57.191+0000] {task_command.py:426} INFO - Running <TaskInstance: nba_staging_to_transform.transform_schedule manual__2025-06-22T08:28:54.324250+00:00 [running]> on host 5ea278fdf3a6
[2025-06-22T08:28:57.499+0000] {taskinstance.py:2648} INFO - Exporting env vars: AIRFLOW_CTX_DAG_OWNER='***' AIRFLOW_CTX_DAG_ID='nba_staging_to_transform' AIRFLOW_CTX_TASK_ID='transform_schedule' AIRFLOW_CTX_EXECUTION_DATE='2025-06-22T08:28:54.324250+00:00' AIRFLOW_CTX_TRY_NUMBER='1' AIRFLOW_CTX_DAG_RUN_ID='manual__2025-06-22T08:28:54.324250+00:00'
[2025-06-22T08:28:57.501+0000] {taskinstance.py:430} INFO - ::endgroup::
[2025-06-22T08:28:57.756+0000] {etl_pipeline.py:342} INFO - Fetching data for transformation: transformschedule
[2025-06-22T08:28:57.776+0000] {logging_mixin.py:188} WARNING - /opt/***/dags/etl_pipeline.py:343 UserWarning: pandas only supports SQLAlchemy connectable (engine/connection) or database string URI or sqlite3 DBAPI2 connection. Other DBAPI2 objects are not tested. Please consider using SQLAlchemy.
[2025-06-22T08:28:58.286+0000] {etl_pipeline.py:344} INFO - Successfully fetched and transformed 1321 rows.
[2025-06-22T08:28:58.292+0000] {etl_pipeline.py:98} INFO - Ensuring table 'transformschedule' exists...
[2025-06-22T08:28:58.293+0000] {etl_pipeline.py:100} INFO - Table 'transformschedule' is ready.
[2025-06-22T08:28:58.294+0000] {etl_pipeline.py:110} INFO - Truncating table transformschedule and restarting identity columns...
[2025-06-22T08:28:58.577+0000] {etl_pipeline.py:115} INFO - Loading 1321 rows into transformschedule...
[2025-06-22T08:28:58.736+0000] {etl_pipeline.py:118} INFO - 1321 rows loaded successfully to transformschedule.
[2025-06-22T08:28:58.828+0000] {python.py:237} INFO - Done. Returned value was: None
[2025-06-22T08:28:58.830+0000] {taskinstance.py:441} INFO - ::group::Post task execution logs
[2025-06-22T08:28:58.840+0000] {taskinstance.py:1206} INFO - Marking task as SUCCESS. dag_id=nba_staging_to_transform, task_id=transform_schedule, run_id=manual__2025-06-22T08:28:54.324250+00:00, execution_date=20250622T082854, start_date=20250622T082856, end_date=20250622T082858
[2025-06-22T08:28:58.934+0000] {local_task_job_runner.py:240} INFO - Task exited with return code 0
[2025-06-22T08:28:58.973+0000] {taskinstance.py:3498} INFO - 1 downstream tasks scheduled from follow-on schedule check
[2025-06-22T08:28:59.005+0000] {local_task_job_runner.py:222} INFO - ::endgroup::
