[2025-06-21T12:33:39.119+0000] {local_task_job_runner.py:120} INFO - ::group::Pre task execution logs
[2025-06-21T12:33:39.149+0000] {taskinstance.py:2076} INFO - Dependencies all met for dep_context=non-requeueable deps ti=<TaskInstance: nba_staging_to_transform.transform_roster manual__2025-06-21T12:33:33.221958+00:00 [queued]>
[2025-06-21T12:33:39.315+0000] {taskinstance.py:2076} INFO - Dependencies all met for dep_context=requeueable deps ti=<TaskInstance: nba_staging_to_transform.transform_roster manual__2025-06-21T12:33:33.221958+00:00 [queued]>
[2025-06-21T12:33:39.316+0000] {taskinstance.py:2306} INFO - Starting attempt 1 of 2
[2025-06-21T12:33:39.452+0000] {taskinstance.py:2330} INFO - Executing <Task(PythonOperator): transform_roster> on 2025-06-21 12:33:33.221958+00:00
[2025-06-21T12:33:39.459+0000] {standard_task_runner.py:63} INFO - Started process 2563 to run task
[2025-06-21T12:33:39.463+0000] {standard_task_runner.py:90} INFO - Running: ['***', 'tasks', 'run', 'nba_staging_to_transform', 'transform_roster', 'manual__2025-06-21T12:33:33.221958+00:00', '--job-id', '424', '--raw', '--subdir', 'DAGS_FOLDER/etl_pipeline.py', '--cfg-path', '/tmp/tmpwhc5_5zb']
[2025-06-21T12:33:39.465+0000] {standard_task_runner.py:91} INFO - Job 424: Subtask transform_roster
[2025-06-21T12:33:39.628+0000] {task_command.py:426} INFO - Running <TaskInstance: nba_staging_to_transform.transform_roster manual__2025-06-21T12:33:33.221958+00:00 [running]> on host 5ea278fdf3a6
[2025-06-21T12:33:39.840+0000] {taskinstance.py:2648} INFO - Exporting env vars: AIRFLOW_CTX_DAG_OWNER='***' AIRFLOW_CTX_DAG_ID='nba_staging_to_transform' AIRFLOW_CTX_TASK_ID='transform_roster' AIRFLOW_CTX_EXECUTION_DATE='2025-06-21T12:33:33.221958+00:00' AIRFLOW_CTX_TRY_NUMBER='1' AIRFLOW_CTX_DAG_RUN_ID='manual__2025-06-21T12:33:33.221958+00:00'
[2025-06-21T12:33:39.841+0000] {taskinstance.py:430} INFO - ::endgroup::
[2025-06-21T12:33:39.860+0000] {etl_pipeline.py:290} INFO - Fetching data for transformation: transformroster
[2025-06-21T12:33:39.870+0000] {logging_mixin.py:188} WARNING - /opt/***/dags/etl_pipeline.py:291 UserWarning: pandas only supports SQLAlchemy connectable (engine/connection) or database string URI or sqlite3 DBAPI2 connection. Other DBAPI2 objects are not tested. Please consider using SQLAlchemy.
[2025-06-21T12:33:39.932+0000] {etl_pipeline.py:292} INFO - Successfully fetched and transformed 534 rows.
[2025-06-21T12:33:39.938+0000] {etl_pipeline.py:98} INFO - Ensuring table 'transformroster' exists...
[2025-06-21T12:33:39.939+0000] {etl_pipeline.py:100} INFO - Table 'transformroster' is ready.
[2025-06-21T12:33:39.941+0000] {etl_pipeline.py:110} INFO - Truncating table transformroster and restarting identity columns...
[2025-06-21T12:33:40.229+0000] {etl_pipeline.py:115} INFO - Loading 534 rows into transformroster...
[2025-06-21T12:33:40.303+0000] {etl_pipeline.py:118} INFO - 534 rows loaded successfully to transformroster.
[2025-06-21T12:33:40.389+0000] {python.py:237} INFO - Done. Returned value was: None
[2025-06-21T12:33:40.393+0000] {taskinstance.py:441} INFO - ::group::Post task execution logs
[2025-06-21T12:33:40.425+0000] {taskinstance.py:1206} INFO - Marking task as SUCCESS. dag_id=nba_staging_to_transform, task_id=transform_roster, run_id=manual__2025-06-21T12:33:33.221958+00:00, execution_date=20250621T123333, start_date=20250621T123339, end_date=20250621T123340
[2025-06-21T12:33:40.565+0000] {local_task_job_runner.py:240} INFO - Task exited with return code 0
[2025-06-21T12:33:40.694+0000] {taskinstance.py:3498} INFO - 1 downstream tasks scheduled from follow-on schedule check
[2025-06-21T12:33:40.779+0000] {local_task_job_runner.py:222} INFO - ::endgroup::
