[2025-06-15T13:29:28.900+0000] {local_task_job_runner.py:120} INFO - ::group::Pre task execution logs
[2025-06-15T13:29:28.934+0000] {taskinstance.py:2076} INFO - Dependencies all met for dep_context=non-requeueable deps ti=<TaskInstance: nba_etl_to_postgres.fetch_pbp_and_load_to_postgres manual__2025-06-15T09:29:10.226536+00:00 [queued]>
[2025-06-15T13:29:29.137+0000] {taskinstance.py:2076} INFO - Dependencies all met for dep_context=requeueable deps ti=<TaskInstance: nba_etl_to_postgres.fetch_pbp_and_load_to_postgres manual__2025-06-15T09:29:10.226536+00:00 [queued]>
[2025-06-15T13:29:29.138+0000] {taskinstance.py:2306} INFO - Starting attempt 1 of 2
[2025-06-15T13:29:29.211+0000] {taskinstance.py:2330} INFO - Executing <Task(PythonOperator): fetch_pbp_and_load_to_postgres> on 2025-06-15 09:29:10.226536+00:00
[2025-06-15T13:29:29.217+0000] {standard_task_runner.py:63} INFO - Started process 1137 to run task
[2025-06-15T13:29:29.221+0000] {standard_task_runner.py:90} INFO - Running: ['***', 'tasks', 'run', 'nba_etl_to_postgres', 'fetch_pbp_and_load_to_postgres', 'manual__2025-06-15T09:29:10.226536+00:00', '--job-id', '16', '--raw', '--subdir', 'DAGS_FOLDER/etl_pipeline.py', '--cfg-path', '/tmp/tmp3k38z4en']
[2025-06-15T13:29:29.223+0000] {standard_task_runner.py:91} INFO - Job 16: Subtask fetch_pbp_and_load_to_postgres
[2025-06-15T13:29:29.311+0000] {task_command.py:426} INFO - Running <TaskInstance: nba_etl_to_postgres.fetch_pbp_and_load_to_postgres manual__2025-06-15T09:29:10.226536+00:00 [running]> on host 2381ae9906a5
[2025-06-15T13:29:29.509+0000] {taskinstance.py:2648} INFO - Exporting env vars: AIRFLOW_CTX_DAG_OWNER='***' AIRFLOW_CTX_DAG_ID='nba_etl_to_postgres' AIRFLOW_CTX_TASK_ID='fetch_pbp_and_load_to_postgres' AIRFLOW_CTX_EXECUTION_DATE='2025-06-15T09:29:10.226536+00:00' AIRFLOW_CTX_TRY_NUMBER='1' AIRFLOW_CTX_DAG_RUN_ID='manual__2025-06-15T09:29:10.226536+00:00'
[2025-06-15T13:29:29.510+0000] {taskinstance.py:430} INFO - ::endgroup::
[2025-06-15T13:29:30.187+0000] {logging_mixin.py:188} WARNING - /opt/***/plugins/nba_lib/teams.py:21 FutureWarning: Passing literal html to 'read_html' is deprecated and will be removed in a future version. To read from a literal string, wrap it in a 'StringIO' object.
[2025-06-15T13:29:34.636+0000] {logging_mixin.py:188} WARNING - /opt/***/plugins/nba_lib/utils.py:118 FutureWarning: Passing literal html to 'read_html' is deprecated and will be removed in a future version. To read from a literal string, wrap it in a 'StringIO' object.
[2025-06-15T13:29:38.452+0000] {logging_mixin.py:188} WARNING - /opt/***/plugins/nba_lib/utils.py:118 FutureWarning: Passing literal html to 'read_html' is deprecated and will be removed in a future version. To read from a literal string, wrap it in a 'StringIO' object.
[2025-06-15T13:29:38.895+0000] {local_task_job_runner.py:124} ERROR - Received SIGTERM. Terminating subprocesses
[2025-06-15T13:29:38.957+0000] {process_utils.py:132} INFO - Sending 15 to group 1137. PIDs of all processes in the group: [1137]
[2025-06-15T13:29:38.997+0000] {process_utils.py:87} INFO - Sending the signal 15 to group 1137
[2025-06-15T13:29:39.004+0000] {taskinstance.py:2611} ERROR - Received SIGTERM. Terminating subprocesses.
[2025-06-15T13:29:39.005+0000] {taskinstance.py:441} INFO - ::group::Post task execution logs
[2025-06-15T13:29:39.014+0000] {taskinstance.py:2905} ERROR - Task failed with exception
Traceback (most recent call last):
  File "/home/airflow/.local/lib/python3.9/site-packages/airflow/models/taskinstance.py", line 465, in _execute_task
    result = _execute_callable(context=context, **execute_callable_kwargs)
  File "/home/airflow/.local/lib/python3.9/site-packages/airflow/models/taskinstance.py", line 432, in _execute_callable
    return execute_callable(context=context, **execute_callable_kwargs)
  File "/home/airflow/.local/lib/python3.9/site-packages/airflow/models/baseoperator.py", line 400, in wrapper
    return func(self, *args, **kwargs)
  File "/home/airflow/.local/lib/python3.9/site-packages/airflow/operators/python.py", line 235, in execute
    return_value = self.execute_callable()
  File "/home/airflow/.local/lib/python3.9/site-packages/airflow/operators/python.py", line 252, in execute_callable
    return self.python_callable(*self.op_args, **self.op_kwargs)
  File "/opt/airflow/dags/etl_pipeline.py", line 292, in fetch_and_load_pbp_to_stage
    roster = get_roster(value, '2025')
  File "/opt/airflow/plugins/nba_lib/teams.py", line 26, in get_roster
    df['PLAYER'] = df['PLAYER'].apply(
  File "/home/airflow/.local/lib/python3.9/site-packages/pandas/core/series.py", line 4757, in apply
    return SeriesApply(
  File "/home/airflow/.local/lib/python3.9/site-packages/pandas/core/apply.py", line 1209, in apply
    return self.apply_standard()
  File "/home/airflow/.local/lib/python3.9/site-packages/pandas/core/apply.py", line 1289, in apply_standard
    mapped = obj._map_values(
  File "/home/airflow/.local/lib/python3.9/site-packages/pandas/core/base.py", line 921, in _map_values
    return algorithms.map_array(arr, mapper, na_action=na_action, convert=convert)
  File "/home/airflow/.local/lib/python3.9/site-packages/pandas/core/algorithms.py", line 1814, in map_array
    return lib.map_infer(values, mapper, convert=convert)
  File "lib.pyx", line 2926, in pandas._libs.lib.map_infer
  File "/opt/airflow/plugins/nba_lib/teams.py", line 27, in <lambda>
    lambda name: remove_accents(name, team, season_end_year))
  File "/opt/airflow/plugins/nba_lib/utils.py", line 112, in remove_accents
    r = get_wrapper(f'https://www.basketball-reference.com/teams/{team}/{season_end_year}.html')
  File "/opt/airflow/plugins/nba_lib/request_utils.py", line 32, in get_wrapper
    sleep(3)
  File "/home/airflow/.local/lib/python3.9/site-packages/airflow/models/taskinstance.py", line 2613, in signal_handler
    raise AirflowTaskTerminated("Task received SIGTERM signal")
airflow.exceptions.AirflowTaskTerminated: Task received SIGTERM signal
[2025-06-15T13:29:39.526+0000] {taskinstance.py:1206} INFO - Marking task as UP_FOR_RETRY. dag_id=nba_etl_to_postgres, task_id=fetch_pbp_and_load_to_postgres, run_id=manual__2025-06-15T09:29:10.226536+00:00, execution_date=20250615T092910, start_date=20250615T132928, end_date=20250615T132939
[2025-06-15T13:29:39.712+0000] {process_utils.py:80} INFO - Process psutil.Process(pid=1137, status='terminated', exitcode=2, started='13:29:28') (1137) terminated with exit code 2
[2025-06-15T13:29:39.713+0000] {local_task_job_runner.py:240} INFO - Task exited with return code 143
[2025-06-15T13:29:39.969+0000] {local_task_job_runner.py:222} INFO - ::endgroup::
