[2025-06-15T13:33:11.226+0000] {local_task_job_runner.py:120} INFO - ::group::Pre task execution logs
[2025-06-15T13:33:11.258+0000] {taskinstance.py:2076} INFO - Dependencies all met for dep_context=non-requeueable deps ti=<TaskInstance: nba_etl_to_postgres.fetch_pbp_and_load_to_postgres manual__2025-06-15T09:29:10.226536+00:00 [queued]>
[2025-06-15T13:33:11.278+0000] {taskinstance.py:2076} INFO - Dependencies all met for dep_context=requeueable deps ti=<TaskInstance: nba_etl_to_postgres.fetch_pbp_and_load_to_postgres manual__2025-06-15T09:29:10.226536+00:00 [queued]>
[2025-06-15T13:33:11.283+0000] {taskinstance.py:2306} INFO - Starting attempt 2 of 2
[2025-06-15T13:33:11.607+0000] {taskinstance.py:2330} INFO - Executing <Task(PythonOperator): fetch_pbp_and_load_to_postgres> on 2025-06-15 09:29:10.226536+00:00
[2025-06-15T13:33:11.618+0000] {standard_task_runner.py:63} INFO - Started process 495 to run task
[2025-06-15T13:33:11.623+0000] {standard_task_runner.py:90} INFO - Running: ['***', 'tasks', 'run', 'nba_etl_to_postgres', 'fetch_pbp_and_load_to_postgres', 'manual__2025-06-15T09:29:10.226536+00:00', '--job-id', '19', '--raw', '--subdir', 'DAGS_FOLDER/etl_pipeline.py', '--cfg-path', '/tmp/tmpzn5gl53t']
[2025-06-15T13:33:11.624+0000] {standard_task_runner.py:91} INFO - Job 19: Subtask fetch_pbp_and_load_to_postgres
[2025-06-15T13:33:11.915+0000] {task_command.py:426} INFO - Running <TaskInstance: nba_etl_to_postgres.fetch_pbp_and_load_to_postgres manual__2025-06-15T09:29:10.226536+00:00 [running]> on host e9ac9ffe8f89
[2025-06-15T13:33:12.209+0000] {taskinstance.py:2648} INFO - Exporting env vars: AIRFLOW_CTX_DAG_OWNER='***' AIRFLOW_CTX_DAG_ID='nba_etl_to_postgres' AIRFLOW_CTX_TASK_ID='fetch_pbp_and_load_to_postgres' AIRFLOW_CTX_EXECUTION_DATE='2025-06-15T09:29:10.226536+00:00' AIRFLOW_CTX_TRY_NUMBER='2' AIRFLOW_CTX_DAG_RUN_ID='manual__2025-06-15T09:29:10.226536+00:00'
[2025-06-15T13:33:12.210+0000] {taskinstance.py:430} INFO - ::endgroup::
[2025-06-15T13:33:13.062+0000] {logging_mixin.py:188} WARNING - /opt/***/plugins/nba_lib/teams.py:21 FutureWarning: Passing literal html to 'read_html' is deprecated and will be removed in a future version. To read from a literal string, wrap it in a 'StringIO' object.
[2025-06-15T13:33:17.394+0000] {logging_mixin.py:188} WARNING - /opt/***/plugins/nba_lib/utils.py:118 FutureWarning: Passing literal html to 'read_html' is deprecated and will be removed in a future version. To read from a literal string, wrap it in a 'StringIO' object.
[2025-06-15T13:33:22.701+0000] {logging_mixin.py:188} WARNING - /opt/***/plugins/nba_lib/utils.py:118 FutureWarning: Passing literal html to 'read_html' is deprecated and will be removed in a future version. To read from a literal string, wrap it in a 'StringIO' object.
[2025-06-15T13:33:28.508+0000] {logging_mixin.py:188} WARNING - /opt/***/plugins/nba_lib/utils.py:118 FutureWarning: Passing literal html to 'read_html' is deprecated and will be removed in a future version. To read from a literal string, wrap it in a 'StringIO' object.
[2025-06-15T13:33:31.966+0000] {logging_mixin.py:188} WARNING - /opt/***/plugins/nba_lib/utils.py:118 FutureWarning: Passing literal html to 'read_html' is deprecated and will be removed in a future version. To read from a literal string, wrap it in a 'StringIO' object.
[2025-06-15T13:33:35.995+0000] {logging_mixin.py:188} WARNING - /opt/***/plugins/nba_lib/teams.py:21 FutureWarning: Passing literal html to 'read_html' is deprecated and will be removed in a future version. To read from a literal string, wrap it in a 'StringIO' object.
[2025-06-15T13:33:39.634+0000] {logging_mixin.py:188} WARNING - /opt/***/plugins/nba_lib/utils.py:118 FutureWarning: Passing literal html to 'read_html' is deprecated and will be removed in a future version. To read from a literal string, wrap it in a 'StringIO' object.
[2025-06-15T13:33:42.511+0000] {logging_mixin.py:188} WARNING - /opt/***/plugins/nba_lib/utils.py:118 FutureWarning: Passing literal html to 'read_html' is deprecated and will be removed in a future version. To read from a literal string, wrap it in a 'StringIO' object.
[2025-06-15T13:33:46.500+0000] {logging_mixin.py:188} WARNING - /opt/***/plugins/nba_lib/utils.py:118 FutureWarning: Passing literal html to 'read_html' is deprecated and will be removed in a future version. To read from a literal string, wrap it in a 'StringIO' object.
[2025-06-15T13:33:50.083+0000] {logging_mixin.py:188} WARNING - /opt/***/plugins/nba_lib/utils.py:118 FutureWarning: Passing literal html to 'read_html' is deprecated and will be removed in a future version. To read from a literal string, wrap it in a 'StringIO' object.
[2025-06-15T13:33:54.055+0000] {logging_mixin.py:188} WARNING - /opt/***/plugins/nba_lib/teams.py:21 FutureWarning: Passing literal html to 'read_html' is deprecated and will be removed in a future version. To read from a literal string, wrap it in a 'StringIO' object.
[2025-06-15T13:33:57.530+0000] {logging_mixin.py:188} WARNING - /opt/***/plugins/nba_lib/utils.py:118 FutureWarning: Passing literal html to 'read_html' is deprecated and will be removed in a future version. To read from a literal string, wrap it in a 'StringIO' object.
[2025-06-15T13:34:01.234+0000] {logging_mixin.py:188} WARNING - /opt/***/plugins/nba_lib/utils.py:118 FutureWarning: Passing literal html to 'read_html' is deprecated and will be removed in a future version. To read from a literal string, wrap it in a 'StringIO' object.
[2025-06-15T13:34:04.780+0000] {logging_mixin.py:188} WARNING - /opt/***/plugins/nba_lib/utils.py:118 FutureWarning: Passing literal html to 'read_html' is deprecated and will be removed in a future version. To read from a literal string, wrap it in a 'StringIO' object.
[2025-06-15T13:34:08.546+0000] {logging_mixin.py:188} WARNING - /opt/***/plugins/nba_lib/utils.py:118 FutureWarning: Passing literal html to 'read_html' is deprecated and will be removed in a future version. To read from a literal string, wrap it in a 'StringIO' object.
[2025-06-15T13:34:12.274+0000] {logging_mixin.py:188} WARNING - /opt/***/plugins/nba_lib/utils.py:118 FutureWarning: Passing literal html to 'read_html' is deprecated and will be removed in a future version. To read from a literal string, wrap it in a 'StringIO' object.
[2025-06-15T13:34:15.944+0000] {logging_mixin.py:188} WARNING - /opt/***/plugins/nba_lib/utils.py:118 FutureWarning: Passing literal html to 'read_html' is deprecated and will be removed in a future version. To read from a literal string, wrap it in a 'StringIO' object.
[2025-06-15T13:34:19.590+0000] {logging_mixin.py:188} WARNING - /opt/***/plugins/nba_lib/teams.py:21 FutureWarning: Passing literal html to 'read_html' is deprecated and will be removed in a future version. To read from a literal string, wrap it in a 'StringIO' object.
[2025-06-15T13:34:23.037+0000] {logging_mixin.py:188} WARNING - /opt/***/plugins/nba_lib/utils.py:118 FutureWarning: Passing literal html to 'read_html' is deprecated and will be removed in a future version. To read from a literal string, wrap it in a 'StringIO' object.
[2025-06-15T13:34:26.164+0000] {logging_mixin.py:188} WARNING - /opt/***/plugins/nba_lib/utils.py:118 FutureWarning: Passing literal html to 'read_html' is deprecated and will be removed in a future version. To read from a literal string, wrap it in a 'StringIO' object.
[2025-06-15T13:34:29.629+0000] {logging_mixin.py:188} WARNING - /opt/***/plugins/nba_lib/utils.py:118 FutureWarning: Passing literal html to 'read_html' is deprecated and will be removed in a future version. To read from a literal string, wrap it in a 'StringIO' object.
[2025-06-15T13:34:33.509+0000] {logging_mixin.py:188} WARNING - /opt/***/plugins/nba_lib/utils.py:118 FutureWarning: Passing literal html to 'read_html' is deprecated and will be removed in a future version. To read from a literal string, wrap it in a 'StringIO' object.
[2025-06-15T13:34:36.816+0000] {logging_mixin.py:188} INFO - Retrying after 3597 sec...
[2025-06-15T13:35:03.433+0000] {local_task_job_runner.py:310} WARNING - State of this instance has been externally set to None. Terminating instance.
[2025-06-15T13:35:03.435+0000] {local_task_job_runner.py:222} INFO - ::endgroup::
[2025-06-15T13:35:03.439+0000] {process_utils.py:132} INFO - Sending 15 to group 495. PIDs of all processes in the group: [495]
[2025-06-15T13:35:03.439+0000] {process_utils.py:87} INFO - Sending the signal 15 to group 495
[2025-06-15T13:35:03.440+0000] {taskinstance.py:2611} ERROR - Received SIGTERM. Terminating subprocesses.
[2025-06-15T13:35:03.441+0000] {taskinstance.py:441} INFO - ::group::Post task execution logs
[2025-06-15T13:35:03.451+0000] {taskinstance.py:2905} ERROR - Task failed with exception
Traceback (most recent call last):
  File "/home/airflow/.local/lib/python3.9/site-packages/airflow/models/taskinstance.py", line 465, in _execute_task
    result = _execute_callable(context=context, **execute_callable_kwargs)
  File "/home/airflow/.local/lib/python3.9/site-packages/airflow/models/taskinstance.py", line 432, in _execute_callable
    return execute_callable(context=context, **execute_callable_kwargs)
  File "/home/airflow/.local/lib/python3.9/site-packages/airflow/models/baseoperator.py", line 400, in wrapper
    return func(self, *args, **kwargs)
  File "/home/airflow/.local/lib/python3.9/site-packages/airflow/operators/python.py", line 235, in execute
    return_value = self.execute_callable()
  File "/home/airflow/.local/lib/python3.9/site-packages/airflow/operators/python.py", line 252, in execute_callable
    return self.python_callable(*self.op_args, **self.op_kwargs)
  File "/opt/airflow/dags/etl_pipeline.py", line 292, in fetch_and_load_pbp_to_stage
    roster = get_roster(value, '2025')
  File "/opt/airflow/plugins/nba_lib/teams.py", line 26, in get_roster
    df['PLAYER'] = df['PLAYER'].apply(
  File "/home/airflow/.local/lib/python3.9/site-packages/pandas/core/series.py", line 4757, in apply
    return SeriesApply(
  File "/home/airflow/.local/lib/python3.9/site-packages/pandas/core/apply.py", line 1209, in apply
    return self.apply_standard()
  File "/home/airflow/.local/lib/python3.9/site-packages/pandas/core/apply.py", line 1289, in apply_standard
    mapped = obj._map_values(
  File "/home/airflow/.local/lib/python3.9/site-packages/pandas/core/base.py", line 921, in _map_values
    return algorithms.map_array(arr, mapper, na_action=na_action, convert=convert)
  File "/home/airflow/.local/lib/python3.9/site-packages/pandas/core/algorithms.py", line 1814, in map_array
    return lib.map_infer(values, mapper, convert=convert)
  File "lib.pyx", line 2926, in pandas._libs.lib.map_infer
  File "/opt/airflow/plugins/nba_lib/teams.py", line 27, in <lambda>
    lambda name: remove_accents(name, team, season_end_year))
  File "/opt/airflow/plugins/nba_lib/utils.py", line 112, in remove_accents
    r = get_wrapper(f'https://www.basketball-reference.com/teams/{team}/{season_end_year}.html')
  File "/opt/airflow/plugins/nba_lib/request_utils.py", line 41, in get_wrapper
    sleep(retry_time)
  File "/home/airflow/.local/lib/python3.9/site-packages/airflow/models/taskinstance.py", line 2613, in signal_handler
    raise AirflowTaskTerminated("Task received SIGTERM signal")
airflow.exceptions.AirflowTaskTerminated: Task received SIGTERM signal
[2025-06-15T13:35:03.477+0000] {taskinstance.py:1206} INFO - Marking task as FAILED. dag_id=nba_etl_to_postgres, task_id=fetch_pbp_and_load_to_postgres, run_id=manual__2025-06-15T09:29:10.226536+00:00, execution_date=20250615T092910, start_date=20250615T133311, end_date=20250615T133503
[2025-06-15T13:35:03.498+0000] {standard_task_runner.py:110} ERROR - Failed to execute job 19 for task fetch_pbp_and_load_to_postgres ((psycopg2.errors.ForeignKeyViolation) insert or update on table "task_fail" violates foreign key constraint "task_fail_ti_fkey"
DETAIL:  Key (dag_id, task_id, run_id, map_index)=(nba_etl_to_postgres, fetch_pbp_and_load_to_postgres, manual__2025-06-15T09:29:10.226536+00:00, -1) is not present in table "task_instance".

[SQL: INSERT INTO task_fail (task_id, dag_id, run_id, map_index, start_date, end_date, duration) VALUES (%(task_id)s, %(dag_id)s, %(run_id)s, %(map_index)s, %(start_date)s, %(end_date)s, %(duration)s) RETURNING task_fail.id]
[parameters: {'task_id': 'fetch_pbp_and_load_to_postgres', 'dag_id': 'nba_etl_to_postgres', 'run_id': 'manual__2025-06-15T09:29:10.226536+00:00', 'map_index': -1, 'start_date': datetime.datetime(2025, 6, 15, 13, 33, 11, 260680, tzinfo=Timezone('UTC')), 'end_date': datetime.datetime(2025, 6, 15, 13, 35, 3, 476712, tzinfo=Timezone('UTC')), 'duration': 112}]
(Background on this error at: https://sqlalche.me/e/14/gkpj); 495)
[2025-06-15T13:35:03.533+0000] {process_utils.py:80} INFO - Process psutil.Process(pid=495, status='terminated', exitcode=1, started='13:33:10') (495) terminated with exit code 1
