[2025-06-21T22:29:30.071+0000] {local_task_job_runner.py:120} INFO - ::group::Pre task execution logs
[2025-06-21T22:29:30.115+0000] {taskinstance.py:2076} INFO - Dependencies all met for dep_context=non-requeueable deps ti=<TaskInstance: nba_etl_to_staging.fetch_shot_chart_and_load_to_stage manual__2025-06-21T22:29:10.438133+00:00 [queued]>
[2025-06-21T22:29:30.385+0000] {taskinstance.py:2076} INFO - Dependencies all met for dep_context=requeueable deps ti=<TaskInstance: nba_etl_to_staging.fetch_shot_chart_and_load_to_stage manual__2025-06-21T22:29:10.438133+00:00 [queued]>
[2025-06-21T22:29:30.386+0000] {taskinstance.py:2306} INFO - Starting attempt 1 of 2
[2025-06-21T22:29:30.442+0000] {taskinstance.py:2330} INFO - Executing <Task(PythonOperator): fetch_shot_chart_and_load_to_stage> on 2025-06-21 22:29:10.438133+00:00
[2025-06-21T22:29:30.455+0000] {standard_task_runner.py:63} INFO - Started process 1556 to run task
[2025-06-21T22:29:30.461+0000] {standard_task_runner.py:90} INFO - Running: ['***', 'tasks', 'run', 'nba_etl_to_staging', 'fetch_shot_chart_and_load_to_stage', 'manual__2025-06-21T22:29:10.438133+00:00', '--job-id', '513', '--raw', '--subdir', 'DAGS_FOLDER/etl_pipeline.py', '--cfg-path', '/tmp/tmpt_iqlnhn']
[2025-06-21T22:29:30.465+0000] {standard_task_runner.py:91} INFO - Job 513: Subtask fetch_shot_chart_and_load_to_stage
[2025-06-21T22:29:30.588+0000] {task_command.py:426} INFO - Running <TaskInstance: nba_etl_to_staging.fetch_shot_chart_and_load_to_stage manual__2025-06-21T22:29:10.438133+00:00 [running]> on host 5ea278fdf3a6
[2025-06-21T22:29:30.760+0000] {taskinstance.py:2648} INFO - Exporting env vars: AIRFLOW_CTX_DAG_OWNER='***' AIRFLOW_CTX_DAG_ID='nba_etl_to_staging' AIRFLOW_CTX_TASK_ID='fetch_shot_chart_and_load_to_stage' AIRFLOW_CTX_EXECUTION_DATE='2025-06-21T22:29:10.438133+00:00' AIRFLOW_CTX_TRY_NUMBER='1' AIRFLOW_CTX_DAG_RUN_ID='manual__2025-06-21T22:29:10.438133+00:00'
[2025-06-21T22:29:30.762+0000] {taskinstance.py:430} INFO - ::endgroup::
[2025-06-21T22:29:30.788+0000] {logging_mixin.py:188} WARNING - /opt/***/dags/etl_pipeline.py:184 UserWarning: pandas only supports SQLAlchemy connectable (engine/connection) or database string URI or sqlite3 DBAPI2 connection. Other DBAPI2 objects are not tested. Please consider using SQLAlchemy.
[2025-06-21T22:29:34.236+0000] {etl_pipeline.py:201} INFO - Processed game on 2024-10-22 between BOS and NYK.
[2025-06-21T22:29:40.681+0000] {etl_pipeline.py:201} INFO - Processed game on 2024-10-22 between LAL and MIN.
[2025-06-21T22:29:47.190+0000] {etl_pipeline.py:201} INFO - Processed game on 2024-10-23 between DET and IND.
[2025-06-21T22:29:55.058+0000] {etl_pipeline.py:201} INFO - Processed game on 2024-10-23 between ATL and BRK.
[2025-06-21T22:30:01.596+0000] {etl_pipeline.py:201} INFO - Processed game on 2024-10-23 between MIA and ORL.
[2025-06-21T22:30:08.090+0000] {etl_pipeline.py:201} INFO - Processed game on 2024-10-23 between PHI and MIL.
[2025-06-21T22:30:14.564+0000] {etl_pipeline.py:201} INFO - Processed game on 2024-10-23 between TOR and CLE.
[2025-06-21T22:30:22.356+0000] {etl_pipeline.py:201} INFO - Processed game on 2024-10-23 between HOU and CHO.
[2025-06-21T22:30:28.959+0000] {etl_pipeline.py:201} INFO - Processed game on 2024-10-23 between NOP and CHI.
[2025-06-21T22:30:35.479+0000] {etl_pipeline.py:201} INFO - Processed game on 2024-10-23 between UTA and MEM.
[2025-06-21T22:30:41.919+0000] {etl_pipeline.py:201} INFO - Processed game on 2024-10-23 between LAC and PHO.
[2025-06-21T22:30:48.569+0000] {etl_pipeline.py:201} INFO - Processed game on 2024-10-23 between POR and GSW.
[2025-06-21T22:30:56.183+0000] {etl_pipeline.py:201} INFO - Processed game on 2024-10-24 between WAS and BOS.
[2025-06-21T22:31:02.741+0000] {etl_pipeline.py:201} INFO - Processed game on 2024-10-24 between DAL and SAS.
[2025-06-21T22:31:09.207+0000] {etl_pipeline.py:201} INFO - Processed game on 2024-10-24 between DEN and OKC.
[2025-06-21T22:31:09.215+0000] {etl_pipeline.py:216} INFO - Converted all DataFrame columns to lowercase.
[2025-06-21T22:31:09.217+0000] {etl_pipeline.py:220} INFO - DataFrame created with 2692 rows before cleaning.
[2025-06-21T22:31:09.299+0000] {etl_pipeline.py:237} WARNING - Removed 12 rows due to missing values in required columns: ['quarter', 'value', 'player', 'make_miss']
[2025-06-21T22:31:09.306+0000] {etl_pipeline.py:98} INFO - Ensuring table 'stgshotchart' exists...
[2025-06-21T22:31:09.308+0000] {etl_pipeline.py:100} INFO - Table 'stgshotchart' is ready.
[2025-06-21T22:31:09.309+0000] {etl_pipeline.py:110} INFO - Truncating table stgshotchart and restarting identity columns...
[2025-06-21T22:31:09.317+0000] {etl_pipeline.py:115} INFO - Loading 2680 rows into stgshotchart...
[2025-06-21T22:31:09.414+0000] {etl_pipeline.py:118} INFO - 2680 rows loaded successfully to stgshotchart.
[2025-06-21T22:31:09.444+0000] {python.py:237} INFO - Done. Returned value was: None
[2025-06-21T22:31:09.445+0000] {taskinstance.py:441} INFO - ::group::Post task execution logs
[2025-06-21T22:31:09.456+0000] {taskinstance.py:1206} INFO - Marking task as SUCCESS. dag_id=nba_etl_to_staging, task_id=fetch_shot_chart_and_load_to_stage, run_id=manual__2025-06-21T22:29:10.438133+00:00, execution_date=20250621T222910, start_date=20250621T222930, end_date=20250621T223109
[2025-06-21T22:31:09.535+0000] {local_task_job_runner.py:240} INFO - Task exited with return code 0
[2025-06-21T22:31:09.552+0000] {taskinstance.py:3498} INFO - 0 downstream tasks scheduled from follow-on schedule check
[2025-06-21T22:31:09.584+0000] {local_task_job_runner.py:222} INFO - ::endgroup::
