[2025-06-21T12:42:56.874+0000] {local_task_job_runner.py:120} INFO - ::group::Pre task execution logs
[2025-06-21T12:42:56.953+0000] {taskinstance.py:2076} INFO - Dependencies all met for dep_context=non-requeueable deps ti=<TaskInstance: nba_transform_to_dwh.load_dim_team manual__2025-06-21T12:42:54.490478+00:00 [queued]>
[2025-06-21T12:42:57.292+0000] {taskinstance.py:2076} INFO - Dependencies all met for dep_context=requeueable deps ti=<TaskInstance: nba_transform_to_dwh.load_dim_team manual__2025-06-21T12:42:54.490478+00:00 [queued]>
[2025-06-21T12:42:57.294+0000] {taskinstance.py:2306} INFO - Starting attempt 1 of 2
[2025-06-21T12:42:57.343+0000] {taskinstance.py:2330} INFO - Executing <Task(PythonOperator): load_dim_team> on 2025-06-21 12:42:54.490478+00:00
[2025-06-21T12:42:57.449+0000] {standard_task_runner.py:63} INFO - Started process 2676 to run task
[2025-06-21T12:42:57.458+0000] {standard_task_runner.py:90} INFO - Running: ['***', 'tasks', 'run', 'nba_transform_to_dwh', 'load_dim_team', 'manual__2025-06-21T12:42:54.490478+00:00', '--job-id', '432', '--raw', '--subdir', 'DAGS_FOLDER/etl_pipeline.py', '--cfg-path', '/tmp/tmpg4kmcbgd']
[2025-06-21T12:42:57.461+0000] {standard_task_runner.py:91} INFO - Job 432: Subtask load_dim_team
[2025-06-21T12:42:57.675+0000] {task_command.py:426} INFO - Running <TaskInstance: nba_transform_to_dwh.load_dim_team manual__2025-06-21T12:42:54.490478+00:00 [running]> on host 5ea278fdf3a6
[2025-06-21T12:42:57.912+0000] {taskinstance.py:2648} INFO - Exporting env vars: AIRFLOW_CTX_DAG_OWNER='***' AIRFLOW_CTX_DAG_ID='nba_transform_to_dwh' AIRFLOW_CTX_TASK_ID='load_dim_team' AIRFLOW_CTX_EXECUTION_DATE='2025-06-21T12:42:54.490478+00:00' AIRFLOW_CTX_TRY_NUMBER='1' AIRFLOW_CTX_DAG_RUN_ID='manual__2025-06-21T12:42:54.490478+00:00'
[2025-06-21T12:42:57.917+0000] {taskinstance.py:430} INFO - ::endgroup::
[2025-06-21T12:42:57.969+0000] {etl_pipeline.py:412} INFO - Ensuring dimension table 'dimteam' exists...
[2025-06-21T12:42:57.971+0000] {etl_pipeline.py:414} INFO - Loading/updating data into 'dimteam'...
[2025-06-21T12:42:57.973+0000] {etl_pipeline.py:416} INFO - Operation complete. 0 new rows inserted into dimteam.
[2025-06-21T12:42:58.026+0000] {python.py:237} INFO - Done. Returned value was: None
[2025-06-21T12:42:58.028+0000] {taskinstance.py:441} INFO - ::group::Post task execution logs
[2025-06-21T12:42:58.037+0000] {taskinstance.py:1206} INFO - Marking task as SUCCESS. dag_id=nba_transform_to_dwh, task_id=load_dim_team, run_id=manual__2025-06-21T12:42:54.490478+00:00, execution_date=20250621T124254, start_date=20250621T124256, end_date=20250621T124258
[2025-06-21T12:42:58.194+0000] {local_task_job_runner.py:240} INFO - Task exited with return code 0
[2025-06-21T12:42:58.237+0000] {taskinstance.py:3498} INFO - 0 downstream tasks scheduled from follow-on schedule check
[2025-06-21T12:42:58.269+0000] {local_task_job_runner.py:222} INFO - ::endgroup::
