[2025-06-19T09:38:56.150+0000] {local_task_job_runner.py:120} INFO - ::group::Pre task execution logs
[2025-06-19T09:38:56.304+0000] {taskinstance.py:2076} INFO - Dependencies all met for dep_context=non-requeueable deps ti=<TaskInstance: nba_etl_to_postgres.fetch_roster_and_load_to_postgres manual__2025-06-19T09:38:51.580168+00:00 [queued]>
[2025-06-19T09:38:56.590+0000] {taskinstance.py:2076} INFO - Dependencies all met for dep_context=requeueable deps ti=<TaskInstance: nba_etl_to_postgres.fetch_roster_and_load_to_postgres manual__2025-06-19T09:38:51.580168+00:00 [queued]>
[2025-06-19T09:38:56.592+0000] {taskinstance.py:2306} INFO - Starting attempt 1 of 2
[2025-06-19T09:38:56.648+0000] {taskinstance.py:2330} INFO - Executing <Task(PythonOperator): fetch_roster_and_load_to_postgres> on 2025-06-19 09:38:51.580168+00:00
[2025-06-19T09:38:56.670+0000] {standard_task_runner.py:63} INFO - Started process 1298 to run task
[2025-06-19T09:38:56.686+0000] {standard_task_runner.py:90} INFO - Running: ['***', 'tasks', 'run', 'nba_etl_to_postgres', 'fetch_roster_and_load_to_postgres', 'manual__2025-06-19T09:38:51.580168+00:00', '--job-id', '85', '--raw', '--subdir', 'DAGS_FOLDER/etl_pipeline.py', '--cfg-path', '/tmp/tmpsd4pam1v']
[2025-06-19T09:38:56.692+0000] {standard_task_runner.py:91} INFO - Job 85: Subtask fetch_roster_and_load_to_postgres
[2025-06-19T09:38:56.866+0000] {task_command.py:426} INFO - Running <TaskInstance: nba_etl_to_postgres.fetch_roster_and_load_to_postgres manual__2025-06-19T09:38:51.580168+00:00 [running]> on host 11d91b3c2b82
[2025-06-19T09:38:57.014+0000] {taskinstance.py:2648} INFO - Exporting env vars: AIRFLOW_CTX_DAG_OWNER='***' AIRFLOW_CTX_DAG_ID='nba_etl_to_postgres' AIRFLOW_CTX_TASK_ID='fetch_roster_and_load_to_postgres' AIRFLOW_CTX_EXECUTION_DATE='2025-06-19T09:38:51.580168+00:00' AIRFLOW_CTX_TRY_NUMBER='1' AIRFLOW_CTX_DAG_RUN_ID='manual__2025-06-19T09:38:51.580168+00:00'
[2025-06-19T09:38:57.015+0000] {taskinstance.py:430} INFO - ::endgroup::
[2025-06-19T09:38:57.028+0000] {logging_mixin.py:188} INFO - Fetching roster for Atlanta Hawks (ATL)...
[2025-06-19T09:38:57.513+0000] {logging_mixin.py:188} WARNING - /opt/***/plugins/nba_lib/teams.py:21 FutureWarning: Passing literal html to 'read_html' is deprecated and will be removed in a future version. To read from a literal string, wrap it in a 'StringIO' object.
[2025-06-19T09:39:00.945+0000] {logging_mixin.py:188} WARNING - /opt/***/plugins/nba_lib/utils.py:118 FutureWarning: Passing literal html to 'read_html' is deprecated and will be removed in a future version. To read from a literal string, wrap it in a 'StringIO' object.
[2025-06-19T09:39:03.377+0000] {logging_mixin.py:188} WARNING - /opt/***/plugins/nba_lib/utils.py:118 FutureWarning: Passing literal html to 'read_html' is deprecated and will be removed in a future version. To read from a literal string, wrap it in a 'StringIO' object.
[2025-06-19T09:39:06.839+0000] {logging_mixin.py:188} WARNING - /opt/***/plugins/nba_lib/utils.py:118 FutureWarning: Passing literal html to 'read_html' is deprecated and will be removed in a future version. To read from a literal string, wrap it in a 'StringIO' object.
[2025-06-19T09:39:10.269+0000] {logging_mixin.py:188} WARNING - /opt/***/plugins/nba_lib/utils.py:118 FutureWarning: Passing literal html to 'read_html' is deprecated and will be removed in a future version. To read from a literal string, wrap it in a 'StringIO' object.
[2025-06-19T09:39:11.869+0000] {local_task_job_runner.py:310} WARNING - State of this instance has been externally set to success. Terminating instance.
[2025-06-19T09:39:11.871+0000] {local_task_job_runner.py:222} INFO - ::endgroup::
[2025-06-19T09:39:11.881+0000] {process_utils.py:132} INFO - Sending 15 to group 1298. PIDs of all processes in the group: [1298]
[2025-06-19T09:39:11.882+0000] {process_utils.py:87} INFO - Sending the signal 15 to group 1298
[2025-06-19T09:39:11.884+0000] {taskinstance.py:2611} ERROR - Received SIGTERM. Terminating subprocesses.
[2025-06-19T09:39:11.885+0000] {taskinstance.py:441} INFO - ::group::Post task execution logs
[2025-06-19T09:39:11.977+0000] {process_utils.py:80} INFO - Process psutil.Process(pid=1298, status='terminated', exitcode=0, started='09:38:55') (1298) terminated with exit code 0
