[2025-06-19T11:48:36.229+0000] {local_task_job_runner.py:120} INFO - ::group::Pre task execution logs
[2025-06-19T11:48:36.347+0000] {taskinstance.py:2076} INFO - Dependencies all met for dep_context=non-requeueable deps ti=<TaskInstance: nba_staging_to_transform.fetch_roster_from_stg_and_transform manual__2025-06-19T11:48:31.058576+00:00 [queued]>
[2025-06-19T11:48:36.622+0000] {taskinstance.py:2076} INFO - Dependencies all met for dep_context=requeueable deps ti=<TaskInstance: nba_staging_to_transform.fetch_roster_from_stg_and_transform manual__2025-06-19T11:48:31.058576+00:00 [queued]>
[2025-06-19T11:48:36.623+0000] {taskinstance.py:2306} INFO - Starting attempt 1 of 2
[2025-06-19T11:48:36.672+0000] {taskinstance.py:2330} INFO - Executing <Task(PythonOperator): fetch_roster_from_stg_and_transform> on 2025-06-19 11:48:31.058576+00:00
[2025-06-19T11:48:36.686+0000] {standard_task_runner.py:63} INFO - Started process 2674 to run task
[2025-06-19T11:48:36.696+0000] {standard_task_runner.py:90} INFO - Running: ['***', 'tasks', 'run', 'nba_staging_to_transform', 'fetch_roster_from_stg_and_transform', 'manual__2025-06-19T11:48:31.058576+00:00', '--job-id', '123', '--raw', '--subdir', 'DAGS_FOLDER/etl_pipeline.py', '--cfg-path', '/tmp/tmpmfbremul']
[2025-06-19T11:48:36.700+0000] {standard_task_runner.py:91} INFO - Job 123: Subtask fetch_roster_from_stg_and_transform
[2025-06-19T11:48:36.811+0000] {task_command.py:426} INFO - Running <TaskInstance: nba_staging_to_transform.fetch_roster_from_stg_and_transform manual__2025-06-19T11:48:31.058576+00:00 [running]> on host 11d91b3c2b82
[2025-06-19T11:48:36.988+0000] {taskinstance.py:2648} INFO - Exporting env vars: AIRFLOW_CTX_DAG_OWNER='***' AIRFLOW_CTX_DAG_ID='nba_staging_to_transform' AIRFLOW_CTX_TASK_ID='fetch_roster_from_stg_and_transform' AIRFLOW_CTX_EXECUTION_DATE='2025-06-19T11:48:31.058576+00:00' AIRFLOW_CTX_TRY_NUMBER='1' AIRFLOW_CTX_DAG_RUN_ID='manual__2025-06-19T11:48:31.058576+00:00'
[2025-06-19T11:48:36.990+0000] {taskinstance.py:430} INFO - ::endgroup::
[2025-06-19T11:48:37.011+0000] {etl_pipeline.py:389} INFO - Attempting to connect to the database...
[2025-06-19T11:48:37.020+0000] {etl_pipeline.py:391} INFO - Database connection successful. Fetching data from stgroster.
[2025-06-19T11:48:37.037+0000] {logging_mixin.py:188} WARNING - /opt/***/dags/etl_pipeline.py:392 UserWarning: pandas only supports SQLAlchemy connectable (engine/connection) or database string URI or sqlite3 DBAPI2 connection. Other DBAPI2 objects are not tested. Please consider using SQLAlchemy.
[2025-06-19T11:48:37.052+0000] {etl_pipeline.py:448} INFO - Successfully fetched and transformed 534 players from the roster.
[2025-06-19T11:48:37.061+0000] {logging_mixin.py:188} INFO - Ensuring table 'transformroster' exists...
[2025-06-19T11:48:37.064+0000] {logging_mixin.py:188} INFO - Table 'transformroster' is ready.
[2025-06-19T11:48:37.065+0000] {logging_mixin.py:188} INFO - Truncating table transformroster and restarting identity columns...
[2025-06-19T11:48:37.240+0000] {logging_mixin.py:188} INFO - Loading 534 rows into transformroster...
[2025-06-19T11:48:37.376+0000] {logging_mixin.py:188} INFO - 534 rows loaded successfully to transformroster.
[2025-06-19T11:48:37.427+0000] {python.py:237} INFO - Done. Returned value was: None
[2025-06-19T11:48:37.434+0000] {taskinstance.py:441} INFO - ::group::Post task execution logs
[2025-06-19T11:48:37.472+0000] {taskinstance.py:1206} INFO - Marking task as SUCCESS. dag_id=nba_staging_to_transform, task_id=fetch_roster_from_stg_and_transform, run_id=manual__2025-06-19T11:48:31.058576+00:00, execution_date=20250619T114831, start_date=20250619T114836, end_date=20250619T114837
[2025-06-19T11:48:37.608+0000] {local_task_job_runner.py:240} INFO - Task exited with return code 0
[2025-06-19T11:48:37.650+0000] {local_task_job_runner.py:222} INFO - ::endgroup::
