[2025-06-15T15:26:35.223+0000] {local_task_job_runner.py:120} INFO - ::group::Pre task execution logs
[2025-06-15T15:26:35.249+0000] {taskinstance.py:2076} INFO - Dependencies all met for dep_context=non-requeueable deps ti=<TaskInstance: nba_etl_to_postgres.fetch_roster_and_load_to_postgres manual__2025-06-15T15:26:29.946281+00:00 [queued]>
[2025-06-15T15:26:35.256+0000] {taskinstance.py:2076} INFO - Dependencies all met for dep_context=requeueable deps ti=<TaskInstance: nba_etl_to_postgres.fetch_roster_and_load_to_postgres manual__2025-06-15T15:26:29.946281+00:00 [queued]>
[2025-06-15T15:26:35.257+0000] {taskinstance.py:2306} INFO - Starting attempt 1 of 2
[2025-06-15T15:26:35.301+0000] {taskinstance.py:2330} INFO - Executing <Task(PythonOperator): fetch_roster_and_load_to_postgres> on 2025-06-15 15:26:29.946281+00:00
[2025-06-15T15:26:35.307+0000] {standard_task_runner.py:63} INFO - Started process 1105 to run task
[2025-06-15T15:26:35.311+0000] {standard_task_runner.py:90} INFO - Running: ['***', 'tasks', 'run', 'nba_etl_to_postgres', 'fetch_roster_and_load_to_postgres', 'manual__2025-06-15T15:26:29.946281+00:00', '--job-id', '36', '--raw', '--subdir', 'DAGS_FOLDER/etl_pipeline.py', '--cfg-path', '/tmp/tmpkapl9vj8']
[2025-06-15T15:26:35.312+0000] {standard_task_runner.py:91} INFO - Job 36: Subtask fetch_roster_and_load_to_postgres
[2025-06-15T15:26:35.398+0000] {task_command.py:426} INFO - Running <TaskInstance: nba_etl_to_postgres.fetch_roster_and_load_to_postgres manual__2025-06-15T15:26:29.946281+00:00 [running]> on host 161b13ff210e
[2025-06-15T15:26:35.530+0000] {taskinstance.py:2648} INFO - Exporting env vars: AIRFLOW_CTX_DAG_OWNER='***' AIRFLOW_CTX_DAG_ID='nba_etl_to_postgres' AIRFLOW_CTX_TASK_ID='fetch_roster_and_load_to_postgres' AIRFLOW_CTX_EXECUTION_DATE='2025-06-15T15:26:29.946281+00:00' AIRFLOW_CTX_TRY_NUMBER='1' AIRFLOW_CTX_DAG_RUN_ID='manual__2025-06-15T15:26:29.946281+00:00'
[2025-06-15T15:26:35.531+0000] {taskinstance.py:430} INFO - ::endgroup::
[2025-06-15T15:26:35.544+0000] {logging_mixin.py:188} INFO - Fetching roster for Atlanta Hawks (ATL)...
[2025-06-15T15:26:36.133+0000] {logging_mixin.py:188} WARNING - /opt/***/plugins/nba_lib/teams.py:21 FutureWarning: Passing literal html to 'read_html' is deprecated and will be removed in a future version. To read from a literal string, wrap it in a 'StringIO' object.
[2025-06-15T15:26:39.626+0000] {logging_mixin.py:188} WARNING - /opt/***/plugins/nba_lib/utils.py:118 FutureWarning: Passing literal html to 'read_html' is deprecated and will be removed in a future version. To read from a literal string, wrap it in a 'StringIO' object.
[2025-06-15T15:26:43.316+0000] {logging_mixin.py:188} WARNING - /opt/***/plugins/nba_lib/utils.py:118 FutureWarning: Passing literal html to 'read_html' is deprecated and will be removed in a future version. To read from a literal string, wrap it in a 'StringIO' object.
[2025-06-15T15:26:46.796+0000] {logging_mixin.py:188} WARNING - /opt/***/plugins/nba_lib/utils.py:118 FutureWarning: Passing literal html to 'read_html' is deprecated and will be removed in a future version. To read from a literal string, wrap it in a 'StringIO' object.
[2025-06-15T15:26:50.324+0000] {logging_mixin.py:188} WARNING - /opt/***/plugins/nba_lib/utils.py:118 FutureWarning: Passing literal html to 'read_html' is deprecated and will be removed in a future version. To read from a literal string, wrap it in a 'StringIO' object.
[2025-06-15T15:26:50.342+0000] {logging_mixin.py:188} INFO - Fetched 18 players for Atlanta Hawks.
[2025-06-15T15:26:52.346+0000] {logging_mixin.py:188} INFO - Fetching roster for Boston Celtics (BOS)...
[2025-06-15T15:26:56.059+0000] {logging_mixin.py:188} WARNING - /opt/***/plugins/nba_lib/teams.py:21 FutureWarning: Passing literal html to 'read_html' is deprecated and will be removed in a future version. To read from a literal string, wrap it in a 'StringIO' object.
[2025-06-15T15:26:59.569+0000] {logging_mixin.py:188} WARNING - /opt/***/plugins/nba_lib/utils.py:118 FutureWarning: Passing literal html to 'read_html' is deprecated and will be removed in a future version. To read from a literal string, wrap it in a 'StringIO' object.
[2025-06-15T15:27:03.513+0000] {logging_mixin.py:188} WARNING - /opt/***/plugins/nba_lib/utils.py:118 FutureWarning: Passing literal html to 'read_html' is deprecated and will be removed in a future version. To read from a literal string, wrap it in a 'StringIO' object.
[2025-06-15T15:27:07.528+0000] {logging_mixin.py:188} WARNING - /opt/***/plugins/nba_lib/utils.py:118 FutureWarning: Passing literal html to 'read_html' is deprecated and will be removed in a future version. To read from a literal string, wrap it in a 'StringIO' object.
[2025-06-15T15:27:11.173+0000] {logging_mixin.py:188} WARNING - /opt/***/plugins/nba_lib/utils.py:118 FutureWarning: Passing literal html to 'read_html' is deprecated and will be removed in a future version. To read from a literal string, wrap it in a 'StringIO' object.
[2025-06-15T15:27:11.189+0000] {logging_mixin.py:188} INFO - Fetched 17 players for Boston Celtics.
[2025-06-15T15:27:13.193+0000] {logging_mixin.py:188} INFO - Fetching roster for Brooklyn Nets (BRK)...
[2025-06-15T15:27:16.908+0000] {logging_mixin.py:188} WARNING - /opt/***/plugins/nba_lib/teams.py:21 FutureWarning: Passing literal html to 'read_html' is deprecated and will be removed in a future version. To read from a literal string, wrap it in a 'StringIO' object.
[2025-06-15T15:27:20.432+0000] {logging_mixin.py:188} WARNING - /opt/***/plugins/nba_lib/utils.py:118 FutureWarning: Passing literal html to 'read_html' is deprecated and will be removed in a future version. To read from a literal string, wrap it in a 'StringIO' object.
[2025-06-15T15:27:23.923+0000] {logging_mixin.py:188} WARNING - /opt/***/plugins/nba_lib/utils.py:118 FutureWarning: Passing literal html to 'read_html' is deprecated and will be removed in a future version. To read from a literal string, wrap it in a 'StringIO' object.
[2025-06-15T15:27:27.599+0000] {logging_mixin.py:188} WARNING - /opt/***/plugins/nba_lib/utils.py:118 FutureWarning: Passing literal html to 'read_html' is deprecated and will be removed in a future version. To read from a literal string, wrap it in a 'StringIO' object.
[2025-06-15T15:27:31.163+0000] {logging_mixin.py:188} WARNING - /opt/***/plugins/nba_lib/utils.py:118 FutureWarning: Passing literal html to 'read_html' is deprecated and will be removed in a future version. To read from a literal string, wrap it in a 'StringIO' object.
[2025-06-15T15:27:34.625+0000] {logging_mixin.py:188} WARNING - /opt/***/plugins/nba_lib/utils.py:118 FutureWarning: Passing literal html to 'read_html' is deprecated and will be removed in a future version. To read from a literal string, wrap it in a 'StringIO' object.
[2025-06-15T15:27:38.175+0000] {logging_mixin.py:188} WARNING - /opt/***/plugins/nba_lib/utils.py:118 FutureWarning: Passing literal html to 'read_html' is deprecated and will be removed in a future version. To read from a literal string, wrap it in a 'StringIO' object.
[2025-06-15T15:27:38.190+0000] {logging_mixin.py:188} INFO - Fetched 18 players for Brooklyn Nets.
[2025-06-15T15:27:40.193+0000] {logging_mixin.py:188} INFO - Fetching roster for Charlotte Hornets (CHO)...
[2025-06-15T15:27:43.935+0000] {logging_mixin.py:188} WARNING - /opt/***/plugins/nba_lib/teams.py:21 FutureWarning: Passing literal html to 'read_html' is deprecated and will be removed in a future version. To read from a literal string, wrap it in a 'StringIO' object.
[2025-06-15T15:27:47.435+0000] {logging_mixin.py:188} WARNING - /opt/***/plugins/nba_lib/utils.py:118 FutureWarning: Passing literal html to 'read_html' is deprecated and will be removed in a future version. To read from a literal string, wrap it in a 'StringIO' object.
[2025-06-15T15:27:51.043+0000] {logging_mixin.py:188} WARNING - /opt/***/plugins/nba_lib/utils.py:118 FutureWarning: Passing literal html to 'read_html' is deprecated and will be removed in a future version. To read from a literal string, wrap it in a 'StringIO' object.
[2025-06-15T15:27:54.568+0000] {logging_mixin.py:188} WARNING - /opt/***/plugins/nba_lib/utils.py:118 FutureWarning: Passing literal html to 'read_html' is deprecated and will be removed in a future version. To read from a literal string, wrap it in a 'StringIO' object.
[2025-06-15T15:27:58.139+0000] {logging_mixin.py:188} WARNING - /opt/***/plugins/nba_lib/utils.py:118 FutureWarning: Passing literal html to 'read_html' is deprecated and will be removed in a future version. To read from a literal string, wrap it in a 'StringIO' object.
[2025-06-15T15:28:01.938+0000] {logging_mixin.py:188} WARNING - /opt/***/plugins/nba_lib/utils.py:118 FutureWarning: Passing literal html to 'read_html' is deprecated and will be removed in a future version. To read from a literal string, wrap it in a 'StringIO' object.
[2025-06-15T15:28:05.534+0000] {logging_mixin.py:188} WARNING - /opt/***/plugins/nba_lib/utils.py:118 FutureWarning: Passing literal html to 'read_html' is deprecated and will be removed in a future version. To read from a literal string, wrap it in a 'StringIO' object.
[2025-06-15T15:28:09.140+0000] {logging_mixin.py:188} WARNING - /opt/***/plugins/nba_lib/utils.py:118 FutureWarning: Passing literal html to 'read_html' is deprecated and will be removed in a future version. To read from a literal string, wrap it in a 'StringIO' object.
[2025-06-15T15:28:09.155+0000] {logging_mixin.py:188} INFO - Fetched 19 players for Charlotte Hornets.
[2025-06-15T15:28:11.159+0000] {logging_mixin.py:188} INFO - Fetching roster for Chicago Bulls (CHI)...
[2025-06-15T15:28:14.932+0000] {logging_mixin.py:188} WARNING - /opt/***/plugins/nba_lib/teams.py:21 FutureWarning: Passing literal html to 'read_html' is deprecated and will be removed in a future version. To read from a literal string, wrap it in a 'StringIO' object.
[2025-06-15T15:28:18.524+0000] {logging_mixin.py:188} WARNING - /opt/***/plugins/nba_lib/utils.py:118 FutureWarning: Passing literal html to 'read_html' is deprecated and will be removed in a future version. To read from a literal string, wrap it in a 'StringIO' object.
[2025-06-15T15:28:22.014+0000] {logging_mixin.py:188} WARNING - /opt/***/plugins/nba_lib/utils.py:118 FutureWarning: Passing literal html to 'read_html' is deprecated and will be removed in a future version. To read from a literal string, wrap it in a 'StringIO' object.
[2025-06-15T15:28:25.901+0000] {logging_mixin.py:188} WARNING - /opt/***/plugins/nba_lib/utils.py:118 FutureWarning: Passing literal html to 'read_html' is deprecated and will be removed in a future version. To read from a literal string, wrap it in a 'StringIO' object.
[2025-06-15T15:28:29.539+0000] {logging_mixin.py:188} WARNING - /opt/***/plugins/nba_lib/utils.py:118 FutureWarning: Passing literal html to 'read_html' is deprecated and will be removed in a future version. To read from a literal string, wrap it in a 'StringIO' object.
[2025-06-15T15:28:33.129+0000] {logging_mixin.py:188} WARNING - /opt/***/plugins/nba_lib/utils.py:118 FutureWarning: Passing literal html to 'read_html' is deprecated and will be removed in a future version. To read from a literal string, wrap it in a 'StringIO' object.
[2025-06-15T15:28:33.155+0000] {logging_mixin.py:188} INFO - Fetched 18 players for Chicago Bulls.
[2025-06-15T15:28:35.157+0000] {logging_mixin.py:188} INFO - Fetching roster for Cleveland Cavaliers (CLE)...
[2025-06-15T15:28:38.887+0000] {logging_mixin.py:188} WARNING - /opt/***/plugins/nba_lib/teams.py:21 FutureWarning: Passing literal html to 'read_html' is deprecated and will be removed in a future version. To read from a literal string, wrap it in a 'StringIO' object.
[2025-06-15T15:28:42.491+0000] {logging_mixin.py:188} WARNING - /opt/***/plugins/nba_lib/utils.py:118 FutureWarning: Passing literal html to 'read_html' is deprecated and will be removed in a future version. To read from a literal string, wrap it in a 'StringIO' object.
[2025-06-15T15:28:46.179+0000] {logging_mixin.py:188} WARNING - /opt/***/plugins/nba_lib/utils.py:118 FutureWarning: Passing literal html to 'read_html' is deprecated and will be removed in a future version. To read from a literal string, wrap it in a 'StringIO' object.
[2025-06-15T15:28:49.844+0000] {logging_mixin.py:188} WARNING - /opt/***/plugins/nba_lib/utils.py:118 FutureWarning: Passing literal html to 'read_html' is deprecated and will be removed in a future version. To read from a literal string, wrap it in a 'StringIO' object.
[2025-06-15T15:28:53.498+0000] {logging_mixin.py:188} WARNING - /opt/***/plugins/nba_lib/utils.py:118 FutureWarning: Passing literal html to 'read_html' is deprecated and will be removed in a future version. To read from a literal string, wrap it in a 'StringIO' object.
[2025-06-15T15:28:57.245+0000] {logging_mixin.py:188} WARNING - /opt/***/plugins/nba_lib/utils.py:118 FutureWarning: Passing literal html to 'read_html' is deprecated and will be removed in a future version. To read from a literal string, wrap it in a 'StringIO' object.
[2025-06-15T15:28:57.260+0000] {logging_mixin.py:188} INFO - Fetched 18 players for Cleveland Cavaliers.
[2025-06-15T15:28:59.264+0000] {logging_mixin.py:188} INFO - Fetching roster for Dallas Mavericks (DAL)...
[2025-06-15T15:29:02.823+0000] {logging_mixin.py:188} WARNING - /opt/***/plugins/nba_lib/teams.py:21 FutureWarning: Passing literal html to 'read_html' is deprecated and will be removed in a future version. To read from a literal string, wrap it in a 'StringIO' object.
[2025-06-15T15:29:06.326+0000] {logging_mixin.py:188} WARNING - /opt/***/plugins/nba_lib/utils.py:118 FutureWarning: Passing literal html to 'read_html' is deprecated and will be removed in a future version. To read from a literal string, wrap it in a 'StringIO' object.
[2025-06-15T15:29:09.916+0000] {logging_mixin.py:188} WARNING - /opt/***/plugins/nba_lib/utils.py:118 FutureWarning: Passing literal html to 'read_html' is deprecated and will be removed in a future version. To read from a literal string, wrap it in a 'StringIO' object.
[2025-06-15T15:29:13.820+0000] {logging_mixin.py:188} WARNING - /opt/***/plugins/nba_lib/utils.py:118 FutureWarning: Passing literal html to 'read_html' is deprecated and will be removed in a future version. To read from a literal string, wrap it in a 'StringIO' object.
[2025-06-15T15:29:17.404+0000] {logging_mixin.py:188} WARNING - /opt/***/plugins/nba_lib/utils.py:118 FutureWarning: Passing literal html to 'read_html' is deprecated and will be removed in a future version. To read from a literal string, wrap it in a 'StringIO' object.
[2025-06-15T15:29:17.432+0000] {logging_mixin.py:188} INFO - Fetched 17 players for Dallas Mavericks.
[2025-06-15T15:29:19.435+0000] {logging_mixin.py:188} INFO - Fetching roster for Denver Nuggets (DEN)...
[2025-06-15T15:29:24.041+0000] {logging_mixin.py:188} WARNING - /opt/***/plugins/nba_lib/teams.py:21 FutureWarning: Passing literal html to 'read_html' is deprecated and will be removed in a future version. To read from a literal string, wrap it in a 'StringIO' object.
[2025-06-15T15:29:28.068+0000] {logging_mixin.py:188} WARNING - /opt/***/plugins/nba_lib/utils.py:118 FutureWarning: Passing literal html to 'read_html' is deprecated and will be removed in a future version. To read from a literal string, wrap it in a 'StringIO' object.
[2025-06-15T15:29:32.395+0000] {logging_mixin.py:188} WARNING - /opt/***/plugins/nba_lib/utils.py:118 FutureWarning: Passing literal html to 'read_html' is deprecated and will be removed in a future version. To read from a literal string, wrap it in a 'StringIO' object.
[2025-06-15T15:29:36.041+0000] {logging_mixin.py:188} WARNING - /opt/***/plugins/nba_lib/utils.py:118 FutureWarning: Passing literal html to 'read_html' is deprecated and will be removed in a future version. To read from a literal string, wrap it in a 'StringIO' object.
[2025-06-15T15:29:40.061+0000] {logging_mixin.py:188} WARNING - /opt/***/plugins/nba_lib/utils.py:118 FutureWarning: Passing literal html to 'read_html' is deprecated and will be removed in a future version. To read from a literal string, wrap it in a 'StringIO' object.
[2025-06-15T15:29:43.918+0000] {logging_mixin.py:188} WARNING - /opt/***/plugins/nba_lib/utils.py:118 FutureWarning: Passing literal html to 'read_html' is deprecated and will be removed in a future version. To read from a literal string, wrap it in a 'StringIO' object.
[2025-06-15T15:29:47.658+0000] {logging_mixin.py:188} WARNING - /opt/***/plugins/nba_lib/utils.py:118 FutureWarning: Passing literal html to 'read_html' is deprecated and will be removed in a future version. To read from a literal string, wrap it in a 'StringIO' object.
[2025-06-15T15:29:51.168+0000] {logging_mixin.py:188} WARNING - /opt/***/plugins/nba_lib/utils.py:118 FutureWarning: Passing literal html to 'read_html' is deprecated and will be removed in a future version. To read from a literal string, wrap it in a 'StringIO' object.
[2025-06-15T15:29:51.182+0000] {logging_mixin.py:188} INFO - Fetched 18 players for Denver Nuggets.
[2025-06-15T15:29:53.184+0000] {logging_mixin.py:188} INFO - Fetching roster for Detroit Pistons (DET)...
[2025-06-15T15:29:56.669+0000] {logging_mixin.py:188} WARNING - /opt/***/plugins/nba_lib/teams.py:21 FutureWarning: Passing literal html to 'read_html' is deprecated and will be removed in a future version. To read from a literal string, wrap it in a 'StringIO' object.
[2025-06-15T15:30:00.545+0000] {logging_mixin.py:188} WARNING - /opt/***/plugins/nba_lib/utils.py:118 FutureWarning: Passing literal html to 'read_html' is deprecated and will be removed in a future version. To read from a literal string, wrap it in a 'StringIO' object.
[2025-06-15T15:30:04.141+0000] {logging_mixin.py:188} WARNING - /opt/***/plugins/nba_lib/utils.py:118 FutureWarning: Passing literal html to 'read_html' is deprecated and will be removed in a future version. To read from a literal string, wrap it in a 'StringIO' object.
[2025-06-15T15:30:08.254+0000] {logging_mixin.py:188} WARNING - /opt/***/plugins/nba_lib/utils.py:118 FutureWarning: Passing literal html to 'read_html' is deprecated and will be removed in a future version. To read from a literal string, wrap it in a 'StringIO' object.
[2025-06-15T15:30:12.174+0000] {logging_mixin.py:188} WARNING - /opt/***/plugins/nba_lib/utils.py:118 FutureWarning: Passing literal html to 'read_html' is deprecated and will be removed in a future version. To read from a literal string, wrap it in a 'StringIO' object.
[2025-06-15T15:30:15.830+0000] {logging_mixin.py:188} WARNING - /opt/***/plugins/nba_lib/utils.py:118 FutureWarning: Passing literal html to 'read_html' is deprecated and will be removed in a future version. To read from a literal string, wrap it in a 'StringIO' object.
[2025-06-15T15:30:15.847+0000] {logging_mixin.py:188} INFO - Fetched 18 players for Detroit Pistons.
[2025-06-15T15:30:17.850+0000] {logging_mixin.py:188} INFO - Fetching roster for Golden State Warriors (GSW)...
[2025-06-15T15:30:21.585+0000] {logging_mixin.py:188} WARNING - /opt/***/plugins/nba_lib/teams.py:21 FutureWarning: Passing literal html to 'read_html' is deprecated and will be removed in a future version. To read from a literal string, wrap it in a 'StringIO' object.
[2025-06-15T15:30:25.138+0000] {logging_mixin.py:188} WARNING - /opt/***/plugins/nba_lib/utils.py:118 FutureWarning: Passing literal html to 'read_html' is deprecated and will be removed in a future version. To read from a literal string, wrap it in a 'StringIO' object.
[2025-06-15T15:30:28.827+0000] {logging_mixin.py:188} WARNING - /opt/***/plugins/nba_lib/utils.py:118 FutureWarning: Passing literal html to 'read_html' is deprecated and will be removed in a future version. To read from a literal string, wrap it in a 'StringIO' object.
[2025-06-15T15:30:32.868+0000] {logging_mixin.py:188} WARNING - /opt/***/plugins/nba_lib/utils.py:118 FutureWarning: Passing literal html to 'read_html' is deprecated and will be removed in a future version. To read from a literal string, wrap it in a 'StringIO' object.
[2025-06-15T15:30:32.898+0000] {logging_mixin.py:188} INFO - Fetched 17 players for Golden State Warriors.
[2025-06-15T15:30:34.901+0000] {logging_mixin.py:188} INFO - Fetching roster for Houston Rockets (HOU)...
[2025-06-15T15:30:35.712+0000] {logging_mixin.py:188} WARNING - /opt/***/plugins/nba_lib/teams.py:21 FutureWarning: Passing literal html to 'read_html' is deprecated and will be removed in a future version. To read from a literal string, wrap it in a 'StringIO' object.
[2025-06-15T15:30:44.150+0000] {logging_mixin.py:188} WARNING - /opt/***/plugins/nba_lib/utils.py:118 FutureWarning: Passing literal html to 'read_html' is deprecated and will be removed in a future version. To read from a literal string, wrap it in a 'StringIO' object.
[2025-06-15T15:30:45.357+0000] {logging_mixin.py:188} WARNING - /opt/***/plugins/nba_lib/utils.py:118 FutureWarning: Passing literal html to 'read_html' is deprecated and will be removed in a future version. To read from a literal string, wrap it in a 'StringIO' object.
[2025-06-15T15:30:50.201+0000] {logging_mixin.py:188} WARNING - /opt/***/plugins/nba_lib/utils.py:118 FutureWarning: Passing literal html to 'read_html' is deprecated and will be removed in a future version. To read from a literal string, wrap it in a 'StringIO' object.
[2025-06-15T15:30:54.141+0000] {logging_mixin.py:188} WARNING - /opt/***/plugins/nba_lib/utils.py:118 FutureWarning: Passing literal html to 'read_html' is deprecated and will be removed in a future version. To read from a literal string, wrap it in a 'StringIO' object.
[2025-06-15T15:30:58.459+0000] {logging_mixin.py:188} WARNING - /opt/***/plugins/nba_lib/utils.py:118 FutureWarning: Passing literal html to 'read_html' is deprecated and will be removed in a future version. To read from a literal string, wrap it in a 'StringIO' object.
[2025-06-15T15:31:03.011+0000] {logging_mixin.py:188} WARNING - /opt/***/plugins/nba_lib/utils.py:118 FutureWarning: Passing literal html to 'read_html' is deprecated and will be removed in a future version. To read from a literal string, wrap it in a 'StringIO' object.
[2025-06-15T15:31:03.026+0000] {logging_mixin.py:188} INFO - Fetched 18 players for Houston Rockets.
[2025-06-15T15:31:05.030+0000] {logging_mixin.py:188} INFO - Fetching roster for Indiana Pacers (IND)...
[2025-06-15T15:31:07.145+0000] {logging_mixin.py:188} WARNING - /opt/***/plugins/nba_lib/teams.py:21 FutureWarning: Passing literal html to 'read_html' is deprecated and will be removed in a future version. To read from a literal string, wrap it in a 'StringIO' object.
[2025-06-15T15:31:14.049+0000] {logging_mixin.py:188} WARNING - /opt/***/plugins/nba_lib/utils.py:118 FutureWarning: Passing literal html to 'read_html' is deprecated and will be removed in a future version. To read from a literal string, wrap it in a 'StringIO' object.
[2025-06-15T15:31:16.762+0000] {logging_mixin.py:188} WARNING - /opt/***/plugins/nba_lib/utils.py:118 FutureWarning: Passing literal html to 'read_html' is deprecated and will be removed in a future version. To read from a literal string, wrap it in a 'StringIO' object.
[2025-06-15T15:31:35.864+0000] {logging_mixin.py:188} INFO - Error fetching roster for Indiana Pacers: HTTPSConnectionPool(host='www.basketball-reference.com', port=443): Max retries exceeded with url: /teams/IND/2025.html (Caused by SSLError(SSLZeroReturnError(6, 'TLS/SSL connection has been closed (EOF) (_ssl.c:1133)')))
[2025-06-15T15:31:35.865+0000] {logging_mixin.py:188} INFO - Fetching roster for Los Angeles Clippers (LAC)...
[2025-06-15T15:31:43.323+0000] {logging_mixin.py:188} INFO - Error fetching roster for Los Angeles Clippers: HTTPSConnectionPool(host='www.basketball-reference.com', port=443): Max retries exceeded with url: /teams/LAC/2025.html (Caused by SSLError(SSLZeroReturnError(6, 'TLS/SSL connection has been closed (EOF) (_ssl.c:1133)')))
[2025-06-15T15:31:43.326+0000] {logging_mixin.py:188} INFO - Fetching roster for Los Angeles Lakers (LAL)...
[2025-06-15T15:31:46.620+0000] {logging_mixin.py:188} WARNING - /opt/***/plugins/nba_lib/teams.py:21 FutureWarning: Passing literal html to 'read_html' is deprecated and will be removed in a future version. To read from a literal string, wrap it in a 'StringIO' object.
[2025-06-15T15:31:47.791+0000] {logging_mixin.py:188} WARNING - /opt/***/plugins/nba_lib/utils.py:118 FutureWarning: Passing literal html to 'read_html' is deprecated and will be removed in a future version. To read from a literal string, wrap it in a 'StringIO' object.
[2025-06-15T15:31:54.666+0000] {logging_mixin.py:188} WARNING - /opt/***/plugins/nba_lib/utils.py:118 FutureWarning: Passing literal html to 'read_html' is deprecated and will be removed in a future version. To read from a literal string, wrap it in a 'StringIO' object.
[2025-06-15T15:31:58.099+0000] {logging_mixin.py:188} WARNING - /opt/***/plugins/nba_lib/utils.py:118 FutureWarning: Passing literal html to 'read_html' is deprecated and will be removed in a future version. To read from a literal string, wrap it in a 'StringIO' object.
[2025-06-15T15:32:00.067+0000] {logging_mixin.py:188} WARNING - /opt/***/plugins/nba_lib/utils.py:118 FutureWarning: Passing literal html to 'read_html' is deprecated and will be removed in a future version. To read from a literal string, wrap it in a 'StringIO' object.
[2025-06-15T15:32:00.082+0000] {logging_mixin.py:188} INFO - Fetched 17 players for Los Angeles Lakers.
[2025-06-15T15:32:02.084+0000] {logging_mixin.py:188} INFO - Fetching roster for Memphis Grizzlies (MEM)...
[2025-06-15T15:32:17.699+0000] {logging_mixin.py:188} INFO - Error fetching roster for Memphis Grizzlies: ('Connection aborted.', RemoteDisconnected('Remote end closed connection without response'))
[2025-06-15T15:32:17.702+0000] {logging_mixin.py:188} INFO - Fetching roster for Miami Heat (MIA)...
[2025-06-15T15:32:22.423+0000] {logging_mixin.py:188} WARNING - /opt/***/plugins/nba_lib/teams.py:21 FutureWarning: Passing literal html to 'read_html' is deprecated and will be removed in a future version. To read from a literal string, wrap it in a 'StringIO' object.
[2025-06-15T15:32:28.882+0000] {logging_mixin.py:188} WARNING - /opt/***/plugins/nba_lib/utils.py:118 FutureWarning: Passing literal html to 'read_html' is deprecated and will be removed in a future version. To read from a literal string, wrap it in a 'StringIO' object.
[2025-06-15T15:32:36.260+0000] {logging_mixin.py:188} WARNING - /opt/***/plugins/nba_lib/utils.py:118 FutureWarning: Passing literal html to 'read_html' is deprecated and will be removed in a future version. To read from a literal string, wrap it in a 'StringIO' object.
[2025-06-15T15:32:41.436+0000] {logging_mixin.py:188} WARNING - /opt/***/plugins/nba_lib/utils.py:118 FutureWarning: Passing literal html to 'read_html' is deprecated and will be removed in a future version. To read from a literal string, wrap it in a 'StringIO' object.
[2025-06-15T15:32:43.320+0000] {logging_mixin.py:188} WARNING - /opt/***/plugins/nba_lib/utils.py:118 FutureWarning: Passing literal html to 'read_html' is deprecated and will be removed in a future version. To read from a literal string, wrap it in a 'StringIO' object.
[2025-06-15T15:32:51.631+0000] {logging_mixin.py:188} WARNING - /opt/***/plugins/nba_lib/utils.py:118 FutureWarning: Passing literal html to 'read_html' is deprecated and will be removed in a future version. To read from a literal string, wrap it in a 'StringIO' object.
[2025-06-15T15:32:53.453+0000] {logging_mixin.py:188} WARNING - /opt/***/plugins/nba_lib/utils.py:118 FutureWarning: Passing literal html to 'read_html' is deprecated and will be removed in a future version. To read from a literal string, wrap it in a 'StringIO' object.
[2025-06-15T15:32:53.472+0000] {logging_mixin.py:188} INFO - Fetched 18 players for Miami Heat.
[2025-06-15T15:32:55.477+0000] {logging_mixin.py:188} INFO - Fetching roster for Milwaukee Bucks (MIL)...
[2025-06-15T15:32:59.101+0000] {logging_mixin.py:188} WARNING - /opt/***/plugins/nba_lib/teams.py:21 FutureWarning: Passing literal html to 'read_html' is deprecated and will be removed in a future version. To read from a literal string, wrap it in a 'StringIO' object.
[2025-06-15T15:33:05.038+0000] {logging_mixin.py:188} WARNING - /opt/***/plugins/nba_lib/utils.py:118 FutureWarning: Passing literal html to 'read_html' is deprecated and will be removed in a future version. To read from a literal string, wrap it in a 'StringIO' object.
[2025-06-15T15:33:09.045+0000] {logging_mixin.py:188} WARNING - /opt/***/plugins/nba_lib/utils.py:118 FutureWarning: Passing literal html to 'read_html' is deprecated and will be removed in a future version. To read from a literal string, wrap it in a 'StringIO' object.
[2025-06-15T15:33:12.736+0000] {logging_mixin.py:188} WARNING - /opt/***/plugins/nba_lib/utils.py:118 FutureWarning: Passing literal html to 'read_html' is deprecated and will be removed in a future version. To read from a literal string, wrap it in a 'StringIO' object.
[2025-06-15T15:33:17.969+0000] {logging_mixin.py:188} WARNING - /opt/***/plugins/nba_lib/utils.py:118 FutureWarning: Passing literal html to 'read_html' is deprecated and will be removed in a future version. To read from a literal string, wrap it in a 'StringIO' object.
[2025-06-15T15:33:19.049+0000] {logging_mixin.py:188} WARNING - /opt/***/plugins/nba_lib/utils.py:118 FutureWarning: Passing literal html to 'read_html' is deprecated and will be removed in a future version. To read from a literal string, wrap it in a 'StringIO' object.
[2025-06-15T15:33:22.563+0000] {logging_mixin.py:188} WARNING - /opt/***/plugins/nba_lib/utils.py:118 FutureWarning: Passing literal html to 'read_html' is deprecated and will be removed in a future version. To read from a literal string, wrap it in a 'StringIO' object.
[2025-06-15T15:33:26.307+0000] {logging_mixin.py:188} WARNING - /opt/***/plugins/nba_lib/utils.py:118 FutureWarning: Passing literal html to 'read_html' is deprecated and will be removed in a future version. To read from a literal string, wrap it in a 'StringIO' object.
[2025-06-15T15:33:26.321+0000] {logging_mixin.py:188} INFO - Fetched 18 players for Milwaukee Bucks.
[2025-06-15T15:33:28.323+0000] {logging_mixin.py:188} INFO - Fetching roster for Minnesota Timberwolves (MIN)...
[2025-06-15T15:33:31.766+0000] {logging_mixin.py:188} WARNING - /opt/***/plugins/nba_lib/teams.py:21 FutureWarning: Passing literal html to 'read_html' is deprecated and will be removed in a future version. To read from a literal string, wrap it in a 'StringIO' object.
[2025-06-15T15:33:35.759+0000] {logging_mixin.py:188} WARNING - /opt/***/plugins/nba_lib/utils.py:118 FutureWarning: Passing literal html to 'read_html' is deprecated and will be removed in a future version. To read from a literal string, wrap it in a 'StringIO' object.
[2025-06-15T15:33:39.340+0000] {logging_mixin.py:188} WARNING - /opt/***/plugins/nba_lib/utils.py:118 FutureWarning: Passing literal html to 'read_html' is deprecated and will be removed in a future version. To read from a literal string, wrap it in a 'StringIO' object.
[2025-06-15T15:33:43.044+0000] {logging_mixin.py:188} WARNING - /opt/***/plugins/nba_lib/utils.py:118 FutureWarning: Passing literal html to 'read_html' is deprecated and will be removed in a future version. To read from a literal string, wrap it in a 'StringIO' object.
[2025-06-15T15:33:46.750+0000] {logging_mixin.py:188} WARNING - /opt/***/plugins/nba_lib/utils.py:118 FutureWarning: Passing literal html to 'read_html' is deprecated and will be removed in a future version. To read from a literal string, wrap it in a 'StringIO' object.
[2025-06-15T15:33:50.243+0000] {logging_mixin.py:188} WARNING - /opt/***/plugins/nba_lib/utils.py:118 FutureWarning: Passing literal html to 'read_html' is deprecated and will be removed in a future version. To read from a literal string, wrap it in a 'StringIO' object.
[2025-06-15T15:33:50.258+0000] {logging_mixin.py:188} INFO - Fetched 18 players for Minnesota Timberwolves.
[2025-06-15T15:33:52.261+0000] {logging_mixin.py:188} INFO - Fetching roster for New Orleans Pelicans (NOP)...
[2025-06-15T15:33:55.744+0000] {logging_mixin.py:188} WARNING - /opt/***/plugins/nba_lib/teams.py:21 FutureWarning: Passing literal html to 'read_html' is deprecated and will be removed in a future version. To read from a literal string, wrap it in a 'StringIO' object.
[2025-06-15T15:33:59.425+0000] {logging_mixin.py:188} WARNING - /opt/***/plugins/nba_lib/utils.py:118 FutureWarning: Passing literal html to 'read_html' is deprecated and will be removed in a future version. To read from a literal string, wrap it in a 'StringIO' object.
[2025-06-15T15:34:02.965+0000] {logging_mixin.py:188} WARNING - /opt/***/plugins/nba_lib/utils.py:118 FutureWarning: Passing literal html to 'read_html' is deprecated and will be removed in a future version. To read from a literal string, wrap it in a 'StringIO' object.
[2025-06-15T15:34:06.450+0000] {logging_mixin.py:188} WARNING - /opt/***/plugins/nba_lib/utils.py:118 FutureWarning: Passing literal html to 'read_html' is deprecated and will be removed in a future version. To read from a literal string, wrap it in a 'StringIO' object.
[2025-06-15T15:34:10.848+0000] {logging_mixin.py:188} WARNING - /opt/***/plugins/nba_lib/utils.py:118 FutureWarning: Passing literal html to 'read_html' is deprecated and will be removed in a future version. To read from a literal string, wrap it in a 'StringIO' object.
[2025-06-15T15:34:21.523+0000] {logging_mixin.py:188} WARNING - /opt/***/plugins/nba_lib/utils.py:118 FutureWarning: Passing literal html to 'read_html' is deprecated and will be removed in a future version. To read from a literal string, wrap it in a 'StringIO' object.
[2025-06-15T15:34:30.046+0000] {logging_mixin.py:188} WARNING - /opt/***/plugins/nba_lib/utils.py:118 FutureWarning: Passing literal html to 'read_html' is deprecated and will be removed in a future version. To read from a literal string, wrap it in a 'StringIO' object.
[2025-06-15T15:34:30.060+0000] {logging_mixin.py:188} INFO - Fetched 19 players for New Orleans Pelicans.
[2025-06-15T15:34:32.064+0000] {logging_mixin.py:188} INFO - Fetching roster for New York Knicks (NYK)...
[2025-06-15T15:34:33.492+0000] {logging_mixin.py:188} WARNING - /opt/***/plugins/nba_lib/teams.py:21 FutureWarning: Passing literal html to 'read_html' is deprecated and will be removed in a future version. To read from a literal string, wrap it in a 'StringIO' object.
[2025-06-15T15:34:39.018+0000] {logging_mixin.py:188} WARNING - /opt/***/plugins/nba_lib/utils.py:118 FutureWarning: Passing literal html to 'read_html' is deprecated and will be removed in a future version. To read from a literal string, wrap it in a 'StringIO' object.
[2025-06-15T15:34:51.409+0000] {logging_mixin.py:188} WARNING - /opt/***/plugins/nba_lib/utils.py:118 FutureWarning: Passing literal html to 'read_html' is deprecated and will be removed in a future version. To read from a literal string, wrap it in a 'StringIO' object.
[2025-06-15T15:35:07.374+0000] {logging_mixin.py:188} WARNING - /opt/***/plugins/nba_lib/utils.py:118 FutureWarning: Passing literal html to 'read_html' is deprecated and will be removed in a future version. To read from a literal string, wrap it in a 'StringIO' object.
[2025-06-15T15:35:27.251+0000] {logging_mixin.py:188} WARNING - /opt/***/plugins/nba_lib/utils.py:118 FutureWarning: Passing literal html to 'read_html' is deprecated and will be removed in a future version. To read from a literal string, wrap it in a 'StringIO' object.
[2025-06-15T15:35:29.563+0000] {logging_mixin.py:188} WARNING - /opt/***/plugins/nba_lib/utils.py:118 FutureWarning: Passing literal html to 'read_html' is deprecated and will be removed in a future version. To read from a literal string, wrap it in a 'StringIO' object.
[2025-06-15T15:35:29.578+0000] {logging_mixin.py:188} INFO - Fetched 18 players for New York Knicks.
[2025-06-15T15:35:31.582+0000] {logging_mixin.py:188} INFO - Fetching roster for Oklahoma City Thunder (OKC)...
[2025-06-15T15:35:32.214+0000] {logging_mixin.py:188} WARNING - /opt/***/plugins/nba_lib/teams.py:21 FutureWarning: Passing literal html to 'read_html' is deprecated and will be removed in a future version. To read from a literal string, wrap it in a 'StringIO' object.
[2025-06-15T15:35:36.432+0000] {logging_mixin.py:188} WARNING - /opt/***/plugins/nba_lib/utils.py:118 FutureWarning: Passing literal html to 'read_html' is deprecated and will be removed in a future version. To read from a literal string, wrap it in a 'StringIO' object.
[2025-06-15T15:35:40.185+0000] {logging_mixin.py:188} WARNING - /opt/***/plugins/nba_lib/utils.py:118 FutureWarning: Passing literal html to 'read_html' is deprecated and will be removed in a future version. To read from a literal string, wrap it in a 'StringIO' object.
[2025-06-15T15:35:43.950+0000] {logging_mixin.py:188} WARNING - /opt/***/plugins/nba_lib/utils.py:118 FutureWarning: Passing literal html to 'read_html' is deprecated and will be removed in a future version. To read from a literal string, wrap it in a 'StringIO' object.
[2025-06-15T15:35:47.602+0000] {logging_mixin.py:188} WARNING - /opt/***/plugins/nba_lib/utils.py:118 FutureWarning: Passing literal html to 'read_html' is deprecated and will be removed in a future version. To read from a literal string, wrap it in a 'StringIO' object.
[2025-06-15T15:35:47.747+0000] {logging_mixin.py:188} WARNING - /opt/***/plugins/nba_lib/utils.py:118 FutureWarning: Passing literal html to 'read_html' is deprecated and will be removed in a future version. To read from a literal string, wrap it in a 'StringIO' object.
[2025-06-15T15:35:47.766+0000] {logging_mixin.py:188} INFO - Fetched 18 players for Oklahoma City Thunder.
[2025-06-15T15:35:49.769+0000] {logging_mixin.py:188} INFO - Fetching roster for Orlando Magic (ORL)...
[2025-06-15T15:35:53.579+0000] {logging_mixin.py:188} WARNING - /opt/***/plugins/nba_lib/teams.py:21 FutureWarning: Passing literal html to 'read_html' is deprecated and will be removed in a future version. To read from a literal string, wrap it in a 'StringIO' object.
[2025-06-15T15:35:57.206+0000] {logging_mixin.py:188} WARNING - /opt/***/plugins/nba_lib/utils.py:118 FutureWarning: Passing literal html to 'read_html' is deprecated and will be removed in a future version. To read from a literal string, wrap it in a 'StringIO' object.
[2025-06-15T15:36:00.854+0000] {logging_mixin.py:188} WARNING - /opt/***/plugins/nba_lib/utils.py:118 FutureWarning: Passing literal html to 'read_html' is deprecated and will be removed in a future version. To read from a literal string, wrap it in a 'StringIO' object.
[2025-06-15T15:36:04.434+0000] {logging_mixin.py:188} WARNING - /opt/***/plugins/nba_lib/utils.py:118 FutureWarning: Passing literal html to 'read_html' is deprecated and will be removed in a future version. To read from a literal string, wrap it in a 'StringIO' object.
[2025-06-15T15:36:08.137+0000] {logging_mixin.py:188} WARNING - /opt/***/plugins/nba_lib/utils.py:118 FutureWarning: Passing literal html to 'read_html' is deprecated and will be removed in a future version. To read from a literal string, wrap it in a 'StringIO' object.
[2025-06-15T15:36:11.799+0000] {logging_mixin.py:188} WARNING - /opt/***/plugins/nba_lib/utils.py:118 FutureWarning: Passing literal html to 'read_html' is deprecated and will be removed in a future version. To read from a literal string, wrap it in a 'StringIO' object.
[2025-06-15T15:36:11.824+0000] {logging_mixin.py:188} INFO - Fetched 18 players for Orlando Magic.
[2025-06-15T15:36:13.830+0000] {logging_mixin.py:188} INFO - Fetching roster for Philadelphia 76ers (PHI)...
[2025-06-15T15:36:17.794+0000] {logging_mixin.py:188} WARNING - /opt/***/plugins/nba_lib/teams.py:21 FutureWarning: Passing literal html to 'read_html' is deprecated and will be removed in a future version. To read from a literal string, wrap it in a 'StringIO' object.
[2025-06-15T15:36:42.692+0000] {logging_mixin.py:188} INFO - Error fetching roster for Philadelphia 76ers: HTTPSConnectionPool(host='www.basketball-reference.com', port=443): Max retries exceeded with url: /teams/PHI/2025.html (Caused by SSLError(SSLZeroReturnError(6, 'TLS/SSL connection has been closed (EOF) (_ssl.c:1133)')))
[2025-06-15T15:36:42.693+0000] {logging_mixin.py:188} INFO - Fetching roster for Phoenix Suns (PHO)...
[2025-06-15T15:36:58.658+0000] {logging_mixin.py:188} INFO - Error fetching roster for Phoenix Suns: HTTPSConnectionPool(host='www.basketball-reference.com', port=443): Max retries exceeded with url: /teams/PHO/2025.html (Caused by SSLError(SSLZeroReturnError(6, 'TLS/SSL connection has been closed (EOF) (_ssl.c:1133)')))
[2025-06-15T15:36:58.660+0000] {logging_mixin.py:188} INFO - Fetching roster for Portland Trail Blazers (POR)...
[2025-06-15T15:37:55.298+0000] {logging_mixin.py:188} INFO - Error fetching roster for Portland Trail Blazers: HTTPSConnectionPool(host='www.basketball-reference.com', port=443): Max retries exceeded with url: /teams/POR/2025.html (Caused by SSLError(SSLZeroReturnError(6, 'TLS/SSL connection has been closed (EOF) (_ssl.c:1133)')))
[2025-06-15T15:37:55.300+0000] {logging_mixin.py:188} INFO - Fetching roster for Sacramento Kings (SAC)...
[2025-06-15T15:38:16.044+0000] {logging_mixin.py:188} INFO - Error fetching roster for Sacramento Kings: HTTPSConnectionPool(host='www.basketball-reference.com', port=443): Max retries exceeded with url: /teams/SAC/2025.html (Caused by SSLError(SSLZeroReturnError(6, 'TLS/SSL connection has been closed (EOF) (_ssl.c:1133)')))
[2025-06-15T15:38:16.045+0000] {logging_mixin.py:188} INFO - Fetching roster for San Antonio Spurs (SAS)...
[2025-06-15T15:38:32.045+0000] {logging_mixin.py:188} WARNING - /opt/***/plugins/nba_lib/teams.py:21 FutureWarning: Passing literal html to 'read_html' is deprecated and will be removed in a future version. To read from a literal string, wrap it in a 'StringIO' object.
[2025-06-15T15:38:33.055+0000] {logging_mixin.py:188} WARNING - /opt/***/plugins/nba_lib/utils.py:118 FutureWarning: Passing literal html to 'read_html' is deprecated and will be removed in a future version. To read from a literal string, wrap it in a 'StringIO' object.
[2025-06-15T15:38:38.808+0000] {logging_mixin.py:188} WARNING - /opt/***/plugins/nba_lib/utils.py:118 FutureWarning: Passing literal html to 'read_html' is deprecated and will be removed in a future version. To read from a literal string, wrap it in a 'StringIO' object.
[2025-06-15T15:38:49.564+0000] {logging_mixin.py:188} WARNING - /opt/***/plugins/nba_lib/utils.py:118 FutureWarning: Passing literal html to 'read_html' is deprecated and will be removed in a future version. To read from a literal string, wrap it in a 'StringIO' object.
[2025-06-15T15:38:51.649+0000] {logging_mixin.py:188} WARNING - /opt/***/plugins/nba_lib/utils.py:118 FutureWarning: Passing literal html to 'read_html' is deprecated and will be removed in a future version. To read from a literal string, wrap it in a 'StringIO' object.
[2025-06-15T15:38:51.666+0000] {logging_mixin.py:188} INFO - Fetched 18 players for San Antonio Spurs.
[2025-06-15T15:38:53.668+0000] {logging_mixin.py:188} INFO - Fetching roster for Toronto Raptors (TOR)...
[2025-06-15T15:38:54.208+0000] {logging_mixin.py:188} WARNING - /opt/***/plugins/nba_lib/teams.py:21 FutureWarning: Passing literal html to 'read_html' is deprecated and will be removed in a future version. To read from a literal string, wrap it in a 'StringIO' object.
[2025-06-15T15:38:57.723+0000] {logging_mixin.py:188} WARNING - /opt/***/plugins/nba_lib/utils.py:118 FutureWarning: Passing literal html to 'read_html' is deprecated and will be removed in a future version. To read from a literal string, wrap it in a 'StringIO' object.
[2025-06-15T15:39:01.358+0000] {logging_mixin.py:188} WARNING - /opt/***/plugins/nba_lib/utils.py:118 FutureWarning: Passing literal html to 'read_html' is deprecated and will be removed in a future version. To read from a literal string, wrap it in a 'StringIO' object.
[2025-06-15T15:39:06.995+0000] {logging_mixin.py:188} WARNING - /opt/***/plugins/nba_lib/utils.py:118 FutureWarning: Passing literal html to 'read_html' is deprecated and will be removed in a future version. To read from a literal string, wrap it in a 'StringIO' object.
[2025-06-15T15:39:10.651+0000] {logging_mixin.py:188} WARNING - /opt/***/plugins/nba_lib/utils.py:118 FutureWarning: Passing literal html to 'read_html' is deprecated and will be removed in a future version. To read from a literal string, wrap it in a 'StringIO' object.
[2025-06-15T15:39:10.666+0000] {logging_mixin.py:188} INFO - Fetched 17 players for Toronto Raptors.
[2025-06-15T15:39:12.669+0000] {logging_mixin.py:188} INFO - Fetching roster for Utah Jazz (UTA)...
[2025-06-15T15:39:16.265+0000] {logging_mixin.py:188} WARNING - /opt/***/plugins/nba_lib/teams.py:21 FutureWarning: Passing literal html to 'read_html' is deprecated and will be removed in a future version. To read from a literal string, wrap it in a 'StringIO' object.
[2025-06-15T15:39:19.715+0000] {logging_mixin.py:188} WARNING - /opt/***/plugins/nba_lib/utils.py:118 FutureWarning: Passing literal html to 'read_html' is deprecated and will be removed in a future version. To read from a literal string, wrap it in a 'StringIO' object.
[2025-06-15T15:39:23.211+0000] {logging_mixin.py:188} WARNING - /opt/***/plugins/nba_lib/utils.py:118 FutureWarning: Passing literal html to 'read_html' is deprecated and will be removed in a future version. To read from a literal string, wrap it in a 'StringIO' object.
[2025-06-15T15:39:26.774+0000] {logging_mixin.py:188} WARNING - /opt/***/plugins/nba_lib/utils.py:118 FutureWarning: Passing literal html to 'read_html' is deprecated and will be removed in a future version. To read from a literal string, wrap it in a 'StringIO' object.
[2025-06-15T15:39:26.788+0000] {logging_mixin.py:188} INFO - Fetched 18 players for Utah Jazz.
[2025-06-15T15:39:28.792+0000] {logging_mixin.py:188} INFO - Fetching roster for Washington Wizards (WAS)...
[2025-06-15T15:39:32.378+0000] {logging_mixin.py:188} WARNING - /opt/***/plugins/nba_lib/teams.py:21 FutureWarning: Passing literal html to 'read_html' is deprecated and will be removed in a future version. To read from a literal string, wrap it in a 'StringIO' object.
[2025-06-15T15:39:35.952+0000] {logging_mixin.py:188} WARNING - /opt/***/plugins/nba_lib/utils.py:118 FutureWarning: Passing literal html to 'read_html' is deprecated and will be removed in a future version. To read from a literal string, wrap it in a 'StringIO' object.
[2025-06-15T15:39:39.583+0000] {logging_mixin.py:188} WARNING - /opt/***/plugins/nba_lib/utils.py:118 FutureWarning: Passing literal html to 'read_html' is deprecated and will be removed in a future version. To read from a literal string, wrap it in a 'StringIO' object.
[2025-06-15T15:39:43.059+0000] {logging_mixin.py:188} WARNING - /opt/***/plugins/nba_lib/utils.py:118 FutureWarning: Passing literal html to 'read_html' is deprecated and will be removed in a future version. To read from a literal string, wrap it in a 'StringIO' object.
[2025-06-15T15:39:43.073+0000] {logging_mixin.py:188} INFO - Fetched 18 players for Washington Wizards.
[2025-06-15T15:39:45.076+0000] {taskinstance.py:441} INFO - ::group::Post task execution logs
[2025-06-15T15:39:45.078+0000] {taskinstance.py:2905} ERROR - Task failed with exception
Traceback (most recent call last):
  File "/home/airflow/.local/lib/python3.9/site-packages/airflow/models/taskinstance.py", line 465, in _execute_task
    result = _execute_callable(context=context, **execute_callable_kwargs)
  File "/home/airflow/.local/lib/python3.9/site-packages/airflow/models/taskinstance.py", line 432, in _execute_callable
    return execute_callable(context=context, **execute_callable_kwargs)
  File "/home/airflow/.local/lib/python3.9/site-packages/airflow/models/baseoperator.py", line 400, in wrapper
    return func(self, *args, **kwargs)
  File "/home/airflow/.local/lib/python3.9/site-packages/airflow/operators/python.py", line 235, in execute
    return_value = self.execute_callable()
  File "/home/airflow/.local/lib/python3.9/site-packages/airflow/operators/python.py", line 252, in execute_callable
    return self.python_callable(*self.op_args, **self.op_kwargs)
  File "/opt/airflow/dags/etl_pipeline.py", line 257, in fetch_and_load_roster_to_stage
    load_df_to_postgres(all_rosters, table_name=table_name, conn_string=conn_string, create_table_query=create_table_query)
  File "/opt/airflow/dags/etl_pipeline.py", line 45, in load_df_to_postgres
    if df.empty:
AttributeError: 'list' object has no attribute 'empty'
[2025-06-15T15:39:45.107+0000] {taskinstance.py:1206} INFO - Marking task as UP_FOR_RETRY. dag_id=nba_etl_to_postgres, task_id=fetch_roster_and_load_to_postgres, run_id=manual__2025-06-15T15:26:29.946281+00:00, execution_date=20250615T152629, start_date=20250615T152635, end_date=20250615T153945
[2025-06-15T15:39:45.161+0000] {standard_task_runner.py:110} ERROR - Failed to execute job 36 for task fetch_roster_and_load_to_postgres ('list' object has no attribute 'empty'; 1105)
[2025-06-15T15:39:45.181+0000] {local_task_job_runner.py:240} INFO - Task exited with return code 1
[2025-06-15T15:39:45.200+0000] {taskinstance.py:3498} INFO - 0 downstream tasks scheduled from follow-on schedule check
[2025-06-15T15:39:45.241+0000] {local_task_job_runner.py:222} INFO - ::endgroup::
