[2025-06-16T15:50:56.460+0000] {local_task_job_runner.py:120} INFO - ::group::Pre task execution logs
[2025-06-16T15:50:56.570+0000] {taskinstance.py:2076} INFO - Dependencies all met for dep_context=non-requeueable deps ti=<TaskInstance: nba_etl_to_postgres.fetch_schedule_and_load_to_postgres manual__2025-06-16T15:50:54.736020+00:00 [queued]>
[2025-06-16T15:50:56.932+0000] {taskinstance.py:2076} INFO - Dependencies all met for dep_context=requeueable deps ti=<TaskInstance: nba_etl_to_postgres.fetch_schedule_and_load_to_postgres manual__2025-06-16T15:50:54.736020+00:00 [queued]>
[2025-06-16T15:50:56.933+0000] {taskinstance.py:2306} INFO - Starting attempt 1 of 2
[2025-06-16T15:50:57.099+0000] {taskinstance.py:2330} INFO - Executing <Task(PythonOperator): fetch_schedule_and_load_to_postgres> on 2025-06-16 15:50:54.736020+00:00
[2025-06-16T15:50:57.114+0000] {standard_task_runner.py:63} INFO - Started process 4716 to run task
[2025-06-16T15:50:57.121+0000] {standard_task_runner.py:90} INFO - Running: ['***', 'tasks', 'run', 'nba_etl_to_postgres', 'fetch_schedule_and_load_to_postgres', 'manual__2025-06-16T15:50:54.736020+00:00', '--job-id', '42', '--raw', '--subdir', 'DAGS_FOLDER/etl_pipeline.py', '--cfg-path', '/tmp/tmph2u82r31']
[2025-06-16T15:50:57.123+0000] {standard_task_runner.py:91} INFO - Job 42: Subtask fetch_schedule_and_load_to_postgres
[2025-06-16T15:50:57.262+0000] {task_command.py:426} INFO - Running <TaskInstance: nba_etl_to_postgres.fetch_schedule_and_load_to_postgres manual__2025-06-16T15:50:54.736020+00:00 [running]> on host 11d91b3c2b82
[2025-06-16T15:50:57.485+0000] {taskinstance.py:2648} INFO - Exporting env vars: AIRFLOW_CTX_DAG_OWNER='***' AIRFLOW_CTX_DAG_ID='nba_etl_to_postgres' AIRFLOW_CTX_TASK_ID='fetch_schedule_and_load_to_postgres' AIRFLOW_CTX_EXECUTION_DATE='2025-06-16T15:50:54.736020+00:00' AIRFLOW_CTX_TRY_NUMBER='1' AIRFLOW_CTX_DAG_RUN_ID='manual__2025-06-16T15:50:54.736020+00:00'
[2025-06-16T15:50:57.486+0000] {taskinstance.py:430} INFO - ::endgroup::
[2025-06-16T15:50:57.504+0000] {logging_mixin.py:188} INFO - Fetching schedule from NBA API...
[2025-06-16T15:50:59.091+0000] {logging_mixin.py:188} INFO - Successfully fetched and transformed 1321 games.
[2025-06-16T15:50:59.092+0000] {logging_mixin.py:188} INFO - Preparing to load data into staging table: stgschedule
[2025-06-16T15:50:59.097+0000] {logging_mixin.py:188} INFO - Ensuring table 'stgschedule' exists...
[2025-06-16T15:50:59.099+0000] {logging_mixin.py:188} INFO - Table 'stgschedule' is ready.
[2025-06-16T15:50:59.107+0000] {logging_mixin.py:188} INFO - Loading 1321 rows into stgschedule...
[2025-06-16T15:50:59.136+0000] {logging_mixin.py:188} INFO - 1321 rows loaded successfully to stgschedule.
[2025-06-16T15:50:59.178+0000] {python.py:237} INFO - Done. Returned value was: None
[2025-06-16T15:50:59.179+0000] {taskinstance.py:441} INFO - ::group::Post task execution logs
[2025-06-16T15:50:59.199+0000] {taskinstance.py:1206} INFO - Marking task as SUCCESS. dag_id=nba_etl_to_postgres, task_id=fetch_schedule_and_load_to_postgres, run_id=manual__2025-06-16T15:50:54.736020+00:00, execution_date=20250616T155054, start_date=20250616T155056, end_date=20250616T155059
[2025-06-16T15:50:59.273+0000] {local_task_job_runner.py:240} INFO - Task exited with return code 0
[2025-06-16T15:50:59.300+0000] {taskinstance.py:3498} INFO - 1 downstream tasks scheduled from follow-on schedule check
[2025-06-16T15:50:59.327+0000] {local_task_job_runner.py:222} INFO - ::endgroup::
