[2025-06-15T08:39:16.659+0000] {local_task_job_runner.py:120} INFO - ::group::Pre task execution logs
[2025-06-15T08:39:16.706+0000] {taskinstance.py:2076} INFO - Dependencies all met for dep_context=non-requeueable deps ti=<TaskInstance: nba_etl_to_postgres.fetch_schedule_and_load_to_postgres scheduled__2025-06-08T00:00:00+00:00 [queued]>
[2025-06-15T08:39:16.721+0000] {taskinstance.py:2076} INFO - Dependencies all met for dep_context=requeueable deps ti=<TaskInstance: nba_etl_to_postgres.fetch_schedule_and_load_to_postgres scheduled__2025-06-08T00:00:00+00:00 [queued]>
[2025-06-15T08:39:16.722+0000] {taskinstance.py:2306} INFO - Starting attempt 1 of 2
[2025-06-15T08:39:17.138+0000] {taskinstance.py:2330} INFO - Executing <Task(PythonOperator): fetch_schedule_and_load_to_postgres> on 2025-06-08 00:00:00+00:00
[2025-06-15T08:39:17.144+0000] {standard_task_runner.py:63} INFO - Started process 507 to run task
[2025-06-15T08:39:17.149+0000] {standard_task_runner.py:90} INFO - Running: ['***', 'tasks', 'run', 'nba_etl_to_postgres', 'fetch_schedule_and_load_to_postgres', 'scheduled__2025-06-08T00:00:00+00:00', '--job-id', '10', '--raw', '--subdir', 'DAGS_FOLDER/etl_pipeline.py', '--cfg-path', '/tmp/tmpw9uogfpe']
[2025-06-15T08:39:17.151+0000] {standard_task_runner.py:91} INFO - Job 10: Subtask fetch_schedule_and_load_to_postgres
[2025-06-15T08:39:17.349+0000] {task_command.py:426} INFO - Running <TaskInstance: nba_etl_to_postgres.fetch_schedule_and_load_to_postgres scheduled__2025-06-08T00:00:00+00:00 [running]> on host 2381ae9906a5
[2025-06-15T08:39:17.547+0000] {taskinstance.py:2648} INFO - Exporting env vars: AIRFLOW_CTX_DAG_OWNER='***' AIRFLOW_CTX_DAG_ID='nba_etl_to_postgres' AIRFLOW_CTX_TASK_ID='fetch_schedule_and_load_to_postgres' AIRFLOW_CTX_EXECUTION_DATE='2025-06-08T00:00:00+00:00' AIRFLOW_CTX_TRY_NUMBER='1' AIRFLOW_CTX_DAG_RUN_ID='scheduled__2025-06-08T00:00:00+00:00'
[2025-06-15T08:39:17.548+0000] {taskinstance.py:430} INFO - ::endgroup::
[2025-06-15T08:39:17.595+0000] {logging_mixin.py:188} INFO - Initializing Selenium driver...
[2025-06-15T08:39:17.734+0000] {selenium_manager.py:137} WARNING - Exception managing chrome: error sending request for url (https://googlechromelabs.github.io/chrome-for-testing/known-good-versions-with-downloads.json)
[2025-06-15T08:39:18.132+0000] {logging_mixin.py:188} INFO - Selenium driver initialized successfully.
[2025-06-15T08:39:18.133+0000] {logging_mixin.py:188} INFO - Fetching schedule from NBA API...
[2025-06-15T08:39:18.146+0000] {taskinstance.py:441} INFO - ::group::Post task execution logs
[2025-06-15T08:39:18.147+0000] {taskinstance.py:2905} ERROR - Task failed with exception
Traceback (most recent call last):
  File "/home/airflow/.local/lib/python3.9/site-packages/urllib3/connection.py", line 198, in _new_conn
    sock = connection.create_connection(
  File "/home/airflow/.local/lib/python3.9/site-packages/urllib3/util/connection.py", line 60, in create_connection
    for res in socket.getaddrinfo(host, port, family, socket.SOCK_STREAM):
  File "/usr/local/lib/python3.9/socket.py", line 954, in getaddrinfo
    for res in _socket.getaddrinfo(host, port, family, type, proto, flags):
socket.gaierror: [Errno -2] Name or service not known

The above exception was the direct cause of the following exception:

Traceback (most recent call last):
  File "/home/airflow/.local/lib/python3.9/site-packages/urllib3/connectionpool.py", line 787, in urlopen
    response = self._make_request(
  File "/home/airflow/.local/lib/python3.9/site-packages/urllib3/connectionpool.py", line 488, in _make_request
    raise new_e
  File "/home/airflow/.local/lib/python3.9/site-packages/urllib3/connectionpool.py", line 464, in _make_request
    self._validate_conn(conn)
  File "/home/airflow/.local/lib/python3.9/site-packages/urllib3/connectionpool.py", line 1093, in _validate_conn
    conn.connect()
  File "/home/airflow/.local/lib/python3.9/site-packages/urllib3/connection.py", line 704, in connect
    self.sock = sock = self._new_conn()
  File "/home/airflow/.local/lib/python3.9/site-packages/urllib3/connection.py", line 205, in _new_conn
    raise NameResolutionError(self.host, self, e) from e
urllib3.exceptions.NameResolutionError: <urllib3.connection.HTTPSConnection object at 0x76af9ff5f1c0>: Failed to resolve 'cdn.nba.com' ([Errno -2] Name or service not known)

The above exception was the direct cause of the following exception:

Traceback (most recent call last):
  File "/home/airflow/.local/lib/python3.9/site-packages/requests/adapters.py", line 486, in send
    resp = conn.urlopen(
  File "/home/airflow/.local/lib/python3.9/site-packages/urllib3/connectionpool.py", line 841, in urlopen
    retries = retries.increment(
  File "/home/airflow/.local/lib/python3.9/site-packages/urllib3/util/retry.py", line 519, in increment
    raise MaxRetryError(_pool, url, reason) from reason  # type: ignore[arg-type]
urllib3.exceptions.MaxRetryError: HTTPSConnectionPool(host='cdn.nba.com', port=443): Max retries exceeded with url: /static/json/staticData/scheduleLeagueV2.json (Caused by NameResolutionError("<urllib3.connection.HTTPSConnection object at 0x76af9ff5f1c0>: Failed to resolve 'cdn.nba.com' ([Errno -2] Name or service not known)"))

During handling of the above exception, another exception occurred:

Traceback (most recent call last):
  File "/home/airflow/.local/lib/python3.9/site-packages/airflow/models/taskinstance.py", line 465, in _execute_task
    result = _execute_callable(context=context, **execute_callable_kwargs)
  File "/home/airflow/.local/lib/python3.9/site-packages/airflow/models/taskinstance.py", line 432, in _execute_callable
    return execute_callable(context=context, **execute_callable_kwargs)
  File "/home/airflow/.local/lib/python3.9/site-packages/airflow/models/baseoperator.py", line 400, in wrapper
    return func(self, *args, **kwargs)
  File "/home/airflow/.local/lib/python3.9/site-packages/airflow/operators/python.py", line 235, in execute
    return_value = self.execute_callable()
  File "/home/airflow/.local/lib/python3.9/site-packages/airflow/operators/python.py", line 252, in execute_callable
    return self.python_callable(*self.op_args, **self.op_kwargs)
  File "/opt/airflow/dags/etl_pipeline.py", line 73, in fetch_and_load_schedule_to_stage
    res = requests.get(url)
  File "/home/airflow/.local/lib/python3.9/site-packages/requests/api.py", line 73, in get
    return request("get", url, params=params, **kwargs)
  File "/home/airflow/.local/lib/python3.9/site-packages/requests/api.py", line 59, in request
    return session.request(method=method, url=url, **kwargs)
  File "/home/airflow/.local/lib/python3.9/site-packages/requests/sessions.py", line 589, in request
    resp = self.send(prep, **send_kwargs)
  File "/home/airflow/.local/lib/python3.9/site-packages/requests/sessions.py", line 703, in send
    r = adapter.send(request, **kwargs)
  File "/home/airflow/.local/lib/python3.9/site-packages/requests/adapters.py", line 519, in send
    raise ConnectionError(e, request=request)
requests.exceptions.ConnectionError: HTTPSConnectionPool(host='cdn.nba.com', port=443): Max retries exceeded with url: /static/json/staticData/scheduleLeagueV2.json (Caused by NameResolutionError("<urllib3.connection.HTTPSConnection object at 0x76af9ff5f1c0>: Failed to resolve 'cdn.nba.com' ([Errno -2] Name or service not known)"))
[2025-06-15T08:39:18.762+0000] {taskinstance.py:1206} INFO - Marking task as UP_FOR_RETRY. dag_id=nba_etl_to_postgres, task_id=fetch_schedule_and_load_to_postgres, run_id=scheduled__2025-06-08T00:00:00+00:00, execution_date=20250608T000000, start_date=20250615T083916, end_date=20250615T083918
[2025-06-15T08:39:19.218+0000] {standard_task_runner.py:110} ERROR - Failed to execute job 10 for task fetch_schedule_and_load_to_postgres (HTTPSConnectionPool(host='cdn.nba.com', port=443): Max retries exceeded with url: /static/json/staticData/scheduleLeagueV2.json (Caused by NameResolutionError("<urllib3.connection.HTTPSConnection object at 0x76af9ff5f1c0>: Failed to resolve 'cdn.nba.com' ([Errno -2] Name or service not known)")); 507)
[2025-06-15T08:39:19.249+0000] {local_task_job_runner.py:240} INFO - Task exited with return code 1
[2025-06-15T08:39:19.265+0000] {taskinstance.py:3498} INFO - 0 downstream tasks scheduled from follow-on schedule check
[2025-06-15T08:39:19.557+0000] {local_task_job_runner.py:222} INFO - ::endgroup::
[2025-06-15T20:37:59.668+0000] {local_task_job_runner.py:120} INFO - ::group::Pre task execution logs
[2025-06-15T20:37:59.760+0000] {taskinstance.py:2076} INFO - Dependencies all met for dep_context=non-requeueable deps ti=<TaskInstance: nba_etl_to_postgres.fetch_schedule_and_load_to_postgres scheduled__2025-06-08T00:00:00+00:00 [queued]>
[2025-06-15T20:37:59.776+0000] {taskinstance.py:2076} INFO - Dependencies all met for dep_context=requeueable deps ti=<TaskInstance: nba_etl_to_postgres.fetch_schedule_and_load_to_postgres scheduled__2025-06-08T00:00:00+00:00 [queued]>
[2025-06-15T20:37:59.777+0000] {taskinstance.py:2306} INFO - Starting attempt 1 of 2
[2025-06-15T20:37:59.877+0000] {taskinstance.py:2330} INFO - Executing <Task(PythonOperator): fetch_schedule_and_load_to_postgres> on 2025-06-08 00:00:00+00:00
[2025-06-15T20:37:59.900+0000] {standard_task_runner.py:63} INFO - Started process 855 to run task
[2025-06-15T20:37:59.915+0000] {standard_task_runner.py:90} INFO - Running: ['***', 'tasks', 'run', 'nba_etl_to_postgres', 'fetch_schedule_and_load_to_postgres', 'scheduled__2025-06-08T00:00:00+00:00', '--job-id', '7', '--raw', '--subdir', 'DAGS_FOLDER/etl_pipeline.py', '--cfg-path', '/tmp/tmpteau41al']
[2025-06-15T20:37:59.920+0000] {standard_task_runner.py:91} INFO - Job 7: Subtask fetch_schedule_and_load_to_postgres
[2025-06-15T20:38:00.351+0000] {task_command.py:426} INFO - Running <TaskInstance: nba_etl_to_postgres.fetch_schedule_and_load_to_postgres scheduled__2025-06-08T00:00:00+00:00 [running]> on host 1c61638087f1
[2025-06-15T20:38:00.591+0000] {taskinstance.py:2648} INFO - Exporting env vars: AIRFLOW_CTX_DAG_OWNER='***' AIRFLOW_CTX_DAG_ID='nba_etl_to_postgres' AIRFLOW_CTX_TASK_ID='fetch_schedule_and_load_to_postgres' AIRFLOW_CTX_EXECUTION_DATE='2025-06-08T00:00:00+00:00' AIRFLOW_CTX_TRY_NUMBER='1' AIRFLOW_CTX_DAG_RUN_ID='scheduled__2025-06-08T00:00:00+00:00'
[2025-06-15T20:38:00.594+0000] {taskinstance.py:430} INFO - ::endgroup::
[2025-06-15T20:38:00.618+0000] {logging_mixin.py:188} INFO - Fetching schedule from NBA API...
[2025-06-15T20:38:08.798+0000] {logging_mixin.py:188} INFO - Successfully fetched and transformed 1321 games.
[2025-06-15T20:38:08.831+0000] {logging_mixin.py:188} INFO - Preparing to load data into staging table: StgSchedule
[2025-06-15T20:38:08.855+0000] {logging_mixin.py:188} INFO - Ensuring table 'StgSchedule' exists...
[2025-06-15T20:38:08.857+0000] {logging_mixin.py:188} INFO - Table 'StgSchedule' is ready.
[2025-06-15T20:38:08.978+0000] {logging_mixin.py:188} INFO - Loading 1321 rows into StgSchedule...
[2025-06-15T20:38:09.502+0000] {logging_mixin.py:188} INFO - 1321 rows loaded successfully to StgSchedule.
[2025-06-15T20:38:09.511+0000] {python.py:237} INFO - Done. Returned value was: None
[2025-06-15T20:38:09.512+0000] {taskinstance.py:441} INFO - ::group::Post task execution logs
[2025-06-15T20:38:09.570+0000] {taskinstance.py:1206} INFO - Marking task as SUCCESS. dag_id=nba_etl_to_postgres, task_id=fetch_schedule_and_load_to_postgres, run_id=scheduled__2025-06-08T00:00:00+00:00, execution_date=20250608T000000, start_date=20250615T203759, end_date=20250615T203809
[2025-06-15T20:38:09.741+0000] {local_task_job_runner.py:240} INFO - Task exited with return code 0
[2025-06-15T20:38:09.772+0000] {taskinstance.py:3498} INFO - 1 downstream tasks scheduled from follow-on schedule check
[2025-06-15T20:38:09.848+0000] {local_task_job_runner.py:222} INFO - ::endgroup::
[2025-06-15T20:39:14.114+0000] {local_task_job_runner.py:120} INFO - ::group::Pre task execution logs
[2025-06-15T20:39:14.150+0000] {taskinstance.py:2076} INFO - Dependencies all met for dep_context=non-requeueable deps ti=<TaskInstance: nba_etl_to_postgres.fetch_schedule_and_load_to_postgres scheduled__2025-06-08T00:00:00+00:00 [queued]>
[2025-06-15T20:39:14.160+0000] {taskinstance.py:2076} INFO - Dependencies all met for dep_context=requeueable deps ti=<TaskInstance: nba_etl_to_postgres.fetch_schedule_and_load_to_postgres scheduled__2025-06-08T00:00:00+00:00 [queued]>
[2025-06-15T20:39:14.161+0000] {taskinstance.py:2306} INFO - Starting attempt 1 of 2
[2025-06-15T20:39:14.200+0000] {taskinstance.py:2330} INFO - Executing <Task(PythonOperator): fetch_schedule_and_load_to_postgres> on 2025-06-08 00:00:00+00:00
[2025-06-15T20:39:14.208+0000] {standard_task_runner.py:63} INFO - Started process 895 to run task
[2025-06-15T20:39:14.213+0000] {standard_task_runner.py:90} INFO - Running: ['***', 'tasks', 'run', 'nba_etl_to_postgres', 'fetch_schedule_and_load_to_postgres', 'scheduled__2025-06-08T00:00:00+00:00', '--job-id', '12', '--raw', '--subdir', 'DAGS_FOLDER/etl_pipeline.py', '--cfg-path', '/tmp/tmp1c4c8duv']
[2025-06-15T20:39:14.216+0000] {standard_task_runner.py:91} INFO - Job 12: Subtask fetch_schedule_and_load_to_postgres
[2025-06-15T20:39:14.429+0000] {task_command.py:426} INFO - Running <TaskInstance: nba_etl_to_postgres.fetch_schedule_and_load_to_postgres scheduled__2025-06-08T00:00:00+00:00 [running]> on host 1c61638087f1
[2025-06-15T20:39:14.623+0000] {taskinstance.py:2648} INFO - Exporting env vars: AIRFLOW_CTX_DAG_OWNER='***' AIRFLOW_CTX_DAG_ID='nba_etl_to_postgres' AIRFLOW_CTX_TASK_ID='fetch_schedule_and_load_to_postgres' AIRFLOW_CTX_EXECUTION_DATE='2025-06-08T00:00:00+00:00' AIRFLOW_CTX_TRY_NUMBER='1' AIRFLOW_CTX_DAG_RUN_ID='scheduled__2025-06-08T00:00:00+00:00'
[2025-06-15T20:39:14.624+0000] {taskinstance.py:430} INFO - ::endgroup::
[2025-06-15T20:39:14.639+0000] {logging_mixin.py:188} INFO - Fetching schedule from NBA API...
[2025-06-15T20:39:15.895+0000] {logging_mixin.py:188} INFO - Successfully fetched and transformed 1321 games.
[2025-06-15T20:39:15.896+0000] {logging_mixin.py:188} INFO - Preparing to load data into staging table: StgSchedule
[2025-06-15T20:39:15.900+0000] {logging_mixin.py:188} INFO - Ensuring table 'StgSchedule' exists...
[2025-06-15T20:39:15.902+0000] {logging_mixin.py:188} INFO - Table 'StgSchedule' is ready.
[2025-06-15T20:39:15.905+0000] {logging_mixin.py:188} INFO - Loading 1321 rows into StgSchedule...
[2025-06-15T20:39:15.968+0000] {logging_mixin.py:188} INFO - 1321 rows loaded successfully to StgSchedule.
[2025-06-15T20:39:15.976+0000] {python.py:237} INFO - Done. Returned value was: None
[2025-06-15T20:39:15.976+0000] {taskinstance.py:441} INFO - ::group::Post task execution logs
[2025-06-15T20:39:15.986+0000] {taskinstance.py:1206} INFO - Marking task as SUCCESS. dag_id=nba_etl_to_postgres, task_id=fetch_schedule_and_load_to_postgres, run_id=scheduled__2025-06-08T00:00:00+00:00, execution_date=20250608T000000, start_date=20250615T203914, end_date=20250615T203915
[2025-06-15T20:39:16.113+0000] {local_task_job_runner.py:240} INFO - Task exited with return code 0
[2025-06-15T20:39:16.134+0000] {taskinstance.py:3498} INFO - 1 downstream tasks scheduled from follow-on schedule check
[2025-06-15T20:39:16.165+0000] {local_task_job_runner.py:222} INFO - ::endgroup::
[2025-06-15T21:03:11.396+0000] {local_task_job_runner.py:120} INFO - ::group::Pre task execution logs
[2025-06-15T21:03:11.499+0000] {taskinstance.py:2076} INFO - Dependencies all met for dep_context=non-requeueable deps ti=<TaskInstance: nba_etl_to_postgres.fetch_schedule_and_load_to_postgres scheduled__2025-06-08T00:00:00+00:00 [queued]>
[2025-06-15T21:03:11.517+0000] {taskinstance.py:2076} INFO - Dependencies all met for dep_context=requeueable deps ti=<TaskInstance: nba_etl_to_postgres.fetch_schedule_and_load_to_postgres scheduled__2025-06-08T00:00:00+00:00 [queued]>
[2025-06-15T21:03:11.519+0000] {taskinstance.py:2306} INFO - Starting attempt 1 of 2
[2025-06-15T21:03:11.584+0000] {taskinstance.py:2330} INFO - Executing <Task(PythonOperator): fetch_schedule_and_load_to_postgres> on 2025-06-08 00:00:00+00:00
[2025-06-15T21:03:11.601+0000] {standard_task_runner.py:63} INFO - Started process 737 to run task
[2025-06-15T21:03:11.610+0000] {standard_task_runner.py:90} INFO - Running: ['***', 'tasks', 'run', 'nba_etl_to_postgres', 'fetch_schedule_and_load_to_postgres', 'scheduled__2025-06-08T00:00:00+00:00', '--job-id', '4', '--raw', '--subdir', 'DAGS_FOLDER/etl_pipeline.py', '--cfg-path', '/tmp/tmpbfvgt_bd']
[2025-06-15T21:03:11.612+0000] {standard_task_runner.py:91} INFO - Job 4: Subtask fetch_schedule_and_load_to_postgres
[2025-06-15T21:03:11.795+0000] {task_command.py:426} INFO - Running <TaskInstance: nba_etl_to_postgres.fetch_schedule_and_load_to_postgres scheduled__2025-06-08T00:00:00+00:00 [running]> on host 10d298296c8f
[2025-06-15T21:03:12.045+0000] {taskinstance.py:2648} INFO - Exporting env vars: AIRFLOW_CTX_DAG_OWNER='***' AIRFLOW_CTX_DAG_ID='nba_etl_to_postgres' AIRFLOW_CTX_TASK_ID='fetch_schedule_and_load_to_postgres' AIRFLOW_CTX_EXECUTION_DATE='2025-06-08T00:00:00+00:00' AIRFLOW_CTX_TRY_NUMBER='1' AIRFLOW_CTX_DAG_RUN_ID='scheduled__2025-06-08T00:00:00+00:00'
[2025-06-15T21:03:12.047+0000] {taskinstance.py:430} INFO - ::endgroup::
[2025-06-15T21:03:12.073+0000] {logging_mixin.py:188} INFO - Fetching schedule from NBA API...
[2025-06-15T21:03:13.736+0000] {logging_mixin.py:188} INFO - Successfully fetched and transformed 1321 games.
[2025-06-15T21:03:13.737+0000] {logging_mixin.py:188} INFO - Preparing to load data into staging table: stgschedule
[2025-06-15T21:03:13.747+0000] {logging_mixin.py:188} INFO - Ensuring table 'stgschedule' exists...
[2025-06-15T21:03:13.946+0000] {logging_mixin.py:188} INFO - Database execution error: duplicate key value violates unique constraint "pg_type_typname_nsp_index"
DETAIL:  Key (typname, typnamespace)=(stgschedule, 2200) already exists.
[2025-06-15T21:03:13.947+0000] {taskinstance.py:441} INFO - ::group::Post task execution logs
[2025-06-15T21:03:13.949+0000] {taskinstance.py:2905} ERROR - Task failed with exception
Traceback (most recent call last):
  File "/home/airflow/.local/lib/python3.9/site-packages/airflow/models/taskinstance.py", line 465, in _execute_task
    result = _execute_callable(context=context, **execute_callable_kwargs)
  File "/home/airflow/.local/lib/python3.9/site-packages/airflow/models/taskinstance.py", line 432, in _execute_callable
    return execute_callable(context=context, **execute_callable_kwargs)
  File "/home/airflow/.local/lib/python3.9/site-packages/airflow/models/baseoperator.py", line 400, in wrapper
    return func(self, *args, **kwargs)
  File "/home/airflow/.local/lib/python3.9/site-packages/airflow/operators/python.py", line 235, in execute
    return_value = self.execute_callable()
  File "/home/airflow/.local/lib/python3.9/site-packages/airflow/operators/python.py", line 252, in execute_callable
    return self.python_callable(*self.op_args, **self.op_kwargs)
  File "/opt/airflow/dags/etl_pipeline.py", line 120, in fetch_and_load_schedule_to_stage
    load_df_to_postgres(df=df, table_name=table_name, conn_string=conn_string, create_table_query=create_table_query)
  File "/opt/airflow/dags/etl_pipeline.py", line 53, in load_df_to_postgres
    cursor.execute(create_table_query)
psycopg2.errors.UniqueViolation: duplicate key value violates unique constraint "pg_type_typname_nsp_index"
DETAIL:  Key (typname, typnamespace)=(stgschedule, 2200) already exists.

[2025-06-15T21:03:13.974+0000] {taskinstance.py:1206} INFO - Marking task as UP_FOR_RETRY. dag_id=nba_etl_to_postgres, task_id=fetch_schedule_and_load_to_postgres, run_id=scheduled__2025-06-08T00:00:00+00:00, execution_date=20250608T000000, start_date=20250615T210311, end_date=20250615T210313
[2025-06-15T21:03:14.153+0000] {standard_task_runner.py:110} ERROR - Failed to execute job 4 for task fetch_schedule_and_load_to_postgres (duplicate key value violates unique constraint "pg_type_typname_nsp_index"
DETAIL:  Key (typname, typnamespace)=(stgschedule, 2200) already exists.
; 737)
[2025-06-15T21:03:14.239+0000] {local_task_job_runner.py:240} INFO - Task exited with return code 1
[2025-06-15T21:03:14.321+0000] {local_task_job_runner.py:222} INFO - ::endgroup::
