[2025-06-19T09:18:27.683+0000] {local_task_job_runner.py:120} INFO - ::group::Pre task execution logs
[2025-06-19T09:18:27.793+0000] {taskinstance.py:2076} INFO - Dependencies all met for dep_context=non-requeueable deps ti=<TaskInstance: nba_staging_to_transform.fetch_schedule_from_stg_and_transform manual__2025-06-19T09:18:25.788062+00:00 [queued]>
[2025-06-19T09:18:27.823+0000] {taskinstance.py:2076} INFO - Dependencies all met for dep_context=requeueable deps ti=<TaskInstance: nba_staging_to_transform.fetch_schedule_from_stg_and_transform manual__2025-06-19T09:18:25.788062+00:00 [queued]>
[2025-06-19T09:18:27.825+0000] {taskinstance.py:2306} INFO - Starting attempt 1 of 2
[2025-06-19T09:18:28.260+0000] {taskinstance.py:2330} INFO - Executing <Task(PythonOperator): fetch_schedule_from_stg_and_transform> on 2025-06-19 09:18:25.788062+00:00
[2025-06-19T09:18:28.271+0000] {standard_task_runner.py:63} INFO - Started process 1061 to run task
[2025-06-19T09:18:28.282+0000] {standard_task_runner.py:90} INFO - Running: ['***', 'tasks', 'run', 'nba_staging_to_transform', 'fetch_schedule_from_stg_and_transform', 'manual__2025-06-19T09:18:25.788062+00:00', '--job-id', '73', '--raw', '--subdir', 'DAGS_FOLDER/etl_pipeline.py', '--cfg-path', '/tmp/tmpj5zh43yv']
[2025-06-19T09:18:28.286+0000] {standard_task_runner.py:91} INFO - Job 73: Subtask fetch_schedule_from_stg_and_transform
[2025-06-19T09:18:28.428+0000] {task_command.py:426} INFO - Running <TaskInstance: nba_staging_to_transform.fetch_schedule_from_stg_and_transform manual__2025-06-19T09:18:25.788062+00:00 [running]> on host 11d91b3c2b82
[2025-06-19T09:18:28.663+0000] {taskinstance.py:2648} INFO - Exporting env vars: AIRFLOW_CTX_DAG_OWNER='***' AIRFLOW_CTX_DAG_ID='nba_staging_to_transform' AIRFLOW_CTX_TASK_ID='fetch_schedule_from_stg_and_transform' AIRFLOW_CTX_EXECUTION_DATE='2025-06-19T09:18:25.788062+00:00' AIRFLOW_CTX_TRY_NUMBER='1' AIRFLOW_CTX_DAG_RUN_ID='manual__2025-06-19T09:18:25.788062+00:00'
[2025-06-19T09:18:28.666+0000] {taskinstance.py:430} INFO - ::endgroup::
[2025-06-19T09:18:28.764+0000] {logging_mixin.py:188} WARNING - /opt/***/dags/etl_pipeline.py:327 UserWarning: pandas only supports SQLAlchemy connectable (engine/connection) or database string URI or sqlite3 DBAPI2 connection. Other DBAPI2 objects are not tested. Please consider using SQLAlchemy.
[2025-06-19T09:18:28.811+0000] {logging_mixin.py:188} INFO - Ensuring table 'transformschedule' exists...
[2025-06-19T09:18:28.222+0000] {logging_mixin.py:188} INFO - Table 'transformschedule' is ready.
[2025-06-19T09:18:28.224+0000] {logging_mixin.py:188} INFO - Truncating table transformschedule...
[2025-06-19T09:18:28.680+0000] {logging_mixin.py:188} INFO - Loading 1321 rows into transformschedule...
[2025-06-19T09:18:28.809+0000] {logging_mixin.py:188} INFO - 1321 rows loaded successfully to transformschedule.
[2025-06-19T09:18:28.862+0000] {python.py:237} INFO - Done. Returned value was: None
[2025-06-19T09:18:28.869+0000] {taskinstance.py:441} INFO - ::group::Post task execution logs
[2025-06-19T09:18:28.896+0000] {taskinstance.py:1206} INFO - Marking task as SUCCESS. dag_id=nba_staging_to_transform, task_id=fetch_schedule_from_stg_and_transform, run_id=manual__2025-06-19T09:18:25.788062+00:00, execution_date=20250619T091825, start_date=20250619T091827, end_date=20250619T091828
[2025-06-19T09:18:29.052+0000] {local_task_job_runner.py:240} INFO - Task exited with return code 0
[2025-06-19T09:18:29.134+0000] {taskinstance.py:3498} INFO - 0 downstream tasks scheduled from follow-on schedule check
[2025-06-19T09:18:29.174+0000] {local_task_job_runner.py:222} INFO - ::endgroup::
