[2025-06-20T11:55:03.108+0000] {local_task_job_runner.py:120} INFO - ::group::Pre task execution logs
[2025-06-20T11:55:03.141+0000] {taskinstance.py:2076} INFO - Dependencies all met for dep_context=non-requeueable deps ti=<TaskInstance: nba_etl_to_staging.fetch_pbp_and_load_to_stage manual__2025-06-20T11:55:00.851864+00:00 [queued]>
[2025-06-20T11:55:03.151+0000] {taskinstance.py:2076} INFO - Dependencies all met for dep_context=requeueable deps ti=<TaskInstance: nba_etl_to_staging.fetch_pbp_and_load_to_stage manual__2025-06-20T11:55:00.851864+00:00 [queued]>
[2025-06-20T11:55:03.152+0000] {taskinstance.py:2306} INFO - Starting attempt 1 of 2
[2025-06-20T11:55:03.202+0000] {taskinstance.py:2330} INFO - Executing <Task(PythonOperator): fetch_pbp_and_load_to_stage> on 2025-06-20 11:55:00.851864+00:00
[2025-06-20T11:55:03.210+0000] {standard_task_runner.py:63} INFO - Started process 883 to run task
[2025-06-20T11:55:03.216+0000] {standard_task_runner.py:90} INFO - Running: ['***', 'tasks', 'run', 'nba_etl_to_staging', 'fetch_pbp_and_load_to_stage', 'manual__2025-06-20T11:55:00.851864+00:00', '--job-id', '159', '--raw', '--subdir', 'DAGS_FOLDER/etl_pipeline.py', '--cfg-path', '/tmp/tmp7atnegga']
[2025-06-20T11:55:03.217+0000] {standard_task_runner.py:91} INFO - Job 159: Subtask fetch_pbp_and_load_to_stage
[2025-06-20T11:55:03.348+0000] {task_command.py:426} INFO - Running <TaskInstance: nba_etl_to_staging.fetch_pbp_and_load_to_stage manual__2025-06-20T11:55:00.851864+00:00 [running]> on host f74945f69f5a
[2025-06-20T11:55:03.540+0000] {taskinstance.py:2648} INFO - Exporting env vars: AIRFLOW_CTX_DAG_OWNER='***' AIRFLOW_CTX_DAG_ID='nba_etl_to_staging' AIRFLOW_CTX_TASK_ID='fetch_pbp_and_load_to_stage' AIRFLOW_CTX_EXECUTION_DATE='2025-06-20T11:55:00.851864+00:00' AIRFLOW_CTX_TRY_NUMBER='1' AIRFLOW_CTX_DAG_RUN_ID='manual__2025-06-20T11:55:00.851864+00:00'
[2025-06-20T11:55:03.543+0000] {taskinstance.py:430} INFO - ::endgroup::
[2025-06-20T11:55:03.572+0000] {logging_mixin.py:188} WARNING - /opt/***/dags/etl_pipeline.py:208 UserWarning: pandas only supports SQLAlchemy connectable (engine/connection) or database string URI or sqlite3 DBAPI2 connection. Other DBAPI2 objects are not tested. Please consider using SQLAlchemy.
[2025-06-20T11:55:03.581+0000] {logging_mixin.py:188} INFO - Fetching PBP for game on 2024-10-22 between BOS and NYK...
[2025-06-20T11:55:07.270+0000] {logging_mixin.py:188} WARNING - /opt/***/plugins/nba_lib/pbp.py:19 FutureWarning: Passing literal html to 'read_html' is deprecated and will be removed in a future version. To read from a literal string, wrap it in a 'StringIO' object.
[2025-06-20T11:55:07.342+0000] {logging_mixin.py:188} INFO - Empty DataFrame
Columns: [QUARTER, TIME_REMAINING, HOME_ACTION, AWAY_ACTION, HOME_SCORE, AWAY_SCORE, date, team]
Index: []
[2025-06-20T11:55:07.343+0000] {etl_pipeline.py:222} INFO - Processed game on 2024-10-22 between BOS and NYK.
[2025-06-20T11:55:07.344+0000] {logging_mixin.py:188} INFO - Fetching PBP for game on 2024-10-22 between LAL and MIN...
[2025-06-20T11:55:14.321+0000] {logging_mixin.py:188} WARNING - /opt/***/plugins/nba_lib/pbp.py:19 FutureWarning: Passing literal html to 'read_html' is deprecated and will be removed in a future version. To read from a literal string, wrap it in a 'StringIO' object.
[2025-06-20T11:55:14.411+0000] {logging_mixin.py:188} INFO - Empty DataFrame
Columns: [QUARTER, TIME_REMAINING, HOME_ACTION, AWAY_ACTION, HOME_SCORE, AWAY_SCORE, date, team]
Index: []
[2025-06-20T11:55:14.412+0000] {etl_pipeline.py:222} INFO - Processed game on 2024-10-22 between LAL and MIN.
[2025-06-20T11:55:14.413+0000] {logging_mixin.py:188} INFO - Fetching PBP for game on 2024-10-23 between DET and IND...
[2025-06-20T11:55:21.217+0000] {logging_mixin.py:188} WARNING - /opt/***/plugins/nba_lib/pbp.py:19 FutureWarning: Passing literal html to 'read_html' is deprecated and will be removed in a future version. To read from a literal string, wrap it in a 'StringIO' object.
[2025-06-20T11:55:21.287+0000] {logging_mixin.py:188} INFO - Empty DataFrame
Columns: [QUARTER, TIME_REMAINING, HOME_ACTION, AWAY_ACTION, HOME_SCORE, AWAY_SCORE, date, team]
Index: []
[2025-06-20T11:55:21.288+0000] {etl_pipeline.py:222} INFO - Processed game on 2024-10-23 between DET and IND.
[2025-06-20T11:55:21.296+0000] {etl_pipeline.py:98} INFO - Ensuring table 'stgpbp' exists...
[2025-06-20T11:55:21.297+0000] {etl_pipeline.py:100} INFO - Table 'stgpbp' is ready.
[2025-06-20T11:55:21.298+0000] {etl_pipeline.py:103} WARNING - DataFrame is empty. No data to load into stgpbp.
[2025-06-20T11:55:27.976+0000] {logging_mixin.py:188} WARNING - /opt/***/plugins/nba_lib/pbp.py:19 FutureWarning: Passing literal html to 'read_html' is deprecated and will be removed in a future version. To read from a literal string, wrap it in a 'StringIO' object.
[2025-06-20T11:55:28.039+0000] {python.py:237} INFO - Done. Returned value was: None
[2025-06-20T11:55:28.042+0000] {taskinstance.py:441} INFO - ::group::Post task execution logs
[2025-06-20T11:55:28.056+0000] {taskinstance.py:1206} INFO - Marking task as SUCCESS. dag_id=nba_etl_to_staging, task_id=fetch_pbp_and_load_to_stage, run_id=manual__2025-06-20T11:55:00.851864+00:00, execution_date=20250620T115500, start_date=20250620T115503, end_date=20250620T115528
[2025-06-20T11:55:28.136+0000] {local_task_job_runner.py:240} INFO - Task exited with return code 0
[2025-06-20T11:55:28.150+0000] {taskinstance.py:3498} INFO - 0 downstream tasks scheduled from follow-on schedule check
[2025-06-20T11:55:28.176+0000] {local_task_job_runner.py:222} INFO - ::endgroup::
