[2025-06-20T18:54:46.391+0000] {local_task_job_runner.py:120} INFO - ::group::Pre task execution logs
[2025-06-20T18:54:46.421+0000] {taskinstance.py:2076} INFO - Dependencies all met for dep_context=non-requeueable deps ti=<TaskInstance: nba_transform_to_dwh.load_fc_shoot manual__2025-06-20T18:54:37.210658+00:00 [queued]>
[2025-06-20T18:54:46.431+0000] {taskinstance.py:2076} INFO - Dependencies all met for dep_context=requeueable deps ti=<TaskInstance: nba_transform_to_dwh.load_fc_shoot manual__2025-06-20T18:54:37.210658+00:00 [queued]>
[2025-06-20T18:54:46.432+0000] {taskinstance.py:2306} INFO - Starting attempt 1 of 2
[2025-06-20T18:54:46.480+0000] {taskinstance.py:2330} INFO - Executing <Task(PythonOperator): load_fc_shoot> on 2025-06-20 18:54:37.210658+00:00
[2025-06-20T18:54:46.487+0000] {standard_task_runner.py:63} INFO - Started process 4561 to run task
[2025-06-20T18:54:46.492+0000] {standard_task_runner.py:90} INFO - Running: ['***', 'tasks', 'run', 'nba_transform_to_dwh', 'load_fc_shoot', 'manual__2025-06-20T18:54:37.210658+00:00', '--job-id', '324', '--raw', '--subdir', 'DAGS_FOLDER/etl_pipeline.py', '--cfg-path', '/tmp/tmpmvsv23o0']
[2025-06-20T18:54:46.494+0000] {standard_task_runner.py:91} INFO - Job 324: Subtask load_fc_shoot
[2025-06-20T18:54:46.601+0000] {task_command.py:426} INFO - Running <TaskInstance: nba_transform_to_dwh.load_fc_shoot manual__2025-06-20T18:54:37.210658+00:00 [running]> on host 5ea278fdf3a6
[2025-06-20T18:54:46.756+0000] {taskinstance.py:2648} INFO - Exporting env vars: AIRFLOW_CTX_DAG_OWNER='***' AIRFLOW_CTX_DAG_ID='nba_transform_to_dwh' AIRFLOW_CTX_TASK_ID='load_fc_shoot' AIRFLOW_CTX_EXECUTION_DATE='2025-06-20T18:54:37.210658+00:00' AIRFLOW_CTX_TRY_NUMBER='1' AIRFLOW_CTX_DAG_RUN_ID='manual__2025-06-20T18:54:37.210658+00:00'
[2025-06-20T18:54:46.757+0000] {taskinstance.py:430} INFO - ::endgroup::
[2025-06-20T18:54:46.777+0000] {etl_pipeline.py:564} INFO - Ensuring dimension table 'fcshoot' exists...
[2025-06-20T18:54:46.838+0000] {etl_pipeline.py:566} INFO - Loading/updating data into 'fcshoot'...
[2025-06-20T18:54:46.961+0000] {etl_pipeline.py:568} INFO - Operation complete. 3114 new rows inserted into fcshoot.
[2025-06-20T18:54:47.018+0000] {python.py:237} INFO - Done. Returned value was: None
[2025-06-20T18:54:47.021+0000] {taskinstance.py:441} INFO - ::group::Post task execution logs
[2025-06-20T18:54:47.031+0000] {taskinstance.py:1206} INFO - Marking task as SUCCESS. dag_id=nba_transform_to_dwh, task_id=load_fc_shoot, run_id=manual__2025-06-20T18:54:37.210658+00:00, execution_date=20250620T185437, start_date=20250620T185446, end_date=20250620T185447
[2025-06-20T18:54:47.107+0000] {local_task_job_runner.py:240} INFO - Task exited with return code 0
[2025-06-20T18:54:47.131+0000] {taskinstance.py:3498} INFO - 0 downstream tasks scheduled from follow-on schedule check
[2025-06-20T18:54:47.164+0000] {local_task_job_runner.py:222} INFO - ::endgroup::
