[2025-06-15T21:55:07.446+0000] {local_task_job_runner.py:120} INFO - ::group::Pre task execution logs
[2025-06-15T21:55:07.571+0000] {taskinstance.py:2076} INFO - Dependencies all met for dep_context=non-requeueable deps ti=<TaskInstance: nba_etl_to_postgres.fetch_pbp_and_load_to_postgres manual__2025-06-15T21:55:01.894822+00:00 [queued]>
[2025-06-15T21:55:07.615+0000] {taskinstance.py:2076} INFO - Dependencies all met for dep_context=requeueable deps ti=<TaskInstance: nba_etl_to_postgres.fetch_pbp_and_load_to_postgres manual__2025-06-15T21:55:01.894822+00:00 [queued]>
[2025-06-15T21:55:07.618+0000] {taskinstance.py:2306} INFO - Starting attempt 1 of 2
[2025-06-15T21:55:07.731+0000] {taskinstance.py:2330} INFO - Executing <Task(PythonOperator): fetch_pbp_and_load_to_postgres> on 2025-06-15 21:55:01.894822+00:00
[2025-06-15T21:55:07.759+0000] {standard_task_runner.py:63} INFO - Started process 947 to run task
[2025-06-15T21:55:07.770+0000] {standard_task_runner.py:90} INFO - Running: ['***', 'tasks', 'run', 'nba_etl_to_postgres', 'fetch_pbp_and_load_to_postgres', 'manual__2025-06-15T21:55:01.894822+00:00', '--job-id', '8', '--raw', '--subdir', 'DAGS_FOLDER/etl_pipeline.py', '--cfg-path', '/tmp/tmpfmd17lb3']
[2025-06-15T21:55:07.774+0000] {standard_task_runner.py:91} INFO - Job 8: Subtask fetch_pbp_and_load_to_postgres
[2025-06-15T21:55:07.922+0000] {task_command.py:426} INFO - Running <TaskInstance: nba_etl_to_postgres.fetch_pbp_and_load_to_postgres manual__2025-06-15T21:55:01.894822+00:00 [running]> on host 11d91b3c2b82
[2025-06-15T21:55:08.105+0000] {taskinstance.py:2648} INFO - Exporting env vars: AIRFLOW_CTX_DAG_OWNER='***' AIRFLOW_CTX_DAG_ID='nba_etl_to_postgres' AIRFLOW_CTX_TASK_ID='fetch_pbp_and_load_to_postgres' AIRFLOW_CTX_EXECUTION_DATE='2025-06-15T21:55:01.894822+00:00' AIRFLOW_CTX_TRY_NUMBER='1' AIRFLOW_CTX_DAG_RUN_ID='manual__2025-06-15T21:55:01.894822+00:00'
[2025-06-15T21:55:08.106+0000] {taskinstance.py:430} INFO - ::endgroup::
[2025-06-15T21:55:08.138+0000] {logging_mixin.py:188} WARNING - /opt/***/dags/etl_pipeline.py:194 UserWarning: pandas only supports SQLAlchemy connectable (engine/connection) or database string URI or sqlite3 DBAPI2 connection. Other DBAPI2 objects are not tested. Please consider using SQLAlchemy.
[2025-06-15T21:55:12.344+0000] {logging_mixin.py:188} WARNING - /opt/***/plugins/nba_lib/pbp.py:19 FutureWarning: Passing literal html to 'read_html' is deprecated and will be removed in a future version. To read from a literal string, wrap it in a 'StringIO' object.
[2025-06-15T21:55:19.859+0000] {logging_mixin.py:188} WARNING - /opt/***/plugins/nba_lib/pbp.py:19 FutureWarning: Passing literal html to 'read_html' is deprecated and will be removed in a future version. To read from a literal string, wrap it in a 'StringIO' object.
[2025-06-15T21:55:27.232+0000] {logging_mixin.py:188} WARNING - /opt/***/plugins/nba_lib/pbp.py:19 FutureWarning: Passing literal html to 'read_html' is deprecated and will be removed in a future version. To read from a literal string, wrap it in a 'StringIO' object.
[2025-06-15T21:55:34.871+0000] {logging_mixin.py:188} WARNING - /opt/***/plugins/nba_lib/pbp.py:19 FutureWarning: Passing literal html to 'read_html' is deprecated and will be removed in a future version. To read from a literal string, wrap it in a 'StringIO' object.
[2025-06-15T21:55:42.125+0000] {logging_mixin.py:188} WARNING - /opt/***/plugins/nba_lib/pbp.py:19 FutureWarning: Passing literal html to 'read_html' is deprecated and will be removed in a future version. To read from a literal string, wrap it in a 'StringIO' object.
[2025-06-15T21:55:45.492+0000] {logging_mixin.py:188} INFO - Retrying after 3600 sec...
[2025-06-15T22:56:02.541+0000] {logging_mixin.py:188} INFO - Retrying after 3600 sec...
[2025-06-15T23:56:21.452+0000] {logging_mixin.py:188} INFO - Retrying after 3600 sec...
[2025-06-16T00:56:42.156+0000] {logging_mixin.py:188} INFO - Retrying after 3600 sec...
[2025-06-16T01:57:03.211+0000] {logging_mixin.py:188} INFO - Retrying after 3600 sec...
[2025-06-16T02:57:39.488+0000] {logging_mixin.py:188} INFO - Retrying after 3600 sec...
[2025-06-16T03:59:07.435+0000] {logging_mixin.py:188} INFO - Retrying after 3600 sec...
[2025-06-16T05:00:44.610+0000] {logging_mixin.py:188} INFO - Retrying after 3600 sec...
[2025-06-16T06:02:27.975+0000] {logging_mixin.py:188} INFO - Retrying after 3600 sec...
[2025-06-16T06:25:51.648+0000] {local_task_job_runner.py:310} WARNING - State of this instance has been externally set to failed. Terminating instance.
[2025-06-16T06:25:51.652+0000] {local_task_job_runner.py:222} INFO - ::endgroup::
[2025-06-16T06:25:51.657+0000] {process_utils.py:132} INFO - Sending 15 to group 947. PIDs of all processes in the group: [947]
[2025-06-16T06:25:51.658+0000] {process_utils.py:87} INFO - Sending the signal 15 to group 947
[2025-06-16T06:25:51.660+0000] {taskinstance.py:2611} ERROR - Received SIGTERM. Terminating subprocesses.
[2025-06-16T06:25:51.661+0000] {taskinstance.py:441} INFO - ::group::Post task execution logs
[2025-06-16T06:25:51.792+0000] {process_utils.py:80} INFO - Process psutil.Process(pid=947, status='terminated', exitcode=0, started='21:55:07') (947) terminated with exit code 0
