[2025-06-21T22:16:12.930+0000] {local_task_job_runner.py:120} INFO - ::group::Pre task execution logs
[2025-06-21T22:16:13.072+0000] {taskinstance.py:2076} INFO - Dependencies all met for dep_context=non-requeueable deps ti=<TaskInstance: nba_etl_to_staging.fetch_roster_and_load_to_stage manual__2025-06-21T22:16:10.564618+00:00 [queued]>
[2025-06-21T22:16:13.581+0000] {taskinstance.py:2076} INFO - Dependencies all met for dep_context=requeueable deps ti=<TaskInstance: nba_etl_to_staging.fetch_roster_and_load_to_stage manual__2025-06-21T22:16:10.564618+00:00 [queued]>
[2025-06-21T22:16:13.584+0000] {taskinstance.py:2306} INFO - Starting attempt 1 of 2
[2025-06-21T22:16:13.655+0000] {taskinstance.py:2330} INFO - Executing <Task(PythonOperator): fetch_roster_and_load_to_stage> on 2025-06-21 22:16:10.564618+00:00
[2025-06-21T22:16:13.671+0000] {standard_task_runner.py:63} INFO - Started process 1404 to run task
[2025-06-21T22:16:13.679+0000] {standard_task_runner.py:90} INFO - Running: ['***', 'tasks', 'run', 'nba_etl_to_staging', 'fetch_roster_and_load_to_stage', 'manual__2025-06-21T22:16:10.564618+00:00', '--job-id', '501', '--raw', '--subdir', 'DAGS_FOLDER/etl_pipeline.py', '--cfg-path', '/tmp/tmp8vd4k7cr']
[2025-06-21T22:16:13.682+0000] {standard_task_runner.py:91} INFO - Job 501: Subtask fetch_roster_and_load_to_stage
[2025-06-21T22:16:13.868+0000] {task_command.py:426} INFO - Running <TaskInstance: nba_etl_to_staging.fetch_roster_and_load_to_stage manual__2025-06-21T22:16:10.564618+00:00 [running]> on host 5ea278fdf3a6
[2025-06-21T22:16:14.136+0000] {taskinstance.py:2648} INFO - Exporting env vars: AIRFLOW_CTX_DAG_OWNER='***' AIRFLOW_CTX_DAG_ID='nba_etl_to_staging' AIRFLOW_CTX_TASK_ID='fetch_roster_and_load_to_stage' AIRFLOW_CTX_EXECUTION_DATE='2025-06-21T22:16:10.564618+00:00' AIRFLOW_CTX_TRY_NUMBER='1' AIRFLOW_CTX_DAG_RUN_ID='manual__2025-06-21T22:16:10.564618+00:00'
[2025-06-21T22:16:14.138+0000] {taskinstance.py:430} INFO - ::endgroup::
[2025-06-21T22:16:14.167+0000] {etl_pipeline.py:263} INFO - Fetching roster for Atlanta Hawks (ATL)...
[2025-06-21T22:16:14.651+0000] {logging_mixin.py:188} WARNING - /opt/***/plugins/nba_lib/teams.py:21 FutureWarning: Passing literal html to 'read_html' is deprecated and will be removed in a future version. To read from a literal string, wrap it in a 'StringIO' object.
[2025-06-21T22:16:18.031+0000] {logging_mixin.py:188} WARNING - /opt/***/plugins/nba_lib/utils.py:118 FutureWarning: Passing literal html to 'read_html' is deprecated and will be removed in a future version. To read from a literal string, wrap it in a 'StringIO' object.
[2025-06-21T22:16:22.635+0000] {logging_mixin.py:188} WARNING - /opt/***/plugins/nba_lib/utils.py:118 FutureWarning: Passing literal html to 'read_html' is deprecated and will be removed in a future version. To read from a literal string, wrap it in a 'StringIO' object.
[2025-06-21T22:16:25.964+0000] {logging_mixin.py:188} WARNING - /opt/***/plugins/nba_lib/utils.py:118 FutureWarning: Passing literal html to 'read_html' is deprecated and will be removed in a future version. To read from a literal string, wrap it in a 'StringIO' object.
[2025-06-21T22:16:29.247+0000] {logging_mixin.py:188} WARNING - /opt/***/plugins/nba_lib/utils.py:118 FutureWarning: Passing literal html to 'read_html' is deprecated and will be removed in a future version. To read from a literal string, wrap it in a 'StringIO' object.
[2025-06-21T22:16:29.268+0000] {etl_pipeline.py:268} INFO - Successfully fetched roster for Atlanta Hawks.
[2025-06-21T22:16:30.270+0000] {etl_pipeline.py:263} INFO - Fetching roster for Boston Celtics (BOS)...
[2025-06-21T22:16:33.779+0000] {logging_mixin.py:188} WARNING - /opt/***/plugins/nba_lib/teams.py:21 FutureWarning: Passing literal html to 'read_html' is deprecated and will be removed in a future version. To read from a literal string, wrap it in a 'StringIO' object.
[2025-06-21T22:16:35.251+0000] {local_task_job_runner.py:310} WARNING - State of this instance has been externally set to success. Terminating instance.
[2025-06-21T22:16:35.252+0000] {local_task_job_runner.py:222} INFO - ::endgroup::
[2025-06-21T22:16:35.255+0000] {process_utils.py:132} INFO - Sending 15 to group 1404. PIDs of all processes in the group: [1404]
[2025-06-21T22:16:35.255+0000] {process_utils.py:87} INFO - Sending the signal 15 to group 1404
[2025-06-21T22:16:35.256+0000] {taskinstance.py:2611} ERROR - Received SIGTERM. Terminating subprocesses.
[2025-06-21T22:16:35.257+0000] {taskinstance.py:441} INFO - ::group::Post task execution logs
[2025-06-21T22:16:35.348+0000] {process_utils.py:80} INFO - Process psutil.Process(pid=1404, status='terminated', exitcode=0, started='22:16:13') (1404) terminated with exit code 0
