[2025-06-20T13:28:37.086+0000] {local_task_job_runner.py:120} INFO - ::group::Pre task execution logs
[2025-06-20T13:28:37.118+0000] {taskinstance.py:2076} INFO - Dependencies all met for dep_context=non-requeueable deps ti=<TaskInstance: nba_transform_to_dwh.load_dim_time manual__2025-06-20T13:28:31.412144+00:00 [queued]>
[2025-06-20T13:28:37.125+0000] {taskinstance.py:2076} INFO - Dependencies all met for dep_context=requeueable deps ti=<TaskInstance: nba_transform_to_dwh.load_dim_time manual__2025-06-20T13:28:31.412144+00:00 [queued]>
[2025-06-20T13:28:37.126+0000] {taskinstance.py:2306} INFO - Starting attempt 1 of 2
[2025-06-20T13:28:37.169+0000] {taskinstance.py:2330} INFO - Executing <Task(PythonOperator): load_dim_time> on 2025-06-20 13:28:31.412144+00:00
[2025-06-20T13:28:37.193+0000] {standard_task_runner.py:63} INFO - Started process 1696 to run task
[2025-06-20T13:28:37.201+0000] {standard_task_runner.py:90} INFO - Running: ['***', 'tasks', 'run', 'nba_transform_to_dwh', 'load_dim_time', 'manual__2025-06-20T13:28:31.412144+00:00', '--job-id', '241', '--raw', '--subdir', 'DAGS_FOLDER/etl_pipeline.py', '--cfg-path', '/tmp/tmpyti57aiq']
[2025-06-20T13:28:37.203+0000] {standard_task_runner.py:91} INFO - Job 241: Subtask load_dim_time
[2025-06-20T13:28:37.297+0000] {task_command.py:426} INFO - Running <TaskInstance: nba_transform_to_dwh.load_dim_time manual__2025-06-20T13:28:31.412144+00:00 [running]> on host 5ea278fdf3a6
[2025-06-20T13:28:37.430+0000] {taskinstance.py:2648} INFO - Exporting env vars: AIRFLOW_CTX_DAG_OWNER='***' AIRFLOW_CTX_DAG_ID='nba_transform_to_dwh' AIRFLOW_CTX_TASK_ID='load_dim_time' AIRFLOW_CTX_EXECUTION_DATE='2025-06-20T13:28:31.412144+00:00' AIRFLOW_CTX_TRY_NUMBER='1' AIRFLOW_CTX_DAG_RUN_ID='manual__2025-06-20T13:28:31.412144+00:00'
[2025-06-20T13:28:37.431+0000] {taskinstance.py:430} INFO - ::endgroup::
[2025-06-20T13:28:37.448+0000] {etl_pipeline.py:516} INFO - Ensuring dimension table 'dimtime' exists...
[2025-06-20T13:28:37.450+0000] {etl_pipeline.py:518} INFO - Loading/updating data into 'dimtime'...
[2025-06-20T13:28:37.452+0000] {etl_pipeline.py:520} INFO - Operation complete. 0 new rows inserted into dimtime.
[2025-06-20T13:28:37.487+0000] {python.py:237} INFO - Done. Returned value was: None
[2025-06-20T13:28:37.489+0000] {taskinstance.py:441} INFO - ::group::Post task execution logs
[2025-06-20T13:28:37.499+0000] {taskinstance.py:1206} INFO - Marking task as SUCCESS. dag_id=nba_transform_to_dwh, task_id=load_dim_time, run_id=manual__2025-06-20T13:28:31.412144+00:00, execution_date=20250620T132831, start_date=20250620T132837, end_date=20250620T132837
[2025-06-20T13:28:37.575+0000] {local_task_job_runner.py:240} INFO - Task exited with return code 0
[2025-06-20T13:28:37.592+0000] {taskinstance.py:3498} INFO - 0 downstream tasks scheduled from follow-on schedule check
[2025-06-20T13:28:37.625+0000] {local_task_job_runner.py:222} INFO - ::endgroup::
