[2025-06-20T19:21:08.336+0000] {local_task_job_runner.py:120} INFO - ::group::Pre task execution logs
[2025-06-20T19:21:08.441+0000] {taskinstance.py:2076} INFO - Dependencies all met for dep_context=non-requeueable deps ti=<TaskInstance: nba_transform_to_dwh.load_dim_player manual__2025-06-20T19:20:58.565922+00:00 [queued]>
[2025-06-20T19:21:08.478+0000] {taskinstance.py:2076} INFO - Dependencies all met for dep_context=requeueable deps ti=<TaskInstance: nba_transform_to_dwh.load_dim_player manual__2025-06-20T19:20:58.565922+00:00 [queued]>
[2025-06-20T19:21:08.480+0000] {taskinstance.py:2306} INFO - Starting attempt 1 of 2
[2025-06-20T19:21:08.590+0000] {taskinstance.py:2330} INFO - Executing <Task(PythonOperator): load_dim_player> on 2025-06-20 19:20:58.565922+00:00
[2025-06-20T19:21:08.606+0000] {standard_task_runner.py:63} INFO - Started process 4829 to run task
[2025-06-20T19:21:08.616+0000] {standard_task_runner.py:90} INFO - Running: ['***', 'tasks', 'run', 'nba_transform_to_dwh', 'load_dim_player', 'manual__2025-06-20T19:20:58.565922+00:00', '--job-id', '328', '--raw', '--subdir', 'DAGS_FOLDER/etl_pipeline.py', '--cfg-path', '/tmp/tmppcsb05fq']
[2025-06-20T19:21:08.620+0000] {standard_task_runner.py:91} INFO - Job 328: Subtask load_dim_player
[2025-06-20T19:21:08.943+0000] {task_command.py:426} INFO - Running <TaskInstance: nba_transform_to_dwh.load_dim_player manual__2025-06-20T19:20:58.565922+00:00 [running]> on host 5ea278fdf3a6
[2025-06-20T19:21:09.210+0000] {taskinstance.py:2648} INFO - Exporting env vars: AIRFLOW_CTX_DAG_OWNER='***' AIRFLOW_CTX_DAG_ID='nba_transform_to_dwh' AIRFLOW_CTX_TASK_ID='load_dim_player' AIRFLOW_CTX_EXECUTION_DATE='2025-06-20T19:20:58.565922+00:00' AIRFLOW_CTX_TRY_NUMBER='1' AIRFLOW_CTX_DAG_RUN_ID='manual__2025-06-20T19:20:58.565922+00:00'
[2025-06-20T19:21:09.211+0000] {taskinstance.py:430} INFO - ::endgroup::
[2025-06-20T19:21:09.235+0000] {etl_pipeline.py:484} INFO - Ensuring dimension table 'dimplayer' exists...
[2025-06-20T19:21:09.434+0000] {etl_pipeline.py:486} INFO - Loading/updating data into 'dimplayer'...
[2025-06-20T19:21:09.438+0000] {etl_pipeline.py:488} INFO - Operation complete. 534 new rows inserted into dimplayer.
[2025-06-20T19:21:09.536+0000] {python.py:237} INFO - Done. Returned value was: None
[2025-06-20T19:21:09.540+0000] {taskinstance.py:441} INFO - ::group::Post task execution logs
[2025-06-20T19:21:09.553+0000] {taskinstance.py:1206} INFO - Marking task as SUCCESS. dag_id=nba_transform_to_dwh, task_id=load_dim_player, run_id=manual__2025-06-20T19:20:58.565922+00:00, execution_date=20250620T192058, start_date=20250620T192108, end_date=20250620T192109
[2025-06-20T19:21:09.608+0000] {local_task_job_runner.py:240} INFO - Task exited with return code 0
[2025-06-20T19:21:09.643+0000] {taskinstance.py:3498} INFO - 1 downstream tasks scheduled from follow-on schedule check
[2025-06-20T19:21:09.675+0000] {local_task_job_runner.py:222} INFO - ::endgroup::
