[2025-06-15T15:02:01.533+0000] {local_task_job_runner.py:120} INFO - ::group::Pre task execution logs
[2025-06-15T15:02:01.559+0000] {taskinstance.py:2076} INFO - Dependencies all met for dep_context=non-requeueable deps ti=<TaskInstance: nba_etl_to_postgres.fetch_roster_and_load_to_postgres manual__2025-06-15T15:01:56.952500+00:00 [queued]>
[2025-06-15T15:02:01.567+0000] {taskinstance.py:2076} INFO - Dependencies all met for dep_context=requeueable deps ti=<TaskInstance: nba_etl_to_postgres.fetch_roster_and_load_to_postgres manual__2025-06-15T15:01:56.952500+00:00 [queued]>
[2025-06-15T15:02:01.568+0000] {taskinstance.py:2306} INFO - Starting attempt 1 of 2
[2025-06-15T15:02:01.662+0000] {taskinstance.py:2330} INFO - Executing <Task(PythonOperator): fetch_roster_and_load_to_postgres> on 2025-06-15 15:01:56.952500+00:00
[2025-06-15T15:02:01.669+0000] {standard_task_runner.py:63} INFO - Started process 777 to run task
[2025-06-15T15:02:01.672+0000] {standard_task_runner.py:90} INFO - Running: ['***', 'tasks', 'run', 'nba_etl_to_postgres', 'fetch_roster_and_load_to_postgres', 'manual__2025-06-15T15:01:56.952500+00:00', '--job-id', '34', '--raw', '--subdir', 'DAGS_FOLDER/etl_pipeline.py', '--cfg-path', '/tmp/tmpy8ps1o10']
[2025-06-15T15:02:01.674+0000] {standard_task_runner.py:91} INFO - Job 34: Subtask fetch_roster_and_load_to_postgres
[2025-06-15T15:02:01.787+0000] {task_command.py:426} INFO - Running <TaskInstance: nba_etl_to_postgres.fetch_roster_and_load_to_postgres manual__2025-06-15T15:01:56.952500+00:00 [running]> on host 161b13ff210e
[2025-06-15T15:02:01.990+0000] {taskinstance.py:2648} INFO - Exporting env vars: AIRFLOW_CTX_DAG_OWNER='***' AIRFLOW_CTX_DAG_ID='nba_etl_to_postgres' AIRFLOW_CTX_TASK_ID='fetch_roster_and_load_to_postgres' AIRFLOW_CTX_EXECUTION_DATE='2025-06-15T15:01:56.952500+00:00' AIRFLOW_CTX_TRY_NUMBER='1' AIRFLOW_CTX_DAG_RUN_ID='manual__2025-06-15T15:01:56.952500+00:00'
[2025-06-15T15:02:01.993+0000] {taskinstance.py:430} INFO - ::endgroup::
[2025-06-15T15:02:02.024+0000] {logging_mixin.py:188} INFO - Fetching roster for Atlanta Hawks (ATL)...
[2025-06-15T15:02:02.777+0000] {logging_mixin.py:188} WARNING - /opt/***/plugins/nba_lib/teams.py:21 FutureWarning: Passing literal html to 'read_html' is deprecated and will be removed in a future version. To read from a literal string, wrap it in a 'StringIO' object.
[2025-06-15T15:02:06.375+0000] {logging_mixin.py:188} WARNING - /opt/***/plugins/nba_lib/utils.py:118 FutureWarning: Passing literal html to 'read_html' is deprecated and will be removed in a future version. To read from a literal string, wrap it in a 'StringIO' object.
[2025-06-15T15:02:10.107+0000] {logging_mixin.py:188} WARNING - /opt/***/plugins/nba_lib/utils.py:118 FutureWarning: Passing literal html to 'read_html' is deprecated and will be removed in a future version. To read from a literal string, wrap it in a 'StringIO' object.
[2025-06-15T15:02:13.645+0000] {logging_mixin.py:188} WARNING - /opt/***/plugins/nba_lib/utils.py:118 FutureWarning: Passing literal html to 'read_html' is deprecated and will be removed in a future version. To read from a literal string, wrap it in a 'StringIO' object.
[2025-06-15T15:02:17.128+0000] {logging_mixin.py:188} WARNING - /opt/***/plugins/nba_lib/utils.py:118 FutureWarning: Passing literal html to 'read_html' is deprecated and will be removed in a future version. To read from a literal string, wrap it in a 'StringIO' object.
[2025-06-15T15:02:17.184+0000] {logging_mixin.py:188} INFO - Fetched 18 players for Atlanta Hawks.
[2025-06-15T15:02:27.196+0000] {logging_mixin.py:188} INFO - Fetching roster for Boston Celtics (BOS)...
[2025-06-15T15:02:27.976+0000] {logging_mixin.py:188} WARNING - /opt/***/plugins/nba_lib/teams.py:21 FutureWarning: Passing literal html to 'read_html' is deprecated and will be removed in a future version. To read from a literal string, wrap it in a 'StringIO' object.
[2025-06-15T15:02:31.492+0000] {logging_mixin.py:188} WARNING - /opt/***/plugins/nba_lib/utils.py:118 FutureWarning: Passing literal html to 'read_html' is deprecated and will be removed in a future version. To read from a literal string, wrap it in a 'StringIO' object.
[2025-06-15T15:02:35.228+0000] {logging_mixin.py:188} WARNING - /opt/***/plugins/nba_lib/utils.py:118 FutureWarning: Passing literal html to 'read_html' is deprecated and will be removed in a future version. To read from a literal string, wrap it in a 'StringIO' object.
[2025-06-15T15:02:38.730+0000] {logging_mixin.py:188} WARNING - /opt/***/plugins/nba_lib/utils.py:118 FutureWarning: Passing literal html to 'read_html' is deprecated and will be removed in a future version. To read from a literal string, wrap it in a 'StringIO' object.
[2025-06-15T15:02:42.577+0000] {logging_mixin.py:188} WARNING - /opt/***/plugins/nba_lib/utils.py:118 FutureWarning: Passing literal html to 'read_html' is deprecated and will be removed in a future version. To read from a literal string, wrap it in a 'StringIO' object.
[2025-06-15T15:02:42.595+0000] {logging_mixin.py:188} INFO - Fetched 17 players for Boston Celtics.
[2025-06-15T15:02:52.607+0000] {logging_mixin.py:188} INFO - Fetching roster for Brooklyn Nets (BRK)...
[2025-06-15T15:02:53.321+0000] {logging_mixin.py:188} WARNING - /opt/***/plugins/nba_lib/teams.py:21 FutureWarning: Passing literal html to 'read_html' is deprecated and will be removed in a future version. To read from a literal string, wrap it in a 'StringIO' object.
[2025-06-15T15:02:56.748+0000] {logging_mixin.py:188} WARNING - /opt/***/plugins/nba_lib/utils.py:118 FutureWarning: Passing literal html to 'read_html' is deprecated and will be removed in a future version. To read from a literal string, wrap it in a 'StringIO' object.
[2025-06-15T15:03:00.188+0000] {logging_mixin.py:188} WARNING - /opt/***/plugins/nba_lib/utils.py:118 FutureWarning: Passing literal html to 'read_html' is deprecated and will be removed in a future version. To read from a literal string, wrap it in a 'StringIO' object.
[2025-06-15T15:03:03.744+0000] {logging_mixin.py:188} WARNING - /opt/***/plugins/nba_lib/utils.py:118 FutureWarning: Passing literal html to 'read_html' is deprecated and will be removed in a future version. To read from a literal string, wrap it in a 'StringIO' object.
[2025-06-15T15:03:07.185+0000] {logging_mixin.py:188} WARNING - /opt/***/plugins/nba_lib/utils.py:118 FutureWarning: Passing literal html to 'read_html' is deprecated and will be removed in a future version. To read from a literal string, wrap it in a 'StringIO' object.
[2025-06-15T15:03:10.627+0000] {logging_mixin.py:188} WARNING - /opt/***/plugins/nba_lib/utils.py:118 FutureWarning: Passing literal html to 'read_html' is deprecated and will be removed in a future version. To read from a literal string, wrap it in a 'StringIO' object.
[2025-06-15T15:03:14.074+0000] {logging_mixin.py:188} WARNING - /opt/***/plugins/nba_lib/utils.py:118 FutureWarning: Passing literal html to 'read_html' is deprecated and will be removed in a future version. To read from a literal string, wrap it in a 'StringIO' object.
[2025-06-15T15:03:14.089+0000] {logging_mixin.py:188} INFO - Fetched 18 players for Brooklyn Nets.
[2025-06-15T15:03:24.098+0000] {logging_mixin.py:188} INFO - Fetching roster for Charlotte Hornets (CHO)...
[2025-06-15T15:03:24.892+0000] {logging_mixin.py:188} WARNING - /opt/***/plugins/nba_lib/teams.py:21 FutureWarning: Passing literal html to 'read_html' is deprecated and will be removed in a future version. To read from a literal string, wrap it in a 'StringIO' object.
[2025-06-15T15:03:28.470+0000] {logging_mixin.py:188} WARNING - /opt/***/plugins/nba_lib/utils.py:118 FutureWarning: Passing literal html to 'read_html' is deprecated and will be removed in a future version. To read from a literal string, wrap it in a 'StringIO' object.
[2025-06-15T15:03:32.502+0000] {logging_mixin.py:188} WARNING - /opt/***/plugins/nba_lib/utils.py:118 FutureWarning: Passing literal html to 'read_html' is deprecated and will be removed in a future version. To read from a literal string, wrap it in a 'StringIO' object.
[2025-06-15T15:03:36.262+0000] {logging_mixin.py:188} WARNING - /opt/***/plugins/nba_lib/utils.py:118 FutureWarning: Passing literal html to 'read_html' is deprecated and will be removed in a future version. To read from a literal string, wrap it in a 'StringIO' object.
[2025-06-15T15:03:40.100+0000] {logging_mixin.py:188} WARNING - /opt/***/plugins/nba_lib/utils.py:118 FutureWarning: Passing literal html to 'read_html' is deprecated and will be removed in a future version. To read from a literal string, wrap it in a 'StringIO' object.
[2025-06-15T15:03:43.798+0000] {logging_mixin.py:188} WARNING - /opt/***/plugins/nba_lib/utils.py:118 FutureWarning: Passing literal html to 'read_html' is deprecated and will be removed in a future version. To read from a literal string, wrap it in a 'StringIO' object.
[2025-06-15T15:03:47.384+0000] {logging_mixin.py:188} WARNING - /opt/***/plugins/nba_lib/utils.py:118 FutureWarning: Passing literal html to 'read_html' is deprecated and will be removed in a future version. To read from a literal string, wrap it in a 'StringIO' object.
[2025-06-15T15:03:50.928+0000] {logging_mixin.py:188} WARNING - /opt/***/plugins/nba_lib/utils.py:118 FutureWarning: Passing literal html to 'read_html' is deprecated and will be removed in a future version. To read from a literal string, wrap it in a 'StringIO' object.
[2025-06-15T15:03:50.947+0000] {logging_mixin.py:188} INFO - Fetched 19 players for Charlotte Hornets.
[2025-06-15T15:04:00.958+0000] {logging_mixin.py:188} INFO - Fetching roster for Chicago Bulls (CHI)...
[2025-06-15T15:04:07.125+0000] {logging_mixin.py:188} WARNING - /opt/***/plugins/nba_lib/teams.py:21 FutureWarning: Passing literal html to 'read_html' is deprecated and will be removed in a future version. To read from a literal string, wrap it in a 'StringIO' object.
[2025-06-15T15:04:08.231+0000] {logging_mixin.py:188} WARNING - /opt/***/plugins/nba_lib/utils.py:118 FutureWarning: Passing literal html to 'read_html' is deprecated and will be removed in a future version. To read from a literal string, wrap it in a 'StringIO' object.
[2025-06-15T15:04:11.763+0000] {logging_mixin.py:188} WARNING - /opt/***/plugins/nba_lib/utils.py:118 FutureWarning: Passing literal html to 'read_html' is deprecated and will be removed in a future version. To read from a literal string, wrap it in a 'StringIO' object.
[2025-06-15T15:04:21.402+0000] {logging_mixin.py:188} WARNING - /opt/***/plugins/nba_lib/utils.py:118 FutureWarning: Passing literal html to 'read_html' is deprecated and will be removed in a future version. To read from a literal string, wrap it in a 'StringIO' object.
[2025-06-15T15:04:21.897+0000] {logging_mixin.py:188} WARNING - /opt/***/plugins/nba_lib/utils.py:118 FutureWarning: Passing literal html to 'read_html' is deprecated and will be removed in a future version. To read from a literal string, wrap it in a 'StringIO' object.
[2025-06-15T15:04:25.652+0000] {logging_mixin.py:188} WARNING - /opt/***/plugins/nba_lib/utils.py:118 FutureWarning: Passing literal html to 'read_html' is deprecated and will be removed in a future version. To read from a literal string, wrap it in a 'StringIO' object.
[2025-06-15T15:04:25.667+0000] {logging_mixin.py:188} INFO - Fetched 18 players for Chicago Bulls.
[2025-06-15T15:04:35.679+0000] {logging_mixin.py:188} INFO - Fetching roster for Cleveland Cavaliers (CLE)...
[2025-06-15T15:04:36.544+0000] {logging_mixin.py:188} WARNING - /opt/***/plugins/nba_lib/teams.py:21 FutureWarning: Passing literal html to 'read_html' is deprecated and will be removed in a future version. To read from a literal string, wrap it in a 'StringIO' object.
[2025-06-15T15:04:40.101+0000] {logging_mixin.py:188} WARNING - /opt/***/plugins/nba_lib/utils.py:118 FutureWarning: Passing literal html to 'read_html' is deprecated and will be removed in a future version. To read from a literal string, wrap it in a 'StringIO' object.
[2025-06-15T15:04:43.606+0000] {logging_mixin.py:188} WARNING - /opt/***/plugins/nba_lib/utils.py:118 FutureWarning: Passing literal html to 'read_html' is deprecated and will be removed in a future version. To read from a literal string, wrap it in a 'StringIO' object.
[2025-06-15T15:04:47.227+0000] {logging_mixin.py:188} WARNING - /opt/***/plugins/nba_lib/utils.py:118 FutureWarning: Passing literal html to 'read_html' is deprecated and will be removed in a future version. To read from a literal string, wrap it in a 'StringIO' object.
[2025-06-15T15:04:50.703+0000] {logging_mixin.py:188} WARNING - /opt/***/plugins/nba_lib/utils.py:118 FutureWarning: Passing literal html to 'read_html' is deprecated and will be removed in a future version. To read from a literal string, wrap it in a 'StringIO' object.
[2025-06-15T15:04:54.338+0000] {logging_mixin.py:188} WARNING - /opt/***/plugins/nba_lib/utils.py:118 FutureWarning: Passing literal html to 'read_html' is deprecated and will be removed in a future version. To read from a literal string, wrap it in a 'StringIO' object.
[2025-06-15T15:04:54.354+0000] {logging_mixin.py:188} INFO - Fetched 18 players for Cleveland Cavaliers.
[2025-06-15T15:05:04.365+0000] {logging_mixin.py:188} INFO - Fetching roster for Dallas Mavericks (DAL)...
[2025-06-15T15:05:05.017+0000] {logging_mixin.py:188} WARNING - /opt/***/plugins/nba_lib/teams.py:21 FutureWarning: Passing literal html to 'read_html' is deprecated and will be removed in a future version. To read from a literal string, wrap it in a 'StringIO' object.
[2025-06-15T15:05:08.492+0000] {logging_mixin.py:188} WARNING - /opt/***/plugins/nba_lib/utils.py:118 FutureWarning: Passing literal html to 'read_html' is deprecated and will be removed in a future version. To read from a literal string, wrap it in a 'StringIO' object.
[2025-06-15T15:05:11.966+0000] {logging_mixin.py:188} WARNING - /opt/***/plugins/nba_lib/utils.py:118 FutureWarning: Passing literal html to 'read_html' is deprecated and will be removed in a future version. To read from a literal string, wrap it in a 'StringIO' object.
[2025-06-15T15:05:15.583+0000] {logging_mixin.py:188} WARNING - /opt/***/plugins/nba_lib/utils.py:118 FutureWarning: Passing literal html to 'read_html' is deprecated and will be removed in a future version. To read from a literal string, wrap it in a 'StringIO' object.
[2025-06-15T15:05:19.495+0000] {logging_mixin.py:188} WARNING - /opt/***/plugins/nba_lib/utils.py:118 FutureWarning: Passing literal html to 'read_html' is deprecated and will be removed in a future version. To read from a literal string, wrap it in a 'StringIO' object.
[2025-06-15T15:05:19.511+0000] {logging_mixin.py:188} INFO - Fetched 17 players for Dallas Mavericks.
[2025-06-15T15:05:29.522+0000] {logging_mixin.py:188} INFO - Fetching roster for Denver Nuggets (DEN)...
[2025-06-15T15:05:30.423+0000] {logging_mixin.py:188} WARNING - /opt/***/plugins/nba_lib/teams.py:21 FutureWarning: Passing literal html to 'read_html' is deprecated and will be removed in a future version. To read from a literal string, wrap it in a 'StringIO' object.
[2025-06-15T15:05:34.088+0000] {logging_mixin.py:188} WARNING - /opt/***/plugins/nba_lib/utils.py:118 FutureWarning: Passing literal html to 'read_html' is deprecated and will be removed in a future version. To read from a literal string, wrap it in a 'StringIO' object.
[2025-06-15T15:05:37.618+0000] {logging_mixin.py:188} WARNING - /opt/***/plugins/nba_lib/utils.py:118 FutureWarning: Passing literal html to 'read_html' is deprecated and will be removed in a future version. To read from a literal string, wrap it in a 'StringIO' object.
[2025-06-15T15:05:41.246+0000] {logging_mixin.py:188} WARNING - /opt/***/plugins/nba_lib/utils.py:118 FutureWarning: Passing literal html to 'read_html' is deprecated and will be removed in a future version. To read from a literal string, wrap it in a 'StringIO' object.
[2025-06-15T15:05:45.049+0000] {logging_mixin.py:188} WARNING - /opt/***/plugins/nba_lib/utils.py:118 FutureWarning: Passing literal html to 'read_html' is deprecated and will be removed in a future version. To read from a literal string, wrap it in a 'StringIO' object.
[2025-06-15T15:05:48.672+0000] {logging_mixin.py:188} WARNING - /opt/***/plugins/nba_lib/utils.py:118 FutureWarning: Passing literal html to 'read_html' is deprecated and will be removed in a future version. To read from a literal string, wrap it in a 'StringIO' object.
[2025-06-15T15:05:52.613+0000] {logging_mixin.py:188} WARNING - /opt/***/plugins/nba_lib/utils.py:118 FutureWarning: Passing literal html to 'read_html' is deprecated and will be removed in a future version. To read from a literal string, wrap it in a 'StringIO' object.
[2025-06-15T15:05:56.396+0000] {logging_mixin.py:188} WARNING - /opt/***/plugins/nba_lib/utils.py:118 FutureWarning: Passing literal html to 'read_html' is deprecated and will be removed in a future version. To read from a literal string, wrap it in a 'StringIO' object.
[2025-06-15T15:05:56.411+0000] {logging_mixin.py:188} INFO - Fetched 18 players for Denver Nuggets.
[2025-06-15T15:06:06.423+0000] {logging_mixin.py:188} INFO - Fetching roster for Detroit Pistons (DET)...
[2025-06-15T15:06:07.287+0000] {logging_mixin.py:188} WARNING - /opt/***/plugins/nba_lib/teams.py:21 FutureWarning: Passing literal html to 'read_html' is deprecated and will be removed in a future version. To read from a literal string, wrap it in a 'StringIO' object.
[2025-06-15T15:06:11.200+0000] {logging_mixin.py:188} WARNING - /opt/***/plugins/nba_lib/utils.py:118 FutureWarning: Passing literal html to 'read_html' is deprecated and will be removed in a future version. To read from a literal string, wrap it in a 'StringIO' object.
[2025-06-15T15:06:14.853+0000] {logging_mixin.py:188} WARNING - /opt/***/plugins/nba_lib/utils.py:118 FutureWarning: Passing literal html to 'read_html' is deprecated and will be removed in a future version. To read from a literal string, wrap it in a 'StringIO' object.
[2025-06-15T15:06:19.270+0000] {logging_mixin.py:188} WARNING - /opt/***/plugins/nba_lib/utils.py:118 FutureWarning: Passing literal html to 'read_html' is deprecated and will be removed in a future version. To read from a literal string, wrap it in a 'StringIO' object.
[2025-06-15T15:06:23.107+0000] {logging_mixin.py:188} WARNING - /opt/***/plugins/nba_lib/utils.py:118 FutureWarning: Passing literal html to 'read_html' is deprecated and will be removed in a future version. To read from a literal string, wrap it in a 'StringIO' object.
[2025-06-15T15:06:26.857+0000] {logging_mixin.py:188} WARNING - /opt/***/plugins/nba_lib/utils.py:118 FutureWarning: Passing literal html to 'read_html' is deprecated and will be removed in a future version. To read from a literal string, wrap it in a 'StringIO' object.
[2025-06-15T15:06:26.872+0000] {logging_mixin.py:188} INFO - Fetched 18 players for Detroit Pistons.
[2025-06-15T15:06:36.883+0000] {logging_mixin.py:188} INFO - Fetching roster for Golden State Warriors (GSW)...
[2025-06-15T15:06:37.948+0000] {logging_mixin.py:188} WARNING - /opt/***/plugins/nba_lib/teams.py:21 FutureWarning: Passing literal html to 'read_html' is deprecated and will be removed in a future version. To read from a literal string, wrap it in a 'StringIO' object.
[2025-06-15T15:06:41.535+0000] {logging_mixin.py:188} WARNING - /opt/***/plugins/nba_lib/utils.py:118 FutureWarning: Passing literal html to 'read_html' is deprecated and will be removed in a future version. To read from a literal string, wrap it in a 'StringIO' object.
[2025-06-15T15:06:45.249+0000] {logging_mixin.py:188} WARNING - /opt/***/plugins/nba_lib/utils.py:118 FutureWarning: Passing literal html to 'read_html' is deprecated and will be removed in a future version. To read from a literal string, wrap it in a 'StringIO' object.
[2025-06-15T15:06:48.792+0000] {logging_mixin.py:188} WARNING - /opt/***/plugins/nba_lib/utils.py:118 FutureWarning: Passing literal html to 'read_html' is deprecated and will be removed in a future version. To read from a literal string, wrap it in a 'StringIO' object.
[2025-06-15T15:06:48.806+0000] {logging_mixin.py:188} INFO - Fetched 17 players for Golden State Warriors.
[2025-06-15T15:06:58.816+0000] {logging_mixin.py:188} INFO - Fetching roster for Houston Rockets (HOU)...
[2025-06-15T15:06:59.487+0000] {logging_mixin.py:188} WARNING - /opt/***/plugins/nba_lib/teams.py:21 FutureWarning: Passing literal html to 'read_html' is deprecated and will be removed in a future version. To read from a literal string, wrap it in a 'StringIO' object.
[2025-06-15T15:07:03.316+0000] {logging_mixin.py:188} WARNING - /opt/***/plugins/nba_lib/utils.py:118 FutureWarning: Passing literal html to 'read_html' is deprecated and will be removed in a future version. To read from a literal string, wrap it in a 'StringIO' object.
[2025-06-15T15:07:06.899+0000] {logging_mixin.py:188} WARNING - /opt/***/plugins/nba_lib/utils.py:118 FutureWarning: Passing literal html to 'read_html' is deprecated and will be removed in a future version. To read from a literal string, wrap it in a 'StringIO' object.
[2025-06-15T15:07:10.441+0000] {logging_mixin.py:188} WARNING - /opt/***/plugins/nba_lib/utils.py:118 FutureWarning: Passing literal html to 'read_html' is deprecated and will be removed in a future version. To read from a literal string, wrap it in a 'StringIO' object.
[2025-06-15T15:07:14.149+0000] {logging_mixin.py:188} WARNING - /opt/***/plugins/nba_lib/utils.py:118 FutureWarning: Passing literal html to 'read_html' is deprecated and will be removed in a future version. To read from a literal string, wrap it in a 'StringIO' object.
[2025-06-15T15:07:17.703+0000] {logging_mixin.py:188} WARNING - /opt/***/plugins/nba_lib/utils.py:118 FutureWarning: Passing literal html to 'read_html' is deprecated and will be removed in a future version. To read from a literal string, wrap it in a 'StringIO' object.
[2025-06-15T15:07:21.352+0000] {logging_mixin.py:188} WARNING - /opt/***/plugins/nba_lib/utils.py:118 FutureWarning: Passing literal html to 'read_html' is deprecated and will be removed in a future version. To read from a literal string, wrap it in a 'StringIO' object.
[2025-06-15T15:07:21.368+0000] {logging_mixin.py:188} INFO - Fetched 18 players for Houston Rockets.
[2025-06-15T15:07:31.380+0000] {logging_mixin.py:188} INFO - Fetching roster for Indiana Pacers (IND)...
[2025-06-15T15:07:32.618+0000] {logging_mixin.py:188} WARNING - /opt/***/plugins/nba_lib/teams.py:21 FutureWarning: Passing literal html to 'read_html' is deprecated and will be removed in a future version. To read from a literal string, wrap it in a 'StringIO' object.
[2025-06-15T15:07:37.237+0000] {logging_mixin.py:188} WARNING - /opt/***/plugins/nba_lib/utils.py:118 FutureWarning: Passing literal html to 'read_html' is deprecated and will be removed in a future version. To read from a literal string, wrap it in a 'StringIO' object.
[2025-06-15T15:07:56.018+0000] {logging_mixin.py:188} INFO - Error fetching roster for Indiana Pacers: HTTPSConnectionPool(host='www.basketball-reference.com', port=443): Max retries exceeded with url: /teams/IND/2025.html (Caused by SSLError(SSLZeroReturnError(6, 'TLS/SSL connection has been closed (EOF) (_ssl.c:1133)')))
[2025-06-15T15:07:56.028+0000] {logging_mixin.py:188} INFO - Fetching roster for Los Angeles Clippers (LAC)...
[2025-06-15T15:08:17.375+0000] {logging_mixin.py:188} INFO - Error fetching roster for Los Angeles Clippers: HTTPSConnectionPool(host='www.basketball-reference.com', port=443): Max retries exceeded with url: /teams/LAC/2025.html (Caused by SSLError(SSLZeroReturnError(6, 'TLS/SSL connection has been closed (EOF) (_ssl.c:1133)')))
[2025-06-15T15:08:17.376+0000] {logging_mixin.py:188} INFO - Fetching roster for Los Angeles Lakers (LAL)...
[2025-06-15T15:08:56.646+0000] {logging_mixin.py:188} INFO - Error fetching roster for Los Angeles Lakers: ('Connection aborted.', RemoteDisconnected('Remote end closed connection without response'))
[2025-06-15T15:08:56.647+0000] {logging_mixin.py:188} INFO - Fetching roster for Memphis Grizzlies (MEM)...
[2025-06-15T15:09:02.457+0000] {logging_mixin.py:188} WARNING - /opt/***/plugins/nba_lib/teams.py:21 FutureWarning: Passing literal html to 'read_html' is deprecated and will be removed in a future version. To read from a literal string, wrap it in a 'StringIO' object.
[2025-06-15T15:09:03.221+0000] {logging_mixin.py:188} WARNING - /opt/***/plugins/nba_lib/utils.py:118 FutureWarning: Passing literal html to 'read_html' is deprecated and will be removed in a future version. To read from a literal string, wrap it in a 'StringIO' object.
[2025-06-15T15:09:06.995+0000] {logging_mixin.py:188} WARNING - /opt/***/plugins/nba_lib/utils.py:118 FutureWarning: Passing literal html to 'read_html' is deprecated and will be removed in a future version. To read from a literal string, wrap it in a 'StringIO' object.
[2025-06-15T15:09:11.219+0000] {logging_mixin.py:188} WARNING - /opt/***/plugins/nba_lib/utils.py:118 FutureWarning: Passing literal html to 'read_html' is deprecated and will be removed in a future version. To read from a literal string, wrap it in a 'StringIO' object.
[2025-06-15T15:09:14.682+0000] {logging_mixin.py:188} WARNING - /opt/***/plugins/nba_lib/utils.py:118 FutureWarning: Passing literal html to 'read_html' is deprecated and will be removed in a future version. To read from a literal string, wrap it in a 'StringIO' object.
[2025-06-15T15:09:15.836+0000] {logging_mixin.py:188} WARNING - /opt/***/plugins/nba_lib/utils.py:118 FutureWarning: Passing literal html to 'read_html' is deprecated and will be removed in a future version. To read from a literal string, wrap it in a 'StringIO' object.
[2025-06-15T15:09:19.375+0000] {logging_mixin.py:188} WARNING - /opt/***/plugins/nba_lib/utils.py:118 FutureWarning: Passing literal html to 'read_html' is deprecated and will be removed in a future version. To read from a literal string, wrap it in a 'StringIO' object.
[2025-06-15T15:09:19.399+0000] {logging_mixin.py:188} INFO - Fetched 18 players for Memphis Grizzlies.
[2025-06-15T15:09:29.408+0000] {logging_mixin.py:188} INFO - Fetching roster for Miami Heat (MIA)...
[2025-06-15T15:09:30.141+0000] {logging_mixin.py:188} WARNING - /opt/***/plugins/nba_lib/teams.py:21 FutureWarning: Passing literal html to 'read_html' is deprecated and will be removed in a future version. To read from a literal string, wrap it in a 'StringIO' object.
[2025-06-15T15:09:33.599+0000] {logging_mixin.py:188} WARNING - /opt/***/plugins/nba_lib/utils.py:118 FutureWarning: Passing literal html to 'read_html' is deprecated and will be removed in a future version. To read from a literal string, wrap it in a 'StringIO' object.
[2025-06-15T15:09:37.089+0000] {logging_mixin.py:188} WARNING - /opt/***/plugins/nba_lib/utils.py:118 FutureWarning: Passing literal html to 'read_html' is deprecated and will be removed in a future version. To read from a literal string, wrap it in a 'StringIO' object.
[2025-06-15T15:09:40.672+0000] {logging_mixin.py:188} WARNING - /opt/***/plugins/nba_lib/utils.py:118 FutureWarning: Passing literal html to 'read_html' is deprecated and will be removed in a future version. To read from a literal string, wrap it in a 'StringIO' object.
[2025-06-15T15:09:46.981+0000] {logging_mixin.py:188} WARNING - /opt/***/plugins/nba_lib/utils.py:118 FutureWarning: Passing literal html to 'read_html' is deprecated and will be removed in a future version. To read from a literal string, wrap it in a 'StringIO' object.
[2025-06-15T15:09:51.249+0000] {logging_mixin.py:188} WARNING - /opt/***/plugins/nba_lib/utils.py:118 FutureWarning: Passing literal html to 'read_html' is deprecated and will be removed in a future version. To read from a literal string, wrap it in a 'StringIO' object.
[2025-06-15T15:09:55.099+0000] {logging_mixin.py:188} WARNING - /opt/***/plugins/nba_lib/utils.py:118 FutureWarning: Passing literal html to 'read_html' is deprecated and will be removed in a future version. To read from a literal string, wrap it in a 'StringIO' object.
[2025-06-15T15:09:55.115+0000] {logging_mixin.py:188} INFO - Fetched 18 players for Miami Heat.
[2025-06-15T15:10:05.117+0000] {logging_mixin.py:188} INFO - Fetching roster for Milwaukee Bucks (MIL)...
[2025-06-15T15:10:06.336+0000] {logging_mixin.py:188} WARNING - /opt/***/plugins/nba_lib/teams.py:21 FutureWarning: Passing literal html to 'read_html' is deprecated and will be removed in a future version. To read from a literal string, wrap it in a 'StringIO' object.
[2025-06-15T15:10:10.157+0000] {logging_mixin.py:188} WARNING - /opt/***/plugins/nba_lib/utils.py:118 FutureWarning: Passing literal html to 'read_html' is deprecated and will be removed in a future version. To read from a literal string, wrap it in a 'StringIO' object.
[2025-06-15T15:10:13.681+0000] {logging_mixin.py:188} WARNING - /opt/***/plugins/nba_lib/utils.py:118 FutureWarning: Passing literal html to 'read_html' is deprecated and will be removed in a future version. To read from a literal string, wrap it in a 'StringIO' object.
[2025-06-15T15:10:16.624+0000] {logging_mixin.py:188} WARNING - /opt/***/plugins/nba_lib/utils.py:118 FutureWarning: Passing literal html to 'read_html' is deprecated and will be removed in a future version. To read from a literal string, wrap it in a 'StringIO' object.
[2025-06-15T15:10:20.164+0000] {logging_mixin.py:188} WARNING - /opt/***/plugins/nba_lib/utils.py:118 FutureWarning: Passing literal html to 'read_html' is deprecated and will be removed in a future version. To read from a literal string, wrap it in a 'StringIO' object.
[2025-06-15T15:10:23.942+0000] {logging_mixin.py:188} WARNING - /opt/***/plugins/nba_lib/utils.py:118 FutureWarning: Passing literal html to 'read_html' is deprecated and will be removed in a future version. To read from a literal string, wrap it in a 'StringIO' object.
[2025-06-15T15:10:27.729+0000] {logging_mixin.py:188} WARNING - /opt/***/plugins/nba_lib/utils.py:118 FutureWarning: Passing literal html to 'read_html' is deprecated and will be removed in a future version. To read from a literal string, wrap it in a 'StringIO' object.
[2025-06-15T15:10:31.344+0000] {logging_mixin.py:188} WARNING - /opt/***/plugins/nba_lib/utils.py:118 FutureWarning: Passing literal html to 'read_html' is deprecated and will be removed in a future version. To read from a literal string, wrap it in a 'StringIO' object.
[2025-06-15T15:10:31.362+0000] {logging_mixin.py:188} INFO - Fetched 18 players for Milwaukee Bucks.
[2025-06-15T15:10:41.411+0000] {logging_mixin.py:188} INFO - Fetching roster for Minnesota Timberwolves (MIN)...
[2025-06-15T15:10:42.226+0000] {logging_mixin.py:188} WARNING - /opt/***/plugins/nba_lib/teams.py:21 FutureWarning: Passing literal html to 'read_html' is deprecated and will be removed in a future version. To read from a literal string, wrap it in a 'StringIO' object.
[2025-06-15T15:10:46.034+0000] {logging_mixin.py:188} WARNING - /opt/***/plugins/nba_lib/utils.py:118 FutureWarning: Passing literal html to 'read_html' is deprecated and will be removed in a future version. To read from a literal string, wrap it in a 'StringIO' object.
[2025-06-15T15:10:49.596+0000] {logging_mixin.py:188} WARNING - /opt/***/plugins/nba_lib/utils.py:118 FutureWarning: Passing literal html to 'read_html' is deprecated and will be removed in a future version. To read from a literal string, wrap it in a 'StringIO' object.
[2025-06-15T15:10:53.326+0000] {logging_mixin.py:188} WARNING - /opt/***/plugins/nba_lib/utils.py:118 FutureWarning: Passing literal html to 'read_html' is deprecated and will be removed in a future version. To read from a literal string, wrap it in a 'StringIO' object.
[2025-06-15T15:10:56.915+0000] {logging_mixin.py:188} WARNING - /opt/***/plugins/nba_lib/utils.py:118 FutureWarning: Passing literal html to 'read_html' is deprecated and will be removed in a future version. To read from a literal string, wrap it in a 'StringIO' object.
[2025-06-15T15:11:00.477+0000] {logging_mixin.py:188} WARNING - /opt/***/plugins/nba_lib/utils.py:118 FutureWarning: Passing literal html to 'read_html' is deprecated and will be removed in a future version. To read from a literal string, wrap it in a 'StringIO' object.
[2025-06-15T15:11:00.494+0000] {logging_mixin.py:188} INFO - Fetched 18 players for Minnesota Timberwolves.
[2025-06-15T15:11:10.503+0000] {logging_mixin.py:188} INFO - Fetching roster for New Orleans Pelicans (NOP)...
[2025-06-15T15:11:11.497+0000] {logging_mixin.py:188} WARNING - /opt/***/plugins/nba_lib/teams.py:21 FutureWarning: Passing literal html to 'read_html' is deprecated and will be removed in a future version. To read from a literal string, wrap it in a 'StringIO' object.
[2025-06-15T15:11:16.124+0000] {logging_mixin.py:188} WARNING - /opt/***/plugins/nba_lib/utils.py:118 FutureWarning: Passing literal html to 'read_html' is deprecated and will be removed in a future version. To read from a literal string, wrap it in a 'StringIO' object.
[2025-06-15T15:11:20.402+0000] {logging_mixin.py:188} WARNING - /opt/***/plugins/nba_lib/utils.py:118 FutureWarning: Passing literal html to 'read_html' is deprecated and will be removed in a future version. To read from a literal string, wrap it in a 'StringIO' object.
[2025-06-15T15:11:23.990+0000] {logging_mixin.py:188} WARNING - /opt/***/plugins/nba_lib/utils.py:118 FutureWarning: Passing literal html to 'read_html' is deprecated and will be removed in a future version. To read from a literal string, wrap it in a 'StringIO' object.
[2025-06-15T15:11:27.471+0000] {logging_mixin.py:188} WARNING - /opt/***/plugins/nba_lib/utils.py:118 FutureWarning: Passing literal html to 'read_html' is deprecated and will be removed in a future version. To read from a literal string, wrap it in a 'StringIO' object.
[2025-06-15T15:11:31.100+0000] {logging_mixin.py:188} WARNING - /opt/***/plugins/nba_lib/utils.py:118 FutureWarning: Passing literal html to 'read_html' is deprecated and will be removed in a future version. To read from a literal string, wrap it in a 'StringIO' object.
[2025-06-15T15:11:34.790+0000] {logging_mixin.py:188} WARNING - /opt/***/plugins/nba_lib/utils.py:118 FutureWarning: Passing literal html to 'read_html' is deprecated and will be removed in a future version. To read from a literal string, wrap it in a 'StringIO' object.
[2025-06-15T15:11:34.806+0000] {logging_mixin.py:188} INFO - Fetched 19 players for New Orleans Pelicans.
[2025-06-15T15:11:44.817+0000] {logging_mixin.py:188} INFO - Fetching roster for New York Knicks (NYK)...
[2025-06-15T15:11:45.637+0000] {logging_mixin.py:188} WARNING - /opt/***/plugins/nba_lib/teams.py:21 FutureWarning: Passing literal html to 'read_html' is deprecated and will be removed in a future version. To read from a literal string, wrap it in a 'StringIO' object.
[2025-06-15T15:11:49.390+0000] {logging_mixin.py:188} WARNING - /opt/***/plugins/nba_lib/utils.py:118 FutureWarning: Passing literal html to 'read_html' is deprecated and will be removed in a future version. To read from a literal string, wrap it in a 'StringIO' object.
[2025-06-15T15:11:53.131+0000] {logging_mixin.py:188} WARNING - /opt/***/plugins/nba_lib/utils.py:118 FutureWarning: Passing literal html to 'read_html' is deprecated and will be removed in a future version. To read from a literal string, wrap it in a 'StringIO' object.
[2025-06-15T15:11:56.703+0000] {logging_mixin.py:188} WARNING - /opt/***/plugins/nba_lib/utils.py:118 FutureWarning: Passing literal html to 'read_html' is deprecated and will be removed in a future version. To read from a literal string, wrap it in a 'StringIO' object.
[2025-06-15T15:12:00.508+0000] {logging_mixin.py:188} WARNING - /opt/***/plugins/nba_lib/utils.py:118 FutureWarning: Passing literal html to 'read_html' is deprecated and will be removed in a future version. To read from a literal string, wrap it in a 'StringIO' object.
[2025-06-15T15:12:04.107+0000] {logging_mixin.py:188} WARNING - /opt/***/plugins/nba_lib/utils.py:118 FutureWarning: Passing literal html to 'read_html' is deprecated and will be removed in a future version. To read from a literal string, wrap it in a 'StringIO' object.
[2025-06-15T15:12:04.122+0000] {logging_mixin.py:188} INFO - Fetched 18 players for New York Knicks.
[2025-06-15T15:12:14.133+0000] {logging_mixin.py:188} INFO - Fetching roster for Oklahoma City Thunder (OKC)...
[2025-06-15T15:12:15.064+0000] {logging_mixin.py:188} WARNING - /opt/***/plugins/nba_lib/teams.py:21 FutureWarning: Passing literal html to 'read_html' is deprecated and will be removed in a future version. To read from a literal string, wrap it in a 'StringIO' object.
[2025-06-15T15:12:18.606+0000] {logging_mixin.py:188} WARNING - /opt/***/plugins/nba_lib/utils.py:118 FutureWarning: Passing literal html to 'read_html' is deprecated and will be removed in a future version. To read from a literal string, wrap it in a 'StringIO' object.
[2025-06-15T15:12:22.350+0000] {logging_mixin.py:188} WARNING - /opt/***/plugins/nba_lib/utils.py:118 FutureWarning: Passing literal html to 'read_html' is deprecated and will be removed in a future version. To read from a literal string, wrap it in a 'StringIO' object.
[2025-06-15T15:12:25.925+0000] {logging_mixin.py:188} WARNING - /opt/***/plugins/nba_lib/utils.py:118 FutureWarning: Passing literal html to 'read_html' is deprecated and will be removed in a future version. To read from a literal string, wrap it in a 'StringIO' object.
[2025-06-15T15:12:29.576+0000] {logging_mixin.py:188} WARNING - /opt/***/plugins/nba_lib/utils.py:118 FutureWarning: Passing literal html to 'read_html' is deprecated and will be removed in a future version. To read from a literal string, wrap it in a 'StringIO' object.
[2025-06-15T15:12:33.288+0000] {logging_mixin.py:188} WARNING - /opt/***/plugins/nba_lib/utils.py:118 FutureWarning: Passing literal html to 'read_html' is deprecated and will be removed in a future version. To read from a literal string, wrap it in a 'StringIO' object.
[2025-06-15T15:12:33.303+0000] {logging_mixin.py:188} INFO - Fetched 18 players for Oklahoma City Thunder.
[2025-06-15T15:12:43.313+0000] {logging_mixin.py:188} INFO - Fetching roster for Orlando Magic (ORL)...
[2025-06-15T15:12:44.083+0000] {logging_mixin.py:188} WARNING - /opt/***/plugins/nba_lib/teams.py:21 FutureWarning: Passing literal html to 'read_html' is deprecated and will be removed in a future version. To read from a literal string, wrap it in a 'StringIO' object.
[2025-06-15T15:12:47.621+0000] {logging_mixin.py:188} WARNING - /opt/***/plugins/nba_lib/utils.py:118 FutureWarning: Passing literal html to 'read_html' is deprecated and will be removed in a future version. To read from a literal string, wrap it in a 'StringIO' object.
[2025-06-15T15:12:51.334+0000] {logging_mixin.py:188} WARNING - /opt/***/plugins/nba_lib/utils.py:118 FutureWarning: Passing literal html to 'read_html' is deprecated and will be removed in a future version. To read from a literal string, wrap it in a 'StringIO' object.
[2025-06-15T15:12:54.872+0000] {logging_mixin.py:188} WARNING - /opt/***/plugins/nba_lib/utils.py:118 FutureWarning: Passing literal html to 'read_html' is deprecated and will be removed in a future version. To read from a literal string, wrap it in a 'StringIO' object.
[2025-06-15T15:12:58.489+0000] {logging_mixin.py:188} WARNING - /opt/***/plugins/nba_lib/utils.py:118 FutureWarning: Passing literal html to 'read_html' is deprecated and will be removed in a future version. To read from a literal string, wrap it in a 'StringIO' object.
[2025-06-15T15:13:02.375+0000] {logging_mixin.py:188} WARNING - /opt/***/plugins/nba_lib/utils.py:118 FutureWarning: Passing literal html to 'read_html' is deprecated and will be removed in a future version. To read from a literal string, wrap it in a 'StringIO' object.
[2025-06-15T15:13:02.402+0000] {logging_mixin.py:188} INFO - Fetched 18 players for Orlando Magic.
[2025-06-15T15:13:12.414+0000] {logging_mixin.py:188} INFO - Fetching roster for Philadelphia 76ers (PHI)...
[2025-06-15T15:13:13.149+0000] {logging_mixin.py:188} WARNING - /opt/***/plugins/nba_lib/teams.py:21 FutureWarning: Passing literal html to 'read_html' is deprecated and will be removed in a future version. To read from a literal string, wrap it in a 'StringIO' object.
[2025-06-15T15:13:16.847+0000] {logging_mixin.py:188} WARNING - /opt/***/plugins/nba_lib/utils.py:118 FutureWarning: Passing literal html to 'read_html' is deprecated and will be removed in a future version. To read from a literal string, wrap it in a 'StringIO' object.
[2025-06-15T15:13:20.348+0000] {logging_mixin.py:188} WARNING - /opt/***/plugins/nba_lib/utils.py:118 FutureWarning: Passing literal html to 'read_html' is deprecated and will be removed in a future version. To read from a literal string, wrap it in a 'StringIO' object.
[2025-06-15T15:13:23.946+0000] {logging_mixin.py:188} WARNING - /opt/***/plugins/nba_lib/utils.py:118 FutureWarning: Passing literal html to 'read_html' is deprecated and will be removed in a future version. To read from a literal string, wrap it in a 'StringIO' object.
[2025-06-15T15:13:27.621+0000] {logging_mixin.py:188} WARNING - /opt/***/plugins/nba_lib/utils.py:118 FutureWarning: Passing literal html to 'read_html' is deprecated and will be removed in a future version. To read from a literal string, wrap it in a 'StringIO' object.
[2025-06-15T15:13:27.636+0000] {logging_mixin.py:188} INFO - Fetched 19 players for Philadelphia 76ers.
[2025-06-15T15:13:37.647+0000] {logging_mixin.py:188} INFO - Fetching roster for Phoenix Suns (PHO)...
[2025-06-15T15:13:38.411+0000] {logging_mixin.py:188} WARNING - /opt/***/plugins/nba_lib/teams.py:21 FutureWarning: Passing literal html to 'read_html' is deprecated and will be removed in a future version. To read from a literal string, wrap it in a 'StringIO' object.
[2025-06-15T15:13:41.903+0000] {logging_mixin.py:188} WARNING - /opt/***/plugins/nba_lib/utils.py:118 FutureWarning: Passing literal html to 'read_html' is deprecated and will be removed in a future version. To read from a literal string, wrap it in a 'StringIO' object.
[2025-06-15T15:13:45.415+0000] {logging_mixin.py:188} WARNING - /opt/***/plugins/nba_lib/utils.py:118 FutureWarning: Passing literal html to 'read_html' is deprecated and will be removed in a future version. To read from a literal string, wrap it in a 'StringIO' object.
[2025-06-15T15:13:49.219+0000] {logging_mixin.py:188} WARNING - /opt/***/plugins/nba_lib/utils.py:118 FutureWarning: Passing literal html to 'read_html' is deprecated and will be removed in a future version. To read from a literal string, wrap it in a 'StringIO' object.
[2025-06-15T15:13:52.738+0000] {logging_mixin.py:188} WARNING - /opt/***/plugins/nba_lib/utils.py:118 FutureWarning: Passing literal html to 'read_html' is deprecated and will be removed in a future version. To read from a literal string, wrap it in a 'StringIO' object.
[2025-06-15T15:13:56.313+0000] {logging_mixin.py:188} WARNING - /opt/***/plugins/nba_lib/utils.py:118 FutureWarning: Passing literal html to 'read_html' is deprecated and will be removed in a future version. To read from a literal string, wrap it in a 'StringIO' object.
[2025-06-15T15:13:56.329+0000] {logging_mixin.py:188} INFO - Fetched 18 players for Phoenix Suns.
[2025-06-15T15:14:06.341+0000] {logging_mixin.py:188} INFO - Fetching roster for Portland Trail Blazers (POR)...
[2025-06-15T15:14:07.112+0000] {logging_mixin.py:188} WARNING - /opt/***/plugins/nba_lib/teams.py:21 FutureWarning: Passing literal html to 'read_html' is deprecated and will be removed in a future version. To read from a literal string, wrap it in a 'StringIO' object.
[2025-06-15T15:14:10.870+0000] {logging_mixin.py:188} WARNING - /opt/***/plugins/nba_lib/utils.py:118 FutureWarning: Passing literal html to 'read_html' is deprecated and will be removed in a future version. To read from a literal string, wrap it in a 'StringIO' object.
[2025-06-15T15:14:14.623+0000] {logging_mixin.py:188} WARNING - /opt/***/plugins/nba_lib/utils.py:118 FutureWarning: Passing literal html to 'read_html' is deprecated and will be removed in a future version. To read from a literal string, wrap it in a 'StringIO' object.
[2025-06-15T15:14:18.377+0000] {logging_mixin.py:188} WARNING - /opt/***/plugins/nba_lib/utils.py:118 FutureWarning: Passing literal html to 'read_html' is deprecated and will be removed in a future version. To read from a literal string, wrap it in a 'StringIO' object.
[2025-06-15T15:14:18.393+0000] {logging_mixin.py:188} INFO - Fetched 18 players for Portland Trail Blazers.
[2025-06-15T15:14:28.405+0000] {logging_mixin.py:188} INFO - Fetching roster for Sacramento Kings (SAC)...
[2025-06-15T15:14:28.884+0000] {logging_mixin.py:188} WARNING - /opt/***/plugins/nba_lib/teams.py:21 FutureWarning: Passing literal html to 'read_html' is deprecated and will be removed in a future version. To read from a literal string, wrap it in a 'StringIO' object.
[2025-06-15T15:14:32.371+0000] {logging_mixin.py:188} WARNING - /opt/***/plugins/nba_lib/utils.py:118 FutureWarning: Passing literal html to 'read_html' is deprecated and will be removed in a future version. To read from a literal string, wrap it in a 'StringIO' object.
[2025-06-15T15:14:35.907+0000] {logging_mixin.py:188} WARNING - /opt/***/plugins/nba_lib/utils.py:118 FutureWarning: Passing literal html to 'read_html' is deprecated and will be removed in a future version. To read from a literal string, wrap it in a 'StringIO' object.
[2025-06-15T15:14:39.548+0000] {logging_mixin.py:188} WARNING - /opt/***/plugins/nba_lib/utils.py:118 FutureWarning: Passing literal html to 'read_html' is deprecated and will be removed in a future version. To read from a literal string, wrap it in a 'StringIO' object.
[2025-06-15T15:14:39.561+0000] {logging_mixin.py:188} INFO - Fetched 17 players for Sacramento Kings.
[2025-06-15T15:14:49.563+0000] {logging_mixin.py:188} INFO - Fetching roster for San Antonio Spurs (SAS)...
[2025-06-15T15:14:50.209+0000] {logging_mixin.py:188} WARNING - /opt/***/plugins/nba_lib/teams.py:21 FutureWarning: Passing literal html to 'read_html' is deprecated and will be removed in a future version. To read from a literal string, wrap it in a 'StringIO' object.
[2025-06-15T15:14:53.643+0000] {logging_mixin.py:188} WARNING - /opt/***/plugins/nba_lib/utils.py:118 FutureWarning: Passing literal html to 'read_html' is deprecated and will be removed in a future version. To read from a literal string, wrap it in a 'StringIO' object.
[2025-06-15T15:14:57.359+0000] {logging_mixin.py:188} WARNING - /opt/***/plugins/nba_lib/utils.py:118 FutureWarning: Passing literal html to 'read_html' is deprecated and will be removed in a future version. To read from a literal string, wrap it in a 'StringIO' object.
[2025-06-15T15:15:00.832+0000] {logging_mixin.py:188} WARNING - /opt/***/plugins/nba_lib/utils.py:118 FutureWarning: Passing literal html to 'read_html' is deprecated and will be removed in a future version. To read from a literal string, wrap it in a 'StringIO' object.
[2025-06-15T15:15:04.381+0000] {logging_mixin.py:188} WARNING - /opt/***/plugins/nba_lib/utils.py:118 FutureWarning: Passing literal html to 'read_html' is deprecated and will be removed in a future version. To read from a literal string, wrap it in a 'StringIO' object.
[2025-06-15T15:15:04.448+0000] {logging_mixin.py:188} INFO - Fetched 18 players for San Antonio Spurs.
[2025-06-15T15:15:14.464+0000] {logging_mixin.py:188} INFO - Fetching roster for Toronto Raptors (TOR)...
[2025-06-15T15:15:15.263+0000] {logging_mixin.py:188} WARNING - /opt/***/plugins/nba_lib/teams.py:21 FutureWarning: Passing literal html to 'read_html' is deprecated and will be removed in a future version. To read from a literal string, wrap it in a 'StringIO' object.
[2025-06-15T15:15:18.690+0000] {logging_mixin.py:188} WARNING - /opt/***/plugins/nba_lib/utils.py:118 FutureWarning: Passing literal html to 'read_html' is deprecated and will be removed in a future version. To read from a literal string, wrap it in a 'StringIO' object.
[2025-06-15T15:15:22.115+0000] {logging_mixin.py:188} WARNING - /opt/***/plugins/nba_lib/utils.py:118 FutureWarning: Passing literal html to 'read_html' is deprecated and will be removed in a future version. To read from a literal string, wrap it in a 'StringIO' object.
[2025-06-15T15:15:25.685+0000] {logging_mixin.py:188} WARNING - /opt/***/plugins/nba_lib/utils.py:118 FutureWarning: Passing literal html to 'read_html' is deprecated and will be removed in a future version. To read from a literal string, wrap it in a 'StringIO' object.
[2025-06-15T15:15:29.144+0000] {logging_mixin.py:188} WARNING - /opt/***/plugins/nba_lib/utils.py:118 FutureWarning: Passing literal html to 'read_html' is deprecated and will be removed in a future version. To read from a literal string, wrap it in a 'StringIO' object.
[2025-06-15T15:15:29.159+0000] {logging_mixin.py:188} INFO - Fetched 17 players for Toronto Raptors.
[2025-06-15T15:15:39.170+0000] {logging_mixin.py:188} INFO - Fetching roster for Utah Jazz (UTA)...
[2025-06-15T15:15:39.748+0000] {logging_mixin.py:188} WARNING - /opt/***/plugins/nba_lib/teams.py:21 FutureWarning: Passing literal html to 'read_html' is deprecated and will be removed in a future version. To read from a literal string, wrap it in a 'StringIO' object.
[2025-06-15T15:15:43.257+0000] {logging_mixin.py:188} WARNING - /opt/***/plugins/nba_lib/utils.py:118 FutureWarning: Passing literal html to 'read_html' is deprecated and will be removed in a future version. To read from a literal string, wrap it in a 'StringIO' object.
[2025-06-15T15:15:46.911+0000] {logging_mixin.py:188} WARNING - /opt/***/plugins/nba_lib/utils.py:118 FutureWarning: Passing literal html to 'read_html' is deprecated and will be removed in a future version. To read from a literal string, wrap it in a 'StringIO' object.
[2025-06-15T15:15:50.417+0000] {logging_mixin.py:188} WARNING - /opt/***/plugins/nba_lib/utils.py:118 FutureWarning: Passing literal html to 'read_html' is deprecated and will be removed in a future version. To read from a literal string, wrap it in a 'StringIO' object.
[2025-06-15T15:15:50.433+0000] {logging_mixin.py:188} INFO - Fetched 18 players for Utah Jazz.
[2025-06-15T15:16:00.444+0000] {logging_mixin.py:188} INFO - Fetching roster for Washington Wizards (WAS)...
[2025-06-15T15:16:01.043+0000] {logging_mixin.py:188} WARNING - /opt/***/plugins/nba_lib/teams.py:21 FutureWarning: Passing literal html to 'read_html' is deprecated and will be removed in a future version. To read from a literal string, wrap it in a 'StringIO' object.
[2025-06-15T15:16:04.787+0000] {logging_mixin.py:188} WARNING - /opt/***/plugins/nba_lib/utils.py:118 FutureWarning: Passing literal html to 'read_html' is deprecated and will be removed in a future version. To read from a literal string, wrap it in a 'StringIO' object.
[2025-06-15T15:16:08.391+0000] {logging_mixin.py:188} WARNING - /opt/***/plugins/nba_lib/utils.py:118 FutureWarning: Passing literal html to 'read_html' is deprecated and will be removed in a future version. To read from a literal string, wrap it in a 'StringIO' object.
[2025-06-15T15:16:11.935+0000] {logging_mixin.py:188} WARNING - /opt/***/plugins/nba_lib/utils.py:118 FutureWarning: Passing literal html to 'read_html' is deprecated and will be removed in a future version. To read from a literal string, wrap it in a 'StringIO' object.
[2025-06-15T15:16:11.949+0000] {logging_mixin.py:188} INFO - Fetched 18 players for Washington Wizards.
[2025-06-15T15:16:21.948+0000] {python.py:237} INFO - Done. Returned value was: None
[2025-06-15T15:16:21.949+0000] {taskinstance.py:441} INFO - ::group::Post task execution logs
[2025-06-15T15:16:21.960+0000] {taskinstance.py:1206} INFO - Marking task as SUCCESS. dag_id=nba_etl_to_postgres, task_id=fetch_roster_and_load_to_postgres, run_id=manual__2025-06-15T15:01:56.952500+00:00, execution_date=20250615T150156, start_date=20250615T150201, end_date=20250615T151621
[2025-06-15T15:16:22.085+0000] {local_task_job_runner.py:240} INFO - Task exited with return code 0
[2025-06-15T15:16:22.112+0000] {taskinstance.py:3498} INFO - 0 downstream tasks scheduled from follow-on schedule check
[2025-06-15T15:16:22.143+0000] {local_task_job_runner.py:222} INFO - ::endgroup::
