[2025-06-20T11:56:56.483+0000] {local_task_job_runner.py:120} INFO - ::group::Pre task execution logs
[2025-06-20T11:56:56.577+0000] {taskinstance.py:2076} INFO - Dependencies all met for dep_context=non-requeueable deps ti=<TaskInstance: nba_etl_to_staging.fetch_pbp_and_load_to_stage manual__2025-06-20T11:56:54.895597+00:00 [queued]>
[2025-06-20T11:56:56.612+0000] {taskinstance.py:2076} INFO - Dependencies all met for dep_context=requeueable deps ti=<TaskInstance: nba_etl_to_staging.fetch_pbp_and_load_to_stage manual__2025-06-20T11:56:54.895597+00:00 [queued]>
[2025-06-20T11:56:56.614+0000] {taskinstance.py:2306} INFO - Starting attempt 1 of 2
[2025-06-20T11:56:56.680+0000] {taskinstance.py:2330} INFO - Executing <Task(PythonOperator): fetch_pbp_and_load_to_stage> on 2025-06-20 11:56:54.895597+00:00
[2025-06-20T11:56:56.695+0000] {standard_task_runner.py:63} INFO - Started process 910 to run task
[2025-06-20T11:56:56.705+0000] {standard_task_runner.py:90} INFO - Running: ['***', 'tasks', 'run', 'nba_etl_to_staging', 'fetch_pbp_and_load_to_stage', 'manual__2025-06-20T11:56:54.895597+00:00', '--job-id', '160', '--raw', '--subdir', 'DAGS_FOLDER/etl_pipeline.py', '--cfg-path', '/tmp/tmpqzrnug0p']
[2025-06-20T11:56:56.709+0000] {standard_task_runner.py:91} INFO - Job 160: Subtask fetch_pbp_and_load_to_stage
[2025-06-20T11:56:56.949+0000] {task_command.py:426} INFO - Running <TaskInstance: nba_etl_to_staging.fetch_pbp_and_load_to_stage manual__2025-06-20T11:56:54.895597+00:00 [running]> on host f74945f69f5a
[2025-06-20T11:56:57.263+0000] {taskinstance.py:2648} INFO - Exporting env vars: AIRFLOW_CTX_DAG_OWNER='***' AIRFLOW_CTX_DAG_ID='nba_etl_to_staging' AIRFLOW_CTX_TASK_ID='fetch_pbp_and_load_to_stage' AIRFLOW_CTX_EXECUTION_DATE='2025-06-20T11:56:54.895597+00:00' AIRFLOW_CTX_TRY_NUMBER='1' AIRFLOW_CTX_DAG_RUN_ID='manual__2025-06-20T11:56:54.895597+00:00'
[2025-06-20T11:56:57.265+0000] {taskinstance.py:430} INFO - ::endgroup::
[2025-06-20T11:56:57.300+0000] {logging_mixin.py:188} WARNING - /opt/***/dags/etl_pipeline.py:208 UserWarning: pandas only supports SQLAlchemy connectable (engine/connection) or database string URI or sqlite3 DBAPI2 connection. Other DBAPI2 objects are not tested. Please consider using SQLAlchemy.
[2025-06-20T11:56:57.308+0000] {logging_mixin.py:188} INFO - Fetching PBP for game on 2024-10-22 between BOS and NYK...
[2025-06-20T11:57:01.646+0000] {logging_mixin.py:188} WARNING - /opt/***/plugins/nba_lib/pbp.py:19 FutureWarning: Passing literal html to 'read_html' is deprecated and will be removed in a future version. To read from a literal string, wrap it in a 'StringIO' object.
[2025-06-20T11:57:01.761+0000] {logging_mixin.py:188} INFO - Empty DataFrame
Columns: [QUARTER, TIME_REMAINING, HOME_ACTION, AWAY_ACTION, HOME_SCORE, AWAY_SCORE, date, team]
Index: []
[2025-06-20T11:57:01.763+0000] {etl_pipeline.py:222} INFO - Processed game on 2024-10-22 between BOS and NYK.
[2025-06-20T11:57:01.765+0000] {logging_mixin.py:188} INFO - Fetching PBP for game on 2024-10-22 between LAL and MIN...
[2025-06-20T11:57:08.674+0000] {logging_mixin.py:188} WARNING - /opt/***/plugins/nba_lib/pbp.py:19 FutureWarning: Passing literal html to 'read_html' is deprecated and will be removed in a future version. To read from a literal string, wrap it in a 'StringIO' object.
[2025-06-20T11:57:08.737+0000] {logging_mixin.py:188} INFO - Empty DataFrame
Columns: [QUARTER, TIME_REMAINING, HOME_ACTION, AWAY_ACTION, HOME_SCORE, AWAY_SCORE, date, team]
Index: []
[2025-06-20T11:57:08.738+0000] {etl_pipeline.py:222} INFO - Processed game on 2024-10-22 between LAL and MIN.
[2025-06-20T11:57:08.739+0000] {logging_mixin.py:188} INFO - Fetching PBP for game on 2024-10-23 between DET and IND...
[2025-06-20T11:57:15.419+0000] {logging_mixin.py:188} WARNING - /opt/***/plugins/nba_lib/pbp.py:19 FutureWarning: Passing literal html to 'read_html' is deprecated and will be removed in a future version. To read from a literal string, wrap it in a 'StringIO' object.
[2025-06-20T11:57:15.481+0000] {logging_mixin.py:188} INFO - Empty DataFrame
Columns: [QUARTER, TIME_REMAINING, HOME_ACTION, AWAY_ACTION, HOME_SCORE, AWAY_SCORE, date, team]
Index: []
[2025-06-20T11:57:15.482+0000] {etl_pipeline.py:222} INFO - Processed game on 2024-10-23 between DET and IND.
[2025-06-20T11:57:22.480+0000] {logging_mixin.py:188} WARNING - /opt/***/plugins/nba_lib/pbp.py:19 FutureWarning: Passing literal html to 'read_html' is deprecated and will be removed in a future version. To read from a literal string, wrap it in a 'StringIO' object.
[2025-06-20T11:57:22.542+0000] {logging_mixin.py:188} INFO - ramka
[2025-06-20T11:57:22.543+0000] {logging_mixin.py:188} INFO - Empty DataFrame
Columns: [QUARTER, TIME_REMAINING, HOME_ACTION, AWAY_ACTION, HOME_SCORE, AWAY_SCORE, date, team]
Index: []
[2025-06-20T11:57:22.544+0000] {python.py:237} INFO - Done. Returned value was: None
[2025-06-20T11:57:22.545+0000] {taskinstance.py:441} INFO - ::group::Post task execution logs
[2025-06-20T11:57:22.554+0000] {taskinstance.py:1206} INFO - Marking task as SUCCESS. dag_id=nba_etl_to_staging, task_id=fetch_pbp_and_load_to_stage, run_id=manual__2025-06-20T11:56:54.895597+00:00, execution_date=20250620T115654, start_date=20250620T115656, end_date=20250620T115722
[2025-06-20T11:57:22.698+0000] {local_task_job_runner.py:240} INFO - Task exited with return code 0
[2025-06-20T11:57:22.711+0000] {taskinstance.py:3498} INFO - 0 downstream tasks scheduled from follow-on schedule check
[2025-06-20T11:57:22.745+0000] {local_task_job_runner.py:222} INFO - ::endgroup::
