[2025-06-20T15:35:22.843+0000] {local_task_job_runner.py:120} INFO - ::group::Pre task execution logs
[2025-06-20T15:35:22.946+0000] {taskinstance.py:2076} INFO - Dependencies all met for dep_context=non-requeueable deps ti=<TaskInstance: nba_etl_to_staging.fetch_roster_and_load_to_stage manual__2025-06-20T15:35:20.204038+00:00 [queued]>
[2025-06-20T15:35:22.978+0000] {taskinstance.py:2076} INFO - Dependencies all met for dep_context=requeueable deps ti=<TaskInstance: nba_etl_to_staging.fetch_roster_and_load_to_stage manual__2025-06-20T15:35:20.204038+00:00 [queued]>
[2025-06-20T15:35:22.981+0000] {taskinstance.py:2306} INFO - Starting attempt 1 of 2
[2025-06-20T15:35:23.137+0000] {taskinstance.py:2330} INFO - Executing <Task(PythonOperator): fetch_roster_and_load_to_stage> on 2025-06-20 15:35:20.204038+00:00
[2025-06-20T15:35:23.157+0000] {standard_task_runner.py:63} INFO - Started process 3039 to run task
[2025-06-20T15:35:23.169+0000] {standard_task_runner.py:90} INFO - Running: ['***', 'tasks', 'run', 'nba_etl_to_staging', 'fetch_roster_and_load_to_stage', 'manual__2025-06-20T15:35:20.204038+00:00', '--job-id', '275', '--raw', '--subdir', 'DAGS_FOLDER/etl_pipeline.py', '--cfg-path', '/tmp/tmpz4pz6skc']
[2025-06-20T15:35:23.173+0000] {standard_task_runner.py:91} INFO - Job 275: Subtask fetch_roster_and_load_to_stage
[2025-06-20T15:35:23.463+0000] {task_command.py:426} INFO - Running <TaskInstance: nba_etl_to_staging.fetch_roster_and_load_to_stage manual__2025-06-20T15:35:20.204038+00:00 [running]> on host 5ea278fdf3a6
[2025-06-20T15:35:24.034+0000] {taskinstance.py:2648} INFO - Exporting env vars: AIRFLOW_CTX_DAG_OWNER='***' AIRFLOW_CTX_DAG_ID='nba_etl_to_staging' AIRFLOW_CTX_TASK_ID='fetch_roster_and_load_to_stage' AIRFLOW_CTX_EXECUTION_DATE='2025-06-20T15:35:20.204038+00:00' AIRFLOW_CTX_TRY_NUMBER='1' AIRFLOW_CTX_DAG_RUN_ID='manual__2025-06-20T15:35:20.204038+00:00'
[2025-06-20T15:35:24.037+0000] {taskinstance.py:430} INFO - ::endgroup::
[2025-06-20T15:35:24.112+0000] {etl_pipeline.py:242} INFO - Fetching roster for Atlanta Hawks (ATL)...
[2025-06-20T15:35:25.013+0000] {logging_mixin.py:188} WARNING - /opt/***/plugins/nba_lib/teams.py:21 FutureWarning: Passing literal html to 'read_html' is deprecated and will be removed in a future version. To read from a literal string, wrap it in a 'StringIO' object.
[2025-06-20T15:35:28.630+0000] {logging_mixin.py:188} WARNING - /opt/***/plugins/nba_lib/utils.py:118 FutureWarning: Passing literal html to 'read_html' is deprecated and will be removed in a future version. To read from a literal string, wrap it in a 'StringIO' object.
[2025-06-20T15:35:32.417+0000] {logging_mixin.py:188} WARNING - /opt/***/plugins/nba_lib/utils.py:118 FutureWarning: Passing literal html to 'read_html' is deprecated and will be removed in a future version. To read from a literal string, wrap it in a 'StringIO' object.
[2025-06-20T15:35:35.945+0000] {logging_mixin.py:188} WARNING - /opt/***/plugins/nba_lib/utils.py:118 FutureWarning: Passing literal html to 'read_html' is deprecated and will be removed in a future version. To read from a literal string, wrap it in a 'StringIO' object.
[2025-06-20T15:35:39.482+0000] {logging_mixin.py:188} WARNING - /opt/***/plugins/nba_lib/utils.py:118 FutureWarning: Passing literal html to 'read_html' is deprecated and will be removed in a future version. To read from a literal string, wrap it in a 'StringIO' object.
[2025-06-20T15:35:39.503+0000] {etl_pipeline.py:247} INFO - Successfully fetched roster for Atlanta Hawks.
[2025-06-20T15:35:40.505+0000] {etl_pipeline.py:242} INFO - Fetching roster for Boston Celtics (BOS)...
[2025-06-20T15:35:44.254+0000] {logging_mixin.py:188} WARNING - /opt/***/plugins/nba_lib/teams.py:21 FutureWarning: Passing literal html to 'read_html' is deprecated and will be removed in a future version. To read from a literal string, wrap it in a 'StringIO' object.
[2025-06-20T15:35:47.704+0000] {logging_mixin.py:188} WARNING - /opt/***/plugins/nba_lib/utils.py:118 FutureWarning: Passing literal html to 'read_html' is deprecated and will be removed in a future version. To read from a literal string, wrap it in a 'StringIO' object.
[2025-06-20T15:35:48.621+0000] {local_task_job_runner.py:310} WARNING - State of this instance has been externally set to success. Terminating instance.
[2025-06-20T15:35:48.622+0000] {local_task_job_runner.py:222} INFO - ::endgroup::
[2025-06-20T15:35:48.626+0000] {process_utils.py:132} INFO - Sending 15 to group 3039. PIDs of all processes in the group: [3039]
[2025-06-20T15:35:48.627+0000] {process_utils.py:87} INFO - Sending the signal 15 to group 3039
[2025-06-20T15:35:48.628+0000] {taskinstance.py:2611} ERROR - Received SIGTERM. Terminating subprocesses.
[2025-06-20T15:35:48.629+0000] {taskinstance.py:441} INFO - ::group::Post task execution logs
[2025-06-20T15:35:48.761+0000] {process_utils.py:80} INFO - Process psutil.Process(pid=3039, status='terminated', exitcode=0, started='15:35:22') (3039) terminated with exit code 0
