[2025-06-21T10:19:16.607+0000] {local_task_job_runner.py:120} INFO - ::group::Pre task execution logs
[2025-06-21T10:19:16.853+0000] {taskinstance.py:2076} INFO - Dependencies all met for dep_context=non-requeueable deps ti=<TaskInstance: nba_etl_to_staging.fetch_roster_and_load_to_stage manual__2025-06-21T10:19:14.840042+00:00 [queued]>
[2025-06-21T10:19:18.321+0000] {taskinstance.py:2076} INFO - Dependencies all met for dep_context=requeueable deps ti=<TaskInstance: nba_etl_to_staging.fetch_roster_and_load_to_stage manual__2025-06-21T10:19:14.840042+00:00 [queued]>
[2025-06-21T10:19:18.326+0000] {taskinstance.py:2306} INFO - Starting attempt 1 of 2
[2025-06-21T10:19:18.500+0000] {taskinstance.py:2330} INFO - Executing <Task(PythonOperator): fetch_roster_and_load_to_stage> on 2025-06-21 10:19:14.840042+00:00
[2025-06-21T10:19:18.525+0000] {standard_task_runner.py:63} INFO - Started process 1175 to run task
[2025-06-21T10:19:18.539+0000] {standard_task_runner.py:90} INFO - Running: ['***', 'tasks', 'run', 'nba_etl_to_staging', 'fetch_roster_and_load_to_stage', 'manual__2025-06-21T10:19:14.840042+00:00', '--job-id', '403', '--raw', '--subdir', 'DAGS_FOLDER/etl_pipeline.py', '--cfg-path', '/tmp/tmp9912naer']
[2025-06-21T10:19:18.541+0000] {standard_task_runner.py:91} INFO - Job 403: Subtask fetch_roster_and_load_to_stage
[2025-06-21T10:19:18.744+0000] {task_command.py:426} INFO - Running <TaskInstance: nba_etl_to_staging.fetch_roster_and_load_to_stage manual__2025-06-21T10:19:14.840042+00:00 [running]> on host 5ea278fdf3a6
[2025-06-21T10:19:19.153+0000] {taskinstance.py:2648} INFO - Exporting env vars: AIRFLOW_CTX_DAG_OWNER='***' AIRFLOW_CTX_DAG_ID='nba_etl_to_staging' AIRFLOW_CTX_TASK_ID='fetch_roster_and_load_to_stage' AIRFLOW_CTX_EXECUTION_DATE='2025-06-21T10:19:14.840042+00:00' AIRFLOW_CTX_TRY_NUMBER='1' AIRFLOW_CTX_DAG_RUN_ID='manual__2025-06-21T10:19:14.840042+00:00'
[2025-06-21T10:19:19.156+0000] {taskinstance.py:430} INFO - ::endgroup::
[2025-06-21T10:19:19.227+0000] {etl_pipeline.py:243} INFO - Fetching roster for Atlanta Hawks (ATL)...
[2025-06-21T10:19:20.461+0000] {logging_mixin.py:188} WARNING - /opt/***/plugins/nba_lib/teams.py:21 FutureWarning: Passing literal html to 'read_html' is deprecated and will be removed in a future version. To read from a literal string, wrap it in a 'StringIO' object.
[2025-06-21T10:19:25.008+0000] {logging_mixin.py:188} WARNING - /opt/***/plugins/nba_lib/utils.py:118 FutureWarning: Passing literal html to 'read_html' is deprecated and will be removed in a future version. To read from a literal string, wrap it in a 'StringIO' object.
[2025-06-21T10:19:28.843+0000] {logging_mixin.py:188} WARNING - /opt/***/plugins/nba_lib/utils.py:118 FutureWarning: Passing literal html to 'read_html' is deprecated and will be removed in a future version. To read from a literal string, wrap it in a 'StringIO' object.
[2025-06-21T10:19:32.163+0000] {logging_mixin.py:188} WARNING - /opt/***/plugins/nba_lib/utils.py:118 FutureWarning: Passing literal html to 'read_html' is deprecated and will be removed in a future version. To read from a literal string, wrap it in a 'StringIO' object.
[2025-06-21T10:19:35.448+0000] {logging_mixin.py:188} WARNING - /opt/***/plugins/nba_lib/utils.py:118 FutureWarning: Passing literal html to 'read_html' is deprecated and will be removed in a future version. To read from a literal string, wrap it in a 'StringIO' object.
[2025-06-21T10:19:35.492+0000] {etl_pipeline.py:248} INFO - Successfully fetched roster for Atlanta Hawks.
[2025-06-21T10:19:36.495+0000] {etl_pipeline.py:243} INFO - Fetching roster for Boston Celtics (BOS)...
[2025-06-21T10:19:40.157+0000] {logging_mixin.py:188} WARNING - /opt/***/plugins/nba_lib/teams.py:21 FutureWarning: Passing literal html to 'read_html' is deprecated and will be removed in a future version. To read from a literal string, wrap it in a 'StringIO' object.
[2025-06-21T10:19:43.564+0000] {logging_mixin.py:188} WARNING - /opt/***/plugins/nba_lib/utils.py:118 FutureWarning: Passing literal html to 'read_html' is deprecated and will be removed in a future version. To read from a literal string, wrap it in a 'StringIO' object.
[2025-06-21T10:19:47.222+0000] {logging_mixin.py:188} WARNING - /opt/***/plugins/nba_lib/utils.py:118 FutureWarning: Passing literal html to 'read_html' is deprecated and will be removed in a future version. To read from a literal string, wrap it in a 'StringIO' object.
[2025-06-21T10:19:50.726+0000] {logging_mixin.py:188} WARNING - /opt/***/plugins/nba_lib/utils.py:118 FutureWarning: Passing literal html to 'read_html' is deprecated and will be removed in a future version. To read from a literal string, wrap it in a 'StringIO' object.
[2025-06-21T10:19:54.130+0000] {logging_mixin.py:188} WARNING - /opt/***/plugins/nba_lib/utils.py:118 FutureWarning: Passing literal html to 'read_html' is deprecated and will be removed in a future version. To read from a literal string, wrap it in a 'StringIO' object.
[2025-06-21T10:19:54.145+0000] {etl_pipeline.py:248} INFO - Successfully fetched roster for Boston Celtics.
[2025-06-21T10:19:55.146+0000] {etl_pipeline.py:243} INFO - Fetching roster for Brooklyn Nets (BRK)...
[2025-06-21T10:19:58.799+0000] {logging_mixin.py:188} WARNING - /opt/***/plugins/nba_lib/teams.py:21 FutureWarning: Passing literal html to 'read_html' is deprecated and will be removed in a future version. To read from a literal string, wrap it in a 'StringIO' object.
[2025-06-21T10:20:02.127+0000] {logging_mixin.py:188} WARNING - /opt/***/plugins/nba_lib/utils.py:118 FutureWarning: Passing literal html to 'read_html' is deprecated and will be removed in a future version. To read from a literal string, wrap it in a 'StringIO' object.
[2025-06-21T10:20:05.660+0000] {logging_mixin.py:188} WARNING - /opt/***/plugins/nba_lib/utils.py:118 FutureWarning: Passing literal html to 'read_html' is deprecated and will be removed in a future version. To read from a literal string, wrap it in a 'StringIO' object.
[2025-06-21T10:20:09.168+0000] {logging_mixin.py:188} WARNING - /opt/***/plugins/nba_lib/utils.py:118 FutureWarning: Passing literal html to 'read_html' is deprecated and will be removed in a future version. To read from a literal string, wrap it in a 'StringIO' object.
[2025-06-21T10:20:12.460+0000] {logging_mixin.py:188} WARNING - /opt/***/plugins/nba_lib/utils.py:118 FutureWarning: Passing literal html to 'read_html' is deprecated and will be removed in a future version. To read from a literal string, wrap it in a 'StringIO' object.
[2025-06-21T10:20:15.760+0000] {logging_mixin.py:188} WARNING - /opt/***/plugins/nba_lib/utils.py:118 FutureWarning: Passing literal html to 'read_html' is deprecated and will be removed in a future version. To read from a literal string, wrap it in a 'StringIO' object.
[2025-06-21T10:20:19.050+0000] {logging_mixin.py:188} WARNING - /opt/***/plugins/nba_lib/utils.py:118 FutureWarning: Passing literal html to 'read_html' is deprecated and will be removed in a future version. To read from a literal string, wrap it in a 'StringIO' object.
[2025-06-21T10:20:19.067+0000] {etl_pipeline.py:248} INFO - Successfully fetched roster for Brooklyn Nets.
[2025-06-21T10:20:20.069+0000] {etl_pipeline.py:243} INFO - Fetching roster for Charlotte Hornets (CHO)...
[2025-06-21T10:20:23.644+0000] {logging_mixin.py:188} WARNING - /opt/***/plugins/nba_lib/teams.py:21 FutureWarning: Passing literal html to 'read_html' is deprecated and will be removed in a future version. To read from a literal string, wrap it in a 'StringIO' object.
[2025-06-21T10:20:27.096+0000] {logging_mixin.py:188} WARNING - /opt/***/plugins/nba_lib/utils.py:118 FutureWarning: Passing literal html to 'read_html' is deprecated and will be removed in a future version. To read from a literal string, wrap it in a 'StringIO' object.
[2025-06-21T10:20:31.410+0000] {logging_mixin.py:188} WARNING - /opt/***/plugins/nba_lib/utils.py:118 FutureWarning: Passing literal html to 'read_html' is deprecated and will be removed in a future version. To read from a literal string, wrap it in a 'StringIO' object.
[2025-06-21T10:20:35.327+0000] {logging_mixin.py:188} WARNING - /opt/***/plugins/nba_lib/utils.py:118 FutureWarning: Passing literal html to 'read_html' is deprecated and will be removed in a future version. To read from a literal string, wrap it in a 'StringIO' object.
[2025-06-21T10:20:38.646+0000] {logging_mixin.py:188} WARNING - /opt/***/plugins/nba_lib/utils.py:118 FutureWarning: Passing literal html to 'read_html' is deprecated and will be removed in a future version. To read from a literal string, wrap it in a 'StringIO' object.
[2025-06-21T10:20:40.044+0000] {local_task_job_runner.py:310} WARNING - State of this instance has been externally set to failed. Terminating instance.
[2025-06-21T10:20:40.047+0000] {local_task_job_runner.py:222} INFO - ::endgroup::
[2025-06-21T10:20:40.067+0000] {process_utils.py:132} INFO - Sending 15 to group 1175. PIDs of all processes in the group: [1175]
[2025-06-21T10:20:40.071+0000] {process_utils.py:87} INFO - Sending the signal 15 to group 1175
[2025-06-21T10:20:40.075+0000] {taskinstance.py:2611} ERROR - Received SIGTERM. Terminating subprocesses.
[2025-06-21T10:20:40.077+0000] {taskinstance.py:441} INFO - ::group::Post task execution logs
[2025-06-21T10:20:40.370+0000] {process_utils.py:80} INFO - Process psutil.Process(pid=1175, status='terminated', exitcode=0, started='10:19:18') (1175) terminated with exit code 0
