[2025-06-20T13:41:38.052+0000] {local_task_job_runner.py:120} INFO - ::group::Pre task execution logs
[2025-06-20T13:41:38.121+0000] {taskinstance.py:2076} INFO - Dependencies all met for dep_context=non-requeueable deps ti=<TaskInstance: nba_transform_to_dwh.load_dim_time manual__2025-06-20T13:41:30.992982+00:00 [queued]>
[2025-06-20T13:41:38.146+0000] {taskinstance.py:2076} INFO - Dependencies all met for dep_context=requeueable deps ti=<TaskInstance: nba_transform_to_dwh.load_dim_time manual__2025-06-20T13:41:30.992982+00:00 [queued]>
[2025-06-20T13:41:38.150+0000] {taskinstance.py:2306} INFO - Starting attempt 1 of 2
[2025-06-20T13:41:38.232+0000] {taskinstance.py:2330} INFO - Executing <Task(PythonOperator): load_dim_time> on 2025-06-20 13:41:30.992982+00:00
[2025-06-20T13:41:38.251+0000] {standard_task_runner.py:63} INFO - Started process 1837 to run task
[2025-06-20T13:41:38.263+0000] {standard_task_runner.py:90} INFO - Running: ['***', 'tasks', 'run', 'nba_transform_to_dwh', 'load_dim_time', 'manual__2025-06-20T13:41:30.992982+00:00', '--job-id', '244', '--raw', '--subdir', 'DAGS_FOLDER/etl_pipeline.py', '--cfg-path', '/tmp/tmpb50mq1f8']
[2025-06-20T13:41:38.269+0000] {standard_task_runner.py:91} INFO - Job 244: Subtask load_dim_time
[2025-06-20T13:41:38.442+0000] {task_command.py:426} INFO - Running <TaskInstance: nba_transform_to_dwh.load_dim_time manual__2025-06-20T13:41:30.992982+00:00 [running]> on host 5ea278fdf3a6
[2025-06-20T13:41:38.639+0000] {taskinstance.py:2648} INFO - Exporting env vars: AIRFLOW_CTX_DAG_OWNER='***' AIRFLOW_CTX_DAG_ID='nba_transform_to_dwh' AIRFLOW_CTX_TASK_ID='load_dim_time' AIRFLOW_CTX_EXECUTION_DATE='2025-06-20T13:41:30.992982+00:00' AIRFLOW_CTX_TRY_NUMBER='1' AIRFLOW_CTX_DAG_RUN_ID='manual__2025-06-20T13:41:30.992982+00:00'
[2025-06-20T13:41:38.642+0000] {taskinstance.py:430} INFO - ::endgroup::
[2025-06-20T13:41:38.675+0000] {etl_pipeline.py:528} INFO - Ensuring dimension table 'dimtime' exists...
[2025-06-20T13:41:38.677+0000] {etl_pipeline.py:530} INFO - Loading/updating data into 'dimtime'...
[2025-06-20T13:41:38.683+0000] {etl_pipeline.py:532} INFO - Operation complete. 0 new rows inserted into dimtime.
[2025-06-20T13:41:38.715+0000] {python.py:237} INFO - Done. Returned value was: None
[2025-06-20T13:41:38.718+0000] {taskinstance.py:441} INFO - ::group::Post task execution logs
[2025-06-20T13:41:38.732+0000] {taskinstance.py:1206} INFO - Marking task as SUCCESS. dag_id=nba_transform_to_dwh, task_id=load_dim_time, run_id=manual__2025-06-20T13:41:30.992982+00:00, execution_date=20250620T134130, start_date=20250620T134138, end_date=20250620T134138
[2025-06-20T13:41:38.800+0000] {local_task_job_runner.py:240} INFO - Task exited with return code 0
[2025-06-20T13:41:38.823+0000] {taskinstance.py:3498} INFO - 1 downstream tasks scheduled from follow-on schedule check
[2025-06-20T13:41:38.853+0000] {local_task_job_runner.py:222} INFO - ::endgroup::
