[2025-06-16T15:50:59.749+0000] {local_task_job_runner.py:120} INFO - ::group::Pre task execution logs
[2025-06-16T15:50:59.786+0000] {taskinstance.py:2076} INFO - Dependencies all met for dep_context=non-requeueable deps ti=<TaskInstance: nba_etl_to_postgres.fetch_roster_and_load_to_postgres manual__2025-06-16T15:50:54.736020+00:00 [queued]>
[2025-06-16T15:50:59.930+0000] {taskinstance.py:2076} INFO - Dependencies all met for dep_context=requeueable deps ti=<TaskInstance: nba_etl_to_postgres.fetch_roster_and_load_to_postgres manual__2025-06-16T15:50:54.736020+00:00 [queued]>
[2025-06-16T15:50:59.931+0000] {taskinstance.py:2306} INFO - Starting attempt 1 of 2
[2025-06-16T15:51:00.001+0000] {taskinstance.py:2330} INFO - Executing <Task(PythonOperator): fetch_roster_and_load_to_postgres> on 2025-06-16 15:50:54.736020+00:00
[2025-06-16T15:51:00.008+0000] {standard_task_runner.py:63} INFO - Started process 4718 to run task
[2025-06-16T15:51:00.013+0000] {standard_task_runner.py:90} INFO - Running: ['***', 'tasks', 'run', 'nba_etl_to_postgres', 'fetch_roster_and_load_to_postgres', 'manual__2025-06-16T15:50:54.736020+00:00', '--job-id', '43', '--raw', '--subdir', 'DAGS_FOLDER/etl_pipeline.py', '--cfg-path', '/tmp/tmprwmxj1ix']
[2025-06-16T15:51:00.014+0000] {standard_task_runner.py:91} INFO - Job 43: Subtask fetch_roster_and_load_to_postgres
[2025-06-16T15:51:00.101+0000] {task_command.py:426} INFO - Running <TaskInstance: nba_etl_to_postgres.fetch_roster_and_load_to_postgres manual__2025-06-16T15:50:54.736020+00:00 [running]> on host 11d91b3c2b82
[2025-06-16T15:51:00.247+0000] {taskinstance.py:2648} INFO - Exporting env vars: AIRFLOW_CTX_DAG_OWNER='***' AIRFLOW_CTX_DAG_ID='nba_etl_to_postgres' AIRFLOW_CTX_TASK_ID='fetch_roster_and_load_to_postgres' AIRFLOW_CTX_EXECUTION_DATE='2025-06-16T15:50:54.736020+00:00' AIRFLOW_CTX_TRY_NUMBER='1' AIRFLOW_CTX_DAG_RUN_ID='manual__2025-06-16T15:50:54.736020+00:00'
[2025-06-16T15:51:00.248+0000] {taskinstance.py:430} INFO - ::endgroup::
[2025-06-16T15:51:00.261+0000] {logging_mixin.py:188} INFO - Fetching roster for Atlanta Hawks (ATL)...
[2025-06-16T15:51:00.580+0000] {logging_mixin.py:188} WARNING - /opt/***/plugins/nba_lib/teams.py:21 FutureWarning: Passing literal html to 'read_html' is deprecated and will be removed in a future version. To read from a literal string, wrap it in a 'StringIO' object.
[2025-06-16T15:51:03.993+0000] {logging_mixin.py:188} WARNING - /opt/***/plugins/nba_lib/utils.py:118 FutureWarning: Passing literal html to 'read_html' is deprecated and will be removed in a future version. To read from a literal string, wrap it in a 'StringIO' object.
[2025-06-16T15:51:07.792+0000] {logging_mixin.py:188} WARNING - /opt/***/plugins/nba_lib/utils.py:118 FutureWarning: Passing literal html to 'read_html' is deprecated and will be removed in a future version. To read from a literal string, wrap it in a 'StringIO' object.
[2025-06-16T15:51:11.110+0000] {logging_mixin.py:188} WARNING - /opt/***/plugins/nba_lib/utils.py:118 FutureWarning: Passing literal html to 'read_html' is deprecated and will be removed in a future version. To read from a literal string, wrap it in a 'StringIO' object.
[2025-06-16T15:51:14.430+0000] {logging_mixin.py:188} WARNING - /opt/***/plugins/nba_lib/utils.py:118 FutureWarning: Passing literal html to 'read_html' is deprecated and will be removed in a future version. To read from a literal string, wrap it in a 'StringIO' object.
[2025-06-16T15:51:16.455+0000] {logging_mixin.py:188} INFO - Successfully fetched roster for Atlanta Hawks.
[2025-06-16T15:51:16.456+0000] {logging_mixin.py:188} INFO - Fetching roster for Boston Celtics (BOS)...
[2025-06-16T15:51:20.116+0000] {logging_mixin.py:188} WARNING - /opt/***/plugins/nba_lib/teams.py:21 FutureWarning: Passing literal html to 'read_html' is deprecated and will be removed in a future version. To read from a literal string, wrap it in a 'StringIO' object.
[2025-06-16T15:51:20.378+0000] {local_task_job_runner.py:310} WARNING - State of this instance has been externally set to success. Terminating instance.
[2025-06-16T15:51:20.379+0000] {local_task_job_runner.py:222} INFO - ::endgroup::
[2025-06-16T15:51:20.385+0000] {process_utils.py:132} INFO - Sending 15 to group 4718. PIDs of all processes in the group: [4718]
[2025-06-16T15:51:20.386+0000] {process_utils.py:87} INFO - Sending the signal 15 to group 4718
[2025-06-16T15:51:20.386+0000] {taskinstance.py:2611} ERROR - Received SIGTERM. Terminating subprocesses.
[2025-06-16T15:51:20.387+0000] {taskinstance.py:441} INFO - ::group::Post task execution logs
[2025-06-16T15:51:20.480+0000] {process_utils.py:80} INFO - Process psutil.Process(pid=4718, status='terminated', exitcode=0, started='15:50:59') (4718) terminated with exit code 0
