[2025-06-15T09:02:01.463+0000] {local_task_job_runner.py:120} INFO - ::group::Pre task execution logs
[2025-06-15T09:02:01.587+0000] {taskinstance.py:2076} INFO - Dependencies all met for dep_context=non-requeueable deps ti=<TaskInstance: nba_etl_to_postgres.fetch_schedule_and_load_to_postgres manual__2025-06-15T09:02:00.122376+00:00 [queued]>
[2025-06-15T09:02:02.021+0000] {taskinstance.py:2076} INFO - Dependencies all met for dep_context=requeueable deps ti=<TaskInstance: nba_etl_to_postgres.fetch_schedule_and_load_to_postgres manual__2025-06-15T09:02:00.122376+00:00 [queued]>
[2025-06-15T09:02:02.022+0000] {taskinstance.py:2306} INFO - Starting attempt 1 of 2
[2025-06-15T09:02:02.092+0000] {taskinstance.py:2330} INFO - Executing <Task(PythonOperator): fetch_schedule_and_load_to_postgres> on 2025-06-15 09:02:00.122376+00:00
[2025-06-15T09:02:02.104+0000] {standard_task_runner.py:63} INFO - Started process 1089 to run task
[2025-06-15T09:02:02.110+0000] {standard_task_runner.py:90} INFO - Running: ['***', 'tasks', 'run', 'nba_etl_to_postgres', 'fetch_schedule_and_load_to_postgres', 'manual__2025-06-15T09:02:00.122376+00:00', '--job-id', '12', '--raw', '--subdir', 'DAGS_FOLDER/etl_pipeline.py', '--cfg-path', '/tmp/tmpt_916mbz']
[2025-06-15T09:02:02.112+0000] {standard_task_runner.py:91} INFO - Job 12: Subtask fetch_schedule_and_load_to_postgres
[2025-06-15T09:02:02.240+0000] {task_command.py:426} INFO - Running <TaskInstance: nba_etl_to_postgres.fetch_schedule_and_load_to_postgres manual__2025-06-15T09:02:00.122376+00:00 [running]> on host 2381ae9906a5
[2025-06-15T09:02:02.419+0000] {taskinstance.py:2648} INFO - Exporting env vars: AIRFLOW_CTX_DAG_OWNER='***' AIRFLOW_CTX_DAG_ID='nba_etl_to_postgres' AIRFLOW_CTX_TASK_ID='fetch_schedule_and_load_to_postgres' AIRFLOW_CTX_EXECUTION_DATE='2025-06-15T09:02:00.122376+00:00' AIRFLOW_CTX_TRY_NUMBER='1' AIRFLOW_CTX_DAG_RUN_ID='manual__2025-06-15T09:02:00.122376+00:00'
[2025-06-15T09:02:02.421+0000] {taskinstance.py:430} INFO - ::endgroup::
[2025-06-15T09:02:02.435+0000] {logging_mixin.py:188} INFO - Fetching schedule from NBA API...
[2025-06-15T09:02:04.306+0000] {logging_mixin.py:188} INFO - Successfully fetched and transformed 1321 games.
[2025-06-15T09:02:04.306+0000] {logging_mixin.py:188} INFO - Preparing to load data into staging table: StgSchedule
[2025-06-15T09:02:04.311+0000] {logging_mixin.py:188} INFO - Ensuring table 'StgSchedule' exists...
[2025-06-15T09:02:04.526+0000] {logging_mixin.py:188} INFO - Table 'StgSchedule' is ready.
[2025-06-15T09:02:04.531+0000] {logging_mixin.py:188} INFO - Loading 1321 rows into StgSchedule...
[2025-06-15T09:02:04.617+0000] {logging_mixin.py:188} INFO - 1321 rows loaded successfully to StgSchedule.
[2025-06-15T09:02:04.624+0000] {python.py:237} INFO - Done. Returned value was: None
[2025-06-15T09:02:04.625+0000] {taskinstance.py:441} INFO - ::group::Post task execution logs
[2025-06-15T09:02:04.634+0000] {taskinstance.py:1206} INFO - Marking task as SUCCESS. dag_id=nba_etl_to_postgres, task_id=fetch_schedule_and_load_to_postgres, run_id=manual__2025-06-15T09:02:00.122376+00:00, execution_date=20250615T090200, start_date=20250615T090201, end_date=20250615T090204
[2025-06-15T09:02:04.692+0000] {local_task_job_runner.py:240} INFO - Task exited with return code 0
[2025-06-15T09:02:04.707+0000] {taskinstance.py:3498} INFO - 0 downstream tasks scheduled from follow-on schedule check
[2025-06-15T09:02:04.732+0000] {local_task_job_runner.py:222} INFO - ::endgroup::
