[2025-06-19T09:20:29.344+0000] {local_task_job_runner.py:120} INFO - ::group::Pre task execution logs
[2025-06-19T09:20:29.393+0000] {taskinstance.py:2076} INFO - Dependencies all met for dep_context=non-requeueable deps ti=<TaskInstance: nba_staging_to_transform.fetch_team_from_stg_and_transform manual__2025-06-19T09:18:25.788062+00:00 [queued]>
[2025-06-19T09:20:29.407+0000] {taskinstance.py:2076} INFO - Dependencies all met for dep_context=requeueable deps ti=<TaskInstance: nba_staging_to_transform.fetch_team_from_stg_and_transform manual__2025-06-19T09:18:25.788062+00:00 [queued]>
[2025-06-19T09:20:29.408+0000] {taskinstance.py:2306} INFO - Starting attempt 2 of 2
[2025-06-19T09:20:29.677+0000] {taskinstance.py:2330} INFO - Executing <Task(PythonOperator): fetch_team_from_stg_and_transform> on 2025-06-19 09:18:25.788062+00:00
[2025-06-19T09:20:29.686+0000] {standard_task_runner.py:63} INFO - Started process 1083 to run task
[2025-06-19T09:20:29.691+0000] {standard_task_runner.py:90} INFO - Running: ['***', 'tasks', 'run', 'nba_staging_to_transform', 'fetch_team_from_stg_and_transform', 'manual__2025-06-19T09:18:25.788062+00:00', '--job-id', '75', '--raw', '--subdir', 'DAGS_FOLDER/etl_pipeline.py', '--cfg-path', '/tmp/tmpuqx3axmi']
[2025-06-19T09:20:29.693+0000] {standard_task_runner.py:91} INFO - Job 75: Subtask fetch_team_from_stg_and_transform
[2025-06-19T09:20:29.797+0000] {task_command.py:426} INFO - Running <TaskInstance: nba_staging_to_transform.fetch_team_from_stg_and_transform manual__2025-06-19T09:18:25.788062+00:00 [running]> on host 11d91b3c2b82
[2025-06-19T09:20:29.942+0000] {taskinstance.py:2648} INFO - Exporting env vars: AIRFLOW_CTX_DAG_OWNER='***' AIRFLOW_CTX_DAG_ID='nba_staging_to_transform' AIRFLOW_CTX_TASK_ID='fetch_team_from_stg_and_transform' AIRFLOW_CTX_EXECUTION_DATE='2025-06-19T09:18:25.788062+00:00' AIRFLOW_CTX_TRY_NUMBER='2' AIRFLOW_CTX_DAG_RUN_ID='manual__2025-06-19T09:18:25.788062+00:00'
[2025-06-19T09:20:29.944+0000] {taskinstance.py:430} INFO - ::endgroup::
[2025-06-19T09:20:29.956+0000] {taskinstance.py:441} INFO - ::group::Post task execution logs
[2025-06-19T09:20:29.957+0000] {taskinstance.py:2905} ERROR - Task failed with exception
Traceback (most recent call last):
  File "/home/airflow/.local/lib/python3.9/site-packages/airflow/models/taskinstance.py", line 465, in _execute_task
    result = _execute_callable(context=context, **execute_callable_kwargs)
  File "/home/airflow/.local/lib/python3.9/site-packages/airflow/models/taskinstance.py", line 432, in _execute_callable
    return execute_callable(context=context, **execute_callable_kwargs)
  File "/home/airflow/.local/lib/python3.9/site-packages/airflow/models/baseoperator.py", line 400, in wrapper
    return func(self, *args, **kwargs)
  File "/home/airflow/.local/lib/python3.9/site-packages/airflow/operators/python.py", line 235, in execute
    return_value = self.execute_callable()
  File "/home/airflow/.local/lib/python3.9/site-packages/airflow/operators/python.py", line 252, in execute_callable
    return self.python_callable(*self.op_args, **self.op_kwargs)
  File "/opt/airflow/dags/etl_pipeline.py", line 473, in fetch_transform_team
    df = pd.read_sql("""
TypeError: read_sql() missing 1 required positional argument: 'con'
[2025-06-19T09:20:29.974+0000] {taskinstance.py:1206} INFO - Marking task as FAILED. dag_id=nba_staging_to_transform, task_id=fetch_team_from_stg_and_transform, run_id=manual__2025-06-19T09:18:25.788062+00:00, execution_date=20250619T091825, start_date=20250619T092029, end_date=20250619T092029
[2025-06-19T09:20:30.012+0000] {standard_task_runner.py:110} ERROR - Failed to execute job 75 for task fetch_team_from_stg_and_transform (read_sql() missing 1 required positional argument: 'con'; 1083)
[2025-06-19T09:20:30.027+0000] {local_task_job_runner.py:240} INFO - Task exited with return code 1
[2025-06-19T09:20:30.054+0000] {taskinstance.py:3498} INFO - 0 downstream tasks scheduled from follow-on schedule check
[2025-06-19T09:20:30.084+0000] {local_task_job_runner.py:222} INFO - ::endgroup::
