[2025-06-21T22:09:08.964+0000] {local_task_job_runner.py:120} INFO - ::group::Pre task execution logs
[2025-06-21T22:09:09.080+0000] {taskinstance.py:2076} INFO - Dependencies all met for dep_context=non-requeueable deps ti=<TaskInstance: nba_etl_to_staging.fetch_roster_and_load_to_stage manual__2025-06-21T22:09:06.261544+00:00 [queued]>
[2025-06-21T22:09:09.456+0000] {taskinstance.py:2076} INFO - Dependencies all met for dep_context=requeueable deps ti=<TaskInstance: nba_etl_to_staging.fetch_roster_and_load_to_stage manual__2025-06-21T22:09:06.261544+00:00 [queued]>
[2025-06-21T22:09:09.457+0000] {taskinstance.py:2306} INFO - Starting attempt 1 of 2
[2025-06-21T22:09:09.509+0000] {taskinstance.py:2330} INFO - Executing <Task(PythonOperator): fetch_roster_and_load_to_stage> on 2025-06-21 22:09:06.261544+00:00
[2025-06-21T22:09:09.518+0000] {standard_task_runner.py:63} INFO - Started process 1303 to run task
[2025-06-21T22:09:09.525+0000] {standard_task_runner.py:90} INFO - Running: ['***', 'tasks', 'run', 'nba_etl_to_staging', 'fetch_roster_and_load_to_stage', 'manual__2025-06-21T22:09:06.261544+00:00', '--job-id', '494', '--raw', '--subdir', 'DAGS_FOLDER/etl_pipeline.py', '--cfg-path', '/tmp/tmp501g8htj']
[2025-06-21T22:09:09.527+0000] {standard_task_runner.py:91} INFO - Job 494: Subtask fetch_roster_and_load_to_stage
[2025-06-21T22:09:09.688+0000] {task_command.py:426} INFO - Running <TaskInstance: nba_etl_to_staging.fetch_roster_and_load_to_stage manual__2025-06-21T22:09:06.261544+00:00 [running]> on host 5ea278fdf3a6
[2025-06-21T22:09:10.012+0000] {taskinstance.py:2648} INFO - Exporting env vars: AIRFLOW_CTX_DAG_OWNER='***' AIRFLOW_CTX_DAG_ID='nba_etl_to_staging' AIRFLOW_CTX_TASK_ID='fetch_roster_and_load_to_stage' AIRFLOW_CTX_EXECUTION_DATE='2025-06-21T22:09:06.261544+00:00' AIRFLOW_CTX_TRY_NUMBER='1' AIRFLOW_CTX_DAG_RUN_ID='manual__2025-06-21T22:09:06.261544+00:00'
[2025-06-21T22:09:10.021+0000] {taskinstance.py:430} INFO - ::endgroup::
[2025-06-21T22:09:10.084+0000] {etl_pipeline.py:277} INFO - Fetching roster for Atlanta Hawks (ATL)...
[2025-06-21T22:09:10.793+0000] {logging_mixin.py:188} WARNING - /opt/***/plugins/nba_lib/teams.py:21 FutureWarning: Passing literal html to 'read_html' is deprecated and will be removed in a future version. To read from a literal string, wrap it in a 'StringIO' object.
[2025-06-21T22:09:14.468+0000] {logging_mixin.py:188} WARNING - /opt/***/plugins/nba_lib/utils.py:118 FutureWarning: Passing literal html to 'read_html' is deprecated and will be removed in a future version. To read from a literal string, wrap it in a 'StringIO' object.
[2025-06-21T22:09:17.990+0000] {logging_mixin.py:188} WARNING - /opt/***/plugins/nba_lib/utils.py:118 FutureWarning: Passing literal html to 'read_html' is deprecated and will be removed in a future version. To read from a literal string, wrap it in a 'StringIO' object.
[2025-06-21T22:09:21.284+0000] {logging_mixin.py:188} WARNING - /opt/***/plugins/nba_lib/utils.py:118 FutureWarning: Passing literal html to 'read_html' is deprecated and will be removed in a future version. To read from a literal string, wrap it in a 'StringIO' object.
[2025-06-21T22:09:24.601+0000] {logging_mixin.py:188} WARNING - /opt/***/plugins/nba_lib/utils.py:118 FutureWarning: Passing literal html to 'read_html' is deprecated and will be removed in a future version. To read from a literal string, wrap it in a 'StringIO' object.
[2025-06-21T22:09:24.665+0000] {etl_pipeline.py:282} INFO - Successfully fetched roster for Atlanta Hawks.
[2025-06-21T22:09:25.668+0000] {etl_pipeline.py:277} INFO - Fetching roster for Boston Celtics (BOS)...
[2025-06-21T22:09:29.328+0000] {logging_mixin.py:188} WARNING - /opt/***/plugins/nba_lib/teams.py:21 FutureWarning: Passing literal html to 'read_html' is deprecated and will be removed in a future version. To read from a literal string, wrap it in a 'StringIO' object.
[2025-06-21T22:09:32.687+0000] {logging_mixin.py:188} WARNING - /opt/***/plugins/nba_lib/utils.py:118 FutureWarning: Passing literal html to 'read_html' is deprecated and will be removed in a future version. To read from a literal string, wrap it in a 'StringIO' object.
[2025-06-21T22:09:36.198+0000] {local_task_job_runner.py:310} WARNING - State of this instance has been externally set to success. Terminating instance.
[2025-06-21T22:09:36.199+0000] {local_task_job_runner.py:222} INFO - ::endgroup::
[2025-06-21T22:09:36.205+0000] {process_utils.py:132} INFO - Sending 15 to group 1303. PIDs of all processes in the group: [1303]
[2025-06-21T22:09:36.205+0000] {process_utils.py:87} INFO - Sending the signal 15 to group 1303
[2025-06-21T22:09:36.207+0000] {taskinstance.py:2611} ERROR - Received SIGTERM. Terminating subprocesses.
[2025-06-21T22:09:36.208+0000] {taskinstance.py:441} INFO - ::group::Post task execution logs
[2025-06-21T22:09:36.300+0000] {process_utils.py:80} INFO - Process psutil.Process(pid=1303, status='terminated', exitcode=0, started='22:09:09') (1303) terminated with exit code 0
