[2025-06-20T13:41:33.282+0000] {local_task_job_runner.py:120} INFO - ::group::Pre task execution logs
[2025-06-20T13:41:33.324+0000] {taskinstance.py:2076} INFO - Dependencies all met for dep_context=non-requeueable deps ti=<TaskInstance: nba_transform_to_dwh.load_dim_team manual__2025-06-20T13:41:30.992982+00:00 [queued]>
[2025-06-20T13:41:33.336+0000] {taskinstance.py:2076} INFO - Dependencies all met for dep_context=requeueable deps ti=<TaskInstance: nba_transform_to_dwh.load_dim_team manual__2025-06-20T13:41:30.992982+00:00 [queued]>
[2025-06-20T13:41:33.337+0000] {taskinstance.py:2306} INFO - Starting attempt 1 of 2
[2025-06-20T13:41:33.390+0000] {taskinstance.py:2330} INFO - Executing <Task(PythonOperator): load_dim_team> on 2025-06-20 13:41:30.992982+00:00
[2025-06-20T13:41:33.399+0000] {standard_task_runner.py:63} INFO - Started process 1828 to run task
[2025-06-20T13:41:33.405+0000] {standard_task_runner.py:90} INFO - Running: ['***', 'tasks', 'run', 'nba_transform_to_dwh', 'load_dim_team', 'manual__2025-06-20T13:41:30.992982+00:00', '--job-id', '242', '--raw', '--subdir', 'DAGS_FOLDER/etl_pipeline.py', '--cfg-path', '/tmp/tmp_0ebbe8i']
[2025-06-20T13:41:33.407+0000] {standard_task_runner.py:91} INFO - Job 242: Subtask load_dim_team
[2025-06-20T13:41:33.514+0000] {task_command.py:426} INFO - Running <TaskInstance: nba_transform_to_dwh.load_dim_team manual__2025-06-20T13:41:30.992982+00:00 [running]> on host 5ea278fdf3a6
[2025-06-20T13:41:33.688+0000] {taskinstance.py:2648} INFO - Exporting env vars: AIRFLOW_CTX_DAG_OWNER='***' AIRFLOW_CTX_DAG_ID='nba_transform_to_dwh' AIRFLOW_CTX_TASK_ID='load_dim_team' AIRFLOW_CTX_EXECUTION_DATE='2025-06-20T13:41:30.992982+00:00' AIRFLOW_CTX_TRY_NUMBER='1' AIRFLOW_CTX_DAG_RUN_ID='manual__2025-06-20T13:41:30.992982+00:00'
[2025-06-20T13:41:33.690+0000] {taskinstance.py:430} INFO - ::endgroup::
[2025-06-20T13:41:33.712+0000] {etl_pipeline.py:408} INFO - Ensuring dimension table 'dimteam' exists...
[2025-06-20T13:41:33.713+0000] {etl_pipeline.py:410} INFO - Loading/updating data into 'dimteam'...
[2025-06-20T13:41:33.716+0000] {etl_pipeline.py:412} INFO - Operation complete. 0 new rows inserted into dimteam.
[2025-06-20T13:41:33.742+0000] {python.py:237} INFO - Done. Returned value was: None
[2025-06-20T13:41:33.745+0000] {taskinstance.py:441} INFO - ::group::Post task execution logs
[2025-06-20T13:41:33.758+0000] {taskinstance.py:1206} INFO - Marking task as SUCCESS. dag_id=nba_transform_to_dwh, task_id=load_dim_team, run_id=manual__2025-06-20T13:41:30.992982+00:00, execution_date=20250620T134130, start_date=20250620T134133, end_date=20250620T134133
[2025-06-20T13:41:33.820+0000] {local_task_job_runner.py:240} INFO - Task exited with return code 0
[2025-06-20T13:41:33.910+0000] {taskinstance.py:3498} INFO - 1 downstream tasks scheduled from follow-on schedule check
[2025-06-20T13:41:33.938+0000] {local_task_job_runner.py:222} INFO - ::endgroup::
