[2025-06-22T08:28:55.917+0000] {local_task_job_runner.py:120} INFO - ::group::Pre task execution logs
[2025-06-22T08:28:56.204+0000] {taskinstance.py:2076} INFO - Dependencies all met for dep_context=non-requeueable deps ti=<TaskInstance: nba_staging_to_transform.transform_team manual__2025-06-22T08:28:54.324250+00:00 [queued]>
[2025-06-22T08:28:56.840+0000] {taskinstance.py:2076} INFO - Dependencies all met for dep_context=requeueable deps ti=<TaskInstance: nba_staging_to_transform.transform_team manual__2025-06-22T08:28:54.324250+00:00 [queued]>
[2025-06-22T08:28:56.841+0000] {taskinstance.py:2306} INFO - Starting attempt 1 of 2
[2025-06-22T08:28:56.929+0000] {taskinstance.py:2330} INFO - Executing <Task(PythonOperator): transform_team> on 2025-06-22 08:28:54.324250+00:00
[2025-06-22T08:28:56.953+0000] {standard_task_runner.py:63} INFO - Started process 850 to run task
[2025-06-22T08:28:56.961+0000] {standard_task_runner.py:90} INFO - Running: ['***', 'tasks', 'run', 'nba_staging_to_transform', 'transform_team', 'manual__2025-06-22T08:28:54.324250+00:00', '--job-id', '519', '--raw', '--subdir', 'DAGS_FOLDER/etl_pipeline.py', '--cfg-path', '/tmp/tmpk96rgavz']
[2025-06-22T08:28:56.966+0000] {standard_task_runner.py:91} INFO - Job 519: Subtask transform_team
[2025-06-22T08:28:57.108+0000] {task_command.py:426} INFO - Running <TaskInstance: nba_staging_to_transform.transform_team manual__2025-06-22T08:28:54.324250+00:00 [running]> on host 5ea278fdf3a6
[2025-06-22T08:28:57.499+0000] {taskinstance.py:2648} INFO - Exporting env vars: AIRFLOW_CTX_DAG_OWNER='***' AIRFLOW_CTX_DAG_ID='nba_staging_to_transform' AIRFLOW_CTX_TASK_ID='transform_team' AIRFLOW_CTX_EXECUTION_DATE='2025-06-22T08:28:54.324250+00:00' AIRFLOW_CTX_TRY_NUMBER='1' AIRFLOW_CTX_DAG_RUN_ID='manual__2025-06-22T08:28:54.324250+00:00'
[2025-06-22T08:28:57.501+0000] {taskinstance.py:430} INFO - ::endgroup::
[2025-06-22T08:28:57.753+0000] {etl_pipeline.py:342} INFO - Fetching data for transformation: transformteam
[2025-06-22T08:28:57.777+0000] {logging_mixin.py:188} WARNING - /opt/***/dags/etl_pipeline.py:343 UserWarning: pandas only supports SQLAlchemy connectable (engine/connection) or database string URI or sqlite3 DBAPI2 connection. Other DBAPI2 objects are not tested. Please consider using SQLAlchemy.
[2025-06-22T08:28:58.149+0000] {etl_pipeline.py:344} INFO - Successfully fetched and transformed 30 rows.
[2025-06-22T08:28:58.164+0000] {etl_pipeline.py:98} INFO - Ensuring table 'transformteam' exists...
[2025-06-22T08:28:58.175+0000] {etl_pipeline.py:100} INFO - Table 'transformteam' is ready.
[2025-06-22T08:28:58.178+0000] {etl_pipeline.py:110} INFO - Truncating table transformteam and restarting identity columns...
[2025-06-22T08:28:58.393+0000] {etl_pipeline.py:115} INFO - Loading 30 rows into transformteam...
[2025-06-22T08:28:58.405+0000] {etl_pipeline.py:118} INFO - 30 rows loaded successfully to transformteam.
[2025-06-22T08:28:58.466+0000] {python.py:237} INFO - Done. Returned value was: None
[2025-06-22T08:28:58.469+0000] {taskinstance.py:441} INFO - ::group::Post task execution logs
[2025-06-22T08:28:58.482+0000] {taskinstance.py:1206} INFO - Marking task as SUCCESS. dag_id=nba_staging_to_transform, task_id=transform_team, run_id=manual__2025-06-22T08:28:54.324250+00:00, execution_date=20250622T082854, start_date=20250622T082856, end_date=20250622T082858
[2025-06-22T08:28:58.567+0000] {local_task_job_runner.py:240} INFO - Task exited with return code 0
[2025-06-22T08:28:58.579+0000] {local_task_job_runner.py:222} INFO - ::endgroup::
